<?xml version="1.0" ?>
<!DOCTYPE coverage SYSTEM "http://cobertura.sourceforge.net/xml/coverage-04.dtd">
<coverage lines-valid="1790"  lines-covered="87"  line-rate="0.048600000000000004"  branches-valid="216"  branches-covered="0"  branch-rate="0"  timestamp="1529515161719" complexity="0" version="0.1">
<sources>
	<source>/home/jonathanstage/Dev/workspace-js/workspace-projet-hornet/projet-hornet</source>
</sources>
<packages>
	<package name="src"  line-rate="0.0319"  branch-rate="0" >
	<classes>
		<class name="client.ts"  filename="src/client.ts"  line-rate="0.0435"  branch-rate="0" >
		<methods>
			<method name="startClient"  hits="0"  signature="()V" >
				<lines><line number="10"  hits="0" /></lines>
			</method>
			<method name="routeLoader"  hits="0"  signature="()V" >
				<lines><line number="13"  hits="0" /></lines>
			</method>
			<method name="(anonymous_3)"  hits="0"  signature="()V" >
				<lines><line number="33"  hits="0" /></lines>
			</method>
			<method name="(anonymous_4)"  hits="0"  signature="()V" >
				<lines><line number="41"  hits="0" /></lines>
			</method>
		</methods>
		<lines>
			<line number="1"  hits="0"  branch="false" />
			<line number="3"  hits="0"  branch="false" />
			<line number="4"  hits="0"  branch="false" />
			<line number="5"  hits="0"  branch="false" />
			<line number="6"  hits="0"  branch="false" />
			<line number="7"  hits="0"  branch="false" />
			<line number="8"  hits="0"  branch="false" />
			<line number="10"  hits="0"  branch="false" />
			<line number="11"  hits="0"  branch="false" />
			<line number="13"  hits="1"  branch="false" />
			<line number="14"  hits="0"  branch="false" />
			<line number="17"  hits="0"  branch="false" />
			<line number="20"  hits="0"  branch="false" />
			<line number="21"  hits="0"  branch="false" />
			<line number="23"  hits="0"  branch="false" />
			<line number="34"  hits="0"  branch="false" />
			<line number="41"  hits="0"  branch="false" />
			<line number="42"  hits="0"  branch="false" />
			<line number="43"  hits="0"  branch="true"  condition-coverage="0% (0/2)" />
			<line number="44"  hits="0"  branch="false" />
			<line number="48"  hits="0"  branch="false" />
			<line number="50"  hits="0"  branch="false" />
			<line number="52"  hits="0"  branch="false" />
		</lines>
		</class>
		<class name="injector-context-services-data.ts"  filename="src/injector-context-services-data.ts"  line-rate="0"  branch-rate="0" >
		<methods>
			<method name="(anonymous_2)"  hits="0"  signature="()V" >
				<lines><line number="11"  hits="0" /></lines>
			</method>
			<method name="(anonymous_4)"  hits="0"  signature="()V" >
				<lines><line number="17"  hits="0" /></lines>
			</method>
		</methods>
		<lines>
			<line number="1"  hits="0"  branch="false" />
			<line number="2"  hits="0"  branch="false" />
			<line number="3"  hits="0"  branch="false" />
			<line number="4"  hits="0"  branch="false" />
			<line number="6"  hits="0"  branch="false" />
			<line number="8"  hits="0"  branch="true"  condition-coverage="0% (0/4)" />
			<line number="9"  hits="0"  branch="false" />
			<line number="12"  hits="0"  branch="false" />
			<line number="15"  hits="0"  branch="false" />
			<line number="18"  hits="0"  branch="false" />
		</lines>
		</class>
		<class name="injector-context-services-page.ts"  filename="src/injector-context-services-page.ts"  line-rate="0"  branch-rate="0" >
		<methods>
		</methods>
		<lines>
			<line number="4"  hits="0"  branch="false" />
			<line number="6"  hits="0"  branch="true"  condition-coverage="0% (0/4)" />
		</lines>
		</class>
		<class name="server.ts"  filename="src/server.ts"  line-rate="0.0339"  branch-rate="0" >
		<methods>
			<method name="initContext"  hits="0"  signature="()V" >
				<lines><line number="39"  hits="0" /></lines>
			</method>
			<method name="(anonymous_4)"  hits="0"  signature="()V" >
				<lines><line number="40"  hits="0" /></lines>
			</method>
			<method name="(anonymous_5)"  hits="0"  signature="()V" >
				<lines><line number="41"  hits="0" /></lines>
			</method>
			<method name="(anonymous_6)"  hits="0"  signature="()V" >
				<lines><line number="42"  hits="0" /></lines>
			</method>
			<method name="(anonymous_7)"  hits="0"  signature="()V" >
				<lines><line number="55"  hits="0" /></lines>
			</method>
			<method name="(anonymous_9)"  hits="0"  signature="()V" >
				<lines><line number="57"  hits="0" /></lines>
			</method>
			<method name="(anonymous_10)"  hits="0"  signature="()V" >
				<lines><line number="91"  hits="0" /></lines>
			</method>
			<method name="(anonymous_11)"  hits="0"  signature="()V" >
				<lines><line number="127"  hits="0" /></lines>
			</method>
			<method name="(anonymous_12)"  hits="0"  signature="()V" >
				<lines><line number="129"  hits="0" /></lines>
			</method>
			<method name="(anonymous_13)"  hits="0"  signature="()V" >
				<lines><line number="145"  hits="0" /></lines>
			</method>
			<method name="(anonymous_14)"  hits="0"  signature="()V" >
				<lines><line number="154"  hits="0" /></lines>
			</method>
		</methods>
		<lines>
			<line number="2"  hits="0"  branch="false" />
			<line number="4"  hits="0"  branch="false" />
			<line number="5"  hits="0"  branch="false" />
			<line number="7"  hits="0"  branch="false" />
			<line number="8"  hits="0"  branch="false" />
			<line number="9"  hits="0"  branch="false" />
			<line number="10"  hits="0"  branch="false" />
			<line number="16"  hits="0"  branch="false" />
			<line number="17"  hits="0"  branch="false" />
			<line number="21"  hits="0"  branch="false" />
			<line number="23"  hits="0"  branch="false" />
			<line number="26"  hits="0"  branch="false" />
			<line number="27"  hits="0"  branch="false" />
			<line number="29"  hits="0"  branch="false" />
			<line number="30"  hits="0"  branch="false" />
			<line number="32"  hits="0"  branch="false" />
			<line number="33"  hits="0"  branch="false" />
			<line number="35"  hits="0"  branch="false" />
			<line number="37"  hits="0"  branch="false" />
			<line number="39"  hits="1"  branch="false" />
			<line number="40"  hits="0"  branch="false" />
			<line number="41"  hits="0"  branch="false" />
			<line number="42"  hits="0"  branch="false" />
			<line number="45"  hits="0"  branch="false" />
			<line number="55"  hits="1"  branch="false" />
			<line number="57"  hits="0"  branch="false" />
			<line number="58"  hits="0"  branch="false" />
			<line number="79"  hits="0"  branch="false" />
			<line number="80"  hits="0"  branch="false" />
			<line number="81"  hits="0"  branch="true"  condition-coverage="0% (0/4)" />
			<line number="82"  hits="0"  branch="false" />
			<line number="88"  hits="0"  branch="false" />
			<line number="91"  hits="0"  branch="false" />
			<line number="92"  hits="0"  branch="false" />
			<line number="97"  hits="0"  branch="true"  condition-coverage="0% (0/2)" />
			<line number="99"  hits="0"  branch="false" />
			<line number="104"  hits="0"  branch="false" />
			<line number="105"  hits="0"  branch="false" />
			<line number="118"  hits="0"  branch="false" />
			<line number="120"  hits="0"  branch="false" />
			<line number="122"  hits="0"  branch="false" />
			<line number="124"  hits="0"  branch="false" />
			<line number="127"  hits="0"  branch="false" />
			<line number="129"  hits="0"  branch="false" />
			<line number="131"  hits="0"  branch="true"  condition-coverage="0% (0/5)" />
			<line number="134"  hits="0"  branch="false" />
			<line number="135"  hits="0"  branch="false" />
			<line number="136"  hits="0"  branch="true"  condition-coverage="0% (0/2)" />
			<line number="137"  hits="0"  branch="false" />
			<line number="138"  hits="0"  branch="true"  condition-coverage="0% (0/2)" />
			<line number="139"  hits="0"  branch="false" />
			<line number="142"  hits="0"  branch="false" />
			<line number="146"  hits="0"  branch="false" />
			<line number="149"  hits="0"  branch="false" />
			<line number="154"  hits="0"  branch="false" />
			<line number="157"  hits="0"  branch="false" />
			<line number="158"  hits="0"  branch="false" />
			<line number="159"  hits="0"  branch="false" />
			<line number="163"  hits="0"  branch="false" />
		</lines>
		</class>
	</classes>
	</package>
	<package name="src.actions.admin.fvm"  line-rate="0.1182"  branch-rate="0" >
	<classes>
		<class name="fvm-action.ts"  filename="src/actions/admin/fvm/fvm-action.ts"  line-rate="0.1182"  branch-rate="0" >
		<methods>
			<method name="(anonymous_1)"  hits="0"  signature="()V" >
				<lines><line number="31"  hits="0" /></lines>
			</method>
			<method name="(anonymous_3)"  hits="0"  signature="()V" >
				<lines><line number="43"  hits="0" /></lines>
			</method>
			<method name="(anonymous_4)"  hits="0"  signature="()V" >
				<lines><line number="94"  hits="0" /></lines>
			</method>
			<method name="(anonymous_6)"  hits="0"  signature="()V" >
				<lines><line number="100"  hits="0" /></lines>
			</method>
			<method name="(anonymous_7)"  hits="0"  signature="()V" >
				<lines><line number="118"  hits="0" /></lines>
			</method>
			<method name="(anonymous_9)"  hits="0"  signature="()V" >
				<lines><line number="124"  hits="0" /></lines>
			</method>
			<method name="(anonymous_10)"  hits="0"  signature="()V" >
				<lines><line number="142"  hits="0" /></lines>
			</method>
			<method name="(anonymous_12)"  hits="0"  signature="()V" >
				<lines><line number="148"  hits="0" /></lines>
			</method>
			<method name="(anonymous_13)"  hits="0"  signature="()V" >
				<lines><line number="166"  hits="0" /></lines>
			</method>
			<method name="(anonymous_15)"  hits="0"  signature="()V" >
				<lines><line number="172"  hits="0" /></lines>
			</method>
			<method name="(anonymous_16)"  hits="0"  signature="()V" >
				<lines><line number="190"  hits="0" /></lines>
			</method>
			<method name="(anonymous_18)"  hits="0"  signature="()V" >
				<lines><line number="196"  hits="0" /></lines>
			</method>
			<method name="(anonymous_19)"  hits="0"  signature="()V" >
				<lines><line number="207"  hits="0" /></lines>
			</method>
			<method name="(anonymous_21)"  hits="0"  signature="()V" >
				<lines><line number="213"  hits="0" /></lines>
			</method>
			<method name="(anonymous_22)"  hits="0"  signature="()V" >
				<lines><line number="224"  hits="0" /></lines>
			</method>
			<method name="(anonymous_24)"  hits="0"  signature="()V" >
				<lines><line number="230"  hits="0" /></lines>
			</method>
			<method name="(anonymous_25)"  hits="0"  signature="()V" >
				<lines><line number="241"  hits="0" /></lines>
			</method>
			<method name="(anonymous_27)"  hits="0"  signature="()V" >
				<lines><line number="247"  hits="0" /></lines>
			</method>
			<method name="(anonymous_28)"  hits="0"  signature="()V" >
				<lines><line number="265"  hits="0" /></lines>
			</method>
			<method name="(anonymous_30)"  hits="0"  signature="()V" >
				<lines><line number="271"  hits="0" /></lines>
			</method>
			<method name="(anonymous_31)"  hits="0"  signature="()V" >
				<lines><line number="311"  hits="0" /></lines>
			</method>
			<method name="(anonymous_33)"  hits="0"  signature="()V" >
				<lines><line number="317"  hits="0" /></lines>
			</method>
			<method name="(anonymous_34)"  hits="0"  signature="()V" >
				<lines><line number="320"  hits="0" /></lines>
			</method>
			<method name="(anonymous_35)"  hits="0"  signature="()V" >
				<lines><line number="342"  hits="0" /></lines>
			</method>
			<method name="(anonymous_37)"  hits="0"  signature="()V" >
				<lines><line number="348"  hits="0" /></lines>
			</method>
			<method name="(anonymous_38)"  hits="0"  signature="()V" >
				<lines><line number="351"  hits="0" /></lines>
			</method>
			<method name="(anonymous_39)"  hits="0"  signature="()V" >
				<lines><line number="373"  hits="0" /></lines>
			</method>
			<method name="(anonymous_41)"  hits="0"  signature="()V" >
				<lines><line number="379"  hits="0" /></lines>
			</method>
			<method name="(anonymous_42)"  hits="0"  signature="()V" >
				<lines><line number="388"  hits="0" /></lines>
			</method>
			<method name="(anonymous_43)"  hits="0"  signature="()V" >
				<lines><line number="496"  hits="0" /></lines>
			</method>
		</methods>
		<lines>
			<line number="1"  hits="0"  branch="false" />
			<line number="5"  hits="0"  branch="false" />
			<line number="11"  hits="0"  branch="false" />
			<line number="12"  hits="0"  branch="false" />
			<line number="13"  hits="0"  branch="false" />
			<line number="14"  hits="0"  branch="false" />
			<line number="21"  hits="0"  branch="false" />
			<line number="31"  hits="1"  branch="true"  condition-coverage="0% (0/3)" />
			<line number="37"  hits="0"  branch="false" />
			<line number="43"  hits="0"  branch="false" />
			<line number="44"  hits="0"  branch="false" />
			<line number="52"  hits="0"  branch="false" />
			<line number="55"  hits="0"  branch="true"  condition-coverage="0% (0/4)" />
			<line number="58"  hits="0"  branch="true"  condition-coverage="0% (0/4)" />
			<line number="60"  hits="0"  branch="false" />
			<line number="61"  hits="0"  branch="false" />
			<line number="62"  hits="0"  branch="false" />
			<line number="63"  hits="0"  branch="false" />
			<line number="64"  hits="0"  branch="false" />
			<line number="65"  hits="0"  branch="false" />
			<line number="67"  hits="0"  branch="false" />
			<line number="68"  hits="0"  branch="false" />
			<line number="69"  hits="0"  branch="false" />
			<line number="70"  hits="0"  branch="false" />
			<line number="71"  hits="0"  branch="false" />
			<line number="72"  hits="0"  branch="false" />
			<line number="75"  hits="0"  branch="false" />
			<line number="76"  hits="0"  branch="false" />
			<line number="77"  hits="0"  branch="false" />
			<line number="80"  hits="0"  branch="false" />
			<line number="83"  hits="0"  branch="false" />
			<line number="84"  hits="0"  branch="false" />
			<line number="85"  hits="0"  branch="false" />
			<line number="88"  hits="0"  branch="false" />
			<line number="94"  hits="1"  branch="false" />
			<line number="100"  hits="0"  branch="false" />
			<line number="101"  hits="0"  branch="false" />
			<line number="108"  hits="0"  branch="false" />
			<line number="110"  hits="0"  branch="false" />
			<line number="112"  hits="0"  branch="false" />
			<line number="118"  hits="1"  branch="false" />
			<line number="124"  hits="0"  branch="false" />
			<line number="125"  hits="0"  branch="false" />
			<line number="132"  hits="0"  branch="false" />
			<line number="134"  hits="0"  branch="false" />
			<line number="136"  hits="0"  branch="false" />
			<line number="142"  hits="1"  branch="false" />
			<line number="148"  hits="0"  branch="false" />
			<line number="149"  hits="0"  branch="false" />
			<line number="156"  hits="0"  branch="false" />
			<line number="158"  hits="0"  branch="false" />
			<line number="160"  hits="0"  branch="false" />
			<line number="166"  hits="1"  branch="false" />
			<line number="172"  hits="0"  branch="false" />
			<line number="173"  hits="0"  branch="false" />
			<line number="180"  hits="0"  branch="false" />
			<line number="182"  hits="0"  branch="false" />
			<line number="184"  hits="0"  branch="false" />
			<line number="190"  hits="1"  branch="false" />
			<line number="196"  hits="0"  branch="false" />
			<line number="197"  hits="0"  branch="false" />
			<line number="199"  hits="0"  branch="false" />
			<line number="201"  hits="0"  branch="false" />
			<line number="207"  hits="1"  branch="false" />
			<line number="213"  hits="0"  branch="false" />
			<line number="214"  hits="0"  branch="false" />
			<line number="216"  hits="0"  branch="false" />
			<line number="218"  hits="0"  branch="false" />
			<line number="224"  hits="1"  branch="false" />
			<line number="230"  hits="0"  branch="false" />
			<line number="231"  hits="0"  branch="false" />
			<line number="233"  hits="0"  branch="false" />
			<line number="235"  hits="0"  branch="false" />
			<line number="241"  hits="1"  branch="false" />
			<line number="247"  hits="0"  branch="false" />
			<line number="248"  hits="0"  branch="false" />
			<line number="255"  hits="0"  branch="false" />
			<line number="257"  hits="0"  branch="false" />
			<line number="259"  hits="0"  branch="false" />
			<line number="265"  hits="1"  branch="false" />
			<line number="271"  hits="0"  branch="false" />
			<line number="272"  hits="0"  branch="false" />
			<line number="279"  hits="0"  branch="false" />
			<line number="281"  hits="0"  branch="false" />
			<line number="283"  hits="0"  branch="false" />
			<line number="311"  hits="1"  branch="false" />
			<line number="317"  hits="0"  branch="false" />
			<line number="318"  hits="0"  branch="false" />
			<line number="320"  hits="0"  branch="false" />
			<line number="323"  hits="0"  branch="false" />
			<line number="336"  hits="0"  branch="false" />
			<line number="342"  hits="1"  branch="false" />
			<line number="348"  hits="0"  branch="false" />
			<line number="349"  hits="0"  branch="false" />
			<line number="351"  hits="0"  branch="false" />
			<line number="354"  hits="0"  branch="false" />
			<line number="367"  hits="0"  branch="false" />
			<line number="373"  hits="1"  branch="false" />
			<line number="379"  hits="0"  branch="false" />
			<line number="380"  hits="0"  branch="false" />
			<line number="383"  hits="0"  branch="false" />
			<line number="384"  hits="0"  branch="true"  condition-coverage="0% (0/2)" />
			<line number="385"  hits="0"  branch="false" />
			<line number="388"  hits="0"  branch="false" />
			<line number="390"  hits="0"  branch="false" />
			<line number="391"  hits="0"  branch="false" />
			<line number="394"  hits="0"  branch="false" />
			<line number="496"  hits="0"  branch="false" />
			<line number="498"  hits="0"  branch="false" />
			<line number="500"  hits="0"  branch="false" />
		</lines>
		</class>
	</classes>
	</package>
	<package name="src.dao"  line-rate="0.037000000000000005"  branch-rate="0" >
	<classes>
		<class name="entity-dao.ts"  filename="src/dao/entity-dao.ts"  line-rate="0.1429"  branch-rate="0" >
		<methods>
			<method name="(anonymous_1)"  hits="0"  signature="()V" >
				<lines><line number="18"  hits="0" /></lines>
			</method>
			<method name="EntityDAO"  hits="0"  signature="()V" >
				<lines><line number="24"  hits="0" /></lines>
			</method>
		</methods>
		<lines>
			<line number="2"  hits="0"  branch="false" />
			<line number="3"  hits="0"  branch="false" />
			<line number="5"  hits="0"  branch="false" />
			<line number="7"  hits="0"  branch="false" />
			<line number="18"  hits="0"  branch="false" />
			<line number="24"  hits="1"  branch="false" />
			<line number="27"  hits="0"  branch="false" />
		</lines>
		</class>
		<class name="model-dao.ts"  filename="src/dao/model-dao.ts"  line-rate="0.0143"  branch-rate="0" >
		<methods>
			<method name="(anonymous_1)"  hits="0"  signature="()V" >
				<lines><line number="53"  hits="0" /></lines>
			</method>
			<method name="ModelDAO"  hits="0"  signature="()V" >
				<lines><line number="148"  hits="0" /></lines>
			</method>
			<method name="(anonymous_3)"  hits="0"  signature="()V" >
				<lines><line number="159"  hits="0" /></lines>
			</method>
			<method name="(anonymous_4)"  hits="0"  signature="()V" >
				<lines><line number="166"  hits="0" /></lines>
			</method>
		</methods>
		<lines>
			<line number="2"  hits="0"  branch="false" />
			<line number="3"  hits="0"  branch="false" />
			<line number="5"  hits="0"  branch="false" />
			<line number="6"  hits="0"  branch="false" />
			<line number="7"  hits="0"  branch="false" />
			<line number="8"  hits="0"  branch="false" />
			<line number="9"  hits="0"  branch="false" />
			<line number="10"  hits="0"  branch="false" />
			<line number="11"  hits="0"  branch="false" />
			<line number="13"  hits="0"  branch="false" />
			<line number="14"  hits="0"  branch="false" />
			<line number="15"  hits="0"  branch="false" />
			<line number="16"  hits="0"  branch="false" />
			<line number="18"  hits="0"  branch="false" />
			<line number="19"  hits="0"  branch="false" />
			<line number="20"  hits="0"  branch="false" />
			<line number="21"  hits="0"  branch="false" />
			<line number="22"  hits="0"  branch="false" />
			<line number="23"  hits="0"  branch="false" />
			<line number="24"  hits="0"  branch="false" />
			<line number="25"  hits="0"  branch="false" />
			<line number="27"  hits="0"  branch="false" />
			<line number="28"  hits="0"  branch="false" />
			<line number="29"  hits="0"  branch="false" />
			<line number="30"  hits="0"  branch="false" />
			<line number="32"  hits="0"  branch="false" />
			<line number="33"  hits="0"  branch="false" />
			<line number="34"  hits="0"  branch="false" />
			<line number="37"  hits="0"  branch="false" />
			<line number="39"  hits="0"  branch="false" />
			<line number="40"  hits="0"  branch="false" />
			<line number="42"  hits="0"  branch="false" />
			<line number="46"  hits="0"  branch="false" />
			<line number="53"  hits="0"  branch="false" />
			<line number="61"  hits="0"  branch="false" />
			<line number="64"  hits="0"  branch="false" />
			<line number="67"  hits="0"  branch="false" />
			<line number="70"  hits="0"  branch="false" />
			<line number="73"  hits="0"  branch="false" />
			<line number="76"  hits="0"  branch="false" />
			<line number="79"  hits="0"  branch="false" />
			<line number="82"  hits="0"  branch="false" />
			<line number="85"  hits="0"  branch="false" />
			<line number="88"  hits="0"  branch="false" />
			<line number="91"  hits="0"  branch="false" />
			<line number="94"  hits="0"  branch="false" />
			<line number="97"  hits="0"  branch="false" />
			<line number="100"  hits="0"  branch="false" />
			<line number="103"  hits="0"  branch="false" />
			<line number="106"  hits="0"  branch="false" />
			<line number="109"  hits="0"  branch="false" />
			<line number="112"  hits="0"  branch="false" />
			<line number="115"  hits="0"  branch="false" />
			<line number="118"  hits="0"  branch="false" />
			<line number="121"  hits="0"  branch="false" />
			<line number="124"  hits="0"  branch="false" />
			<line number="127"  hits="0"  branch="false" />
			<line number="130"  hits="0"  branch="false" />
			<line number="133"  hits="0"  branch="false" />
			<line number="136"  hits="0"  branch="false" />
			<line number="139"  hits="0"  branch="false" />
			<line number="142"  hits="0"  branch="false" />
			<line number="148"  hits="1"  branch="false" />
			<line number="152"  hits="0"  branch="false" />
			<line number="153"  hits="0"  branch="false" />
			<line number="159"  hits="0"  branch="false" />
			<line number="160"  hits="0"  branch="false" />
			<line number="166"  hits="0"  branch="false" />
			<line number="167"  hits="0"  branch="false" />
			<line number="169"  hits="0"  branch="false" />
		</lines>
		</class>
		<class name="prefecture-dao.ts"  filename="src/dao/prefecture-dao.ts"  line-rate="0.0833"  branch-rate="0" >
		<methods>
			<method name="(anonymous_1)"  hits="0"  signature="()V" >
				<lines><line number="15"  hits="0" /></lines>
			</method>
			<method name="PrefectureDAO"  hits="0"  signature="()V" >
				<lines><line number="20"  hits="0" /></lines>
			</method>
			<method name="(anonymous_3)"  hits="0"  signature="()V" >
				<lines><line number="28"  hits="0" /></lines>
			</method>
			<method name="(anonymous_4)"  hits="0"  signature="()V" >
				<lines><line number="41"  hits="0" /></lines>
			</method>
		</methods>
		<lines>
			<line number="1"  hits="0"  branch="false" />
			<line number="5"  hits="0"  branch="false" />
			<line number="9"  hits="0"  branch="false" />
			<line number="15"  hits="0"  branch="false" />
			<line number="20"  hits="1"  branch="false" />
			<line number="28"  hits="0"  branch="false" />
			<line number="29"  hits="0"  branch="false" />
			<line number="31"  hits="0"  branch="false" />
			<line number="41"  hits="0"  branch="false" />
			<line number="42"  hits="0"  branch="false" />
			<line number="44"  hits="0"  branch="false" />
			<line number="50"  hits="0"  branch="false" />
		</lines>
		</class>
		<class name="valise-dao.ts"  filename="src/dao/valise-dao.ts"  line-rate="0.0526"  branch-rate="0" >
		<methods>
			<method name="(anonymous_1)"  hits="0"  signature="()V" >
				<lines><line number="15"  hits="0" /></lines>
			</method>
			<method name="ValiseDAO"  hits="0"  signature="()V" >
				<lines><line number="20"  hits="0" /></lines>
			</method>
			<method name="(anonymous_3)"  hits="0"  signature="()V" >
				<lines><line number="30"  hits="0" /></lines>
			</method>
			<method name="(anonymous_4)"  hits="0"  signature="()V" >
				<lines><line number="36"  hits="0" /></lines>
			</method>
			<method name="(anonymous_5)"  hits="0"  signature="()V" >
				<lines><line number="45"  hits="0" /></lines>
			</method>
			<method name="(anonymous_6)"  hits="0"  signature="()V" >
				<lines><line number="55"  hits="0" /></lines>
			</method>
			<method name="(anonymous_7)"  hits="0"  signature="()V" >
				<lines><line number="73"  hits="0" /></lines>
			</method>
		</methods>
		<lines>
			<line number="1"  hits="0"  branch="false" />
			<line number="5"  hits="0"  branch="false" />
			<line number="9"  hits="0"  branch="false" />
			<line number="15"  hits="0"  branch="false" />
			<line number="20"  hits="1"  branch="false" />
			<line number="30"  hits="0"  branch="false" />
			<line number="31"  hits="0"  branch="false" />
			<line number="33"  hits="0"  branch="false" />
			<line number="37"  hits="0"  branch="false" />
			<line number="45"  hits="0"  branch="false" />
			<line number="46"  hits="0"  branch="false" />
			<line number="48"  hits="0"  branch="false" />
			<line number="55"  hits="0"  branch="false" />
			<line number="56"  hits="0"  branch="false" />
			<line number="58"  hits="0"  branch="false" />
			<line number="73"  hits="0"  branch="false" />
			<line number="74"  hits="0"  branch="false" />
			<line number="76"  hits="0"  branch="false" />
			<line number="82"  hits="0"  branch="false" />
		</lines>
		</class>
	</classes>
	</package>
	<package name="src.dao.admin.fvm"  line-rate="0.0355"  branch-rate="0" >
	<classes>
		<class name="copie_note_verbale_MAECI-dao.ts"  filename="src/dao/admin/fvm/copie_note_verbale_MAECI-dao.ts"  line-rate="0.0385"  branch-rate="0" >
		<methods>
			<method name="(anonymous_1)"  hits="0"  signature="()V" >
				<lines><line number="15"  hits="0" /></lines>
			</method>
			<method name="CopieNoteVerbaleMAECIFVMDao"  hits="0"  signature="()V" >
				<lines><line number="20"  hits="0" /></lines>
			</method>
			<method name="(anonymous_3)"  hits="0"  signature="()V" >
				<lines><line number="34"  hits="0" /></lines>
			</method>
			<method name="(anonymous_4)"  hits="0"  signature="()V" >
				<lines><line number="45"  hits="0" /></lines>
			</method>
			<method name="(anonymous_5)"  hits="0"  signature="()V" >
				<lines><line number="55"  hits="0" /></lines>
			</method>
			<method name="(anonymous_6)"  hits="0"  signature="()V" >
				<lines><line number="66"  hits="0" /></lines>
			</method>
			<method name="(anonymous_7)"  hits="0"  signature="()V" >
				<lines><line number="70"  hits="0" /></lines>
			</method>
			<method name="(anonymous_8)"  hits="0"  signature="()V" >
				<lines><line number="78"  hits="0" /></lines>
			</method>
			<method name="(anonymous_9)"  hits="0"  signature="()V" >
				<lines><line number="89"  hits="0" /></lines>
			</method>
			<method name="(anonymous_10)"  hits="0"  signature="()V" >
				<lines><line number="104"  hits="0" /></lines>
			</method>
		</methods>
		<lines>
			<line number="1"  hits="0"  branch="false" />
			<line number="5"  hits="0"  branch="false" />
			<line number="9"  hits="0"  branch="false" />
			<line number="15"  hits="0"  branch="false" />
			<line number="20"  hits="1"  branch="false" />
			<line number="34"  hits="0"  branch="false" />
			<line number="35"  hits="0"  branch="false" />
			<line number="37"  hits="0"  branch="false" />
			<line number="46"  hits="0"  branch="false" />
			<line number="55"  hits="0"  branch="false" />
			<line number="56"  hits="0"  branch="false" />
			<line number="59"  hits="0"  branch="false" />
			<line number="66"  hits="0"  branch="false" />
			<line number="67"  hits="0"  branch="false" />
			<line number="70"  hits="0"  branch="false" />
			<line number="72"  hits="0"  branch="true"  condition-coverage="0% (0/2)" />
			<line number="74"  hits="0"  branch="false" />
			<line number="76"  hits="0"  branch="false" />
			<line number="80"  hits="0"  branch="false" />
			<line number="89"  hits="0"  branch="false" />
			<line number="90"  hits="0"  branch="false" />
			<line number="92"  hits="0"  branch="false" />
			<line number="104"  hits="0"  branch="false" />
			<line number="105"  hits="0"  branch="false" />
			<line number="107"  hits="0"  branch="false" />
			<line number="113"  hits="0"  branch="false" />
		</lines>
		</class>
		<class name="copie_permis-dao.ts"  filename="src/dao/admin/fvm/copie_permis-dao.ts"  line-rate="0.0385"  branch-rate="0" >
		<methods>
			<method name="(anonymous_1)"  hits="0"  signature="()V" >
				<lines><line number="15"  hits="0" /></lines>
			</method>
			<method name="CopiePermisFVMDao"  hits="0"  signature="()V" >
				<lines><line number="20"  hits="0" /></lines>
			</method>
			<method name="(anonymous_3)"  hits="0"  signature="()V" >
				<lines><line number="34"  hits="0" /></lines>
			</method>
			<method name="(anonymous_4)"  hits="0"  signature="()V" >
				<lines><line number="45"  hits="0" /></lines>
			</method>
			<method name="(anonymous_5)"  hits="0"  signature="()V" >
				<lines><line number="55"  hits="0" /></lines>
			</method>
			<method name="(anonymous_6)"  hits="0"  signature="()V" >
				<lines><line number="66"  hits="0" /></lines>
			</method>
			<method name="(anonymous_7)"  hits="0"  signature="()V" >
				<lines><line number="70"  hits="0" /></lines>
			</method>
			<method name="(anonymous_8)"  hits="0"  signature="()V" >
				<lines><line number="78"  hits="0" /></lines>
			</method>
			<method name="(anonymous_9)"  hits="0"  signature="()V" >
				<lines><line number="89"  hits="0" /></lines>
			</method>
			<method name="(anonymous_10)"  hits="0"  signature="()V" >
				<lines><line number="104"  hits="0" /></lines>
			</method>
		</methods>
		<lines>
			<line number="1"  hits="0"  branch="false" />
			<line number="5"  hits="0"  branch="false" />
			<line number="9"  hits="0"  branch="false" />
			<line number="15"  hits="0"  branch="false" />
			<line number="20"  hits="1"  branch="false" />
			<line number="34"  hits="0"  branch="false" />
			<line number="35"  hits="0"  branch="false" />
			<line number="37"  hits="0"  branch="false" />
			<line number="46"  hits="0"  branch="false" />
			<line number="55"  hits="0"  branch="false" />
			<line number="56"  hits="0"  branch="false" />
			<line number="59"  hits="0"  branch="false" />
			<line number="66"  hits="0"  branch="false" />
			<line number="67"  hits="0"  branch="false" />
			<line number="70"  hits="0"  branch="false" />
			<line number="72"  hits="0"  branch="true"  condition-coverage="0% (0/2)" />
			<line number="74"  hits="0"  branch="false" />
			<line number="76"  hits="0"  branch="false" />
			<line number="80"  hits="0"  branch="false" />
			<line number="89"  hits="0"  branch="false" />
			<line number="90"  hits="0"  branch="false" />
			<line number="92"  hits="0"  branch="false" />
			<line number="104"  hits="0"  branch="false" />
			<line number="105"  hits="0"  branch="false" />
			<line number="107"  hits="0"  branch="false" />
			<line number="113"  hits="0"  branch="false" />
		</lines>
		</class>
		<class name="demande_authentification-dao.ts"  filename="src/dao/admin/fvm/demande_authentification-dao.ts"  line-rate="0.035699999999999996"  branch-rate="0" >
		<methods>
			<method name="(anonymous_1)"  hits="0"  signature="()V" >
				<lines><line number="15"  hits="0" /></lines>
			</method>
			<method name="DemandeAuthentificationFVMDAO"  hits="0"  signature="()V" >
				<lines><line number="20"  hits="0" /></lines>
			</method>
			<method name="(anonymous_3)"  hits="0"  signature="()V" >
				<lines><line number="33"  hits="0" /></lines>
			</method>
			<method name="(anonymous_4)"  hits="0"  signature="()V" >
				<lines><line number="43"  hits="0" /></lines>
			</method>
			<method name="(anonymous_5)"  hits="0"  signature="()V" >
				<lines><line number="53"  hits="0" /></lines>
			</method>
			<method name="(anonymous_6)"  hits="0"  signature="()V" >
				<lines><line number="66"  hits="0" /></lines>
			</method>
			<method name="(anonymous_7)"  hits="0"  signature="()V" >
				<lines><line number="70"  hits="0" /></lines>
			</method>
			<method name="(anonymous_8)"  hits="0"  signature="()V" >
				<lines><line number="78"  hits="0" /></lines>
			</method>
			<method name="(anonymous_9)"  hits="0"  signature="()V" >
				<lines><line number="89"  hits="0" /></lines>
			</method>
			<method name="(anonymous_10)"  hits="0"  signature="()V" >
				<lines><line number="104"  hits="0" /></lines>
			</method>
		</methods>
		<lines>
			<line number="1"  hits="0"  branch="false" />
			<line number="5"  hits="0"  branch="false" />
			<line number="9"  hits="0"  branch="false" />
			<line number="15"  hits="0"  branch="false" />
			<line number="20"  hits="1"  branch="false" />
			<line number="33"  hits="0"  branch="false" />
			<line number="34"  hits="0"  branch="false" />
			<line number="36"  hits="0"  branch="false" />
			<line number="44"  hits="0"  branch="false" />
			<line number="53"  hits="0"  branch="false" />
			<line number="54"  hits="0"  branch="false" />
			<line number="56"  hits="0"  branch="false" />
			<line number="58"  hits="0"  branch="false" />
			<line number="59"  hits="0"  branch="false" />
			<line number="66"  hits="0"  branch="false" />
			<line number="67"  hits="0"  branch="false" />
			<line number="70"  hits="0"  branch="false" />
			<line number="72"  hits="0"  branch="true"  condition-coverage="0% (0/2)" />
			<line number="74"  hits="0"  branch="false" />
			<line number="76"  hits="0"  branch="false" />
			<line number="80"  hits="0"  branch="false" />
			<line number="89"  hits="0"  branch="false" />
			<line number="90"  hits="0"  branch="false" />
			<line number="92"  hits="0"  branch="false" />
			<line number="104"  hits="0"  branch="false" />
			<line number="105"  hits="0"  branch="false" />
			<line number="107"  hits="0"  branch="false" />
			<line number="113"  hits="0"  branch="false" />
		</lines>
		</class>
		<class name="dossier-dao.ts"  filename="src/dao/admin/fvm/dossier-dao.ts"  line-rate="0.0345"  branch-rate="0" >
		<methods>
			<method name="(anonymous_1)"  hits="0"  signature="()V" >
				<lines><line number="15"  hits="0" /></lines>
			</method>
			<method name="DossierFVMDAO"  hits="0"  signature="()V" >
				<lines><line number="20"  hits="0" /></lines>
			</method>
			<method name="(anonymous_3)"  hits="0"  signature="()V" >
				<lines><line number="31"  hits="0" /></lines>
			</method>
			<method name="(anonymous_4)"  hits="0"  signature="()V" >
				<lines><line number="39"  hits="0" /></lines>
			</method>
			<method name="(anonymous_5)"  hits="0"  signature="()V" >
				<lines><line number="48"  hits="0" /></lines>
			</method>
			<method name="(anonymous_6)"  hits="0"  signature="()V" >
				<lines><line number="52"  hits="0" /></lines>
			</method>
			<method name="(anonymous_7)"  hits="0"  signature="()V" >
				<lines><line number="60"  hits="0" /></lines>
			</method>
			<method name="(anonymous_8)"  hits="0"  signature="()V" >
				<lines><line number="71"  hits="0" /></lines>
			</method>
			<method name="(anonymous_9)"  hits="0"  signature="()V" >
				<lines><line number="86"  hits="0" /></lines>
			</method>
			<method name="(anonymous_10)"  hits="0"  signature="()V" >
				<lines><line number="103"  hits="0" /></lines>
			</method>
			<method name="(anonymous_11)"  hits="0"  signature="()V" >
				<lines><line number="121"  hits="0" /></lines>
			</method>
		</methods>
		<lines>
			<line number="1"  hits="0"  branch="false" />
			<line number="5"  hits="0"  branch="false" />
			<line number="9"  hits="0"  branch="false" />
			<line number="15"  hits="0"  branch="false" />
			<line number="20"  hits="1"  branch="false" />
			<line number="31"  hits="0"  branch="false" />
			<line number="32"  hits="0"  branch="false" />
			<line number="34"  hits="0"  branch="false" />
			<line number="40"  hits="0"  branch="false" />
			<line number="48"  hits="0"  branch="false" />
			<line number="49"  hits="0"  branch="false" />
			<line number="52"  hits="0"  branch="false" />
			<line number="54"  hits="0"  branch="true"  condition-coverage="0% (0/2)" />
			<line number="56"  hits="0"  branch="false" />
			<line number="58"  hits="0"  branch="false" />
			<line number="62"  hits="0"  branch="false" />
			<line number="71"  hits="0"  branch="false" />
			<line number="72"  hits="0"  branch="false" />
			<line number="74"  hits="0"  branch="false" />
			<line number="86"  hits="0"  branch="false" />
			<line number="87"  hits="0"  branch="false" />
			<line number="89"  hits="0"  branch="false" />
			<line number="103"  hits="0"  branch="false" />
			<line number="104"  hits="0"  branch="false" />
			<line number="106"  hits="0"  branch="false" />
			<line number="121"  hits="0"  branch="false" />
			<line number="122"  hits="0"  branch="false" />
			<line number="124"  hits="0"  branch="false" />
			<line number="130"  hits="0"  branch="false" />
		</lines>
		</class>
		<class name="permis-dao.ts"  filename="src/dao/admin/fvm/permis-dao.ts"  line-rate="0.0385"  branch-rate="0" >
		<methods>
			<method name="(anonymous_1)"  hits="0"  signature="()V" >
				<lines><line number="15"  hits="0" /></lines>
			</method>
			<method name="PermisFVMDAO"  hits="0"  signature="()V" >
				<lines><line number="20"  hits="0" /></lines>
			</method>
			<method name="(anonymous_3)"  hits="0"  signature="()V" >
				<lines><line number="35"  hits="0" /></lines>
			</method>
			<method name="(anonymous_4)"  hits="0"  signature="()V" >
				<lines><line number="46"  hits="0" /></lines>
			</method>
			<method name="(anonymous_5)"  hits="0"  signature="()V" >
				<lines><line number="55"  hits="0" /></lines>
			</method>
			<method name="(anonymous_6)"  hits="0"  signature="()V" >
				<lines><line number="59"  hits="0" /></lines>
			</method>
			<method name="(anonymous_7)"  hits="0"  signature="()V" >
				<lines><line number="67"  hits="0" /></lines>
			</method>
			<method name="(anonymous_8)"  hits="0"  signature="()V" >
				<lines><line number="77"  hits="0" /></lines>
			</method>
			<method name="(anonymous_9)"  hits="0"  signature="()V" >
				<lines><line number="88"  hits="0" /></lines>
			</method>
			<method name="(anonymous_10)"  hits="0"  signature="()V" >
				<lines><line number="103"  hits="0" /></lines>
			</method>
		</methods>
		<lines>
			<line number="1"  hits="0"  branch="false" />
			<line number="5"  hits="0"  branch="false" />
			<line number="9"  hits="0"  branch="false" />
			<line number="15"  hits="0"  branch="false" />
			<line number="20"  hits="1"  branch="false" />
			<line number="35"  hits="0"  branch="false" />
			<line number="36"  hits="0"  branch="false" />
			<line number="38"  hits="0"  branch="false" />
			<line number="47"  hits="0"  branch="false" />
			<line number="55"  hits="0"  branch="false" />
			<line number="56"  hits="0"  branch="false" />
			<line number="59"  hits="0"  branch="false" />
			<line number="61"  hits="0"  branch="true"  condition-coverage="0% (0/2)" />
			<line number="63"  hits="0"  branch="false" />
			<line number="65"  hits="0"  branch="false" />
			<line number="69"  hits="0"  branch="false" />
			<line number="77"  hits="0"  branch="false" />
			<line number="78"  hits="0"  branch="false" />
			<line number="80"  hits="0"  branch="false" />
			<line number="88"  hits="0"  branch="false" />
			<line number="89"  hits="0"  branch="false" />
			<line number="91"  hits="0"  branch="false" />
			<line number="103"  hits="0"  branch="false" />
			<line number="104"  hits="0"  branch="false" />
			<line number="106"  hits="0"  branch="false" />
			<line number="112"  hits="0"  branch="false" />
		</lines>
		</class>
		<class name="personne-dao.ts"  filename="src/dao/admin/fvm/personne-dao.ts"  line-rate="0.0294"  branch-rate="0" >
		<methods>
			<method name="(anonymous_1)"  hits="0"  signature="()V" >
				<lines><line number="15"  hits="0" /></lines>
			</method>
			<method name="PersonneFVMDAO"  hits="0"  signature="()V" >
				<lines><line number="20"  hits="0" /></lines>
			</method>
			<method name="(anonymous_3)"  hits="0"  signature="()V" >
				<lines><line number="36"  hits="0" /></lines>
			</method>
			<method name="(anonymous_4)"  hits="0"  signature="()V" >
				<lines><line number="48"  hits="0" /></lines>
			</method>
			<method name="(anonymous_5)"  hits="0"  signature="()V" >
				<lines><line number="58"  hits="0" /></lines>
			</method>
			<method name="(anonymous_6)"  hits="0"  signature="()V" >
				<lines><line number="73"  hits="0" /></lines>
			</method>
			<method name="(anonymous_7)"  hits="0"  signature="()V" >
				<lines><line number="77"  hits="0" /></lines>
			</method>
			<method name="(anonymous_8)"  hits="0"  signature="()V" >
				<lines><line number="85"  hits="0" /></lines>
			</method>
			<method name="(anonymous_9)"  hits="0"  signature="()V" >
				<lines><line number="96"  hits="0" /></lines>
			</method>
			<method name="(anonymous_10)"  hits="0"  signature="()V" >
				<lines><line number="111"  hits="0" /></lines>
			</method>
			<method name="(anonymous_11)"  hits="0"  signature="()V" >
				<lines><line number="128"  hits="0" /></lines>
			</method>
			<method name="(anonymous_12)"  hits="0"  signature="()V" >
				<lines><line number="146"  hits="0" /></lines>
			</method>
		</methods>
		<lines>
			<line number="1"  hits="0"  branch="false" />
			<line number="5"  hits="0"  branch="false" />
			<line number="9"  hits="0"  branch="false" />
			<line number="15"  hits="0"  branch="false" />
			<line number="20"  hits="1"  branch="false" />
			<line number="36"  hits="0"  branch="false" />
			<line number="37"  hits="0"  branch="false" />
			<line number="39"  hits="0"  branch="false" />
			<line number="49"  hits="0"  branch="false" />
			<line number="58"  hits="0"  branch="false" />
			<line number="59"  hits="0"  branch="false" />
			<line number="62"  hits="0"  branch="true"  condition-coverage="0% (0/2)" />
			<line number="63"  hits="0"  branch="false" />
			<line number="65"  hits="0"  branch="false" />
			<line number="73"  hits="0"  branch="false" />
			<line number="74"  hits="0"  branch="false" />
			<line number="77"  hits="0"  branch="false" />
			<line number="79"  hits="0"  branch="true"  condition-coverage="0% (0/2)" />
			<line number="81"  hits="0"  branch="false" />
			<line number="83"  hits="0"  branch="false" />
			<line number="87"  hits="0"  branch="false" />
			<line number="96"  hits="0"  branch="false" />
			<line number="97"  hits="0"  branch="false" />
			<line number="99"  hits="0"  branch="false" />
			<line number="111"  hits="0"  branch="false" />
			<line number="112"  hits="0"  branch="false" />
			<line number="114"  hits="0"  branch="false" />
			<line number="128"  hits="0"  branch="false" />
			<line number="129"  hits="0"  branch="false" />
			<line number="131"  hits="0"  branch="false" />
			<line number="146"  hits="0"  branch="false" />
			<line number="147"  hits="0"  branch="false" />
			<line number="149"  hits="0"  branch="false" />
			<line number="155"  hits="0"  branch="false" />
		</lines>
		</class>
	</classes>
	</package>
	<package name="src.dao.auth"  line-rate="0.05"  branch-rate="0" >
	<classes>
		<class name="utilisateurs-dao.ts"  filename="src/dao/auth/utilisateurs-dao.ts"  line-rate="0.05"  branch-rate="0" >
		<methods>
			<method name="(anonymous_1)"  hits="0"  signature="()V" >
				<lines><line number="9"  hits="0" /></lines>
			</method>
			<method name="UtilisateursDAO"  hits="0"  signature="()V" >
				<lines><line number="11"  hits="0" /></lines>
			</method>
			<method name="(anonymous_3)"  hits="0"  signature="()V" >
				<lines><line number="16"  hits="0" /></lines>
			</method>
			<method name="(anonymous_4)"  hits="0"  signature="()V" >
				<lines><line number="21"  hits="0" /></lines>
			</method>
			<method name="(anonymous_5)"  hits="0"  signature="()V" >
				<lines><line number="25"  hits="0" /></lines>
			</method>
			<method name="(anonymous_6)"  hits="0"  signature="()V" >
				<lines><line number="29"  hits="0" /></lines>
			</method>
			<method name="(anonymous_7)"  hits="0"  signature="()V" >
				<lines><line number="33"  hits="0" /></lines>
			</method>
			<method name="(anonymous_8)"  hits="0"  signature="()V" >
				<lines><line number="38"  hits="0" /></lines>
			</method>
		</methods>
		<lines>
			<line number="1"  hits="0"  branch="false" />
			<line number="3"  hits="0"  branch="false" />
			<line number="4"  hits="0"  branch="false" />
			<line number="5"  hits="0"  branch="false" />
			<line number="7"  hits="0"  branch="false" />
			<line number="9"  hits="0"  branch="false" />
			<line number="11"  hits="1"  branch="false" />
			<line number="16"  hits="0"  branch="false" />
			<line number="17"  hits="0"  branch="false" />
			<line number="21"  hits="0"  branch="false" />
			<line number="22"  hits="0"  branch="false" />
			<line number="25"  hits="0"  branch="false" />
			<line number="26"  hits="0"  branch="false" />
			<line number="29"  hits="0"  branch="false" />
			<line number="30"  hits="0"  branch="false" />
			<line number="33"  hits="0"  branch="false" />
			<line number="34"  hits="0"  branch="false" />
			<line number="38"  hits="0"  branch="false" />
			<line number="39"  hits="0"  branch="false" />
			<line number="52"  hits="0"  branch="false" />
		</lines>
		</class>
	</classes>
	</package>
	<package name="src.i18n"  line-rate="0.2"  branch-rate="0" >
	<classes>
		<class name="app-i18n-loader.ts"  filename="src/i18n/app-i18n-loader.ts"  line-rate="0.2"  branch-rate="0" >
		<methods>
			<method name="(anonymous_1)"  hits="0"  signature="()V" >
				<lines><line number="4"  hits="0" /></lines>
			</method>
			<method name="AppliI18nLoader"  hits="0"  signature="()V" >
				<lines><line number="6"  hits="0" /></lines>
			</method>
		</methods>
		<lines>
			<line number="1"  hits="0"  branch="false" />
			<line number="2"  hits="0"  branch="false" />
			<line number="4"  hits="0"  branch="false" />
			<line number="6"  hits="1"  branch="false" />
			<line number="9"  hits="0"  branch="false" />
		</lines>
		</class>
	</classes>
	</package>
	<package name="src.middleware"  line-rate="0.0429"  branch-rate="0" >
	<classes>
		<class name="authentication-api.ts"  filename="src/middleware/authentication-api.ts"  line-rate="0.1429"  branch-rate="0" >
		<methods>
			<method name="(anonymous_1)"  hits="0"  signature="()V" >
				<lines><line number="6"  hits="0" /></lines>
			</method>
			<method name="AuthenticationAPIMiddleware"  hits="0"  signature="()V" >
				<lines><line number="10"  hits="0" /></lines>
			</method>
		</methods>
		<lines>
			<line number="1"  hits="0"  branch="false" />
			<line number="2"  hits="0"  branch="false" />
			<line number="4"  hits="0"  branch="false" />
			<line number="6"  hits="0"  branch="false" />
			<line number="10"  hits="1"  branch="false" />
			<line number="12"  hits="0"  branch="false" />
			<line number="14"  hits="0"  branch="false" />
		</lines>
		</class>
		<class name="authentication.ts"  filename="src/middleware/authentication.ts"  line-rate="0.0317"  branch-rate="0" >
		<methods>
			<method name="(anonymous_1)"  hits="0"  signature="()V" >
				<lines><line number="16"  hits="0" /></lines>
			</method>
			<method name="(anonymous_3)"  hits="0"  signature="()V" >
				<lines><line number="22"  hits="0" /></lines>
			</method>
			<method name="(anonymous_4)"  hits="0"  signature="()V" >
				<lines><line number="28"  hits="0" /></lines>
			</method>
			<method name="(anonymous_5)"  hits="0"  signature="()V" >
				<lines><line number="29"  hits="0" /></lines>
			</method>
			<method name="(anonymous_6)"  hits="0"  signature="()V" >
				<lines><line number="37"  hits="0" /></lines>
			</method>
			<method name="(anonymous_7)"  hits="0"  signature="()V" >
				<lines><line number="40"  hits="0" /></lines>
			</method>
			<method name="(anonymous_8)"  hits="0"  signature="()V" >
				<lines><line number="52"  hits="0" /></lines>
			</method>
			<method name="(anonymous_9)"  hits="0"  signature="()V" >
				<lines><line number="57"  hits="0" /></lines>
			</method>
			<method name="ensureAuthenticated"  hits="0"  signature="()V" >
				<lines><line number="66"  hits="0" /></lines>
			</method>
			<method name="(anonymous_11)"  hits="0"  signature="()V" >
				<lines><line number="80"  hits="0" /></lines>
			</method>
			<method name="(anonymous_12)"  hits="0"  signature="()V" >
				<lines><line number="86"  hits="0" /></lines>
			</method>
			<method name="(anonymous_13)"  hits="0"  signature="()V" >
				<lines><line number="115"  hits="0" /></lines>
			</method>
			<method name="(anonymous_14)"  hits="0"  signature="()V" >
				<lines><line number="119"  hits="0" /></lines>
			</method>
		</methods>
		<lines>
			<line number="1"  hits="0"  branch="false" />
			<line number="4"  hits="0"  branch="false" />
			<line number="5"  hits="0"  branch="false" />
			<line number="8"  hits="0"  branch="false" />
			<line number="9"  hits="0"  branch="false" />
			<line number="10"  hits="0"  branch="false" />
			<line number="11"  hits="0"  branch="false" />
			<line number="12"  hits="0"  branch="false" />
			<line number="13"  hits="0"  branch="false" />
			<line number="16"  hits="1"  branch="false" />
			<line number="18"  hits="0"  branch="false" />
			<line number="22"  hits="0"  branch="false" />
			<line number="27"  hits="0"  branch="false" />
			<line number="29"  hits="0"  branch="false" />
			<line number="30"  hits="0"  branch="false" />
			<line number="32"  hits="0"  branch="false" />
			<line number="33"  hits="0"  branch="false" />
			<line number="38"  hits="0"  branch="false" />
			<line number="39"  hits="0"  branch="false" />
			<line number="41"  hits="0"  branch="false" />
			<line number="42"  hits="0"  branch="true"  condition-coverage="0% (0/2)" />
			<line number="43"  hits="0"  branch="false" />
			<line number="45"  hits="0"  branch="false" />
			<line number="52"  hits="0"  branch="false" />
			<line number="54"  hits="0"  branch="false" />
			<line number="57"  hits="0"  branch="false" />
			<line number="58"  hits="0"  branch="false" />
			<line number="62"  hits="0"  branch="false" />
			<line number="63"  hits="0"  branch="false" />
			<line number="64"  hits="0"  branch="false" />
			<line number="66"  hits="1"  branch="false" />
			<line number="67"  hits="0"  branch="true"  condition-coverage="0% (0/4)" />
			<line number="68"  hits="0"  branch="false" />
			<line number="70"  hits="0"  branch="false" />
			<line number="71"  hits="0"  branch="false" />
			<line number="74"  hits="0"  branch="false" />
			<line number="75"  hits="0"  branch="false" />
			<line number="76"  hits="0"  branch="false" />
			<line number="78"  hits="0"  branch="false" />
			<line number="81"  hits="0"  branch="false" />
			<line number="82"  hits="0"  branch="true"  condition-coverage="0% (0/3)" />
			<line number="83"  hits="0"  branch="false" />
			<line number="86"  hits="0"  branch="false" />
			<line number="87"  hits="0"  branch="false" />
			<line number="88"  hits="0"  branch="true"  condition-coverage="0% (0/4)" />
			<line number="89"  hits="0"  branch="false" />
			<line number="92"  hits="0"  branch="false" />
			<line number="98"  hits="0"  branch="true"  condition-coverage="0% (0/2)" />
			<line number="99"  hits="0"  branch="false" />
			<line number="103"  hits="0"  branch="true"  condition-coverage="0% (0/4)" />
			<line number="104"  hits="0"  branch="false" />
			<line number="105"  hits="0"  branch="false" />
			<line number="108"  hits="0"  branch="false" />
			<line number="110"  hits="0"  branch="false" />
			<line number="111"  hits="0"  branch="false" />
			<line number="112"  hits="0"  branch="false" />
			<line number="113"  hits="0"  branch="false" />
			<line number="115"  hits="0"  branch="false" />
			<line number="117"  hits="0"  branch="false" />
			<line number="119"  hits="0"  branch="false" />
			<line number="120"  hits="0"  branch="false" />
			<line number="124"  hits="0"  branch="false" />
			<line number="126"  hits="0"  branch="false" />
		</lines>
		</class>
	</classes>
	</package>
	<package name="src.mock"  line-rate="0.1176"  branch-rate="0" >
	<classes>
		<class name="routes.ts"  filename="src/mock/routes.ts"  line-rate="0.1176"  branch-rate="0" >
		<methods>
			<method name="findByUsername"  hits="0"  signature="()V" >
				<lines><line number="25"  hits="0" /></lines>
			</method>
			<method name="(anonymous_2)"  hits="0"  signature="()V" >
				<lines><line number="35"  hits="0" /></lines>
			</method>
			<method name="(anonymous_4)"  hits="0"  signature="()V" >
				<lines><line number="37"  hits="0" /></lines>
			</method>
			<method name="(anonymous_5)"  hits="0"  signature="()V" >
				<lines><line number="39"  hits="0" /></lines>
			</method>
			<method name="(anonymous_6)"  hits="0"  signature="()V" >
				<lines><line number="50"  hits="0" /></lines>
			</method>
		</methods>
		<lines>
			<line number="1"  hits="0"  branch="false" />
			<line number="7"  hits="0"  branch="false" />
			<line number="14"  hits="0"  branch="false" />
			<line number="25"  hits="1"  branch="false" />
			<line number="26"  hits="0"  branch="false" />
			<line number="27"  hits="0"  branch="false" />
			<line number="28"  hits="0"  branch="true"  condition-coverage="0% (0/2)" />
			<line number="29"  hits="0"  branch="false" />
			<line number="32"  hits="0"  branch="false" />
			<line number="35"  hits="1"  branch="false" />
			<line number="37"  hits="0"  branch="false" />
			<line number="39"  hits="0"  branch="false" />
			<line number="40"  hits="0"  branch="false" />
			<line number="41"  hits="0"  branch="false" />
			<line number="50"  hits="0"  branch="false" />
			<line number="51"  hits="0"  branch="false" />
			<line number="63"  hits="0"  branch="false" />
		</lines>
		</class>
	</classes>
	</package>
	<package name="src.mock.services.data.auth"  line-rate="0.1176"  branch-rate="0" >
	<classes>
		<class name="auth-service-impl-mock.ts"  filename="src/mock/services/data/auth/auth-service-impl-mock.ts"  line-rate="0.1176"  branch-rate="0" >
		<methods>
			<method name="findByUsername"  hits="0"  signature="()V" >
				<lines><line number="25"  hits="0" /></lines>
			</method>
			<method name="(anonymous_2)"  hits="0"  signature="()V" >
				<lines><line number="41"  hits="0" /></lines>
			</method>
			<method name="(anonymous_4)"  hits="0"  signature="()V" >
				<lines><line number="47"  hits="0" /></lines>
			</method>
		</methods>
		<lines>
			<line number="1"  hits="0"  branch="false" />
			<line number="3"  hits="0"  branch="false" />
			<line number="6"  hits="0"  branch="false" />
			<line number="8"  hits="0"  branch="false" />
			<line number="14"  hits="0"  branch="false" />
			<line number="25"  hits="1"  branch="false" />
			<line number="26"  hits="0"  branch="false" />
			<line number="27"  hits="0"  branch="false" />
			<line number="28"  hits="0"  branch="true"  condition-coverage="0% (0/2)" />
			<line number="29"  hits="0"  branch="false" />
			<line number="32"  hits="0"  branch="false" />
			<line number="41"  hits="1"  branch="false" />
			<line number="47"  hits="0"  branch="false" />
			<line number="48"  hits="0"  branch="false" />
			<line number="49"  hits="0"  branch="false" />
			<line number="50"  hits="0"  branch="false" />
			<line number="53"  hits="0"  branch="false" />
		</lines>
		</class>
	</classes>
	</package>
	<package name="src.models"  line-rate="0.1"  branch-rate="1" >
	<classes>
		<class name="common-mod.ts"  filename="src/models/common-mod.ts"  line-rate="0.125"  branch-rate="1" >
		<methods>
			<method name="(anonymous_1)"  hits="0"  signature="()V" >
				<lines><line number="16"  hits="0" /></lines>
			</method>
			<method name="(anonymous_3)"  hits="0"  signature="()V" >
				<lines><line number="50"  hits="0" /></lines>
			</method>
		</methods>
		<lines>
			<line number="1"  hits="0"  branch="false" />
			<line number="2"  hits="0"  branch="false" />
			<line number="3"  hits="0"  branch="false" />
			<line number="16"  hits="1"  branch="false" />
			<line number="19"  hits="0"  branch="false" />
			<line number="23"  hits="0"  branch="false" />
			<line number="27"  hits="0"  branch="false" />
			<line number="31"  hits="0"  branch="false" />
			<line number="35"  hits="0"  branch="false" />
			<line number="39"  hits="0"  branch="false" />
			<line number="43"  hits="0"  branch="false" />
			<line number="44"  hits="0"  branch="false" />
			<line number="50"  hits="1"  branch="false" />
			<line number="53"  hits="0"  branch="false" />
			<line number="57"  hits="0"  branch="false" />
			<line number="58"  hits="0"  branch="false" />
		</lines>
		</class>
		<class name="model-prefecture.ts"  filename="src/models/model-prefecture.ts"  line-rate="0"  branch-rate="1" >
		<methods>
		</methods>
		<lines>
			<line number="1"  hits="0"  branch="false" />
			<line number="22"  hits="0"  branch="false" />
		</lines>
		</class>
		<class name="model-valise.ts"  filename="src/models/model-valise.ts"  line-rate="0"  branch-rate="1" >
		<methods>
		</methods>
		<lines>
			<line number="1"  hits="0"  branch="false" />
			<line number="17"  hits="0"  branch="false" />
		</lines>
		</class>
	</classes>
	</package>
	<package name="src.models.auth"  line-rate="0.0909"  branch-rate="1" >
	<classes>
		<class name="model-role.ts"  filename="src/models/auth/model-role.ts"  line-rate="0"  branch-rate="1" >
		<methods>
		</methods>
		<lines>
			<line number="1"  hits="0"  branch="false" />
			<line number="9"  hits="0"  branch="false" />
		</lines>
		</class>
		<class name="model-role_utilisateur.ts"  filename="src/models/auth/model-role_utilisateur.ts"  line-rate="0"  branch-rate="1" >
		<methods>
		</methods>
		<lines>
			<line number="1"  hits="0"  branch="false" />
			<line number="9"  hits="0"  branch="false" />
		</lines>
		</class>
		<class name="model-utilisateur.ts"  filename="src/models/auth/model-utilisateur.ts"  line-rate="0"  branch-rate="1" >
		<methods>
		</methods>
		<lines>
			<line number="1"  hits="0"  branch="false" />
			<line number="3"  hits="0"  branch="false" />
		</lines>
		</class>
		<class name="seq-user-mod.ts"  filename="src/models/auth/seq-user-mod.ts"  line-rate="0"  branch-rate="1" >
		<methods>
		</methods>
		<lines>
			<line number="1"  hits="0"  branch="false" />
			<line number="18"  hits="0"  branch="false" />
		</lines>
		</class>
		<class name="user-mod.ts"  filename="src/models/auth/user-mod.ts"  line-rate="0.1429"  branch-rate="1" >
		<methods>
			<method name="(anonymous_1)"  hits="0"  signature="()V" >
				<lines><line number="6"  hits="0" /></lines>
			</method>
			<method name="(anonymous_3)"  hits="0"  signature="()V" >
				<lines><line number="16"  hits="0" /></lines>
			</method>
		</methods>
		<lines>
			<line number="1"  hits="0"  branch="false" />
			<line number="2"  hits="0"  branch="false" />
			<line number="3"  hits="0"  branch="false" />
			<line number="6"  hits="1"  branch="false" />
			<line number="9"  hits="0"  branch="false" />
			<line number="12"  hits="0"  branch="false" />
			<line number="13"  hits="0"  branch="false" />
			<line number="16"  hits="1"  branch="false" />
			<line number="18"  hits="0"  branch="false" />
			<line number="21"  hits="0"  branch="false" />
			<line number="24"  hits="0"  branch="false" />
			<line number="27"  hits="0"  branch="false" />
			<line number="31"  hits="0"  branch="false" />
			<line number="32"  hits="0"  branch="false" />
		</lines>
		</class>
	</classes>
	</package>
	<package name="src.models.fvm"  line-rate="0.09910000000000001"  branch-rate="1" >
	<classes>
		<class name="fvm-mod.ts"  filename="src/models/fvm/fvm-mod.ts"  line-rate="0.12359999999999999"  branch-rate="1" >
		<methods>
			<method name="(anonymous_1)"  hits="0"  signature="()V" >
				<lines><line number="16"  hits="0" /></lines>
			</method>
			<method name="(anonymous_3)"  hits="0"  signature="()V" >
				<lines><line number="50"  hits="0" /></lines>
			</method>
			<method name="(anonymous_5)"  hits="0"  signature="()V" >
				<lines><line number="88"  hits="0" /></lines>
			</method>
			<method name="(anonymous_7)"  hits="0"  signature="()V" >
				<lines><line number="110"  hits="0" /></lines>
			</method>
			<method name="(anonymous_9)"  hits="0"  signature="()V" >
				<lines><line number="140"  hits="0" /></lines>
			</method>
			<method name="(anonymous_11)"  hits="0"  signature="()V" >
				<lines><line number="166"  hits="0" /></lines>
			</method>
			<method name="(anonymous_13)"  hits="0"  signature="()V" >
				<lines><line number="184"  hits="0" /></lines>
			</method>
			<method name="(anonymous_15)"  hits="0"  signature="()V" >
				<lines><line number="202"  hits="0" /></lines>
			</method>
			<method name="(anonymous_17)"  hits="0"  signature="()V" >
				<lines><line number="236"  hits="0" /></lines>
			</method>
			<method name="(anonymous_19)"  hits="0"  signature="()V" >
				<lines><line number="270"  hits="0" /></lines>
			</method>
			<method name="(anonymous_21)"  hits="0"  signature="()V" >
				<lines><line number="304"  hits="0" /></lines>
			</method>
		</methods>
		<lines>
			<line number="1"  hits="0"  branch="false" />
			<line number="2"  hits="0"  branch="false" />
			<line number="3"  hits="0"  branch="false" />
			<line number="16"  hits="1"  branch="false" />
			<line number="19"  hits="0"  branch="false" />
			<line number="23"  hits="0"  branch="false" />
			<line number="27"  hits="0"  branch="false" />
			<line number="31"  hits="0"  branch="false" />
			<line number="35"  hits="0"  branch="false" />
			<line number="39"  hits="0"  branch="false" />
			<line number="43"  hits="0"  branch="false" />
			<line number="44"  hits="0"  branch="false" />
			<line number="50"  hits="1"  branch="false" />
			<line number="53"  hits="0"  branch="false" />
			<line number="57"  hits="0"  branch="false" />
			<line number="61"  hits="0"  branch="false" />
			<line number="65"  hits="0"  branch="false" />
			<line number="69"  hits="0"  branch="false" />
			<line number="73"  hits="0"  branch="false" />
			<line number="77"  hits="0"  branch="false" />
			<line number="81"  hits="0"  branch="false" />
			<line number="82"  hits="0"  branch="false" />
			<line number="88"  hits="1"  branch="false" />
			<line number="91"  hits="0"  branch="false" />
			<line number="95"  hits="0"  branch="false" />
			<line number="99"  hits="0"  branch="false" />
			<line number="103"  hits="0"  branch="false" />
			<line number="104"  hits="0"  branch="false" />
			<line number="110"  hits="1"  branch="false" />
			<line number="113"  hits="0"  branch="false" />
			<line number="117"  hits="0"  branch="false" />
			<line number="121"  hits="0"  branch="false" />
			<line number="125"  hits="0"  branch="false" />
			<line number="129"  hits="0"  branch="false" />
			<line number="133"  hits="0"  branch="false" />
			<line number="134"  hits="0"  branch="false" />
			<line number="140"  hits="1"  branch="false" />
			<line number="143"  hits="0"  branch="false" />
			<line number="147"  hits="0"  branch="false" />
			<line number="151"  hits="0"  branch="false" />
			<line number="155"  hits="0"  branch="false" />
			<line number="159"  hits="0"  branch="false" />
			<line number="160"  hits="0"  branch="false" />
			<line number="166"  hits="1"  branch="false" />
			<line number="169"  hits="0"  branch="false" />
			<line number="173"  hits="0"  branch="false" />
			<line number="177"  hits="0"  branch="false" />
			<line number="178"  hits="0"  branch="false" />
			<line number="184"  hits="1"  branch="false" />
			<line number="187"  hits="0"  branch="false" />
			<line number="191"  hits="0"  branch="false" />
			<line number="195"  hits="0"  branch="false" />
			<line number="196"  hits="0"  branch="false" />
			<line number="202"  hits="1"  branch="false" />
			<line number="205"  hits="0"  branch="false" />
			<line number="209"  hits="0"  branch="false" />
			<line number="213"  hits="0"  branch="false" />
			<line number="217"  hits="0"  branch="false" />
			<line number="221"  hits="0"  branch="false" />
			<line number="225"  hits="0"  branch="false" />
			<line number="229"  hits="0"  branch="false" />
			<line number="230"  hits="0"  branch="false" />
			<line number="236"  hits="1"  branch="false" />
			<line number="239"  hits="0"  branch="false" />
			<line number="243"  hits="0"  branch="false" />
			<line number="247"  hits="0"  branch="false" />
			<line number="251"  hits="0"  branch="false" />
			<line number="255"  hits="0"  branch="false" />
			<line number="259"  hits="0"  branch="false" />
			<line number="263"  hits="0"  branch="false" />
			<line number="264"  hits="0"  branch="false" />
			<line number="270"  hits="1"  branch="false" />
			<line number="273"  hits="0"  branch="false" />
			<line number="277"  hits="0"  branch="false" />
			<line number="281"  hits="0"  branch="false" />
			<line number="285"  hits="0"  branch="false" />
			<line number="289"  hits="0"  branch="false" />
			<line number="293"  hits="0"  branch="false" />
			<line number="297"  hits="0"  branch="false" />
			<line number="298"  hits="0"  branch="false" />
			<line number="304"  hits="1"  branch="false" />
			<line number="307"  hits="0"  branch="false" />
			<line number="311"  hits="0"  branch="false" />
			<line number="315"  hits="0"  branch="false" />
			<line number="319"  hits="0"  branch="false" />
			<line number="323"  hits="0"  branch="false" />
			<line number="327"  hits="0"  branch="false" />
			<line number="331"  hits="0"  branch="false" />
			<line number="332"  hits="0"  branch="false" />
		</lines>
		</class>
		<class name="model-copiecourrierprefecture.ts"  filename="src/models/fvm/model-copiecourrierprefecture.ts"  line-rate="0"  branch-rate="1" >
		<methods>
		</methods>
		<lines>
			<line number="1"  hits="0"  branch="false" />
			<line number="22"  hits="0"  branch="false" />
		</lines>
		</class>
		<class name="model-copienoteverbaleMAECI.ts"  filename="src/models/fvm/model-copienoteverbaleMAECI.ts"  line-rate="0"  branch-rate="1" >
		<methods>
		</methods>
		<lines>
			<line number="1"  hits="0"  branch="false" />
			<line number="22"  hits="0"  branch="false" />
		</lines>
		</class>
		<class name="model-copiepermis.ts"  filename="src/models/fvm/model-copiepermis.ts"  line-rate="0"  branch-rate="1" >
		<methods>
		</methods>
		<lines>
			<line number="1"  hits="0"  branch="false" />
			<line number="22"  hits="0"  branch="false" />
		</lines>
		</class>
		<class name="model-copiereleve.ts"  filename="src/models/fvm/model-copiereleve.ts"  line-rate="0"  branch-rate="1" >
		<methods>
		</methods>
		<lines>
			<line number="1"  hits="0"  branch="false" />
			<line number="22"  hits="0"  branch="false" />
		</lines>
		</class>
		<class name="model-demandeauthentification.ts"  filename="src/models/fvm/model-demandeauthentification.ts"  line-rate="0"  branch-rate="1" >
		<methods>
		</methods>
		<lines>
			<line number="1"  hits="0"  branch="false" />
			<line number="21"  hits="0"  branch="false" />
		</lines>
		</class>
		<class name="model-dossier.ts"  filename="src/models/fvm/model-dossier.ts"  line-rate="0"  branch-rate="1" >
		<methods>
		</methods>
		<lines>
			<line number="1"  hits="0"  branch="false" />
			<line number="19"  hits="0"  branch="false" />
		</lines>
		</class>
		<class name="model-noteverbale-releve.ts"  filename="src/models/fvm/model-noteverbale-releve.ts"  line-rate="0"  branch-rate="1" >
		<methods>
		</methods>
		<lines>
			<line number="1"  hits="0"  branch="false" />
			<line number="18"  hits="0"  branch="false" />
		</lines>
		</class>
		<class name="model-noteverbale.ts"  filename="src/models/fvm/model-noteverbale.ts"  line-rate="0"  branch-rate="1" >
		<methods>
		</methods>
		<lines>
			<line number="1"  hits="0"  branch="false" />
			<line number="18"  hits="0"  branch="false" />
		</lines>
		</class>
		<class name="model-permis.ts"  filename="src/models/fvm/model-permis.ts"  line-rate="0"  branch-rate="1" >
		<methods>
		</methods>
		<lines>
			<line number="1"  hits="0"  branch="false" />
			<line number="22"  hits="0"  branch="false" />
		</lines>
		</class>
		<class name="model-personne.ts"  filename="src/models/fvm/model-personne.ts"  line-rate="0"  branch-rate="1" >
		<methods>
		</methods>
		<lines>
			<line number="1"  hits="0"  branch="false" />
			<line number="23"  hits="0"  branch="false" />
		</lines>
		</class>
		<class name="model-releve.ts"  filename="src/models/fvm/model-releve.ts"  line-rate="0"  branch-rate="1" >
		<methods>
		</methods>
		<lines>
			<line number="1"  hits="0"  branch="false" />
			<line number="20"  hits="0"  branch="false" />
		</lines>
		</class>
	</classes>
	</package>
	<package name="src.models.mvf"  line-rate="0.10619999999999999"  branch-rate="1" >
	<classes>
		<class name="model-attestation.ts"  filename="src/models/mvf/model-attestation.ts"  line-rate="0"  branch-rate="1" >
		<methods>
		</methods>
		<lines>
			<line number="1"  hits="0"  branch="false" />
			<line number="12"  hits="0"  branch="false" />
		</lines>
		</class>
		<class name="model-bordereau-attestation.ts"  filename="src/models/mvf/model-bordereau-attestation.ts"  line-rate="0"  branch-rate="1" >
		<methods>
		</methods>
		<lines>
			<line number="1"  hits="0"  branch="false" />
			<line number="10"  hits="0"  branch="false" />
		</lines>
		</class>
		<class name="model-bordereau.ts"  filename="src/models/mvf/model-bordereau.ts"  line-rate="0"  branch-rate="1" >
		<methods>
		</methods>
		<lines>
			<line number="1"  hits="0"  branch="false" />
			<line number="11"  hits="0"  branch="false" />
		</lines>
		</class>
		<class name="model-copieattestation.ts"  filename="src/models/mvf/model-copieattestation.ts"  line-rate="0"  branch-rate="1" >
		<methods>
		</methods>
		<lines>
			<line number="1"  hits="0"  branch="false" />
			<line number="14"  hits="0"  branch="false" />
		</lines>
		</class>
		<class name="model-copiedemandeprefecture.ts"  filename="src/models/mvf/model-copiedemandeprefecture.ts"  line-rate="0"  branch-rate="1" >
		<methods>
		</methods>
		<lines>
			<line number="1"  hits="0"  branch="false" />
			<line number="14"  hits="0"  branch="false" />
		</lines>
		</class>
		<class name="model-copienoteverbaleMAECI.ts"  filename="src/models/mvf/model-copienoteverbaleMAECI.ts"  line-rate="0"  branch-rate="1" >
		<methods>
		</methods>
		<lines>
			<line number="1"  hits="0"  branch="false" />
			<line number="14"  hits="0"  branch="false" />
		</lines>
		</class>
		<class name="model-copiepermis.ts"  filename="src/models/mvf/model-copiepermis.ts"  line-rate="0"  branch-rate="1" >
		<methods>
		</methods>
		<lines>
			<line number="1"  hits="0"  branch="false" />
			<line number="14"  hits="0"  branch="false" />
		</lines>
		</class>
		<class name="model-dossier.ts"  filename="src/models/mvf/model-dossier.ts"  line-rate="0"  branch-rate="1" >
		<methods>
		</methods>
		<lines>
			<line number="1"  hits="0"  branch="false" />
			<line number="12"  hits="0"  branch="false" />
		</lines>
		</class>
		<class name="model-noteverbale-permis.ts"  filename="src/models/mvf/model-noteverbale-permis.ts"  line-rate="0"  branch-rate="1" >
		<methods>
		</methods>
		<lines>
			<line number="1"  hits="0"  branch="false" />
			<line number="10"  hits="0"  branch="false" />
		</lines>
		</class>
		<class name="model-noteverbale.ts"  filename="src/models/mvf/model-noteverbale.ts"  line-rate="0"  branch-rate="1" >
		<methods>
		</methods>
		<lines>
			<line number="1"  hits="0"  branch="false" />
			<line number="10"  hits="0"  branch="false" />
		</lines>
		</class>
		<class name="model-permis.ts"  filename="src/models/mvf/model-permis.ts"  line-rate="0"  branch-rate="1" >
		<methods>
		</methods>
		<lines>
			<line number="1"  hits="0"  branch="false" />
			<line number="12"  hits="0"  branch="false" />
		</lines>
		</class>
		<class name="model-personne.ts"  filename="src/models/mvf/model-personne.ts"  line-rate="0"  branch-rate="1" >
		<methods>
		</methods>
		<lines>
			<line number="1"  hits="0"  branch="false" />
			<line number="13"  hits="0"  branch="false" />
		</lines>
		</class>
		<class name="mvf-mod.ts"  filename="src/models/mvf/mvf-mod.ts"  line-rate="0.1348"  branch-rate="1" >
		<methods>
			<method name="(anonymous_1)"  hits="0"  signature="()V" >
				<lines><line number="6"  hits="0" /></lines>
			</method>
			<method name="(anonymous_3)"  hits="0"  signature="()V" >
				<lines><line number="29"  hits="0" /></lines>
			</method>
			<method name="(anonymous_5)"  hits="0"  signature="()V" >
				<lines><line number="56"  hits="0" /></lines>
			</method>
			<method name="(anonymous_7)"  hits="0"  signature="()V" >
				<lines><line number="79"  hits="0" /></lines>
			</method>
			<method name="(anonymous_9)"  hits="0"  signature="()V" >
				<lines><line number="94"  hits="0" /></lines>
			</method>
			<method name="(anonymous_11)"  hits="0"  signature="()V" >
				<lines><line number="109"  hits="0" /></lines>
			</method>
			<method name="(anonymous_13)"  hits="0"  signature="()V" >
				<lines><line number="132"  hits="0" /></lines>
			</method>
			<method name="(anonymous_15)"  hits="0"  signature="()V" >
				<lines><line number="147"  hits="0" /></lines>
			</method>
			<method name="(anonymous_17)"  hits="0"  signature="()V" >
				<lines><line number="166"  hits="0" /></lines>
			</method>
			<method name="(anonymous_19)"  hits="0"  signature="()V" >
				<lines><line number="197"  hits="0" /></lines>
			</method>
			<method name="(anonymous_21)"  hits="0"  signature="()V" >
				<lines><line number="228"  hits="0" /></lines>
			</method>
			<method name="(anonymous_23)"  hits="0"  signature="()V" >
				<lines><line number="259"  hits="0" /></lines>
			</method>
		</methods>
		<lines>
			<line number="1"  hits="0"  branch="false" />
			<line number="2"  hits="0"  branch="false" />
			<line number="3"  hits="0"  branch="false" />
			<line number="6"  hits="1"  branch="false" />
			<line number="9"  hits="0"  branch="false" />
			<line number="13"  hits="0"  branch="false" />
			<line number="17"  hits="0"  branch="false" />
			<line number="21"  hits="0"  branch="false" />
			<line number="25"  hits="0"  branch="false" />
			<line number="26"  hits="0"  branch="false" />
			<line number="29"  hits="1"  branch="false" />
			<line number="32"  hits="0"  branch="false" />
			<line number="36"  hits="0"  branch="false" />
			<line number="40"  hits="0"  branch="false" />
			<line number="44"  hits="0"  branch="false" />
			<line number="48"  hits="0"  branch="false" />
			<line number="52"  hits="0"  branch="false" />
			<line number="53"  hits="0"  branch="false" />
			<line number="56"  hits="1"  branch="false" />
			<line number="59"  hits="0"  branch="false" />
			<line number="63"  hits="0"  branch="false" />
			<line number="67"  hits="0"  branch="false" />
			<line number="71"  hits="0"  branch="false" />
			<line number="75"  hits="0"  branch="false" />
			<line number="76"  hits="0"  branch="false" />
			<line number="79"  hits="1"  branch="false" />
			<line number="82"  hits="0"  branch="false" />
			<line number="86"  hits="0"  branch="false" />
			<line number="90"  hits="0"  branch="false" />
			<line number="91"  hits="0"  branch="false" />
			<line number="94"  hits="1"  branch="false" />
			<line number="97"  hits="0"  branch="false" />
			<line number="101"  hits="0"  branch="false" />
			<line number="105"  hits="0"  branch="false" />
			<line number="106"  hits="0"  branch="false" />
			<line number="109"  hits="1"  branch="false" />
			<line number="112"  hits="0"  branch="false" />
			<line number="116"  hits="0"  branch="false" />
			<line number="120"  hits="0"  branch="false" />
			<line number="124"  hits="0"  branch="false" />
			<line number="128"  hits="0"  branch="false" />
			<line number="129"  hits="0"  branch="false" />
			<line number="132"  hits="1"  branch="false" />
			<line number="135"  hits="0"  branch="false" />
			<line number="139"  hits="0"  branch="false" />
			<line number="143"  hits="0"  branch="false" />
			<line number="144"  hits="0"  branch="false" />
			<line number="147"  hits="1"  branch="false" />
			<line number="150"  hits="0"  branch="false" />
			<line number="154"  hits="0"  branch="false" />
			<line number="158"  hits="0"  branch="false" />
			<line number="162"  hits="0"  branch="false" />
			<line number="163"  hits="0"  branch="false" />
			<line number="166"  hits="1"  branch="false" />
			<line number="169"  hits="0"  branch="false" />
			<line number="173"  hits="0"  branch="false" />
			<line number="177"  hits="0"  branch="false" />
			<line number="181"  hits="0"  branch="false" />
			<line number="185"  hits="0"  branch="false" />
			<line number="189"  hits="0"  branch="false" />
			<line number="193"  hits="0"  branch="false" />
			<line number="194"  hits="0"  branch="false" />
			<line number="197"  hits="1"  branch="false" />
			<line number="200"  hits="0"  branch="false" />
			<line number="204"  hits="0"  branch="false" />
			<line number="208"  hits="0"  branch="false" />
			<line number="212"  hits="0"  branch="false" />
			<line number="216"  hits="0"  branch="false" />
			<line number="220"  hits="0"  branch="false" />
			<line number="224"  hits="0"  branch="false" />
			<line number="225"  hits="0"  branch="false" />
			<line number="228"  hits="1"  branch="false" />
			<line number="231"  hits="0"  branch="false" />
			<line number="235"  hits="0"  branch="false" />
			<line number="239"  hits="0"  branch="false" />
			<line number="243"  hits="0"  branch="false" />
			<line number="247"  hits="0"  branch="false" />
			<line number="251"  hits="0"  branch="false" />
			<line number="255"  hits="0"  branch="false" />
			<line number="256"  hits="0"  branch="false" />
			<line number="259"  hits="1"  branch="false" />
			<line number="262"  hits="0"  branch="false" />
			<line number="266"  hits="0"  branch="false" />
			<line number="270"  hits="0"  branch="false" />
			<line number="274"  hits="0"  branch="false" />
			<line number="278"  hits="0"  branch="false" />
			<line number="282"  hits="0"  branch="false" />
			<line number="286"  hits="0"  branch="false" />
			<line number="287"  hits="0"  branch="false" />
		</lines>
		</class>
	</classes>
	</package>
	<package name="src.routes"  line-rate="0.05"  branch-rate="0" >
	<classes>
		<class name="routes.ts"  filename="src/routes/routes.ts"  line-rate="0.05"  branch-rate="0" >
		<methods>
			<method name="(anonymous_1)"  hits="0"  signature="()V" >
				<lines><line number="10"  hits="0" /></lines>
			</method>
			<method name="Routes"  hits="0"  signature="()V" >
				<lines><line number="15"  hits="0" /></lines>
			</method>
			<method name="(anonymous_3)"  hits="0"  signature="()V" >
				<lines><line number="29"  hits="0" /></lines>
[...]
		</methods>
		<lines>
			<line number="1"  hits="0"  branch="false" />
			<line number="3"  hits="0"  branch="false" />
			<line number="4"  hits="0"  branch="false" />
			<line number="6"  hits="0"  branch="false" />
			<line number="7"  hits="0"  branch="false" />
			<line number="8"  hits="0"  branch="false" />
			<line number="9"  hits="0"  branch="false" />
			<line number="10"  hits="0"  branch="false" />
			<line number="11"  hits="0"  branch="false" />
			<line number="12"  hits="0"  branch="false" />
			<line number="13"  hits="0"  branch="false" />
			<line number="14"  hits="0"  branch="false" />
			<line number="19"  hits="0"  branch="false" />
			<line number="20"  hits="0"  branch="false" />
			<line number="21"  hits="0"  branch="false" />
			<line number="22"  hits="0"  branch="false" />
			<line number="23"  hits="0"  branch="false" />
			<line number="24"  hits="0"  branch="false" />
			<line number="25"  hits="0"  branch="false" />
			<line number="26"  hits="0"  branch="false" />
			<line number="27"  hits="0"  branch="false" />
			<line number="28"  hits="0"  branch="false" />
			<line number="29"  hits="0"  branch="false" />
			<line number="30"  hits="0"  branch="false" />
			<line number="31"  hits="0"  branch="false" />
			<line number="32"  hits="0"  branch="false" />
			<line number="35"  hits="0"  branch="false" />
			<line number="45"  hits="0"  branch="false" />
			<line number="76"  hits="1"  branch="false" />
			<line number="79"  hits="0"  branch="false" />
			<line number="81"  hits="0"  branch="false" />
			<line number="82"  hits="0"  branch="false" />
			<line number="83"  hits="0"  branch="false" />
			<line number="84"  hits="0"  branch="false" />
			<line number="86"  hits="0"  branch="false" />
			<line number="87"  hits="0"  branch="false" />
			<line number="88"  hits="0"  branch="false" />
			<line number="89"  hits="0"  branch="false" />
			<line number="90"  hits="0"  branch="false" />
			<line number="96"  hits="0"  branch="false" />
			<line number="97"  hits="0"  branch="false" />
			<line number="98"  hits="0"  branch="false" />
			<line number="106"  hits="0"  branch="false" />
			<line number="107"  hits="0"  branch="false" />
			<line number="108"  hits="0"  branch="true"  condition-coverage="0% (0/2)" />
			<line number="109"  hits="0"  branch="false" />
			<line number="111"  hits="0"  branch="true"  condition-coverage="0% (0/2)" />
			<line number="112"  hits="0"  branch="false" />
			<line number="114"  hits="0"  branch="true"  condition-coverage="0% (0/2)" />
			<line number="115"  hits="0"  branch="false" />
			<line number="117"  hits="0"  branch="false" />
			<line number="118"  hits="0"  branch="false" />
			<line number="119"  hits="0"  branch="false" />
			<line number="126"  hits="0"  branch="false" />
			<line number="127"  hits="0"  branch="false" />
			<line number="129"  hits="0"  branch="false" />
			<line number="212"  hits="0"  branch="false" />
			<line number="213"  hits="0"  branch="false" />
			<line number="216"  hits="0"  branch="true"  condition-coverage="0% (0/2)" />
			<line number="217"  hits="0"  branch="false" />
			<line number="218"  hits="0"  branch="false" />
			<line number="221"  hits="0"  branch="false" />
			<line number="222"  hits="0"  branch="false" />
			<line number="225"  hits="0"  branch="false" />
			<line number="227"  hits="0"  branch="false" />
			<line number="230"  hits="0"  branch="false" />
			<line number="231"  hits="0"  branch="false" />
			<line number="239"  hits="0"  branch="false" />
			<line number="240"  hits="0"  branch="false" />
			<line number="246"  hits="0"  branch="false" />
			<line number="247"  hits="0"  branch="false" />
			<line number="253"  hits="0"  branch="false" />
			<line number="254"  hits="0"  branch="false" />
			<line number="258"  hits="0"  branch="false" />
			<line number="259"  hits="0"  branch="false" />
			<line number="260"  hits="0"  branch="false" />
			<line number="261"  hits="0"  branch="false" />
			<line number="264"  hits="0"  branch="false" />
		</lines>
		</class>
	</classes>
	</package>
	<package name="src.views.gen"  line-rate="0.0678"  branch-rate="0" >
	<classes>
		<class name="gen-acs-cmp.tsx"  filename="src/views/gen/gen-acs-cmp.tsx"  line-rate="0.07139999999999999"  branch-rate="0" >
		<methods>
			<method name="(anonymous_1)"  hits="0"  signature="()V" >
				<lines><line number="18"  hits="0" /></lines>
			</method>
			<method name="(anonymous_3)"  hits="0"  signature="()V" >
				<lines><line number="22"  hits="0" /></lines>
			</method>
		</methods>
		<lines>
			<line number="1"  hits="0"  branch="false" />
			<line number="2"  hits="0"  branch="false" />
			<line number="5"  hits="0"  branch="false" />
			<line number="7"  hits="0"  branch="false" />
			<line number="18"  hits="1"  branch="false" />
			<line number="22"  hits="0"  branch="false" />
			<line number="23"  hits="0"  branch="false" />
			<line number="24"  hits="0"  branch="false" />
			<line number="25"  hits="0"  branch="false" />
			<line number="27"  hits="0"  branch="false" />
			<line number="30"  hits="0"  branch="false" />
			<line number="34"  hits="0"  branch="false" />
			<line number="46"  hits="0"  branch="false" />
			<line number="86"  hits="0"  branch="false" />
		</lines>
		</class>
		<class name="gen-cnx-page.tsx"  filename="src/views/gen/gen-cnx-page.tsx"  line-rate="0.0588"  branch-rate="0" >
		<methods>
			<method name="(anonymous_1)"  hits="0"  signature="()V" >
				<lines><line number="19"  hits="0" /></lines>
			</method>
			<method name="(anonymous_3)"  hits="0"  signature="()V" >
				<lines><line number="21"  hits="0" /></lines>
			</method>
			<method name="(anonymous_4)"  hits="0"  signature="()V" >
				<lines><line number="28"  hits="0" /></lines>
			</method>
			<method name="(anonymous_5)"  hits="0"  signature="()V" >
				<lines><line number="86"  hits="0" /></lines>
			</method>
		</methods>
		<lines>
			<line number="1"  hits="0"  branch="false" />
			<line number="2"  hits="0"  branch="false" />
			<line number="5"  hits="0"  branch="false" />
			<line number="6"  hits="0"  branch="false" />
			<line number="8"  hits="0"  branch="false" />
			<line number="19"  hits="1"  branch="false" />
			<line number="21"  hits="0"  branch="false" />
			<line number="22"  hits="0"  branch="false" />
			<line number="28"  hits="0"  branch="false" />
			<line number="29"  hits="0"  branch="false" />
			<line number="31"  hits="0"  branch="true"  condition-coverage="0% (0/2)" />
			<line number="33"  hits="0"  branch="false" />
			<line number="86"  hits="0"  branch="false" />
			<line number="88"  hits="0"  branch="true"  condition-coverage="0% (0/4)" />
			<line number="89"  hits="0"  branch="false" />
			<line number="95"  hits="0"  branch="false" />
			<line number="98"  hits="0"  branch="false" />
		</lines>
		</class>
		<class name="gen-hom-page.tsx"  filename="src/views/gen/gen-hom-page.tsx"  line-rate="0.07690000000000001"  branch-rate="1" >
		<methods>
			<method name="(anonymous_1)"  hits="0"  signature="()V" >
				<lines><line number="13"  hits="0" /></lines>
			</method>
			<method name="(anonymous_3)"  hits="0"  signature="()V" >
				<lines><line number="15"  hits="0" /></lines>
			</method>
			<method name="(anonymous_4)"  hits="0"  signature="()V" >
				<lines><line number="21"  hits="0" /></lines>
			</method>
			<method name="(anonymous_5)"  hits="0"  signature="()V" >
				<lines><line number="33"  hits="0" /></lines>
			</method>
			<method name="(anonymous_6)"  hits="0"  signature="()V" >
				<lines><line number="34"  hits="0" /></lines>
			</method>
		</methods>
		<lines>
			<line number="1"  hits="0"  branch="false" />
			<line number="2"  hits="0"  branch="false" />
			<line number="4"  hits="0"  branch="false" />
			<line number="6"  hits="0"  branch="false" />
			<line number="8"  hits="0"  branch="false" />
			<line number="13"  hits="1"  branch="false" />
			<line number="15"  hits="0"  branch="false" />
			<line number="21"  hits="0"  branch="false" />
			<line number="22"  hits="0"  branch="false" />
			<line number="23"  hits="0"  branch="false" />
			<line number="33"  hits="0"  branch="false" />
			<line number="34"  hits="0"  branch="false" />
			<line number="36"  hits="0"  branch="false" />
		</lines>
		</class>
		<class name="gen-nfe-page.tsx"  filename="src/views/gen/gen-nfe-page.tsx"  line-rate="0.0667"  branch-rate="0" >
		<methods>
			<method name="(anonymous_1)"  hits="0"  signature="()V" >
				<lines><line number="9"  hits="0" /></lines>
			</method>
			<method name="NotFoundPage"  hits="0"  signature="()V" >
				<lines><line number="11"  hits="0" /></lines>
			</method>
			<method name="(anonymous_3)"  hits="0"  signature="()V" >
				<lines><line number="15"  hits="0" /></lines>
			</method>
			<method name="(anonymous_4)"  hits="0"  signature="()V" >
				<lines><line number="22"  hits="0" /></lines>
			</method>
		</methods>
		<lines>
			<line number="1"  hits="0"  branch="false" />
			<line number="2"  hits="0"  branch="false" />
			<line number="4"  hits="0"  branch="false" />
			<line number="7"  hits="0"  branch="false" />
			<line number="9"  hits="0"  branch="false" />
			<line number="11"  hits="1"  branch="false" />
			<line number="15"  hits="0"  branch="false" />
			<line number="22"  hits="0"  branch="false" />
			<line number="23"  hits="0"  branch="false" />
			<line number="24"  hits="0"  branch="false" />
			<line number="25"  hits="0"  branch="false" />
			<line number="26"  hits="0"  branch="false" />
			<line number="27"  hits="0"  branch="false" />
			<line number="28"  hits="0"  branch="false" />
			<line number="38"  hits="0"  branch="false" />
		</lines>
		</class>
	</classes>
	</package>
	<package name="src.views.layouts"  line-rate="0.018500000000000003"  branch-rate="0" >
	<classes>
		<class name="hornet-app.tsx"  filename="src/views/layouts/hornet-app.tsx"  line-rate="0.0152"  branch-rate="0" >
		<methods>
			<method name="(anonymous_1)"  hits="0"  signature="()V" >
				<lines><line number="37"  hits="0" /></lines>
			</method>
			<method name="HornetApp"  hits="0"  signature="()V" >
				<lines><line number="48"  hits="0" /></lines>
			</method>
			<method name="(anonymous_3)"  hits="0"  signature="()V" >
				<lines><line number="55"  hits="0" /></lines>
			</method>
			<method name="(anonymous_4)"  hits="0"  signature="()V" >
				<lines><line number="65"  hits="0" /></lines>
			</method>
			<method name="(anonymous_5)"  hits="0"  signature="()V" >
				<lines><line number="71"  hits="0" /></lines>
			</method>
			<method name="(anonymous_6)"  hits="0"  signature="()V" >
				<lines><line number="78"  hits="0" /></lines>
			</method>
			<method name="(anonymous_7)"  hits="0"  signature="()V" >
				<lines><line number="150"  hits="0" /></lines>
			</method>
			<method name="(anonymous_8)"  hits="0"  signature="()V" >
				<lines><line number="187"  hits="0" /></lines>
			</method>
			<method name="(anonymous_9)"  hits="0"  signature="()V" >
				<lines><line number="197"  hits="0" /></lines>
			</method>
			<method name="(anonymous_10)"  hits="0"  signature="()V" >
				<lines><line number="199"  hits="0" /></lines>
			</method>
			<method name="(anonymous_11)"  hits="0"  signature="()V" >
				<lines><line number="210"  hits="0" /></lines>
			</method>
			<method name="(anonymous_12)"  hits="0"  signature="()V" >
				<lines><line number="212"  hits="0" /></lines>
			</method>
			<method name="(anonymous_13)"  hits="0"  signature="()V" >
				<lines><line number="223"  hits="0" /></lines>
			</method>
			<method name="(anonymous_14)"  hits="0"  signature="()V" >
				<lines><line number="224"  hits="0" /></lines>
			</method>
		</methods>
		<lines>
			<line number="1"  hits="0"  branch="false" />
			<line number="3"  hits="0"  branch="false" />
			<line number="5"  hits="0"  branch="false" />
			<line number="7"  hits="0"  branch="false" />
			<line number="8"  hits="0"  branch="false" />
			<line number="9"  hits="0"  branch="false" />
			<line number="10"  hits="0"  branch="false" />
			<line number="11"  hits="0"  branch="false" />
			<line number="12"  hits="0"  branch="false" />
			<line number="13"  hits="0"  branch="false" />
			<line number="14"  hits="0"  branch="false" />
			<line number="15"  hits="0"  branch="false" />
			<line number="16"  hits="0"  branch="false" />
			<line number="17"  hits="0"  branch="false" />
			<line number="18"  hits="0"  branch="false" />
			<line number="19"  hits="0"  branch="false" />
			<line number="22"  hits="0"  branch="false" />
			<line number="23"  hits="0"  branch="false" />
			<line number="25"  hits="0"  branch="false" />
			<line number="37"  hits="0"  branch="false" />
			<line number="41"  hits="0"  branch="false" />
			<line number="48"  hits="1"  branch="false" />
			<line number="50"  hits="0"  branch="false" />
			<line number="51"  hits="0"  branch="false" />
			<line number="55"  hits="0"  branch="false" />
			<line number="56"  hits="0"  branch="false" />
			<line number="57"  hits="0"  branch="false" />
			<line number="58"  hits="0"  branch="true"  condition-coverage="0% (0/4)" />
			<line number="59"  hits="0"  branch="false" />
			<line number="60"  hits="0"  branch="true"  condition-coverage="0% (0/2)" />
			<line number="61"  hits="0"  branch="false" />
			<line number="65"  hits="0"  branch="false" />
			<line number="66"  hits="0"  branch="true"  condition-coverage="0% (0/4)" />
			<line number="67"  hits="0"  branch="false" />
			<line number="71"  hits="0"  branch="false" />
			<line number="78"  hits="0"  branch="false" />
			<line number="79"  hits="0"  branch="false" />
			<line number="81"  hits="0"  branch="false" />
			<line number="83"  hits="0"  branch="false" />
			<line number="87"  hits="0"  branch="false" />
			<line number="89"  hits="0"  branch="false" />
			<line number="91"  hits="0"  branch="false" />
			<line number="92"  hits="0"  branch="true"  condition-coverage="0% (0/4)" />
			<line number="103"  hits="0"  branch="false" />
			<line number="104"  hits="0"  branch="true"  condition-coverage="0% (0/4)" />
			<line number="117"  hits="0"  branch="false" />
			<line number="125"  hits="0"  branch="false" />
			<line number="151"  hits="0"  branch="false" />
			<line number="187"  hits="0"  branch="false" />
			<line number="188"  hits="0"  branch="false" />
			<line number="197"  hits="0"  branch="false" />
			<line number="199"  hits="0"  branch="false" />
			<line number="200"  hits="0"  branch="false" />
			<line number="201"  hits="0"  branch="false" />
			<line number="202"  hits="0"  branch="false" />
			<line number="210"  hits="0"  branch="false" />
			<line number="212"  hits="0"  branch="false" />
			<line number="213"  hits="0"  branch="false" />
			<line number="214"  hits="0"  branch="false" />
			<line number="215"  hits="0"  branch="false" />
			<line number="223"  hits="0"  branch="false" />
			<line number="224"  hits="0"  branch="false" />
			<line number="225"  hits="0"  branch="false" />
			<line number="226"  hits="0"  branch="false" />
			<line number="227"  hits="0"  branch="true"  condition-coverage="0% (0/2)" />
			<line number="231"  hits="0"  branch="false" />
		</lines>
		</class>
		<class name="hornet-layout.tsx"  filename="src/views/layouts/hornet-layout.tsx"  line-rate="0.023799999999999998"  branch-rate="0" >
		<methods>
			<method name="(anonymous_1)"  hits="0"  signature="()V" >
				<lines><line number="29"  hits="0" /></lines>
			</method>
			<method name="HornetLayout"  hits="0"  signature="()V" >
				<lines><line number="41"  hits="0" /></lines>
			</method>
			<method name="(anonymous_3)"  hits="0"  signature="()V" >
				<lines><line number="51"  hits="0" /></lines>
			</method>
			<method name="(anonymous_4)"  hits="0"  signature="()V" >
				<lines><line number="54"  hits="0" /></lines>
			</method>
			<method name="(anonymous_5)"  hits="0"  signature="()V" >
				<lines><line number="61"  hits="0" /></lines>
			</method>
			<method name="(anonymous_6)"  hits="0"  signature="()V" >
				<lines><line number="124"  hits="0" /></lines>
			</method>
			<method name="(anonymous_7)"  hits="0"  signature="()V" >
				<lines><line number="133"  hits="0" /></lines>
			</method>
			<method name="(anonymous_8)"  hits="0"  signature="()V" >
				<lines><line number="145"  hits="0" /></lines>
			</method>
		</methods>
		<lines>
			<line number="1"  hits="0"  branch="false" />
			<line number="2"  hits="0"  branch="false" />
			<line number="4"  hits="0"  branch="false" />
			<line number="6"  hits="0"  branch="false" />
			<line number="7"  hits="0"  branch="false" />
			<line number="8"  hits="0"  branch="false" />
			<line number="10"  hits="0"  branch="false" />
			<line number="12"  hits="0"  branch="false" />
			<line number="29"  hits="0"  branch="false" />
			<line number="31"  hits="0"  branch="false" />
			<line number="41"  hits="1"  branch="false" />
			<line number="44"  hits="0"  branch="false" />
			<line number="45"  hits="0"  branch="false" />
			<line number="51"  hits="0"  branch="false" />
			<line number="54"  hits="0"  branch="false" />
			<line number="55"  hits="0"  branch="true"  condition-coverage="0% (0/2)" />
			<line number="61"  hits="0"  branch="false" />
			<line number="62"  hits="0"  branch="false" />
			<line number="63"  hits="0"  branch="false" />
			<line number="74"  hits="0"  branch="false" />
			<line number="85"  hits="0"  branch="false" />
			<line number="87"  hits="0"  branch="false" />
			<line number="89"  hits="0"  branch="false" />
			<line number="119"  hits="0"  branch="false" />
			<line number="120"  hits="0"  branch="false" />
			<line number="124"  hits="0"  branch="false" />
			<line number="125"  hits="0"  branch="false" />
			<line number="126"  hits="0"  branch="true"  condition-coverage="0% (0/2)" />
			<line number="127"  hits="0"  branch="false" />
			<line number="129"  hits="0"  branch="false" />
			<line number="133"  hits="0"  branch="false" />
			<line number="135"  hits="0"  branch="false" />
			<line number="137"  hits="0"  branch="false" />
			<line number="138"  hits="0"  branch="true"  condition-coverage="0% (0/2)" />
			<line number="140"  hits="0"  branch="false" />
			<line number="142"  hits="0"  branch="true"  condition-coverage="0% (0/2)" />
			<line number="144"  hits="0"  branch="false" />
			<line number="145"  hits="0"  branch="false" />
			<line number="146"  hits="0"  branch="true"  condition-coverage="0% (0/4)" />
			<line number="147"  hits="0"  branch="false" />
			<line number="154"  hits="0"  branch="false" />
			<line number="158"  hits="0"  branch="false" />
		</lines>
		</class>
	</classes>
	</package>
	<package name="src.views.nav"  line-rate="0.0909"  branch-rate="1" >
	<classes>
		<class name="nav-pap-page.tsx"  filename="src/views/nav/nav-pap-page.tsx"  line-rate="0.0909"  branch-rate="1" >
		<methods>
			<method name="(anonymous_1)"  hits="0"  signature="()V" >
				<lines><line number="13"  hits="0" /></lines>
			</method>
			<method name="(anonymous_3)"  hits="0"  signature="()V" >
				<lines><line number="15"  hits="0" /></lines>
			</method>
			<method name="(anonymous_4)"  hits="0"  signature="()V" >
				<lines><line number="21"  hits="0" /></lines>
			</method>
		</methods>
		<lines>
			<line number="1"  hits="0"  branch="false" />
			<line number="2"  hits="0"  branch="false" />
			<line number="4"  hits="0"  branch="false" />
			<line number="6"  hits="0"  branch="false" />
			<line number="8"  hits="0"  branch="false" />
			<line number="13"  hits="1"  branch="false" />
			<line number="15"  hits="0"  branch="false" />
			<line number="21"  hits="0"  branch="false" />
			<line number="22"  hits="0"  branch="false" />
			<line number="23"  hits="0"  branch="false" />
			<line number="30"  hits="0"  branch="false" />
		</lines>
		</class>
	</classes>
	</package>
</packages>
</coverage>
