{
"src/client.ts":{"path":"src/client.ts","statementMap":{"1":{"start":{"line":1,"column":0},"end":{"line":1,"column":40}},"2":{"start":{"line":3,"column":0},"end":{"line":3,"column":51}},"3":{"start":{"line":4,"column":0},"end":{"line":4,"column":42}},"4":{"start":{"line":5,"column":0},"end":{"line":5,"column":56}},"5":{"start":{"line":6,"column":0},"end":{"line":6,"column":87}},"6":{"start":{"line":7,"column":0},"end":{"line":7,"column":91}},"7":{"start":{"line":8,"column":0},"end":{"line":8,"column":43}},"8":{"start":{"line":10,"column":0},"end":{"line":55,"column":5}},"9":{"start":{"line":11,"column":4},"end":{"line":11,"column":67}},"10":{"start":{"line":13,"column":4},"end":{"line":18,"column":5}},"11":{"start":{"line":14,"column":8},"end":{"line":14,"column":55}},"12":{"start":{"line":17,"column":8},"end":{"line":17,"column":20}},"13":{"start":{"line":20,"column":4},"end":{"line":53,"column":5}},"14":{"start":{"line":21,"column":14},"end":{"line":21,"column":48}},"15":{"start":{"line":23,"column":8},"end":{"line":37,"column":10}},"16":{"start":{"line":34,"column":20},"end":{"line":34,"column":90}},"17":{"start":{"line":41,"column":8},"end":{"line":46,"column":10}},"18":{"start":{"line":42,"column":12},"end":{"line":42,"column":76}},"19":{"start":{"line":43,"column":12},"end":{"line":45,"column":13}},"20":{"start":{"line":44,"column":16},"end":{"line":44,"column":62}},"21":{"start":{"line":48,"column":8},"end":{"line":48,"column":118}},"22":{"start":{"line":50,"column":8},"end":{"line":50,"column":54}},"23":{"start":{"line":52,"column":8},"end":{"line":52,"column":90}}},"fnMap":{"1":{"name":"startClient","line":10,"loc":{"start":{"line":10,"column":1},"end":{"line":null,"column":-1}}},"2":{"name":"routeLoader","line":13,"loc":{"start":{"line":13,"column":4},"end":{"line":13,"column":52}}},"3":{"name":"(anonymous_3)","line":33,"loc":{"start":{"line":33,"column":26},"end":{"line":null,"column":-1}}},"4":{"name":"(anonymous_4)","line":41,"loc":{"start":{"line":41,"column":28},"end":{"line":null,"column":-1}}}},"branchMap":{"1":{"line":43,"type":"if","locations":[{"start":{"line":43,"column":12},"end":{"line":43,"column":11}},{"start":{"line":43,"column":12},"end":{"line":43,"column":11}}]}},"s":{"1":0,"2":0,"3":0,"4":0,"5":0,"6":0,"7":0,"8":0,"9":0,"10":1,"11":0,"12":0,"13":0,"14":0,"15":0,"16":0,"17":0,"18":0,"19":0,"20":0,"21":0,"22":0,"23":0},"b":{"1":[0,0]},"f":{"1":0,"2":0,"3":0,"4":0},"l":{"1":0,"3":0,"4":0,"5":0,"6":0,"7":0,"8":0,"10":0,"11":0,"13":1,"14":0,"17":0,"20":0,"21":0,"23":0,"34":0,"41":0,"42":0,"43":0,"44":0,"48":0,"50":0,"52":0}},
"src/injector-context-services-data.ts":{"path":"src/injector-context-services-data.ts","statementMap":{"1":{"start":{"line":1,"column":0},"end":{"line":1,"column":62}},"2":{"start":{"line":2,"column":0},"end":{"line":2,"column":61}},"3":{"start":{"line":3,"column":0},"end":{"line":3,"column":40}},"4":{"start":{"line":4,"column":0},"end":{"line":4,"column":65}},"5":{"start":{"line":6,"column":0},"end":{"line":6,"column":50}},"6":{"start":{"line":8,"column":0},"end":{"line":20,"column":1}},"7":{"start":{"line":9,"column":4},"end":{"line":13,"column":7}},"8":{"start":{"line":12,"column":8},"end":{"line":12,"column":105}},"9":{"start":{"line":15,"column":4},"end":{"line":19,"column":7}},"10":{"start":{"line":18,"column":8},"end":{"line":18,"column":89}}},"fnMap":{"1":{"name":"(anonymous_2)","line":11,"loc":{"start":{"line":11,"column":12},"end":{"line":11,"column":38}}},"2":{"name":"(anonymous_4)","line":17,"loc":{"start":{"line":17,"column":12},"end":{"line":17,"column":126}}}},"branchMap":{"1":{"line":8,"type":"if","locations":[{"start":{"line":8,"column":0},"end":{"line":8,"column":-1}},{"start":{"line":8,"column":0},"end":{"line":8,"column":-1}}]},"2":{"line":8,"type":"binary-expr","locations":[{"start":{"line":8,"column":4},"end":{"line":8,"column":52}},{"start":{"line":8,"column":56},"end":{"line":8,"column":116}}]}},"s":{"1":0,"2":0,"3":0,"4":0,"5":0,"6":0,"7":0,"8":0,"9":0,"10":0},"b":{"1":[0,0],"2":[0,0]},"f":{"1":0,"2":0},"l":{"1":0,"2":0,"3":0,"4":0,"6":0,"8":0,"9":0,"12":0,"15":0,"18":0}},
"src/injector-context-services-page.ts":{"path":"src/injector-context-services-page.ts","statementMap":{"1":{"start":{"line":4,"column":0},"end":{"line":4,"column":40}},"2":{"start":{"line":6,"column":0},"end":{"line":11,"column":1}}},"fnMap":{},"branchMap":{"1":{"line":6,"type":"if","locations":[{"start":{"line":6,"column":0},"end":{"line":6,"column":-1}},{"start":{"line":6,"column":0},"end":{"line":6,"column":-1}}]},"2":{"line":6,"type":"binary-expr","locations":[{"start":{"line":6,"column":4},"end":{"line":6,"column":52}},{"start":{"line":6,"column":56},"end":{"line":6,"column":116}}]}},"s":{"1":0,"2":0},"b":{"1":[0,0],"2":[0,0]},"f":{},"l":{"4":0,"6":0}},
"src/server.ts":{"path":"src/server.ts","statementMap":{"1":{"start":{"line":2,"column":0},"end":{"line":2,"column":40}},"2":{"start":{"line":4,"column":0},"end":{"line":4,"column":25}},"3":{"start":{"line":5,"column":0},"end":{"line":5,"column":58}},"4":{"start":{"line":7,"column":0},"end":{"line":7,"column":58}},"5":{"start":{"line":8,"column":0},"end":{"line":8,"column":56}},"6":{"start":{"line":9,"column":0},"end":{"line":9,"column":62}},"7":{"start":{"line":10,"column":0},"end":{"line":10,"column":87}},"8":{"start":{"line":16,"column":0},"end":{"line":16,"column":42}},"9":{"start":{"line":17,"column":0},"end":{"line":20,"column":72}},"10":{"start":{"line":21,"column":0},"end":{"line":21,"column":79}},"11":{"start":{"line":23,"column":0},"end":{"line":23,"column":84}},"12":{"start":{"line":26,"column":0},"end":{"line":26,"column":88}},"13":{"start":{"line":27,"column":0},"end":{"line":27,"column":99}},"14":{"start":{"line":29,"column":0},"end":{"line":29,"column":92}},"15":{"start":{"line":30,"column":0},"end":{"line":30,"column":82}},"16":{"start":{"line":32,"column":0},"end":{"line":32,"column":69}},"17":{"start":{"line":33,"column":0},"end":{"line":33,"column":62}},"18":{"start":{"line":35,"column":0},"end":{"line":35,"column":54}},"19":{"start":{"line":37,"column":0},"end":{"line":37,"column":63}},"20":{"start":{"line":39,"column":0},"end":{"line":43,"column":1}},"21":{"start":{"line":40,"column":4},"end":{"line":40,"column":53}},"22":{"start":{"line":40,"column":4},"end":{"line":40,"column":55}},"23":{"start":{"line":41,"column":4},"end":{"line":41,"column":53}},"24":{"start":{"line":41,"column":4},"end":{"line":41,"column":55}},"25":{"start":{"line":42,"column":11},"end":{"line":42,"column":59}},"26":{"start":{"line":42,"column":4},"end":{"line":42,"column":61}},"27":{"start":{"line":45,"column":0},"end":{"line":45,"column":32}},"28":{"start":{"line":55,"column":0},"end":{"line":163,"column":1}},"29":{"start":{"line":57,"column":11},"end":{"line":89,"column":5}},"30":{"start":{"line":58,"column":8},"end":{"line":77,"column":10}},"31":{"start":{"line":79,"column":8},"end":{"line":79,"column":73}},"32":{"start":{"line":80,"column":8},"end":{"line":80,"column":75}},"33":{"start":{"line":81,"column":8},"end":{"line":87,"column":9}},"34":{"start":{"line":82,"column":12},"end":{"line":86,"column":14}},"35":{"start":{"line":88,"column":8},"end":{"line":88,"column":28}},"36":{"start":{"line":91,"column":11},"end":{"line":125,"column":5}},"37":{"start":{"line":92,"column":8},"end":{"line":95,"column":116}},"38":{"start":{"line":97,"column":8},"end":{"line":123,"column":9}},"39":{"start":{"line":99,"column":12},"end":{"line":102,"column":14}},"40":{"start":{"line":104,"column":12},"end":{"line":104,"column":65}},"41":{"start":{"line":105,"column":12},"end":{"line":117,"column":14}},"42":{"start":{"line":118,"column":12},"end":{"line":118,"column":66}},"43":{"start":{"line":120,"column":12},"end":{"line":120,"column":113}},"44":{"start":{"line":122,"column":12},"end":{"line":122,"column":117}},"45":{"start":{"line":124,"column":8},"end":{"line":124,"column":36}},"46":{"start":{"line":127,"column":11},"end":{"line":152,"column":5}},"47":{"start":{"line":129,"column":8},"end":{"line":151,"column":11}},"48":{"start":{"line":131,"column":12},"end":{"line":150,"column":13}},"49":{"start":{"line":134,"column":16},"end":{"line":134,"column":26}},"50":{"start":{"line":135,"column":16},"end":{"line":135,"column":84}},"51":{"start":{"line":136,"column":16},"end":{"line":140,"column":17}},"52":{"start":{"line":137,"column":20},"end":{"line":137,"column":103}},"53":{"start":{"line":138,"column":23},"end":{"line":140,"column":17}},"54":{"start":{"line":139,"column":20},"end":{"line":139,"column":107}},"55":{"start":{"line":142,"column":16},"end":{"line":147,"column":19}},"56":{"start":{"line":146,"column":20},"end":{"line":146,"column":52}},"57":{"start":{"line":149,"column":16},"end":{"line":149,"column":48}},"58":{"start":{"line":154,"column":11},"end":{"line":162,"column":5}},"59":{"start":{"line":157,"column":8},"end":{"line":157,"column":84}},"60":{"start":{"line":158,"column":8},"end":{"line":158,"column":86}},"61":{"start":{"line":159,"column":8},"end":{"line":159,"column":23}},"62":{"start":{"line":163,"column":0},"end":{"line":163,"column":1}},"63":{"start":{"line":55,"column":13},"end":{"line":55,"column":19}}},"fnMap":{"1":{"name":"initContext","line":39,"loc":{"start":{"line":39,"column":0},"end":{"line":null,"column":-1}}},"2":{"name":"(anonymous_4)","line":40,"loc":{"start":{"line":40,"column":4},"end":{"line":40,"column":16}}},"3":{"name":"(anonymous_5)","line":41,"loc":{"start":{"line":41,"column":4},"end":{"line":41,"column":16}}},"4":{"name":"(anonymous_6)","line":42,"loc":{"start":{"line":42,"column":11},"end":{"line":42,"column":23}}},"5":{"name":"(anonymous_7)","line":55,"loc":{"start":{"line":55,"column":0},"end":{"line":null,"column":-1}}},"6":{"name":"(anonymous_9)","line":57,"loc":{"start":{"line":57,"column":4},"end":{"line":null,"column":-1}}},"7":{"name":"(anonymous_10)","line":91,"loc":{"start":{"line":91,"column":4},"end":{"line":null,"column":-1}}},"8":{"name":"(anonymous_11)","line":127,"loc":{"start":{"line":127,"column":4},"end":{"line":null,"column":-1}}},"9":{"name":"(anonymous_12)","line":129,"loc":{"start":{"line":129,"column":27},"end":{"line":129,"column":45}}},"10":{"name":"(anonymous_13)","line":145,"loc":{"start":{"line":145,"column":25},"end":{"line":null,"column":-1}}},"11":{"name":"(anonymous_14)","line":154,"loc":{"start":{"line":154,"column":4},"end":{"line":154,"column":34}}}},"branchMap":{"1":{"line":81,"type":"if","locations":[{"start":{"line":81,"column":8},"end":{"line":81,"column":7}},{"start":{"line":81,"column":8},"end":{"line":81,"column":7}}]},"2":{"line":81,"type":"binary-expr","locations":[{"start":{"line":81,"column":12},"end":{"line":81,"column":15}},{"start":{"line":81,"column":19},"end":{"line":81,"column":23}}]},"3":{"line":97,"type":"if","locations":[{"start":{"line":97,"column":8},"end":{"line":97,"column":7}},{"start":{"line":97,"column":8},"end":{"line":97,"column":7}}]},"4":{"line":131,"type":"if","locations":[{"start":{"line":131,"column":12},"end":{"line":131,"column":11}},{"start":{"line":131,"column":12},"end":{"line":131,"column":11}}]},"5":{"line":131,"type":"binary-expr","locations":[{"start":{"line":131,"column":16},"end":{"line":131,"column":53}},{"start":{"line":132,"column":16},"end":{"line":132,"column":65}},{"start":{"line":133,"column":16},"end":{"line":133,"column":77}}]},"6":{"line":136,"type":"if","locations":[{"start":{"line":136,"column":16},"end":{"line":136,"column":15}},{"start":{"line":136,"column":16},"end":{"line":136,"column":15}}]},"7":{"line":138,"type":"if","locations":[{"start":{"line":138,"column":23},"end":{"line":138,"column":22}},{"start":{"line":138,"column":23},"end":{"line":138,"column":22}}]}},"s":{"1":0,"2":0,"3":0,"4":0,"5":0,"6":0,"7":0,"8":0,"9":0,"10":0,"11":0,"12":0,"13":0,"14":0,"15":0,"16":0,"17":0,"18":0,"19":0,"20":1,"21":0,"22":0,"23":0,"24":0,"25":0,"26":0,"27":0,"28":1,"29":0,"30":0,"31":0,"32":0,"33":0,"34":0,"35":0,"36":0,"37":0,"38":0,"39":0,"40":0,"41":0,"42":0,"43":0,"44":0,"45":0,"46":0,"47":0,"48":0,"49":0,"50":0,"51":0,"52":0,"53":0,"54":0,"55":0,"56":0,"57":0,"58":0,"59":0,"60":0,"61":0,"62":0,"63":0},"b":{"1":[0,0],"2":[0,0],"3":[0,0],"4":[0,0],"5":[0,0,0],"6":[0,0],"7":[0,0]},"f":{"1":0,"2":0,"3":0,"4":0,"5":0,"6":0,"7":0,"8":0,"9":0,"10":0,"11":0},"l":{"2":0,"4":0,"5":0,"7":0,"8":0,"9":0,"10":0,"16":0,"17":0,"21":0,"23":0,"26":0,"27":0,"29":0,"30":0,"32":0,"33":0,"35":0,"37":0,"39":1,"40":0,"41":0,"42":0,"45":0,"55":1,"57":0,"58":0,"79":0,"80":0,"81":0,"82":0,"88":0,"91":0,"92":0,"97":0,"99":0,"104":0,"105":0,"118":0,"120":0,"122":0,"124":0,"127":0,"129":0,"131":0,"134":0,"135":0,"136":0,"137":0,"138":0,"139":0,"142":0,"146":0,"149":0,"154":0,"157":0,"158":0,"159":0,"163":0}},
"src/dao/entity-dao.ts":{"path":"src/dao/entity-dao.ts","statementMap":{"1":{"start":{"line":2,"column":0},"end":{"line":2,"column":58}},"2":{"start":{"line":3,"column":0},"end":{"line":3,"column":66}},"3":{"start":{"line":5,"column":0},"end":{"line":5,"column":97}},"4":{"start":{"line":7,"column":0},"end":{"line":7,"column":44}},"5":{"start":{"line":18,"column":0},"end":{"line":27,"column":1}},"6":{"start":{"line":18,"column":31},"end":{"line":18,"column":62}},"7":{"start":{"line":24,"column":2},"end":{"line":26,"column":5}},"8":{"start":{"line":18,"column":13},"end":{"line":27,"column":1}},"9":{"start":{"line":27,"column":0},"end":{"line":27,"column":1}},"10":{"start":{"line":18,"column":13},"end":{"line":18,"column":22}}},"fnMap":{"1":{"name":"(anonymous_1)","line":18,"loc":{"start":{"line":18,"column":0},"end":{"line":null,"column":-1}}},"2":{"name":"EntityDAO","line":24,"loc":{"start":{"line":24,"column":2},"end":{"line":24,"column":51}}}},"branchMap":{"1":{"line":25,"type":"binary-expr","locations":[{"start":{"line":25,"column":8},"end":{"line":25,"column":23}},{"start":{"line":25,"column":23},"end":{"line":null,"column":-1}}]}},"s":{"1":0,"2":0,"3":0,"4":0,"5":0,"6":0,"7":1,"8":0,"9":0,"10":0},"b":{"1":[0,0]},"f":{"1":0,"2":0},"l":{"2":0,"3":0,"5":0,"7":0,"18":0,"24":1,"27":0}},
"src/dao/model-dao.ts":{"path":"src/dao/model-dao.ts","statementMap":{"1":{"start":{"line":2,"column":0},"end":{"line":2,"column":84}},"2":{"start":{"line":3,"column":0},"end":{"line":3,"column":72}},"3":{"start":{"line":5,"column":0},"end":{"line":5,"column":82}},"4":{"start":{"line":6,"column":0},"end":{"line":6,"column":88}},"5":{"start":{"line":7,"column":0},"end":{"line":7,"column":85}},"6":{"start":{"line":8,"column":0},"end":{"line":8,"column":133}},"7":{"start":{"line":9,"column":0},"end":{"line":9,"column":82}},"8":{"start":{"line":10,"column":0},"end":{"line":10,"column":116}},"9":{"start":{"line":11,"column":0},"end":{"line":11,"column":97}},"10":{"start":{"line":13,"column":0},"end":{"line":13,"column":97}},"11":{"start":{"line":14,"column":0},"end":{"line":14,"column":127}},"12":{"start":{"line":15,"column":0},"end":{"line":15,"column":97}},"13":{"start":{"line":16,"column":0},"end":{"line":16,"column":133}},"14":{"start":{"line":18,"column":0},"end":{"line":18,"column":82}},"15":{"start":{"line":19,"column":0},"end":{"line":19,"column":88}},"16":{"start":{"line":20,"column":0},"end":{"line":20,"column":85}},"17":{"start":{"line":21,"column":0},"end":{"line":21,"column":116}},"18":{"start":{"line":22,"column":0},"end":{"line":22,"column":97}},"19":{"start":{"line":23,"column":0},"end":{"line":23,"column":97}},"20":{"start":{"line":24,"column":0},"end":{"line":24,"column":125}},"21":{"start":{"line":25,"column":0},"end":{"line":25,"column":91}},"22":{"start":{"line":27,"column":0},"end":{"line":27,"column":97}},"23":{"start":{"line":28,"column":0},"end":{"line":28,"column":130}},"24":{"start":{"line":29,"column":0},"end":{"line":29,"column":112}},"25":{"start":{"line":30,"column":0},"end":{"line":30,"column":127}},"26":{"start":{"line":32,"column":0},"end":{"line":32,"column":71}},"27":{"start":{"line":33,"column":0},"end":{"line":33,"column":87}},"28":{"start":{"line":34,"column":0},"end":{"line":34,"column":105}},"29":{"start":{"line":37,"column":0},"end":{"line":37,"column":74}},"30":{"start":{"line":39,"column":0},"end":{"line":39,"column":79}},"31":{"start":{"line":40,"column":0},"end":{"line":40,"column":58}},"32":{"start":{"line":42,"column":0},"end":{"line":42,"column":95}},"33":{"start":{"line":46,"column":0},"end":{"line":46,"column":80}},"34":{"start":{"line":53,"column":0},"end":{"line":169,"column":1}},"35":{"start":{"line":53,"column":30},"end":{"line":53,"column":50}},"36":{"start":{"line":148,"column":2},"end":{"line":154,"column":3}},"37":{"start":{"line":152,"column":4},"end":{"line":152,"column":33}},"38":{"start":{"line":153,"column":4},"end":{"line":153,"column":26}},"39":{"start":{"line":159,"column":10},"end":{"line":161,"column":3}},"40":{"start":{"line":160,"column":4},"end":{"line":160,"column":196}},"41":{"start":{"line":166,"column":10},"end":{"line":168,"column":3}},"42":{"start":{"line":167,"column":4},"end":{"line":167,"column":189}},"43":{"start":{"line":61,"column":2},"end":{"line":61,"column":78}},"44":{"start":{"line":64,"column":2},"end":{"line":64,"column":70}},"45":{"start":{"line":67,"column":2},"end":{"line":67,"column":76}},"46":{"start":{"line":70,"column":2},"end":{"line":70,"column":76}},"47":{"start":{"line":73,"column":2},"end":{"line":73,"column":80}},"48":{"start":{"line":76,"column":2},"end":{"line":76,"column":80}},"49":{"start":{"line":79,"column":2},"end":{"line":79,"column":78}},"50":{"start":{"line":82,"column":2},"end":{"line":82,"column":78}},"51":{"start":{"line":85,"column":2},"end":{"line":85,"column":111}},"52":{"start":{"line":88,"column":2},"end":{"line":88,"column":76}},"53":{"start":{"line":91,"column":2},"end":{"line":91,"column":98}},"54":{"start":{"line":94,"column":2},"end":{"line":94,"column":86}},"55":{"start":{"line":97,"column":2},"end":{"line":97,"column":98}},"56":{"start":{"line":100,"column":2},"end":{"line":100,"column":86}},"57":{"start":{"line":103,"column":2},"end":{"line":103,"column":86}},"58":{"start":{"line":106,"column":2},"end":{"line":106,"column":104}},"59":{"start":{"line":109,"column":2},"end":{"line":109,"column":82}},"60":{"start":{"line":112,"column":2},"end":{"line":112,"column":86}},"61":{"start":{"line":115,"column":2},"end":{"line":115,"column":106}},"62":{"start":{"line":118,"column":2},"end":{"line":118,"column":86}},"63":{"start":{"line":121,"column":2},"end":{"line":121,"column":110}},"64":{"start":{"line":124,"column":2},"end":{"line":124,"column":86}},"65":{"start":{"line":127,"column":2},"end":{"line":127,"column":96}},"66":{"start":{"line":130,"column":2},"end":{"line":130,"column":106}},"67":{"start":{"line":133,"column":2},"end":{"line":133,"column":108}},"68":{"start":{"line":136,"column":2},"end":{"line":136,"column":80}},"69":{"start":{"line":139,"column":2},"end":{"line":139,"column":66}},"70":{"start":{"line":142,"column":2},"end":{"line":142,"column":88}},"71":{"start":{"line":53,"column":13},"end":{"line":169,"column":1}},"72":{"start":{"line":169,"column":0},"end":{"line":169,"column":1}},"73":{"start":{"line":53,"column":13},"end":{"line":53,"column":21}}},"fnMap":{"1":{"name":"(anonymous_1)","line":53,"loc":{"start":{"line":53,"column":0},"end":{"line":null,"column":-1}}},"2":{"name":"ModelDAO","line":148,"loc":{"start":{"line":148,"column":2},"end":{"line":148,"column":56}}},"3":{"name":"(anonymous_3)","line":159,"loc":{"start":{"line":159,"column":2},"end":{"line":null,"column":-1}}},"4":{"name":"(anonymous_4)","line":166,"loc":{"start":{"line":166,"column":2},"end":{"line":null,"column":-1}}}},"branchMap":{"1":{"line":149,"type":"binary-expr","locations":[{"start":{"line":149,"column":4},"end":{"line":149,"column":15}},{"start":{"line":149,"column":15},"end":{"line":154,"column":2}}]}},"s":{"1":0,"2":0,"3":0,"4":0,"5":0,"6":0,"7":0,"8":0,"9":0,"10":0,"11":0,"12":0,"13":0,"14":0,"15":0,"16":0,"17":0,"18":0,"19":0,"20":0,"21":0,"22":0,"23":0,"24":0,"25":0,"26":0,"27":0,"28":0,"29":0,"30":0,"31":0,"32":0,"33":0,"34":0,"35":0,"36":1,"37":0,"38":0,"39":0,"40":0,"41":0,"42":0,"43":0,"44":0,"45":0,"46":0,"47":0,"48":0,"49":0,"50":0,"51":0,"52":0,"53":0,"54":0,"55":0,"56":0,"57":0,"58":0,"59":0,"60":0,"61":0,"62":0,"63":0,"64":0,"65":0,"66":0,"67":0,"68":0,"69":0,"70":0,"71":0,"72":0,"73":0},"b":{"1":[0,0]},"f":{"1":0,"2":0,"3":0,"4":0},"l":{"2":0,"3":0,"5":0,"6":0,"7":0,"8":0,"9":0,"10":0,"11":0,"13":0,"14":0,"15":0,"16":0,"18":0,"19":0,"20":0,"21":0,"22":0,"23":0,"24":0,"25":0,"27":0,"28":0,"29":0,"30":0,"32":0,"33":0,"34":0,"37":0,"39":0,"40":0,"42":0,"46":0,"53":0,"61":0,"64":0,"67":0,"70":0,"73":0,"76":0,"79":0,"82":0,"85":0,"88":0,"91":0,"94":0,"97":0,"100":0,"103":0,"106":0,"109":0,"112":0,"115":0,"118":0,"121":0,"124":0,"127":0,"130":0,"133":0,"136":0,"139":0,"142":0,"148":1,"152":0,"153":0,"159":0,"160":0,"166":0,"167":0,"169":0}},
"src/dao/prefecture-dao.ts":{"path":"src/dao/prefecture-dao.ts","statementMap":{"1":{"start":{"line":1,"column":0},"end":{"line":1,"column":40}},"2":{"start":{"line":5,"column":0},"end":{"line":5,"column":46}},"3":{"start":{"line":9,"column":0},"end":{"line":9,"column":79}},"4":{"start":{"line":15,"column":0},"end":{"line":50,"column":1}},"5":{"start":{"line":15,"column":35},"end":{"line":15,"column":44}},"6":{"start":{"line":20,"column":2},"end":{"line":22,"column":3}},"7":{"start":{"line":28,"column":2},"end":{"line":34,"column":3}},"8":{"start":{"line":29,"column":4},"end":{"line":29,"column":50}},"9":{"start":{"line":31,"column":4},"end":{"line":33,"column":7}},"10":{"start":{"line":41,"column":2},"end":{"line":49,"column":3}},"11":{"start":{"line":42,"column":4},"end":{"line":42,"column":45}},"12":{"start":{"line":44,"column":4},"end":{"line":48,"column":7}},"13":{"start":{"line":50,"column":0},"end":{"line":50,"column":1}},"14":{"start":{"line":15,"column":13},"end":{"line":15,"column":26}}},"fnMap":{"1":{"name":"(anonymous_1)","line":15,"loc":{"start":{"line":15,"column":0},"end":{"line":null,"column":-1}}},"2":{"name":"PrefectureDAO","line":20,"loc":{"start":{"line":20,"column":2},"end":{"line":null,"column":-1}}},"3":{"name":"(anonymous_3)","line":28,"loc":{"start":{"line":28,"column":2},"end":{"line":null,"column":-1}}},"4":{"name":"(anonymous_4)","line":41,"loc":{"start":{"line":41,"column":2},"end":{"line":41,"column":36}}}},"branchMap":{"1":{"line":21,"type":"binary-expr","locations":[{"start":{"line":21,"column":4},"end":{"line":21,"column":11}},{"start":{"line":21,"column":11},"end":{"line":null,"column":-1}}]}},"s":{"1":0,"2":0,"3":0,"4":0,"5":0,"6":1,"7":0,"8":0,"9":0,"10":0,"11":0,"12":0,"13":0,"14":0},"b":{"1":[0,0]},"f":{"1":0,"2":0,"3":0,"4":0},"l":{"1":0,"5":0,"9":0,"15":0,"20":1,"28":0,"29":0,"31":0,"41":0,"42":0,"44":0,"50":0}},
"src/dao/valise-dao.ts":{"path":"src/dao/valise-dao.ts","statementMap":{"1":{"start":{"line":1,"column":0},"end":{"line":1,"column":40}},"2":{"start":{"line":5,"column":0},"end":{"line":5,"column":46}},"3":{"start":{"line":9,"column":0},"end":{"line":9,"column":75}},"4":{"start":{"line":15,"column":0},"end":{"line":82,"column":1}},"5":{"start":{"line":15,"column":31},"end":{"line":15,"column":40}},"6":{"start":{"line":20,"column":2},"end":{"line":22,"column":3}},"7":{"start":{"line":30,"column":2},"end":{"line":39,"column":3}},"8":{"start":{"line":31,"column":4},"end":{"line":31,"column":45}},"9":{"start":{"line":33,"column":4},"end":{"line":38,"column":7}},"10":{"start":{"line":37,"column":6},"end":{"line":37,"column":23}},"11":{"start":{"line":45,"column":2},"end":{"line":49,"column":3}},"12":{"start":{"line":46,"column":4},"end":{"line":46,"column":46}},"13":{"start":{"line":48,"column":4},"end":{"line":48,"column":48}},"14":{"start":{"line":55,"column":2},"end":{"line":66,"column":3}},"15":{"start":{"line":56,"column":4},"end":{"line":56,"column":52}},"16":{"start":{"line":58,"column":4},"end":{"line":65,"column":7}},"17":{"start":{"line":73,"column":2},"end":{"line":81,"column":3}},"18":{"start":{"line":74,"column":4},"end":{"line":74,"column":41}},"19":{"start":{"line":76,"column":4},"end":{"line":80,"column":7}},"20":{"start":{"line":82,"column":0},"end":{"line":82,"column":1}},"21":{"start":{"line":15,"column":13},"end":{"line":15,"column":22}}},"fnMap":{"1":{"name":"(anonymous_1)","line":15,"loc":{"start":{"line":15,"column":0},"end":{"line":null,"column":-1}}},"2":{"name":"ValiseDAO","line":20,"loc":{"start":{"line":20,"column":2},"end":{"line":null,"column":-1}}},"3":{"name":"(anonymous_3)","line":30,"loc":{"start":{"line":30,"column":2},"end":{"line":30,"column":51}}},"4":{"name":"(anonymous_4)","line":36,"loc":{"start":{"line":36,"column":12},"end":{"line":null,"column":-1}}},"5":{"name":"(anonymous_5)","line":45,"loc":{"start":{"line":45,"column":2},"end":{"line":null,"column":-1}}},"6":{"name":"(anonymous_6)","line":55,"loc":{"start":{"line":55,"column":2},"end":{"line":null,"column":-1}}},"7":{"name":"(anonymous_7)","line":73,"loc":{"start":{"line":73,"column":2},"end":{"line":73,"column":29}}}},"branchMap":{"1":{"line":21,"type":"binary-expr","locations":[{"start":{"line":21,"column":4},"end":{"line":21,"column":11}},{"start":{"line":21,"column":11},"end":{"line":null,"column":-1}}]}},"s":{"1":0,"2":0,"3":0,"4":0,"5":0,"6":1,"7":0,"8":0,"9":0,"10":0,"11":0,"12":0,"13":0,"14":0,"15":0,"16":0,"17":0,"18":0,"19":0,"20":0,"21":0},"b":{"1":[0,0]},"f":{"1":0,"2":0,"3":0,"4":0,"5":0,"6":0,"7":0},"l":{"1":0,"5":0,"9":0,"15":0,"20":1,"30":0,"31":0,"33":0,"37":0,"45":0,"46":0,"48":0,"55":0,"56":0,"58":0,"73":0,"74":0,"76":0,"82":0}},
"src/i18n/app-i18n-loader.ts":{"path":"src/i18n/app-i18n-loader.ts","statementMap":{"1":{"start":{"line":1,"column":0},"end":{"line":1,"column":65}},"2":{"start":{"line":2,"column":0},"end":{"line":2,"column":29}},"3":{"start":{"line":4,"column":0},"end":{"line":9,"column":1}},"4":{"start":{"line":4,"column":37},"end":{"line":4,"column":47}},"5":{"start":{"line":6,"column":4},"end":{"line":8,"column":5}},"6":{"start":{"line":9,"column":0},"end":{"line":9,"column":1}},"7":{"start":{"line":4,"column":13},"end":{"line":4,"column":28}}},"fnMap":{"1":{"name":"(anonymous_1)","line":4,"loc":{"start":{"line":4,"column":0},"end":{"line":null,"column":-1}}},"2":{"name":"AppliI18nLoader","line":6,"loc":{"start":{"line":6,"column":4},"end":{"line":null,"column":-1}}}},"branchMap":{"1":{"line":7,"type":"binary-expr","locations":[{"start":{"line":7,"column":8},"end":{"line":7,"column":54}},{"start":{"line":7,"column":54},"end":{"line":null,"column":-1}}]}},"s":{"1":0,"2":0,"3":0,"4":0,"5":1,"6":0,"7":0},"b":{"1":[0,0]},"f":{"1":0,"2":0},"l":{"1":0,"2":0,"4":0,"6":1,"9":0}},
"src/middleware/authentication-api.ts":{"path":"src/middleware/authentication-api.ts","statementMap":{"1":{"start":{"line":1,"column":0},"end":{"line":1,"column":70}},"2":{"start":{"line":2,"column":0},"end":{"line":2,"column":64}},"3":{"start":{"line":4,"column":0},"end":{"line":4,"column":62}},"4":{"start":{"line":6,"column":0},"end":{"line":14,"column":1}},"5":{"start":{"line":6,"column":49},"end":{"line":6,"column":73}},"6":{"start":{"line":10,"column":4},"end":{"line":13,"column":5}},"7":{"start":{"line":12,"column":8},"end":{"line":12,"column":55}},"8":{"start":{"line":14,"column":0},"end":{"line":14,"column":1}},"9":{"start":{"line":6,"column":13},"end":{"line":6,"column":40}}},"fnMap":{"1":{"name":"(anonymous_1)","line":6,"loc":{"start":{"line":6,"column":0},"end":{"line":null,"column":-1}}},"2":{"name":"AuthenticationAPIMiddleware","line":10,"loc":{"start":{"line":10,"column":4},"end":{"line":null,"column":-1}}}},"branchMap":{"1":{"line":11,"type":"binary-expr","locations":[{"start":{"line":11,"column":8},"end":{"line":11,"column":15}},{"start":{"line":11,"column":15},"end":{"line":13,"column":4}}]}},"s":{"1":0,"2":0,"3":0,"4":0,"5":0,"6":1,"7":0,"8":0,"9":0},"b":{"1":[0,0]},"f":{"1":0,"2":0},"l":{"1":0,"2":0,"4":0,"6":0,"10":1,"12":0,"14":0}},
"src/middleware/authentication.ts":{"path":"src/middleware/authentication.ts","statementMap":{"1":{"start":{"line":1,"column":0},"end":{"line":1,"column":40}},"2":{"start":{"line":4,"column":0},"end":{"line":4,"column":29}},"3":{"start":{"line":5,"column":0},"end":{"line":5,"column":39}},"4":{"start":{"line":8,"column":0},"end":{"line":8,"column":51}},"5":{"start":{"line":9,"column":0},"end":{"line":9,"column":37}},"6":{"start":{"line":10,"column":0},"end":{"line":10,"column":42}},"7":{"start":{"line":11,"column":0},"end":{"line":11,"column":28}},"8":{"start":{"line":12,"column":0},"end":{"line":12,"column":59}},"9":{"start":{"line":13,"column":0},"end":{"line":13,"column":85}},"10":{"start":{"line":16,"column":0},"end":{"line":126,"column":1}},"11":{"start":{"line":16,"column":46},"end":{"line":16,"column":70}},"12":{"start":{"line":22,"column":11},"end":{"line":125,"column":5}},"13":{"start":{"line":27,"column":8},"end":{"line":51,"column":11}},"14":{"start":{"line":29,"column":16},"end":{"line":49,"column":18}},"15":{"start":{"line":30,"column":20},"end":{"line":30,"column":118}},"16":{"start":{"line":32,"column":20},"end":{"line":32,"column":57}},"17":{"start":{"line":33,"column":20},"end":{"line":48,"column":22}},"18":{"start":{"line":38,"column":28},"end":{"line":38,"column":106}},"19":{"start":{"line":39,"column":28},"end":{"line":39,"column":50}},"20":{"start":{"line":41,"column":28},"end":{"line":41,"column":91}},"21":{"start":{"line":42,"column":28},"end":{"line":46,"column":29}},"22":{"start":{"line":43,"column":32},"end":{"line":43,"column":118}},"23":{"start":{"line":45,"column":32},"end":{"line":45,"column":118}},"24":{"start":{"line":52,"column":8},"end":{"line":55,"column":11}},"25":{"start":{"line":54,"column":12},"end":{"line":54,"column":29}},"26":{"start":{"line":57,"column":8},"end":{"line":59,"column":11}},"27":{"start":{"line":58,"column":12},"end":{"line":58,"column":29}},"28":{"start":{"line":62,"column":8},"end":{"line":62,"column":60}},"29":{"start":{"line":63,"column":8},"end":{"line":63,"column":62}},"30":{"start":{"line":64,"column":8},"end":{"line":64,"column":72}},"31":{"start":{"line":66,"column":8},"end":{"line":72,"column":9}},"32":{"start":{"line":67,"column":12},"end":{"line":69,"column":13}},"33":{"start":{"line":68,"column":16},"end":{"line":68,"column":30}},"34":{"start":{"line":70,"column":12},"end":{"line":70,"column":98}},"35":{"start":{"line":71,"column":12},"end":{"line":71,"column":59}},"36":{"start":{"line":74,"column":8},"end":{"line":74,"column":25}},"37":{"start":{"line":75,"column":8},"end":{"line":75,"column":39}},"38":{"start":{"line":76,"column":8},"end":{"line":76,"column":36}},"39":{"start":{"line":78,"column":8},"end":{"line":85,"column":10}},"40":{"start":{"line":81,"column":16},"end":{"line":81,"column":113}},"41":{"start":{"line":82,"column":16},"end":{"line":82,"column":145}},"42":{"start":{"line":83,"column":16},"end":{"line":83,"column":42}},"43":{"start":{"line":86,"column":8},"end":{"line":114,"column":11}},"44":{"start":{"line":87,"column":12},"end":{"line":87,"column":47}},"45":{"start":{"line":88,"column":12},"end":{"line":90,"column":13}},"46":{"start":{"line":89,"column":16},"end":{"line":89,"column":83}},"47":{"start":{"line":92,"column":12},"end":{"line":95,"column":14}},"48":{"start":{"line":98,"column":12},"end":{"line":100,"column":13}},"49":{"start":{"line":99,"column":16},"end":{"line":99,"column":58}},"50":{"start":{"line":103,"column":12},"end":{"line":106,"column":13}},"51":{"start":{"line":104,"column":16},"end":{"line":104,"column":81}},"52":{"start":{"line":105,"column":16},"end":{"line":105,"column":64}},"53":{"start":{"line":108,"column":12},"end":{"line":108,"column":64}},"54":{"start":{"line":110,"column":12},"end":{"line":110,"column":97}},"55":{"start":{"line":111,"column":12},"end":{"line":111,"column":56}},"56":{"start":{"line":112,"column":12},"end":{"line":112,"column":53}},"57":{"start":{"line":113,"column":12},"end":{"line":113,"column":44}},"58":{"start":{"line":115,"column":8},"end":{"line":122,"column":11}},"59":{"start":{"line":117,"column":12},"end":{"line":117,"column":25}},"60":{"start":{"line":119,"column":12},"end":{"line":121,"column":15}},"61":{"start":{"line":120,"column":16},"end":{"line":120,"column":69}},"62":{"start":{"line":124,"column":8},"end":{"line":124,"column":37}},"63":{"start":{"line":18,"column":19},"end":{"line":18,"column":95}},"64":{"start":{"line":126,"column":0},"end":{"line":126,"column":1}},"65":{"start":{"line":16,"column":13},"end":{"line":16,"column":37}}},"fnMap":{"1":{"name":"(anonymous_1)","line":16,"loc":{"start":{"line":16,"column":0},"end":{"line":null,"column":-1}}},"2":{"name":"(anonymous_3)","line":22,"loc":{"start":{"line":22,"column":4},"end":{"line":22,"column":44}}},"3":{"name":"(anonymous_4)","line":28,"loc":{"start":{"line":28,"column":12},"end":{"line":28,"column":26}}},"4":{"name":"(anonymous_5)","line":29,"loc":{"start":{"line":29,"column":23},"end":{"line":29,"column":57}}},"5":{"name":"(anonymous_6)","line":37,"loc":{"start":{"line":37,"column":24},"end":{"line":37,"column":33}}},"6":{"name":"(anonymous_7)","line":40,"loc":{"start":{"line":40,"column":33},"end":{"line":40,"column":36}}},"7":{"name":"(anonymous_8)","line":52,"loc":{"start":{"line":52,"column":31},"end":{"line":52,"column":51}}},"8":{"name":"(anonymous_9)","line":57,"loc":{"start":{"line":57,"column":33},"end":{"line":57,"column":53}}},"9":{"name":"ensureAuthenticated","line":66,"loc":{"start":{"line":66,"column":8},"end":{"line":66,"column":60}}},"10":{"name":"(anonymous_11)","line":80,"loc":{"start":{"line":80,"column":12},"end":{"line":80,"column":45}}},"11":{"name":"(anonymous_12)","line":86,"loc":{"start":{"line":86,"column":26},"end":{"line":86,"column":44}}},"12":{"name":"(anonymous_13)","line":115,"loc":{"start":{"line":115,"column":27},"end":{"line":115,"column":60}}},"13":{"name":"(anonymous_14)","line":119,"loc":{"start":{"line":119,"column":40},"end":{"line":null,"column":-1}}}},"branchMap":{"1":{"line":42,"type":"if","locations":[{"start":{"line":42,"column":28},"end":{"line":42,"column":27}},{"start":{"line":42,"column":28},"end":{"line":42,"column":27}}]},"2":{"line":67,"type":"if","locations":[{"start":{"line":67,"column":12},"end":{"line":67,"column":11}},{"start":{"line":67,"column":12},"end":{"line":67,"column":11}}]},"3":{"line":67,"type":"binary-expr","locations":[{"start":{"line":67,"column":16},"end":{"line":67,"column":37}},{"start":{"line":67,"column":41},"end":{"line":67,"column":80}}]},"4":{"line":82,"type":"binary-expr","locations":[{"start":{"line":82,"column":34},"end":{"line":82,"column":54}},{"start":{"line":82,"column":58},"end":{"line":82,"column":102}},{"start":{"line":82,"column":106},"end":{"line":82,"column":144}}]},"5":{"line":88,"type":"if","locations":[{"start":{"line":88,"column":12},"end":{"line":88,"column":11}},{"start":{"line":88,"column":12},"end":{"line":88,"column":11}}]},"6":{"line":88,"type":"binary-expr","locations":[{"start":{"line":88,"column":16},"end":{"line":88,"column":33}},{"start":{"line":88,"column":37},"end":{"line":88,"column":72}}]},"7":{"line":98,"type":"if","locations":[{"start":{"line":98,"column":12},"end":{"line":98,"column":11}},{"start":{"line":98,"column":12},"end":{"line":98,"column":11}}]},"8":{"line":103,"type":"if","locations":[{"start":{"line":103,"column":12},"end":{"line":103,"column":11}},{"start":{"line":103,"column":12},"end":{"line":103,"column":11}}]},"9":{"line":103,"type":"binary-expr","locations":[{"start":{"line":103,"column":16},"end":{"line":103,"column":60}},{"start":{"line":103,"column":64},"end":{"line":103,"column":85}}]}},"s":{"1":0,"2":0,"3":0,"4":0,"5":0,"6":0,"7":0,"8":0,"9":0,"10":1,"11":0,"12":0,"13":0,"14":0,"15":0,"16":0,"17":0,"18":0,"19":0,"20":0,"21":0,"22":0,"23":0,"24":0,"25":0,"26":0,"27":0,"28":0,"29":0,"30":0,"31":1,"32":0,"33":0,"34":0,"35":0,"36":0,"37":0,"38":0,"39":0,"40":0,"41":0,"42":0,"43":0,"44":0,"45":0,"46":0,"47":0,"48":0,"49":0,"50":0,"51":0,"52":0,"53":0,"54":0,"55":0,"56":0,"57":0,"58":0,"59":0,"60":0,"61":0,"62":0,"63":0,"64":0,"65":0},"b":{"1":[0,0],"2":[0,0],"3":[0,0],"4":[0,0,0],"5":[0,0],"6":[0,0],"7":[0,0],"8":[0,0],"9":[0,0]},"f":{"1":0,"2":0,"3":0,"4":0,"5":0,"6":0,"7":0,"8":0,"9":0,"10":0,"11":0,"12":0,"13":0},"l":{"1":0,"4":0,"5":0,"8":0,"9":0,"10":0,"11":0,"12":0,"13":0,"16":1,"18":0,"22":0,"27":0,"29":0,"30":0,"32":0,"33":0,"38":0,"39":0,"41":0,"42":0,"43":0,"45":0,"52":0,"54":0,"57":0,"58":0,"62":0,"63":0,"64":0,"66":1,"67":0,"68":0,"70":0,"71":0,"74":0,"75":0,"76":0,"78":0,"81":0,"82":0,"83":0,"86":0,"87":0,"88":0,"89":0,"92":0,"98":0,"99":0,"103":0,"104":0,"105":0,"108":0,"110":0,"111":0,"112":0,"113":0,"115":0,"117":0,"119":0,"120":0,"124":0,"126":0}},
"src/mock/routes.ts":{"path":"src/mock/routes.ts","statementMap":{"1":{"start":{"line":1,"column":0},"end":{"line":1,"column":40}},"2":{"start":{"line":7,"column":0},"end":{"line":7,"column":68}},"3":{"start":{"line":14,"column":0},"end":{"line":23,"column":2}},"4":{"start":{"line":25,"column":0},"end":{"line":33,"column":1}},"5":{"start":{"line":26,"column":4},"end":{"line":31,"column":5}},"6":{"start":{"line":27,"column":8},"end":{"line":27,"column":28}},"7":{"start":{"line":28,"column":8},"end":{"line":30,"column":9}},"8":{"start":{"line":29,"column":12},"end":{"line":29,"column":24}},"9":{"start":{"line":32,"column":4},"end":{"line":32,"column":16}},"10":{"start":{"line":35,"column":0},"end":{"line":63,"column":1}},"11":{"start":{"line":37,"column":11},"end":{"line":62,"column":5}},"12":{"start":{"line":39,"column":8},"end":{"line":48,"column":11}},"13":{"start":{"line":40,"column":12},"end":{"line":40,"column":59}},"14":{"start":{"line":41,"column":12},"end":{"line":47,"column":30}},"15":{"start":{"line":50,"column":8},"end":{"line":60,"column":11}},"16":{"start":{"line":51,"column":12},"end":{"line":59,"column":20}},"17":{"start":{"line":63,"column":0},"end":{"line":63,"column":1}},"18":{"start":{"line":35,"column":13},"end":{"line":35,"column":26}}},"fnMap":{"1":{"name":"findByUsername","line":25,"loc":{"start":{"line":25,"column":0},"end":{"line":25,"column":32}}},"2":{"name":"(anonymous_2)","line":35,"loc":{"start":{"line":35,"column":0},"end":{"line":null,"column":-1}}},"3":{"name":"(anonymous_4)","line":37,"loc":{"start":{"line":37,"column":4},"end":{"line":37,"column":23}}},"4":{"name":"(anonymous_5)","line":39,"loc":{"start":{"line":39,"column":42},"end":{"line":null,"column":-1}}},"5":{"name":"(anonymous_6)","line":50,"loc":{"start":{"line":50,"column":40},"end":{"line":null,"column":-1}}}},"branchMap":{"1":{"line":28,"type":"if","locations":[{"start":{"line":28,"column":8},"end":{"line":28,"column":7}},{"start":{"line":28,"column":8},"end":{"line":28,"column":7}}]}},"s":{"1":0,"2":0,"3":0,"4":1,"5":0,"6":0,"7":0,"8":0,"9":0,"10":1,"11":0,"12":0,"13":0,"14":0,"15":0,"16":0,"17":0,"18":0},"b":{"1":[0,0]},"f":{"1":0,"2":0,"3":0,"4":0,"5":0},"l":{"1":0,"7":0,"14":0,"25":1,"26":0,"27":0,"28":0,"29":0,"32":0,"35":1,"37":0,"39":0,"40":0,"41":0,"50":0,"51":0,"63":0}},
"src/models/common-mod.ts":{"path":"src/models/common-mod.ts","statementMap":{"1":{"start":{"line":1,"column":0},"end":{"line":1,"column":54}},"2":{"start":{"line":2,"column":0},"end":{"line":2,"column":52}},"3":{"start":{"line":3,"column":0},"end":{"line":3,"column":56}},"4":{"start":{"line":16,"column":0},"end":{"line":44,"column":1}},"5":{"start":{"line":19,"column":2},"end":{"line":19,"column":24}},"6":{"start":{"line":23,"column":2},"end":{"line":23,"column":17}},"7":{"start":{"line":27,"column":2},"end":{"line":27,"column":22}},"8":{"start":{"line":31,"column":2},"end":{"line":31,"column":21}},"9":{"start":{"line":35,"column":2},"end":{"line":35,"column":18}},"10":{"start":{"line":39,"column":2},"end":{"line":39,"column":22}},"11":{"start":{"line":43,"column":2},"end":{"line":43,"column":16}},"12":{"start":{"line":16,"column":13},"end":{"line":44,"column":1}},"13":{"start":{"line":44,"column":0},"end":{"line":44,"column":1}},"14":{"start":{"line":16,"column":13},"end":{"line":16,"column":29}},"15":{"start":{"line":50,"column":0},"end":{"line":58,"column":1}},"16":{"start":{"line":53,"column":2},"end":{"line":53,"column":21}},"17":{"start":{"line":57,"column":2},"end":{"line":57,"column":20}},"18":{"start":{"line":50,"column":13},"end":{"line":58,"column":1}},"19":{"start":{"line":58,"column":0},"end":{"line":58,"column":1}},"20":{"start":{"line":50,"column":13},"end":{"line":50,"column":25}}},"fnMap":{"1":{"name":"(anonymous_1)","line":16,"loc":{"start":{"line":16,"column":0},"end":{"line":null,"column":-1}}},"2":{"name":"(anonymous_3)","line":50,"loc":{"start":{"line":50,"column":0},"end":{"line":null,"column":-1}}}},"branchMap":{},"s":{"1":0,"2":0,"3":0,"4":1,"5":0,"6":0,"7":0,"8":0,"9":0,"10":0,"11":0,"12":0,"13":0,"14":0,"15":1,"16":0,"17":0,"18":0,"19":0,"20":0},"b":{},"f":{"1":0,"2":0},"l":{"1":0,"2":0,"3":0,"16":1,"19":0,"23":0,"27":0,"31":0,"35":0,"39":0,"43":0,"44":0,"50":1,"53":0,"57":0,"58":0}},
"src/models/model-prefecture.ts":{"path":"src/models/model-prefecture.ts","statementMap":{"1":{"start":{"line":1,"column":0},"end":{"line":1,"column":39}},"2":{"start":{"line":22,"column":11},"end":{"line":60,"column":2}}},"fnMap":{},"branchMap":{},"s":{"1":0,"2":0},"b":{},"f":{},"l":{"1":0,"22":0}},
"src/models/model-valise.ts":{"path":"src/models/model-valise.ts","statementMap":{"1":{"start":{"line":1,"column":0},"end":{"line":1,"column":39}},"2":{"start":{"line":17,"column":11},"end":{"line":30,"column":2}}},"fnMap":{},"branchMap":{},"s":{"1":0,"2":0},"b":{},"f":{},"l":{"1":0,"17":0}},
"src/routes/routes.ts":{"path":"src/routes/routes.ts","statementMap":{"1":{"start":{"line":1,"column":0},"end":{"line":1,"column":40}},"2":{"start":{"line":2,"column":0},"end":{"line":2,"column":105}},"3":{"start":{"line":4,"column":0},"end":{"line":4,"column":54}},"4":{"start":{"line":10,"column":0},"end":{"line":57,"column":1}},"5":{"start":{"line":10,"column":28},"end":{"line":10,"column":42}},"6":{"start":{"line":15,"column":2},"end":{"line":24,"column":3}},"7":{"start":{"line":18,"column":4},"end":{"line":23,"column":5}},"8":{"start":{"line":19,"column":6},"end":{"line":19,"column":29}},"9":{"start":{"line":20,"column":6},"end":{"line":20,"column":29}},"10":{"start":{"line":22,"column":6},"end":{"line":22,"column":29}},"11":{"start":{"line":29,"column":9},"end":{"line":43,"column":3}},"12":{"start":{"line":31,"column":4},"end":{"line":34,"column":6}},"13":{"start":{"line":32,"column":12},"end":{"line":32,"column":40}},"14":{"start":{"line":38,"column":4},"end":{"line":38,"column":69}},"15":{"start":{"line":40,"column":4},"end":{"line":40,"column":69}},"16":{"start":{"line":42,"column":4},"end":{"line":42,"column":71}},"17":{"start":{"line":48,"column":9},"end":{"line":56,"column":3}},"18":{"start":{"line":51,"column":4},"end":{"line":51,"column":75}},"19":{"start":{"line":53,"column":4},"end":{"line":53,"column":75}},"20":{"start":{"line":55,"column":4},"end":{"line":55,"column":77}},"21":{"start":{"line":57,"column":0},"end":{"line":57,"column":1}},"22":{"start":{"line":10,"column":13},"end":{"line":10,"column":19}}},"fnMap":{"1":{"name":"(anonymous_1)","line":10,"loc":{"start":{"line":10,"column":0},"end":{"line":null,"column":-1}}},"2":{"name":"Routes","line":15,"loc":{"start":{"line":15,"column":2},"end":{"line":null,"column":-1}}},"3":{"name":"(anonymous_3)","line":29,"loc":{"start":{"line":29,"column":2},"end":{"line":null,"column":-1}}},"4":{"name":"(anonymous_4)","line":32,"loc":{"start":{"line":32,"column":6},"end":{"line":32,"column":11}}},"5":{"name":"(anonymous_5)","line":48,"loc":{"start":{"line":48,"column":2},"end":{"line":null,"column":-1}}}},"branchMap":{"1":{"line":16,"type":"binary-expr","locations":[{"start":{"line":16,"column":4},"end":{"line":16,"column":11}},{"start":{"line":16,"column":11},"end":{"line":24,"column":2}}]},"2":{"line":18,"type":"if","locations":[{"start":{"line":18,"column":4},"end":{"line":18,"column":3}},{"start":{"line":18,"column":4},"end":{"line":18,"column":3}}]}},"s":{"1":0,"2":0,"3":0,"4":0,"5":0,"6":1,"7":0,"8":0,"9":0,"10":0,"11":0,"12":0,"13":0,"14":0,"15":0,"16":0,"17":0,"18":0,"19":0,"20":0,"21":0,"22":0},"b":{"1":[0,0],"2":[0,0]},"f":{"1":0,"2":0,"3":0,"4":0,"5":0},"l":{"1":0,"2":0,"4":0,"10":0,"15":1,"18":0,"19":0,"20":0,"22":0,"29":0,"31":0,"32":0,"38":0,"40":0,"42":0,"48":0,"51":0,"53":0,"55":0,"57":0}},
"src/utils/roles.ts":{"path":"src/utils/roles.ts","statementMap":{"1":{"start":{"line":4,"column":0},"end":{"line":12,"column":1}},"2":{"start":{"line":5,"column":11},"end":{"line":5,"column":29}},"3":{"start":{"line":6,"column":11},"end":{"line":6,"column":31}},"4":{"start":{"line":8,"column":11},"end":{"line":8,"column":35}},"5":{"start":{"line":9,"column":11},"end":{"line":9,"column":37}},"6":{"start":{"line":11,"column":11},"end":{"line":11,"column":56}},"7":{"start":{"line":12,"column":0},"end":{"line":12,"column":1}},"8":{"start":{"line":4,"column":13},"end":{"line":4,"column":18}}},"fnMap":{"1":{"name":"(anonymous_1)","line":4,"loc":{"start":{"line":4,"column":0},"end":{"line":null,"column":-1}}}},"branchMap":{},"s":{"1":1,"2":0,"3":0,"4":0,"5":0,"6":0,"7":0,"8":0},"b":{},"f":{"1":0},"l":{"4":1,"5":0,"6":0,"8":0,"9":0,"11":0,"12":0}},
"src/utils/urls.ts":{"path":"src/utils/urls.ts","statementMap":{"1":{"start":{"line":4,"column":13},"end":{"line":4,"column":56}},"2":{"start":{"line":5,"column":13},"end":{"line":5,"column":53}},"3":{"start":{"line":10,"column":13},"end":{"line":10,"column":46}},"4":{"start":{"line":11,"column":13},"end":{"line":11,"column":52}}},"fnMap":{},"branchMap":{},"s":{"1":0,"2":0,"3":0,"4":0},"b":{},"f":{},"l":{"4":0,"5":0,"10":0,"11":0}},
"src/dao/auth/utilisateurs-dao.ts":{"path":"src/dao/auth/utilisateurs-dao.ts","statementMap":{"1":{"start":{"line":1,"column":0},"end":{"line":1,"column":40}},"2":{"start":{"line":3,"column":0},"end":{"line":3,"column":46}},"3":{"start":{"line":4,"column":0},"end":{"line":4,"column":52}},"4":{"start":{"line":5,"column":0},"end":{"line":5,"column":61}},"5":{"start":{"line":7,"column":0},"end":{"line":7,"column":81}},"6":{"start":{"line":9,"column":0},"end":{"line":52,"column":1}},"7":{"start":{"line":9,"column":37},"end":{"line":9,"column":46}},"8":{"start":{"line":11,"column":4},"end":{"line":13,"column":5}},"9":{"start":{"line":16,"column":4},"end":{"line":18,"column":5}},"10":{"start":{"line":17,"column":8},"end":{"line":17,"column":61}},"11":{"start":{"line":21,"column":4},"end":{"line":23,"column":5}},"12":{"start":{"line":22,"column":8},"end":{"line":22,"column":57}},"13":{"start":{"line":25,"column":4},"end":{"line":27,"column":5}},"14":{"start":{"line":26,"column":8},"end":{"line":26,"column":79}},"15":{"start":{"line":29,"column":4},"end":{"line":31,"column":5}},"16":{"start":{"line":30,"column":8},"end":{"line":30,"column":60}},"17":{"start":{"line":33,"column":4},"end":{"line":35,"column":5}},"18":{"start":{"line":34,"column":8},"end":{"line":34,"column":74}},"19":{"start":{"line":38,"column":4},"end":{"line":50,"column":5}},"20":{"start":{"line":39,"column":8},"end":{"line":49,"column":10}},"21":{"start":{"line":52,"column":0},"end":{"line":52,"column":1}},"22":{"start":{"line":9,"column":13},"end":{"line":9,"column":28}}},"fnMap":{"1":{"name":"(anonymous_1)","line":9,"loc":{"start":{"line":9,"column":0},"end":{"line":null,"column":-1}}},"2":{"name":"UtilisateursDAO","line":11,"loc":{"start":{"line":11,"column":4},"end":{"line":null,"column":-1}}},"3":{"name":"(anonymous_3)","line":16,"loc":{"start":{"line":16,"column":4},"end":{"line":16,"column":16}}},"4":{"name":"(anonymous_4)","line":21,"loc":{"start":{"line":21,"column":4},"end":{"line":null,"column":-1}}},"5":{"name":"(anonymous_5)","line":25,"loc":{"start":{"line":25,"column":4},"end":{"line":25,"column":31}}},"6":{"name":"(anonymous_6)","line":29,"loc":{"start":{"line":29,"column":4},"end":{"line":29,"column":15}}},"7":{"name":"(anonymous_7)","line":33,"loc":{"start":{"line":33,"column":4},"end":{"line":33,"column":41}}},"8":{"name":"(anonymous_8)","line":38,"loc":{"start":{"line":38,"column":4},"end":{"line":38,"column":16}}}},"branchMap":{"1":{"line":12,"type":"binary-expr","locations":[{"start":{"line":12,"column":8},"end":{"line":12,"column":15}},{"start":{"line":12,"column":15},"end":{"line":null,"column":-1}}]}},"s":{"1":0,"2":0,"3":0,"4":0,"5":0,"6":0,"7":0,"8":1,"9":0,"10":0,"11":0,"12":0,"13":0,"14":0,"15":0,"16":0,"17":0,"18":0,"19":0,"20":0,"21":0,"22":0},"b":{"1":[0,0]},"f":{"1":0,"2":0,"3":0,"4":0,"5":0,"6":0,"7":0,"8":0},"l":{"1":0,"3":0,"4":0,"5":0,"7":0,"9":0,"11":1,"16":0,"17":0,"21":0,"22":0,"25":0,"26":0,"29":0,"30":0,"33":0,"34":0,"38":0,"39":0,"52":0}},
"src/models/auth/model-role.ts":{"path":"src/models/auth/model-role.ts","statementMap":{"1":{"start":{"line":1,"column":0},"end":{"line":1,"column":39}},"2":{"start":{"line":9,"column":11},"end":{"line":22,"column":2}}},"fnMap":{},"branchMap":{},"s":{"1":0,"2":0},"b":{},"f":{},"l":{"1":0,"9":0}},
"src/models/auth/model-role_utilisateur.ts":{"path":"src/models/auth/model-role_utilisateur.ts","statementMap":{"1":{"start":{"line":1,"column":0},"end":{"line":1,"column":39}},"2":{"start":{"line":9,"column":11},"end":{"line":32,"column":2}}},"fnMap":{},"branchMap":{},"s":{"1":0,"2":0},"b":{},"f":{},"l":{"1":0,"9":0}},
"src/models/auth/model-utilisateur.ts":{"path":"src/models/auth/model-utilisateur.ts","statementMap":{"1":{"start":{"line":1,"column":0},"end":{"line":1,"column":39}},"2":{"start":{"line":3,"column":11},"end":{"line":26,"column":2}}},"fnMap":{},"branchMap":{},"s":{"1":0,"2":0},"b":{},"f":{},"l":{"1":0,"3":0}},
"src/models/auth/seq-user-mod.ts":{"path":"src/models/auth/seq-user-mod.ts","statementMap":{"1":{"start":{"line":1,"column":0},"end":{"line":1,"column":39}},"2":{"start":{"line":18,"column":11},"end":{"line":38,"column":2}}},"fnMap":{},"branchMap":{},"s":{"1":0,"2":0},"b":{},"f":{},"l":{"1":0,"18":0}},
"src/models/auth/user-mod.ts":{"path":"src/models/auth/user-mod.ts","statementMap":{"1":{"start":{"line":1,"column":0},"end":{"line":1,"column":54}},"2":{"start":{"line":2,"column":0},"end":{"line":2,"column":52}},"3":{"start":{"line":3,"column":0},"end":{"line":3,"column":56}},"4":{"start":{"line":6,"column":0},"end":{"line":13,"column":1}},"5":{"start":{"line":9,"column":4},"end":{"line":9,"column":15}},"6":{"start":{"line":12,"column":4},"end":{"line":12,"column":17}},"7":{"start":{"line":6,"column":13},"end":{"line":13,"column":1}},"8":{"start":{"line":13,"column":0},"end":{"line":13,"column":1}},"9":{"start":{"line":6,"column":13},"end":{"line":6,"column":23}},"10":{"start":{"line":16,"column":0},"end":{"line":32,"column":1}},"11":{"start":{"line":18,"column":4},"end":{"line":18,"column":15}},"12":{"start":{"line":21,"column":4},"end":{"line":21,"column":18}},"13":{"start":{"line":24,"column":4},"end":{"line":24,"column":21}},"14":{"start":{"line":27,"column":4},"end":{"line":27,"column":21}},"15":{"start":{"line":31,"column":4},"end":{"line":31,"column":29}},"16":{"start":{"line":16,"column":13},"end":{"line":32,"column":1}},"17":{"start":{"line":32,"column":0},"end":{"line":32,"column":1}},"18":{"start":{"line":16,"column":13},"end":{"line":16,"column":30}}},"fnMap":{"1":{"name":"(anonymous_1)","line":6,"loc":{"start":{"line":6,"column":0},"end":{"line":null,"column":-1}}},"2":{"name":"(anonymous_3)","line":16,"loc":{"start":{"line":16,"column":0},"end":{"line":null,"column":-1}}}},"branchMap":{},"s":{"1":0,"2":0,"3":0,"4":1,"5":0,"6":0,"7":0,"8":0,"9":0,"10":1,"11":0,"12":0,"13":0,"14":0,"15":0,"16":0,"17":0,"18":0},"b":{},"f":{"1":0,"2":0},"l":{"1":0,"2":0,"3":0,"6":1,"9":0,"12":0,"13":0,"16":1,"18":0,"21":0,"24":0,"27":0,"31":0,"32":0}},
"src/models/fvm/fvm-mod.ts":{"path":"src/models/fvm/fvm-mod.ts","statementMap":{"1":{"start":{"line":1,"column":0},"end":{"line":1,"column":54}},"2":{"start":{"line":2,"column":0},"end":{"line":2,"column":52}},"3":{"start":{"line":3,"column":0},"end":{"line":3,"column":56}},"4":{"start":{"line":16,"column":0},"end":{"line":44,"column":1}},"5":{"start":{"line":19,"column":2},"end":{"line":19,"column":24}},"6":{"start":{"line":23,"column":2},"end":{"line":23,"column":21}},"7":{"start":{"line":27,"column":2},"end":{"line":27,"column":30}},"8":{"start":{"line":31,"column":2},"end":{"line":31,"column":27}},"9":{"start":{"line":35,"column":2},"end":{"line":35,"column":26}},"10":{"start":{"line":39,"column":2},"end":{"line":39,"column":25}},"11":{"start":{"line":43,"column":2},"end":{"line":43,"column":35}},"12":{"start":{"line":16,"column":13},"end":{"line":44,"column":1}},"13":{"start":{"line":44,"column":0},"end":{"line":44,"column":1}},"14":{"start":{"line":16,"column":13},"end":{"line":16,"column":28}},"15":{"start":{"line":50,"column":0},"end":{"line":82,"column":1}},"16":{"start":{"line":53,"column":2},"end":{"line":53,"column":26}},"17":{"start":{"line":57,"column":2},"end":{"line":57,"column":14}},"18":{"start":{"line":61,"column":2},"end":{"line":61,"column":17}},"19":{"start":{"line":65,"column":2},"end":{"line":65,"column":16}},"20":{"start":{"line":69,"column":2},"end":{"line":69,"column":26}},"21":{"start":{"line":73,"column":2},"end":{"line":73,"column":29}},"22":{"start":{"line":77,"column":2},"end":{"line":77,"column":28}},"23":{"start":{"line":81,"column":2},"end":{"line":81,"column":24}},"24":{"start":{"line":50,"column":13},"end":{"line":82,"column":1}},"25":{"start":{"line":82,"column":0},"end":{"line":82,"column":1}},"26":{"start":{"line":50,"column":13},"end":{"line":50,"column":30}},"27":{"start":{"line":88,"column":0},"end":{"line":104,"column":1}},"28":{"start":{"line":91,"column":2},"end":{"line":91,"column":25}},"29":{"start":{"line":95,"column":2},"end":{"line":95,"column":42}},"30":{"start":{"line":99,"column":2},"end":{"line":99,"column":31}},"31":{"start":{"line":103,"column":2},"end":{"line":103,"column":24}},"32":{"start":{"line":88,"column":13},"end":{"line":104,"column":1}},"33":{"start":{"line":104,"column":0},"end":{"line":104,"column":1}},"34":{"start":{"line":88,"column":13},"end":{"line":88,"column":29}},"35":{"start":{"line":110,"column":0},"end":{"line":134,"column":1}},"36":{"start":{"line":113,"column":2},"end":{"line":113,"column":42}},"37":{"start":{"line":117,"column":2},"end":{"line":117,"column":39}},"38":{"start":{"line":121,"column":2},"end":{"line":121,"column":25}},"39":{"start":{"line":125,"column":2},"end":{"line":125,"column":27}},"40":{"start":{"line":129,"column":2},"end":{"line":129,"column":24}},"41":{"start":{"line":133,"column":2},"end":{"line":133,"column":21}},"42":{"start":{"line":110,"column":13},"end":{"line":134,"column":1}},"43":{"start":{"line":134,"column":0},"end":{"line":134,"column":1}},"44":{"start":{"line":110,"column":13},"end":{"line":110,"column":45}},"45":{"start":{"line":140,"column":0},"end":{"line":160,"column":1}},"46":{"start":{"line":143,"column":2},"end":{"line":143,"column":24}},"47":{"start":{"line":147,"column":2},"end":{"line":147,"column":30}},"48":{"start":{"line":151,"column":2},"end":{"line":151,"column":43}},"49":{"start":{"line":155,"column":2},"end":{"line":155,"column":30}},"50":{"start":{"line":159,"column":2},"end":{"line":159,"column":24}},"51":{"start":{"line":140,"column":13},"end":{"line":160,"column":1}},"52":{"start":{"line":160,"column":0},"end":{"line":160,"column":1}},"53":{"start":{"line":140,"column":13},"end":{"line":140,"column":28}},"54":{"start":{"line":166,"column":0},"end":{"line":178,"column":1}},"55":{"start":{"line":169,"column":2},"end":{"line":169,"column":37}},"56":{"start":{"line":173,"column":2},"end":{"line":173,"column":24}},"57":{"start":{"line":177,"column":2},"end":{"line":177,"column":30}},"58":{"start":{"line":166,"column":13},"end":{"line":178,"column":1}},"59":{"start":{"line":178,"column":0},"end":{"line":178,"column":1}},"60":{"start":{"line":166,"column":13},"end":{"line":166,"column":39}},"61":{"start":{"line":184,"column":0},"end":{"line":196,"column":1}},"62":{"start":{"line":187,"column":2},"end":{"line":187,"column":30}},"63":{"start":{"line":191,"column":2},"end":{"line":191,"column":27}},"64":{"start":{"line":195,"column":2},"end":{"line":195,"column":42}},"65":{"start":{"line":184,"column":13},"end":{"line":196,"column":1}},"66":{"start":{"line":196,"column":0},"end":{"line":196,"column":1}},"67":{"start":{"line":184,"column":13},"end":{"line":184,"column":33}},"68":{"start":{"line":202,"column":0},"end":{"line":230,"column":1}},"69":{"start":{"line":205,"column":2},"end":{"line":205,"column":30}},"70":{"start":{"line":209,"column":2},"end":{"line":209,"column":14}},"71":{"start":{"line":213,"column":2},"end":{"line":213,"column":19}},"72":{"start":{"line":217,"column":2},"end":{"line":217,"column":19}},"73":{"start":{"line":221,"column":2},"end":{"line":221,"column":15}},"74":{"start":{"line":225,"column":2},"end":{"line":225,"column":15}},"75":{"start":{"line":229,"column":2},"end":{"line":229,"column":24}},"76":{"start":{"line":202,"column":13},"end":{"line":230,"column":1}},"77":{"start":{"line":230,"column":0},"end":{"line":230,"column":1}},"78":{"start":{"line":202,"column":13},"end":{"line":202,"column":33}},"79":{"start":{"line":236,"column":0},"end":{"line":264,"column":1}},"80":{"start":{"line":239,"column":2},"end":{"line":239,"column":42}},"81":{"start":{"line":243,"column":2},"end":{"line":243,"column":14}},"82":{"start":{"line":247,"column":2},"end":{"line":247,"column":19}},"83":{"start":{"line":251,"column":2},"end":{"line":251,"column":19}},"84":{"start":{"line":255,"column":2},"end":{"line":255,"column":15}},"85":{"start":{"line":259,"column":2},"end":{"line":259,"column":15}},"86":{"start":{"line":263,"column":2},"end":{"line":263,"column":25}},"87":{"start":{"line":236,"column":13},"end":{"line":264,"column":1}},"88":{"start":{"line":264,"column":0},"end":{"line":264,"column":1}},"89":{"start":{"line":236,"column":13},"end":{"line":236,"column":43}},"90":{"start":{"line":270,"column":0},"end":{"line":298,"column":1}},"91":{"start":{"line":273,"column":2},"end":{"line":273,"column":30}},"92":{"start":{"line":277,"column":2},"end":{"line":277,"column":14}},"93":{"start":{"line":281,"column":2},"end":{"line":281,"column":19}},"94":{"start":{"line":285,"column":2},"end":{"line":285,"column":19}},"95":{"start":{"line":289,"column":2},"end":{"line":289,"column":15}},"96":{"start":{"line":293,"column":2},"end":{"line":293,"column":15}},"97":{"start":{"line":297,"column":2},"end":{"line":297,"column":24}},"98":{"start":{"line":270,"column":13},"end":{"line":298,"column":1}},"99":{"start":{"line":298,"column":0},"end":{"line":298,"column":1}},"100":{"start":{"line":270,"column":13},"end":{"line":270,"column":33}},"101":{"start":{"line":304,"column":0},"end":{"line":332,"column":1}},"102":{"start":{"line":307,"column":2},"end":{"line":307,"column":43}},"103":{"start":{"line":311,"column":2},"end":{"line":311,"column":14}},"104":{"start":{"line":315,"column":2},"end":{"line":315,"column":19}},"105":{"start":{"line":319,"column":2},"end":{"line":319,"column":19}},"106":{"start":{"line":323,"column":2},"end":{"line":323,"column":15}},"107":{"start":{"line":327,"column":2},"end":{"line":327,"column":15}},"108":{"start":{"line":331,"column":2},"end":{"line":331,"column":24}},"109":{"start":{"line":304,"column":13},"end":{"line":332,"column":1}},"110":{"start":{"line":332,"column":0},"end":{"line":332,"column":1}},"111":{"start":{"line":304,"column":13},"end":{"line":304,"column":45}}},"fnMap":{"1":{"name":"(anonymous_1)","line":16,"loc":{"start":{"line":16,"column":0},"end":{"line":null,"column":-1}}},"2":{"name":"(anonymous_3)","line":50,"loc":{"start":{"line":50,"column":0},"end":{"line":null,"column":-1}}},"3":{"name":"(anonymous_5)","line":88,"loc":{"start":{"line":88,"column":0},"end":{"line":null,"column":-1}}},"4":{"name":"(anonymous_7)","line":110,"loc":{"start":{"line":110,"column":0},"end":{"line":null,"column":-1}}},"5":{"name":"(anonymous_9)","line":140,"loc":{"start":{"line":140,"column":0},"end":{"line":null,"column":-1}}},"6":{"name":"(anonymous_11)","line":166,"loc":{"start":{"line":166,"column":0},"end":{"line":null,"column":-1}}},"7":{"name":"(anonymous_13)","line":184,"loc":{"start":{"line":184,"column":0},"end":{"line":null,"column":-1}}},"8":{"name":"(anonymous_15)","line":202,"loc":{"start":{"line":202,"column":0},"end":{"line":null,"column":-1}}},"9":{"name":"(anonymous_17)","line":236,"loc":{"start":{"line":236,"column":0},"end":{"line":null,"column":-1}}},"10":{"name":"(anonymous_19)","line":270,"loc":{"start":{"line":270,"column":0},"end":{"line":null,"column":-1}}},"11":{"name":"(anonymous_21)","line":304,"loc":{"start":{"line":304,"column":0},"end":{"line":null,"column":-1}}}},"branchMap":{},"s":{"1":0,"2":0,"3":0,"4":1,"5":0,"6":0,"7":0,"8":0,"9":0,"10":0,"11":0,"12":0,"13":0,"14":0,"15":1,"16":0,"17":0,"18":0,"19":0,"20":0,"21":0,"22":0,"23":0,"24":0,"25":0,"26":0,"27":1,"28":0,"29":0,"30":0,"31":0,"32":0,"33":0,"34":0,"35":1,"36":0,"37":0,"38":0,"39":0,"40":0,"41":0,"42":0,"43":0,"44":0,"45":1,"46":0,"47":0,"48":0,"49":0,"50":0,"51":0,"52":0,"53":0,"54":1,"55":0,"56":0,"57":0,"58":0,"59":0,"60":0,"61":1,"62":0,"63":0,"64":0,"65":0,"66":0,"67":0,"68":1,"69":0,"70":0,"71":0,"72":0,"73":0,"74":0,"75":0,"76":0,"77":0,"78":0,"79":1,"80":0,"81":0,"82":0,"83":0,"84":0,"85":0,"86":0,"87":0,"88":0,"89":0,"90":1,"91":0,"92":0,"93":0,"94":0,"95":0,"96":0,"97":0,"98":0,"99":0,"100":0,"101":1,"102":0,"103":0,"104":0,"105":0,"106":0,"107":0,"108":0,"109":0,"110":0,"111":0},"b":{},"f":{"1":0,"2":0,"3":0,"4":0,"5":0,"6":0,"7":0,"8":0,"9":0,"10":0,"11":0},"l":{"1":0,"2":0,"3":0,"16":1,"19":0,"23":0,"27":0,"31":0,"35":0,"39":0,"43":0,"44":0,"50":1,"53":0,"57":0,"61":0,"65":0,"69":0,"73":0,"77":0,"81":0,"82":0,"88":1,"91":0,"95":0,"99":0,"103":0,"104":0,"110":1,"113":0,"117":0,"121":0,"125":0,"129":0,"133":0,"134":0,"140":1,"143":0,"147":0,"151":0,"155":0,"159":0,"160":0,"166":1,"169":0,"173":0,"177":0,"178":0,"184":1,"187":0,"191":0,"195":0,"196":0,"202":1,"205":0,"209":0,"213":0,"217":0,"221":0,"225":0,"229":0,"230":0,"236":1,"239":0,"243":0,"247":0,"251":0,"255":0,"259":0,"263":0,"264":0,"270":1,"273":0,"277":0,"281":0,"285":0,"289":0,"293":0,"297":0,"298":0,"304":1,"307":0,"311":0,"315":0,"319":0,"323":0,"327":0,"331":0,"332":0}},
"src/models/fvm/model-copiecourrierprefecture.ts":{"path":"src/models/fvm/model-copiecourrierprefecture.ts","statementMap":{"1":{"start":{"line":1,"column":0},"end":{"line":1,"column":39}},"2":{"start":{"line":22,"column":11},"end":{"line":65,"column":2}}},"fnMap":{},"branchMap":{},"s":{"1":0,"2":0},"b":{},"f":{},"l":{"1":0,"22":0}},
"src/models/fvm/model-copienoteverbaleMAECI.ts":{"path":"src/models/fvm/model-copienoteverbaleMAECI.ts","statementMap":{"1":{"start":{"line":1,"column":0},"end":{"line":1,"column":39}},"2":{"start":{"line":22,"column":11},"end":{"line":65,"column":2}}},"fnMap":{},"branchMap":{},"s":{"1":0,"2":0},"b":{},"f":{},"l":{"1":0,"22":0}},
"src/models/fvm/model-copiepermis.ts":{"path":"src/models/fvm/model-copiepermis.ts","statementMap":{"1":{"start":{"line":1,"column":0},"end":{"line":1,"column":39}},"2":{"start":{"line":22,"column":11},"end":{"line":65,"column":2}}},"fnMap":{},"branchMap":{},"s":{"1":0,"2":0},"b":{},"f":{},"l":{"1":0,"22":0}},
"src/models/fvm/model-copiereleve.ts":{"path":"src/models/fvm/model-copiereleve.ts","statementMap":{"1":{"start":{"line":1,"column":0},"end":{"line":1,"column":39}},"2":{"start":{"line":22,"column":11},"end":{"line":65,"column":2}}},"fnMap":{},"branchMap":{},"s":{"1":0,"2":0},"b":{},"f":{},"l":{"1":0,"22":0}},
"src/models/fvm/model-demandeauthentification.ts":{"path":"src/models/fvm/model-demandeauthentification.ts","statementMap":{"1":{"start":{"line":1,"column":0},"end":{"line":1,"column":39}},"2":{"start":{"line":21,"column":11},"end":{"line":64,"column":2}}},"fnMap":{},"branchMap":{},"s":{"1":0,"2":0},"b":{},"f":{},"l":{"1":0,"21":0}},
"src/models/fvm/model-dossier.ts":{"path":"src/models/fvm/model-dossier.ts","statementMap":{"1":{"start":{"line":1,"column":0},"end":{"line":1,"column":39}},"2":{"start":{"line":19,"column":11},"end":{"line":52,"column":2}}},"fnMap":{},"branchMap":{},"s":{"1":0,"2":0},"b":{},"f":{},"l":{"1":0,"19":0}},
"src/models/fvm/model-noteverbale-releve.ts":{"path":"src/models/fvm/model-noteverbale-releve.ts","statementMap":{"1":{"start":{"line":1,"column":0},"end":{"line":1,"column":39}},"2":{"start":{"line":18,"column":11},"end":{"line":46,"column":2}}},"fnMap":{},"branchMap":{},"s":{"1":0,"2":0},"b":{},"f":{},"l":{"1":0,"18":0}},
"src/models/fvm/model-noteverbale.ts":{"path":"src/models/fvm/model-noteverbale.ts","statementMap":{"1":{"start":{"line":1,"column":0},"end":{"line":1,"column":39}},"2":{"start":{"line":18,"column":11},"end":{"line":36,"column":2}}},"fnMap":{},"branchMap":{},"s":{"1":0,"2":0},"b":{},"f":{},"l":{"1":0,"18":0}},
"src/models/fvm/model-permis.ts":{"path":"src/models/fvm/model-permis.ts","statementMap":{"1":{"start":{"line":1,"column":0},"end":{"line":1,"column":39}},"2":{"start":{"line":22,"column":11},"end":{"line":80,"column":2}}},"fnMap":{},"branchMap":{},"s":{"1":0,"2":0},"b":{},"f":{},"l":{"1":0,"22":0}},
"src/models/fvm/model-personne.ts":{"path":"src/models/fvm/model-personne.ts","statementMap":{"1":{"start":{"line":1,"column":0},"end":{"line":1,"column":39}},"2":{"start":{"line":23,"column":11},"end":{"line":71,"column":2}}},"fnMap":{},"branchMap":{},"s":{"1":0,"2":0},"b":{},"f":{},"l":{"1":0,"23":0}},
"src/models/fvm/model-releve.ts":{"path":"src/models/fvm/model-releve.ts","statementMap":{"1":{"start":{"line":1,"column":0},"end":{"line":1,"column":39}},"2":{"start":{"line":20,"column":11},"end":{"line":63,"column":2}}},"fnMap":{},"branchMap":{},"s":{"1":0,"2":0},"b":{},"f":{},"l":{"1":0,"20":0}},
"src/models/mvf/model-attestation.ts":{"path":"src/models/mvf/model-attestation.ts","statementMap":{"1":{"start":{"line":1,"column":0},"end":{"line":1,"column":39}},"2":{"start":{"line":12,"column":11},"end":{"line":55,"column":2}}},"fnMap":{},"branchMap":{},"s":{"1":0,"2":0},"b":{},"f":{},"l":{"1":0,"12":0}},
"src/models/mvf/model-bordereau-attestation.ts":{"path":"src/models/mvf/model-bordereau-attestation.ts","statementMap":{"1":{"start":{"line":1,"column":0},"end":{"line":1,"column":39}},"2":{"start":{"line":10,"column":11},"end":{"line":38,"column":2}}},"fnMap":{},"branchMap":{},"s":{"1":0,"2":0},"b":{},"f":{},"l":{"1":0,"10":0}},
"src/models/mvf/model-bordereau.ts":{"path":"src/models/mvf/model-bordereau.ts","statementMap":{"1":{"start":{"line":1,"column":0},"end":{"line":1,"column":39}},"2":{"start":{"line":11,"column":11},"end":{"line":39,"column":2}}},"fnMap":{},"branchMap":{},"s":{"1":0,"2":0},"b":{},"f":{},"l":{"1":0,"11":0}},
"src/models/mvf/model-copieattestation.ts":{"path":"src/models/mvf/model-copieattestation.ts","statementMap":{"1":{"start":{"line":1,"column":0},"end":{"line":1,"column":39}},"2":{"start":{"line":14,"column":11},"end":{"line":57,"column":2}}},"fnMap":{},"branchMap":{},"s":{"1":0,"2":0},"b":{},"f":{},"l":{"1":0,"14":0}},
"src/models/mvf/model-copiedemandeprefecture.ts":{"path":"src/models/mvf/model-copiedemandeprefecture.ts","statementMap":{"1":{"start":{"line":1,"column":0},"end":{"line":1,"column":39}},"2":{"start":{"line":14,"column":11},"end":{"line":57,"column":2}}},"fnMap":{},"branchMap":{},"s":{"1":0,"2":0},"b":{},"f":{},"l":{"1":0,"14":0}},
"src/models/mvf/model-copienoteverbaleMAECI.ts":{"path":"src/models/mvf/model-copienoteverbaleMAECI.ts","statementMap":{"1":{"start":{"line":1,"column":0},"end":{"line":1,"column":39}},"2":{"start":{"line":14,"column":11},"end":{"line":57,"column":2}}},"fnMap":{},"branchMap":{},"s":{"1":0,"2":0},"b":{},"f":{},"l":{"1":0,"14":0}},
"src/models/mvf/model-copiepermis.ts":{"path":"src/models/mvf/model-copiepermis.ts","statementMap":{"1":{"start":{"line":1,"column":0},"end":{"line":1,"column":39}},"2":{"start":{"line":14,"column":11},"end":{"line":57,"column":2}}},"fnMap":{},"branchMap":{},"s":{"1":0,"2":0},"b":{},"f":{},"l":{"1":0,"14":0}},
"src/models/mvf/model-dossier.ts":{"path":"src/models/mvf/model-dossier.ts","statementMap":{"1":{"start":{"line":1,"column":0},"end":{"line":1,"column":39}},"2":{"start":{"line":12,"column":11},"end":{"line":55,"column":2}}},"fnMap":{},"branchMap":{},"s":{"1":0,"2":0},"b":{},"f":{},"l":{"1":0,"12":0}},
"src/models/mvf/model-noteverbale-permis.ts":{"path":"src/models/mvf/model-noteverbale-permis.ts","statementMap":{"1":{"start":{"line":1,"column":0},"end":{"line":1,"column":39}},"2":{"start":{"line":10,"column":11},"end":{"line":38,"column":2}}},"fnMap":{},"branchMap":{},"s":{"1":0,"2":0},"b":{},"f":{},"l":{"1":0,"10":0}},
"src/models/mvf/model-noteverbale.ts":{"path":"src/models/mvf/model-noteverbale.ts","statementMap":{"1":{"start":{"line":1,"column":0},"end":{"line":1,"column":39}},"2":{"start":{"line":10,"column":11},"end":{"line":28,"column":2}}},"fnMap":{},"branchMap":{},"s":{"1":0,"2":0},"b":{},"f":{},"l":{"1":0,"10":0}},
"src/models/mvf/model-permis.ts":{"path":"src/models/mvf/model-permis.ts","statementMap":{"1":{"start":{"line":1,"column":0},"end":{"line":1,"column":39}},"2":{"start":{"line":12,"column":11},"end":{"line":50,"column":2}}},"fnMap":{},"branchMap":{},"s":{"1":0,"2":0},"b":{},"f":{},"l":{"1":0,"12":0}},
"src/models/mvf/model-personne.ts":{"path":"src/models/mvf/model-personne.ts","statementMap":{"1":{"start":{"line":1,"column":0},"end":{"line":1,"column":39}},"2":{"start":{"line":13,"column":11},"end":{"line":51,"column":2}}},"fnMap":{},"branchMap":{},"s":{"1":0,"2":0},"b":{},"f":{},"l":{"1":0,"13":0}},
"src/models/mvf/mvf-mod.ts":{"path":"src/models/mvf/mvf-mod.ts","statementMap":{"1":{"start":{"line":1,"column":0},"end":{"line":1,"column":54}},"2":{"start":{"line":2,"column":0},"end":{"line":2,"column":52}},"3":{"start":{"line":3,"column":0},"end":{"line":3,"column":56}},"4":{"start":{"line":6,"column":0},"end":{"line":26,"column":1}},"5":{"start":{"line":9,"column":2},"end":{"line":9,"column":24}},"6":{"start":{"line":13,"column":2},"end":{"line":13,"column":21}},"7":{"start":{"line":17,"column":2},"end":{"line":17,"column":30}},"8":{"start":{"line":21,"column":2},"end":{"line":21,"column":26}},"9":{"start":{"line":25,"column":2},"end":{"line":25,"column":25}},"10":{"start":{"line":6,"column":13},"end":{"line":26,"column":1}},"11":{"start":{"line":26,"column":0},"end":{"line":26,"column":1}},"12":{"start":{"line":6,"column":13},"end":{"line":6,"column":28}},"13":{"start":{"line":29,"column":0},"end":{"line":53,"column":1}},"14":{"start":{"line":32,"column":2},"end":{"line":32,"column":26}},"15":{"start":{"line":36,"column":2},"end":{"line":36,"column":14}},"16":{"start":{"line":40,"column":2},"end":{"line":40,"column":17}},"17":{"start":{"line":44,"column":2},"end":{"line":44,"column":15}},"18":{"start":{"line":48,"column":2},"end":{"line":48,"column":26}},"19":{"start":{"line":52,"column":2},"end":{"line":52,"column":24}},"20":{"start":{"line":29,"column":13},"end":{"line":53,"column":1}},"21":{"start":{"line":53,"column":0},"end":{"line":53,"column":1}},"22":{"start":{"line":29,"column":13},"end":{"line":29,"column":30}},"23":{"start":{"line":56,"column":0},"end":{"line":76,"column":1}},"24":{"start":{"line":59,"column":2},"end":{"line":59,"column":25}},"25":{"start":{"line":63,"column":2},"end":{"line":63,"column":42}},"26":{"start":{"line":67,"column":2},"end":{"line":67,"column":31}},"27":{"start":{"line":71,"column":2},"end":{"line":71,"column":24}},"28":{"start":{"line":75,"column":2},"end":{"line":75,"column":30}},"29":{"start":{"line":56,"column":13},"end":{"line":76,"column":1}},"30":{"start":{"line":76,"column":0},"end":{"line":76,"column":1}},"31":{"start":{"line":56,"column":13},"end":{"line":56,"column":29}},"32":{"start":{"line":79,"column":0},"end":{"line":91,"column":1}},"33":{"start":{"line":82,"column":2},"end":{"line":82,"column":37}},"34":{"start":{"line":86,"column":2},"end":{"line":86,"column":24}},"35":{"start":{"line":90,"column":2},"end":{"line":90,"column":30}},"36":{"start":{"line":79,"column":13},"end":{"line":91,"column":1}},"37":{"start":{"line":91,"column":0},"end":{"line":91,"column":1}},"38":{"start":{"line":79,"column":13},"end":{"line":79,"column":39}},"39":{"start":{"line":94,"column":0},"end":{"line":106,"column":1}},"40":{"start":{"line":97,"column":2},"end":{"line":97,"column":30}},"41":{"start":{"line":101,"column":2},"end":{"line":101,"column":27}},"42":{"start":{"line":105,"column":2},"end":{"line":105,"column":27}},"43":{"start":{"line":94,"column":13},"end":{"line":106,"column":1}},"44":{"start":{"line":106,"column":0},"end":{"line":106,"column":1}},"45":{"start":{"line":94,"column":13},"end":{"line":94,"column":33}},"46":{"start":{"line":109,"column":0},"end":{"line":129,"column":1}},"47":{"start":{"line":112,"column":2},"end":{"line":112,"column":29}},"48":{"start":{"line":116,"column":2},"end":{"line":116,"column":35}},"49":{"start":{"line":120,"column":2},"end":{"line":120,"column":42}},"50":{"start":{"line":124,"column":2},"end":{"line":124,"column":35}},"51":{"start":{"line":128,"column":2},"end":{"line":128,"column":24}},"52":{"start":{"line":109,"column":13},"end":{"line":129,"column":1}},"53":{"start":{"line":129,"column":0},"end":{"line":129,"column":1}},"54":{"start":{"line":109,"column":13},"end":{"line":109,"column":33}},"55":{"start":{"line":132,"column":0},"end":{"line":144,"column":1}},"56":{"start":{"line":135,"column":2},"end":{"line":135,"column":39}},"57":{"start":{"line":139,"column":2},"end":{"line":139,"column":29}},"58":{"start":{"line":143,"column":2},"end":{"line":143,"column":27}},"59":{"start":{"line":132,"column":13},"end":{"line":144,"column":1}},"60":{"start":{"line":144,"column":0},"end":{"line":144,"column":1}},"61":{"start":{"line":132,"column":13},"end":{"line":132,"column":42}},"62":{"start":{"line":147,"column":0},"end":{"line":163,"column":1}},"63":{"start":{"line":150,"column":2},"end":{"line":150,"column":27}},"64":{"start":{"line":154,"column":2},"end":{"line":154,"column":24}},"65":{"start":{"line":158,"column":2},"end":{"line":158,"column":44}},"66":{"start":{"line":162,"column":2},"end":{"line":162,"column":21}},"67":{"start":{"line":147,"column":13},"end":{"line":163,"column":1}},"68":{"start":{"line":163,"column":0},"end":{"line":163,"column":1}},"69":{"start":{"line":147,"column":13},"end":{"line":147,"column":31}},"70":{"start":{"line":166,"column":0},"end":{"line":194,"column":1}},"71":{"start":{"line":169,"column":2},"end":{"line":169,"column":30}},"72":{"start":{"line":173,"column":2},"end":{"line":173,"column":14}},"73":{"start":{"line":177,"column":2},"end":{"line":177,"column":19}},"74":{"start":{"line":181,"column":2},"end":{"line":181,"column":19}},"75":{"start":{"line":185,"column":2},"end":{"line":185,"column":15}},"76":{"start":{"line":189,"column":2},"end":{"line":189,"column":15}},"77":{"start":{"line":193,"column":2},"end":{"line":193,"column":24}},"78":{"start":{"line":166,"column":13},"end":{"line":194,"column":1}},"79":{"start":{"line":194,"column":0},"end":{"line":194,"column":1}},"80":{"start":{"line":166,"column":13},"end":{"line":166,"column":33}},"81":{"start":{"line":197,"column":0},"end":{"line":225,"column":1}},"82":{"start":{"line":200,"column":2},"end":{"line":200,"column":42}},"83":{"start":{"line":204,"column":2},"end":{"line":204,"column":14}},"84":{"start":{"line":208,"column":2},"end":{"line":208,"column":19}},"85":{"start":{"line":212,"column":2},"end":{"line":212,"column":19}},"86":{"start":{"line":216,"column":2},"end":{"line":216,"column":15}},"87":{"start":{"line":220,"column":2},"end":{"line":220,"column":15}},"88":{"start":{"line":224,"column":2},"end":{"line":224,"column":25}},"89":{"start":{"line":197,"column":13},"end":{"line":225,"column":1}},"90":{"start":{"line":225,"column":0},"end":{"line":225,"column":1}},"91":{"start":{"line":197,"column":13},"end":{"line":197,"column":44}},"92":{"start":{"line":228,"column":0},"end":{"line":256,"column":1}},"93":{"start":{"line":231,"column":2},"end":{"line":231,"column":35}},"94":{"start":{"line":235,"column":2},"end":{"line":235,"column":14}},"95":{"start":{"line":239,"column":2},"end":{"line":239,"column":19}},"96":{"start":{"line":243,"column":2},"end":{"line":243,"column":19}},"97":{"start":{"line":247,"column":2},"end":{"line":247,"column":15}},"98":{"start":{"line":251,"column":2},"end":{"line":251,"column":15}},"99":{"start":{"line":255,"column":2},"end":{"line":255,"column":29}},"100":{"start":{"line":228,"column":13},"end":{"line":256,"column":1}},"101":{"start":{"line":256,"column":0},"end":{"line":256,"column":1}},"102":{"start":{"line":228,"column":13},"end":{"line":228,"column":38}},"103":{"start":{"line":259,"column":0},"end":{"line":287,"column":1}},"104":{"start":{"line":262,"column":2},"end":{"line":262,"column":42}},"105":{"start":{"line":266,"column":2},"end":{"line":266,"column":14}},"106":{"start":{"line":270,"column":2},"end":{"line":270,"column":19}},"107":{"start":{"line":274,"column":2},"end":{"line":274,"column":19}},"108":{"start":{"line":278,"column":2},"end":{"line":278,"column":15}},"109":{"start":{"line":282,"column":2},"end":{"line":282,"column":15}},"110":{"start":{"line":286,"column":2},"end":{"line":286,"column":29}},"111":{"start":{"line":259,"column":13},"end":{"line":287,"column":1}},"112":{"start":{"line":287,"column":0},"end":{"line":287,"column":1}},"113":{"start":{"line":259,"column":13},"end":{"line":259,"column":43}}},"fnMap":{"1":{"name":"(anonymous_1)","line":6,"loc":{"start":{"line":6,"column":0},"end":{"line":null,"column":-1}}},"2":{"name":"(anonymous_3)","line":29,"loc":{"start":{"line":29,"column":0},"end":{"line":null,"column":-1}}},"3":{"name":"(anonymous_5)","line":56,"loc":{"start":{"line":56,"column":0},"end":{"line":null,"column":-1}}},"4":{"name":"(anonymous_7)","line":79,"loc":{"start":{"line":79,"column":0},"end":{"line":null,"column":-1}}},"5":{"name":"(anonymous_9)","line":94,"loc":{"start":{"line":94,"column":0},"end":{"line":null,"column":-1}}},"6":{"name":"(anonymous_11)","line":109,"loc":{"start":{"line":109,"column":0},"end":{"line":null,"column":-1}}},"7":{"name":"(anonymous_13)","line":132,"loc":{"start":{"line":132,"column":0},"end":{"line":null,"column":-1}}},"8":{"name":"(anonymous_15)","line":147,"loc":{"start":{"line":147,"column":0},"end":{"line":null,"column":-1}}},"9":{"name":"(anonymous_17)","line":166,"loc":{"start":{"line":166,"column":0},"end":{"line":null,"column":-1}}},"10":{"name":"(anonymous_19)","line":197,"loc":{"start":{"line":197,"column":0},"end":{"line":null,"column":-1}}},"11":{"name":"(anonymous_21)","line":228,"loc":{"start":{"line":228,"column":0},"end":{"line":null,"column":-1}}},"12":{"name":"(anonymous_23)","line":259,"loc":{"start":{"line":259,"column":0},"end":{"line":null,"column":-1}}}},"branchMap":{},"s":{"1":0,"2":0,"3":0,"4":1,"5":0,"6":0,"7":0,"8":0,"9":0,"10":0,"11":0,"12":0,"13":1,"14":0,"15":0,"16":0,"17":0,"18":0,"19":0,"20":0,"21":0,"22":0,"23":1,"24":0,"25":0,"26":0,"27":0,"28":0,"29":0,"30":0,"31":0,"32":1,"33":0,"34":0,"35":0,"36":0,"37":0,"38":0,"39":1,"40":0,"41":0,"42":0,"43":0,"44":0,"45":0,"46":1,"47":0,"48":0,"49":0,"50":0,"51":0,"52":0,"53":0,"54":0,"55":1,"56":0,"57":0,"58":0,"59":0,"60":0,"61":0,"62":1,"63":0,"64":0,"65":0,"66":0,"67":0,"68":0,"69":0,"70":1,"71":0,"72":0,"73":0,"74":0,"75":0,"76":0,"77":0,"78":0,"79":0,"80":0,"81":1,"82":0,"83":0,"84":0,"85":0,"86":0,"87":0,"88":0,"89":0,"90":0,"91":0,"92":1,"93":0,"94":0,"95":0,"96":0,"97":0,"98":0,"99":0,"100":0,"101":0,"102":0,"103":1,"104":0,"105":0,"106":0,"107":0,"108":0,"109":0,"110":0,"111":0,"112":0,"113":0},"b":{},"f":{"1":0,"2":0,"3":0,"4":0,"5":0,"6":0,"7":0,"8":0,"9":0,"10":0,"11":0,"12":0},"l":{"1":0,"2":0,"3":0,"6":1,"9":0,"13":0,"17":0,"21":0,"25":0,"26":0,"29":1,"32":0,"36":0,"40":0,"44":0,"48":0,"52":0,"53":0,"56":1,"59":0,"63":0,"67":0,"71":0,"75":0,"76":0,"79":1,"82":0,"86":0,"90":0,"91":0,"94":1,"97":0,"101":0,"105":0,"106":0,"109":1,"112":0,"116":0,"120":0,"124":0,"128":0,"129":0,"132":1,"135":0,"139":0,"143":0,"144":0,"147":1,"150":0,"154":0,"158"
[...]
olumn":33}},"35":{"start":{"line":110,"column":4},"end":{"line":110,"column":69}},"36":{"start":{"line":111,"column":4},"end":{"line":111,"column":72}},"37":{"start":{"line":113,"column":4},"end":{"line":113,"column":113}},"38":{"start":{"line":115,"column":4},"end":{"line":149,"column":7}},"39":{"start":{"line":117,"column":6},"end":{"line":117,"column":38}},"40":{"start":{"line":118,"column":6},"end":{"line":118,"column":39}},"41":{"start":{"line":120,"column":6},"end":{"line":120,"column":52}},"42":{"start":{"line":123,"column":6},"end":{"line":123,"column":126}},"43":{"start":{"line":125,"column":6},"end":{"line":125,"column":73}},"44":{"start":{"line":127,"column":6},"end":{"line":127,"column":77}},"45":{"start":{"line":129,"column":6},"end":{"line":129,"column":88}},"46":{"start":{"line":131,"column":6},"end":{"line":131,"column":63}},"47":{"start":{"line":134,"column":6},"end":{"line":141,"column":7}},"48":{"start":{"line":136,"column":8},"end":{"line":136,"column":163}},"49":{"start":{"line":138,"column":8},"end":{"line":138,"column":153}},"50":{"start":{"line":140,"column":8},"end":{"line":140,"column":122}},"51":{"start":{"line":146,"column":6},"end":{"line":146,"column":31}},"52":{"start":{"line":147,"column":6},"end":{"line":147,"column":43}},"53":{"start":{"line":148,"column":6},"end":{"line":148,"column":24}},"54":{"start":{"line":156,"column":2},"end":{"line":210,"column":3}},"55":{"start":{"line":157,"column":4},"end":{"line":157,"column":66}},"56":{"start":{"line":160,"column":4},"end":{"line":209,"column":7}},"57":{"start":{"line":162,"column":6},"end":{"line":162,"column":46}},"58":{"start":{"line":163,"column":6},"end":{"line":163,"column":45}},"59":{"start":{"line":169,"column":6},"end":{"line":172,"column":9}},"60":{"start":{"line":170,"column":8},"end":{"line":170,"column":48}},"61":{"start":{"line":171,"column":8},"end":{"line":171,"column":46}},"62":{"start":{"line":175,"column":6},"end":{"line":175,"column":72}},"63":{"start":{"line":176,"column":6},"end":{"line":176,"column":68}},"64":{"start":{"line":178,"column":6},"end":{"line":208,"column":9}},"65":{"start":{"line":179,"column":8},"end":{"line":179,"column":37}},"66":{"start":{"line":180,"column":8},"end":{"line":180,"column":36}},"67":{"start":{"line":182,"column":8},"end":{"line":182,"column":24}},"68":{"start":{"line":185,"column":8},"end":{"line":204,"column":11}},"69":{"start":{"line":186,"column":10},"end":{"line":186,"column":153}},"70":{"start":{"line":187,"column":10},"end":{"line":187,"column":43}},"71":{"start":{"line":189,"column":10},"end":{"line":195,"column":13}},"72":{"start":{"line":190,"column":12},"end":{"line":194,"column":13}},"73":{"start":{"line":191,"column":14},"end":{"line":191,"column":37}},"74":{"start":{"line":192,"column":14},"end":{"line":192,"column":43}},"75":{"start":{"line":193,"column":14},"end":{"line":193,"column":84}},"76":{"start":{"line":197,"column":10},"end":{"line":201,"column":13}},"77":{"start":{"line":198,"column":12},"end":{"line":200,"column":13}},"78":{"start":{"line":199,"column":14},"end":{"line":199,"column":93}},"79":{"start":{"line":203,"column":10},"end":{"line":203,"column":27}},"80":{"start":{"line":207,"column":8},"end":{"line":207,"column":22}},"81":{"start":{"line":217,"column":2},"end":{"line":277,"column":3}},"82":{"start":{"line":218,"column":4},"end":{"line":218,"column":62}},"83":{"start":{"line":221,"column":4},"end":{"line":221,"column":33}},"84":{"start":{"line":224,"column":4},"end":{"line":276,"column":7}},"85":{"start":{"line":226,"column":6},"end":{"line":226,"column":22}},"86":{"start":{"line":228,"column":6},"end":{"line":228,"column":45}},"87":{"start":{"line":229,"column":6},"end":{"line":229,"column":82}},"88":{"start":{"line":237,"column":6},"end":{"line":237,"column":82}},"89":{"start":{"line":238,"column":6},"end":{"line":238,"column":69}},"90":{"start":{"line":239,"column":6},"end":{"line":239,"column":65}},"91":{"start":{"line":240,"column":6},"end":{"line":240,"column":98}},"92":{"start":{"line":242,"column":6},"end":{"line":275,"column":9}},"93":{"start":{"line":244,"column":8},"end":{"line":244,"column":43}},"94":{"start":{"line":245,"column":8},"end":{"line":245,"column":39}},"95":{"start":{"line":246,"column":8},"end":{"line":246,"column":38}},"96":{"start":{"line":247,"column":8},"end":{"line":247,"column":41}},"97":{"start":{"line":250,"column":8},"end":{"line":250,"column":52}},"98":{"start":{"line":252,"column":8},"end":{"line":252,"column":43}},"99":{"start":{"line":253,"column":8},"end":{"line":253,"column":49}},"100":{"start":{"line":254,"column":8},"end":{"line":254,"column":90}},"101":{"start":{"line":255,"column":8},"end":{"line":255,"column":46}},"102":{"start":{"line":256,"column":8},"end":{"line":256,"column":69}},"103":{"start":{"line":257,"column":8},"end":{"line":257,"column":67}},"104":{"start":{"line":259,"column":8},"end":{"line":259,"column":51}},"105":{"start":{"line":260,"column":8},"end":{"line":260,"column":61}},"106":{"start":{"line":261,"column":8},"end":{"line":261,"column":59}},"107":{"start":{"line":262,"column":8},"end":{"line":262,"column":53}},"108":{"start":{"line":263,"column":8},"end":{"line":263,"column":59}},"109":{"start":{"line":264,"column":8},"end":{"line":264,"column":49}},"110":{"start":{"line":266,"column":8},"end":{"line":266,"column":99}},"111":{"start":{"line":269,"column":8},"end":{"line":274,"column":11}},"112":{"start":{"line":271,"column":10},"end":{"line":271,"column":54}},"113":{"start":{"line":273,"column":10},"end":{"line":273,"column":26}},"114":{"start":{"line":284,"column":2},"end":{"line":291,"column":3}},"115":{"start":{"line":285,"column":4},"end":{"line":285,"column":78}},"116":{"start":{"line":288,"column":4},"end":{"line":288,"column":33}},"117":{"start":{"line":290,"column":4},"end":{"line":290,"column":90}},"118":{"start":{"line":310,"column":2},"end":{"line":314,"column":3}},"119":{"start":{"line":311,"column":4},"end":{"line":311,"column":66}},"120":{"start":{"line":313,"column":4},"end":{"line":313,"column":61}},"121":{"start":{"line":321,"column":2},"end":{"line":325,"column":3}},"122":{"start":{"line":322,"column":4},"end":{"line":322,"column":76}},"123":{"start":{"line":324,"column":4},"end":{"line":324,"column":91}},"124":{"start":{"line":332,"column":2},"end":{"line":349,"column":3}},"125":{"start":{"line":333,"column":4},"end":{"line":333,"column":62}},"126":{"start":{"line":336,"column":4},"end":{"line":336,"column":64}},"127":{"start":{"line":339,"column":4},"end":{"line":348,"column":7}},"128":{"start":{"line":340,"column":6},"end":{"line":340,"column":37}},"129":{"start":{"line":343,"column":6},"end":{"line":347,"column":9}},"130":{"start":{"line":344,"column":8},"end":{"line":344,"column":68}},"131":{"start":{"line":346,"column":8},"end":{"line":346,"column":22}},"132":{"start":{"line":350,"column":0},"end":{"line":350,"column":1}},"133":{"start":{"line":31,"column":13},"end":{"line":31,"column":32}}},"fnMap":{"1":{"name":"(anonymous_1)","line":31,"loc":{"start":{"line":31,"column":0},"end":{"line":null,"column":-1}}},"2":{"name":"(anonymous_3)","line":81,"loc":{"start":{"line":81,"column":2},"end":{"line":81,"column":75}}},"3":{"name":"(anonymous_4)","line":87,"loc":{"start":{"line":87,"column":106},"end":{"line":87,"column":111}}},"4":{"name":"(anonymous_5)","line":103,"loc":{"start":{"line":103,"column":2},"end":{"line":103,"column":42}}},"5":{"name":"(anonymous_6)","line":115,"loc":{"start":{"line":115,"column":78},"end":{"line":115,"column":84}}},"6":{"name":"(anonymous_7)","line":142,"loc":{"start":{"line":142,"column":13},"end":{"line":142,"column":18}}},"7":{"name":"(anonymous_8)","line":156,"loc":{"start":{"line":156,"column":2},"end":{"line":null,"column":-1}}},"8":{"name":"(anonymous_9)","line":160,"loc":{"start":{"line":160,"column":46},"end":{"line":160,"column":56}}},"9":{"name":"(anonymous_10)","line":169,"loc":{"start":{"line":169,"column":25},"end":{"line":169,"column":31}}},"10":{"name":"(anonymous_11)","line":178,"loc":{"start":{"line":178,"column":51},"end":{"line":178,"column":57}}},"11":{"name":"(anonymous_12)","line":185,"loc":{"start":{"line":185,"column":27},"end":{"line":185,"column":33}}},"12":{"name":"(anonymous_13)","line":189,"loc":{"start":{"line":189,"column":31},"end":{"line":189,"column":39}}},"13":{"name":"(anonymous_14)","line":197,"loc":{"start":{"line":197,"column":30},"end":{"line":197,"column":37}}},"14":{"name":"(anonymous_15)","line":217,"loc":{"start":{"line":217,"column":2},"end":{"line":217,"column":39}}},"15":{"name":"(anonymous_16)","line":224,"loc":{"start":{"line":224,"column":51},"end":{"line":224,"column":57}}},"16":{"name":"(anonymous_17)","line":242,"loc":{"start":{"line":242,"column":88},"end":{"line":242,"column":94}}},"17":{"name":"(anonymous_18)","line":269,"loc":{"start":{"line":269,"column":114},"end":{"line":269,"column":120}}},"18":{"name":"(anonymous_19)","line":284,"loc":{"start":{"line":284,"column":2},"end":{"line":284,"column":55}}},"19":{"name":"(anonymous_20)","line":310,"loc":{"start":{"line":310,"column":2},"end":{"line":310,"column":38}}},"20":{"name":"(anonymous_21)","line":321,"loc":{"start":{"line":321,"column":2},"end":{"line":321,"column":58}}},"21":{"name":"(anonymous_22)","line":332,"loc":{"start":{"line":332,"column":2},"end":{"line":332,"column":48}}},"22":{"name":"(anonymous_23)","line":339,"loc":{"start":{"line":339,"column":56},"end":{"line":339,"column":63}}},"23":{"name":"(anonymous_24)","line":343,"loc":{"start":{"line":343,"column":97},"end":{"line":343,"column":120}}}},"branchMap":{"1":{"line":31,"type":"binary-expr","locations":[{"start":{"line":31,"column":0},"end":{"line":350,"column":0}},{"start":{"line":31,"column":0},"end":{"line":350,"column":0}},{"start":{"line":31,"column":0},"end":{"line":350,"column":0}}]},"2":{"line":134,"type":"if","locations":[{"start":{"line":134,"column":6},"end":{"line":134,"column":5}},{"start":{"line":134,"column":6},"end":{"line":134,"column":5}}]},"3":{"line":190,"type":"if","locations":[{"start":{"line":190,"column":12},"end":{"line":190,"column":11}},{"start":{"line":190,"column":12},"end":{"line":190,"column":11}}]},"4":{"line":198,"type":"if","locations":[{"start":{"line":198,"column":12},"end":{"line":198,"column":11}},{"start":{"line":198,"column":12},"end":{"line":198,"column":11}}]}},"s":{"1":0,"2":0,"3":0,"4":0,"5":0,"6":0,"7":0,"8":0,"9":0,"10":0,"11":0,"12":0,"13":1,"14":0,"15":0,"16":0,"17":0,"18":0,"19":0,"20":0,"21":0,"22":0,"23":0,"24":0,"25":0,"26":0,"27":0,"28":0,"29":0,"30":0,"31":0,"32":0,"33":0,"34":0,"35":0,"36":0,"37":0,"38":0,"39":0,"40":0,"41":0,"42":0,"43":0,"44":0,"45":0,"46":0,"47":0,"48":0,"49":0,"50":0,"51":0,"52":0,"53":0,"54":0,"55":0,"56":0,"57":0,"58":0,"59":0,"60":0,"61":0,"62":0,"63":0,"64":0,"65":0,"66":0,"67":0,"68":0,"69":0,"70":0,"71":0,"72":0,"73":0,"74":0,"75":0,"76":0,"77":0,"78":0,"79":0,"80":0,"81":0,"82":0,"83":0,"84":0,"85":0,"86":0,"87":0,"88":0,"89":0,"90":0,"91":0,"92":0,"93":0,"94":0,"95":0,"96":0,"97":0,"98":0,"99":0,"100":0,"101":0,"102":0,"103":0,"104":0,"105":0,"106":0,"107":0,"108":0,"109":0,"110":0,"111":0,"112":0,"113":0,"114":0,"115":0,"116":0,"117":0,"118":0,"119":0,"120":0,"121":0,"122":0,"123":0,"124":0,"125":0,"126":0,"127":0,"128":0,"129":0,"130":0,"131":0,"132":0,"133":0},"b":{"1":[0,0,0],"2":[0,0],"3":[0,0],"4":[0,0]},"f":{"1":0,"2":0,"3":0,"4":0,"5":0,"6":0,"7":0,"8":0,"9":0,"10":0,"11":0,"12":0,"13":0,"14":0,"15":0,"16":0,"17":0,"18":0,"19":0,"20":0,"21":0,"22":0,"23":0},"l":{"1":0,"5":0,"9":0,"10":0,"12":0,"13":0,"14":0,"15":0,"16":0,"17":0,"18":0,"24":0,"31":1,"37":0,"43":0,"48":0,"53":0,"58":0,"63":0,"68":0,"73":0,"80":0,"81":0,"82":0,"85":0,"87":0,"91":0,"92":0,"93":0,"102":0,"103":0,"104":0,"107":0,"110":0,"111":0,"113":0,"115":0,"117":0,"118":0,"120":0,"123":0,"125":0,"127":0,"129":0,"131":0,"134":0,"136":0,"138":0,"140":0,"146":0,"147":0,"148":0,"156":0,"157":0,"160":0,"162":0,"163":0,"169":0,"170":0,"171":0,"175":0,"176":0,"178":0,"179":0,"180":0,"182":0,"185":0,"186":0,"187":0,"189":0,"190":0,"191":0,"192":0,"193":0,"197":0,"198":0,"199":0,"203":0,"207":0,"217":0,"218":0,"221":0,"224":0,"226":0,"228":0,"229":0,"237":0,"238":0,"239":0,"240":0,"242":0,"244":0,"245":0,"246":0,"247":0,"250":0,"252":0,"253":0,"254":0,"255":0,"256":0,"257":0,"259":0,"260":0,"261":0,"262":0,"263":0,"264":0,"266":0,"269":0,"271":0,"273":0,"284":0,"285":0,"288":0,"290":0,"310":0,"311":0,"313":0,"321":0,"322":0,"324":0,"332":0,"333":0,"336":0,"339":0,"340":0,"343":0,"344":0,"346":0,"350":0}},
"src/services/page/admin/fvm/form-service-impl.ts":{"path":"src/services/page/admin/fvm/form-service-impl.ts","statementMap":{"1":{"start":{"line":1,"column":0},"end":{"line":1,"column":40}},"2":{"start":{"line":5,"column":0},"end":{"line":5,"column":71}},"3":{"start":{"line":12,"column":0},"end":{"line":12,"column":98}},"4":{"start":{"line":19,"column":0},"end":{"line":106,"column":1}},"5":{"start":{"line":19,"column":37},"end":{"line":19,"column":48}},"6":{"start":{"line":26,"column":2},"end":{"line":41,"column":3}},"7":{"start":{"line":27,"column":4},"end":{"line":27,"column":66}},"8":{"start":{"line":29,"column":4},"end":{"line":33,"column":6}},"9":{"start":{"line":36,"column":4},"end":{"line":36,"column":24}},"10":{"start":{"line":37,"column":4},"end":{"line":37,"column":108}},"11":{"start":{"line":38,"column":4},"end":{"line":38,"column":144}},"12":{"start":{"line":40,"column":4},"end":{"line":40,"column":31}},"13":{"start":{"line":48,"column":2},"end":{"line":58,"column":3}},"14":{"start":{"line":49,"column":4},"end":{"line":49,"column":82}},"15":{"start":{"line":51,"column":4},"end":{"line":55,"column":6}},"16":{"start":{"line":57,"column":4},"end":{"line":57,"column":31}},"17":{"start":{"line":65,"column":2},"end":{"line":75,"column":3}},"18":{"start":{"line":66,"column":4},"end":{"line":66,"column":65}},"19":{"start":{"line":68,"column":4},"end":{"line":72,"column":6}},"20":{"start":{"line":74,"column":4},"end":{"line":74,"column":31}},"21":{"start":{"line":81,"column":2},"end":{"line":90,"column":3}},"22":{"start":{"line":82,"column":4},"end":{"line":82,"column":69}},"23":{"start":{"line":84,"column":4},"end":{"line":87,"column":6}},"24":{"start":{"line":89,"column":4},"end":{"line":89,"column":31}},"25":{"start":{"line":96,"column":2},"end":{"line":105,"column":3}},"26":{"start":{"line":97,"column":4},"end":{"line":97,"column":65}},"27":{"start":{"line":99,"column":4},"end":{"line":102,"column":6}},"28":{"start":{"line":104,"column":4},"end":{"line":104,"column":31}},"29":{"start":{"line":106,"column":0},"end":{"line":106,"column":1}},"30":{"start":{"line":19,"column":13},"end":{"line":19,"column":28}}},"fnMap":{"1":{"name":"(anonymous_1)","line":19,"loc":{"start":{"line":19,"column":0},"end":{"line":null,"column":-1}}},"2":{"name":"(anonymous_3)","line":26,"loc":{"start":{"line":26,"column":2},"end":{"line":26,"column":26}}},"3":{"name":"(anonymous_4)","line":48,"loc":{"start":{"line":48,"column":2},"end":{"line":48,"column":113}}},"4":{"name":"(anonymous_5)","line":65,"loc":{"start":{"line":65,"column":2},"end":{"line":65,"column":61}}},"5":{"name":"(anonymous_6)","line":81,"loc":{"start":{"line":81,"column":2},"end":{"line":null,"column":-1}}},"6":{"name":"(anonymous_7)","line":96,"loc":{"start":{"line":96,"column":2},"end":{"line":null,"column":-1}}}},"branchMap":{},"s":{"1":0,"2":0,"3":0,"4":1,"5":0,"6":0,"7":0,"8":0,"9":0,"10":0,"11":0,"12":0,"13":0,"14":0,"15":0,"16":0,"17":0,"18":0,"19":0,"20":0,"21":0,"22":0,"23":0,"24":0,"25":0,"26":0,"27":0,"28":0,"29":0,"30":0},"b":{},"f":{"1":0,"2":0,"3":0,"4":0,"5":0,"6":0},"l":{"1":0,"5":0,"12":0,"19":1,"26":0,"27":0,"29":0,"36":0,"37":0,"38":0,"40":0,"48":0,"49":0,"51":0,"57":0,"65":0,"66":0,"68":0,"74":0,"81":0,"82":0,"84":0,"89":0,"96":0,"97":0,"99":0,"104":0,"106":0}},
"src/services/page/admin/fvm/page-service-impl.ts":{"path":"src/services/page/admin/fvm/page-service-impl.ts","statementMap":{"1":{"start":{"line":1,"column":0},"end":{"line":1,"column":40}},"2":{"start":{"line":5,"column":0},"end":{"line":5,"column":71}},"3":{"start":{"line":13,"column":0},"end":{"line":13,"column":98}},"4":{"start":{"line":20,"column":0},"end":{"line":158,"column":1}},"5":{"start":{"line":20,"column":37},"end":{"line":20,"column":48}},"6":{"start":{"line":27,"column":2},"end":{"line":37,"column":3}},"7":{"start":{"line":28,"column":4},"end":{"line":28,"column":84}},"8":{"start":{"line":30,"column":4},"end":{"line":34,"column":6}},"9":{"start":{"line":36,"column":4},"end":{"line":36,"column":31}},"10":{"start":{"line":44,"column":2},"end":{"line":54,"column":3}},"11":{"start":{"line":45,"column":4},"end":{"line":45,"column":68}},"12":{"start":{"line":47,"column":4},"end":{"line":51,"column":6}},"13":{"start":{"line":53,"column":4},"end":{"line":53,"column":31}},"14":{"start":{"line":60,"column":2},"end":{"line":69,"column":3}},"15":{"start":{"line":61,"column":4},"end":{"line":61,"column":67}},"16":{"start":{"line":63,"column":4},"end":{"line":66,"column":6}},"17":{"start":{"line":68,"column":4},"end":{"line":68,"column":31}},"18":{"start":{"line":76,"column":2},"end":{"line":86,"column":3}},"19":{"start":{"line":77,"column":4},"end":{"line":77,"column":62}},"20":{"start":{"line":79,"column":4},"end":{"line":83,"column":6}},"21":{"start":{"line":85,"column":4},"end":{"line":85,"column":31}},"22":{"start":{"line":93,"column":2},"end":{"line":103,"column":3}},"23":{"start":{"line":94,"column":4},"end":{"line":94,"column":78}},"24":{"start":{"line":96,"column":4},"end":{"line":100,"column":6}},"25":{"start":{"line":102,"column":4},"end":{"line":102,"column":31}},"26":{"start":{"line":110,"column":2},"end":{"line":114,"column":3}},"27":{"start":{"line":111,"column":4},"end":{"line":111,"column":66}},"28":{"start":{"line":113,"column":4},"end":{"line":113,"column":72}},"29":{"start":{"line":121,"column":2},"end":{"line":125,"column":3}},"30":{"start":{"line":122,"column":4},"end":{"line":122,"column":76}},"31":{"start":{"line":124,"column":4},"end":{"line":124,"column":72}},"32":{"start":{"line":132,"column":2},"end":{"line":136,"column":3}},"33":{"start":{"line":133,"column":4},"end":{"line":133,"column":81}},"34":{"start":{"line":135,"column":4},"end":{"line":135,"column":72}},"35":{"start":{"line":158,"column":0},"end":{"line":158,"column":1}},"36":{"start":{"line":20,"column":13},"end":{"line":20,"column":28}}},"fnMap":{"1":{"name":"(anonymous_1)","line":20,"loc":{"start":{"line":20,"column":0},"end":{"line":null,"column":-1}}},"2":{"name":"(anonymous_3)","line":27,"loc":{"start":{"line":27,"column":2},"end":{"line":27,"column":75}}},"3":{"name":"(anonymous_4)","line":44,"loc":{"start":{"line":44,"column":2},"end":{"line":44,"column":42}}},"4":{"name":"(anonymous_5)","line":60,"loc":{"start":{"line":60,"column":2},"end":{"line":null,"column":-1}}},"5":{"name":"(anonymous_6)","line":76,"loc":{"start":{"line":76,"column":2},"end":{"line":76,"column":39}}},"6":{"name":"(anonymous_7)","line":93,"loc":{"start":{"line":93,"column":2},"end":{"line":93,"column":55}}},"7":{"name":"(anonymous_8)","line":110,"loc":{"start":{"line":110,"column":2},"end":{"line":110,"column":38}}},"8":{"name":"(anonymous_9)","line":121,"loc":{"start":{"line":121,"column":2},"end":{"line":121,"column":58}}},"9":{"name":"(anonymous_10)","line":132,"loc":{"start":{"line":132,"column":2},"end":{"line":132,"column":48}}}},"branchMap":{},"s":{"1":0,"2":0,"3":0,"4":1,"5":0,"6":0,"7":0,"8":0,"9":0,"10":0,"11":0,"12":0,"13":0,"14":0,"15":0,"16":0,"17":0,"18":0,"19":0,"20":0,"21":0,"22":0,"23":0,"24":0,"25":0,"26":0,"27":0,"28":0,"29":0,"30":0,"31":0,"32":0,"33":0,"34":0,"35":0,"36":0},"b":{},"f":{"1":0,"2":0,"3":0,"4":0,"5":0,"6":0,"7":0,"8":0,"9":0},"l":{"1":0,"5":0,"13":0,"20":1,"27":0,"28":0,"30":0,"36":0,"44":0,"45":0,"47":0,"53":0,"60":0,"61":0,"63":0,"68":0,"76":0,"77":0,"79":0,"85":0,"93":0,"94":0,"96":0,"102":0,"110":0,"111":0,"113":0,"121":0,"122":0,"124":0,"132":0,"133":0,"135":0,"158":0}}}
