{
"/home/jonathanstage/Dev/workspace-js/workspace-projet-hornet/projet-hornet/src/client.js":{"path":"/home/jonathanstage/Dev/workspace-js/workspace-projet-hornet/projet-hornet/src/client.js","s":{"1":0,"2":0,"3":0,"4":0,"5":0,"6":0,"7":0,"8":0,"9":0,"10":0,"11":1,"12":0,"13":0,"14":0,"15":0,"16":0,"17":0,"18":0,"19":0,"20":0,"21":0,"22":0,"23":0,"24":0},"b":{"1":[0,0]},"f":{"1":0,"2":0,"3":0,"4":0},"fnMap":{"1":{"name":"startClient","line":10,"loc":{"start":{"line":10,"column":1},"end":{"line":10,"column":24}}},"2":{"name":"routeLoader","line":12,"loc":{"start":{"line":12,"column":4},"end":{"line":12,"column":41}}},"3":{"name":"(anonymous_3)","line":29,"loc":{"start":{"line":29,"column":26},"end":{"line":29,"column":38}}},"4":{"name":"(anonymous_4)","line":36,"loc":{"start":{"line":36,"column":28},"end":{"line":36,"column":40}}}},"statementMap":{"1":{"start":{"line":2,"column":0},"end":{"line":2,"column":62}},"2":{"start":{"line":3,"column":0},"end":{"line":3,"column":51}},"3":{"start":{"line":4,"column":0},"end":{"line":4,"column":52}},"4":{"start":{"line":5,"column":0},"end":{"line":5,"column":42}},"5":{"start":{"line":6,"column":0},"end":{"line":6,"column":57}},"6":{"start":{"line":7,"column":0},"end":{"line":7,"column":89}},"7":{"start":{"line":8,"column":0},"end":{"line":8,"column":82}},"8":{"start":{"line":9,"column":0},"end":{"line":9,"column":44}},"9":{"start":{"line":10,"column":0},"end":{"line":48,"column":5}},"10":{"start":{"line":11,"column":4},"end":{"line":11,"column":75}},"11":{"start":{"line":12,"column":4},"end":{"line":16,"column":5}},"12":{"start":{"line":13,"column":8},"end":{"line":13,"column":55}},"13":{"start":{"line":15,"column":8},"end":{"line":15,"column":20}},"14":{"start":{"line":17,"column":4},"end":{"line":47,"column":5}},"15":{"start":{"line":18,"column":8},"end":{"line":18,"column":41}},"16":{"start":{"line":19,"column":8},"end":{"line":33,"column":10}},"17":{"start":{"line":30,"column":20},"end":{"line":30,"column":90}},"18":{"start":{"line":36,"column":8},"end":{"line":41,"column":10}},"19":{"start":{"line":37,"column":12},"end":{"line":37,"column":76}},"20":{"start":{"line":38,"column":12},"end":{"line":40,"column":13}},"21":{"start":{"line":39,"column":16},"end":{"line":39,"column":62}},"22":{"start":{"line":42,"column":8},"end":{"line":42,"column":109}},"23":{"start":{"line":43,"column":8},"end":{"line":43,"column":63}},"24":{"start":{"line":46,"column":8},"end":{"line":46,"column":90}}},"branchMap":{"1":{"line":38,"type":"if","locations":[{"start":{"line":38,"column":12},"end":{"line":38,"column":12}},{"start":{"line":38,"column":12},"end":{"line":38,"column":12}}]}},"l":{"2":0,"3":0,"4":0,"5":0,"6":0,"7":0,"8":0,"9":0,"10":0,"11":0,"12":1,"13":0,"15":0,"17":0,"18":0,"19":0,"30":0,"36":0,"37":0,"38":0,"39":0,"42":0,"43":0,"46":0}},
"/home/jonathanstage/Dev/workspace-js/workspace-projet-hornet/projet-hornet/src/injector-context-services-data.js":{"path":"/home/jonathanstage/Dev/workspace-js/workspace-projet-hornet/projet-hornet/src/injector-context-services-data.js","s":{"1":0,"2":0,"3":0,"4":0,"5":0,"6":0,"7":0,"8":0,"9":0,"10":0,"11":0,"12":0,"13":0,"14":0,"15":0},"b":{"1":[0,0],"2":[0,0]},"f":{"1":0,"2":0,"3":0,"4":0},"fnMap":{"1":{"name":"(anonymous_1)","line":10,"loc":{"start":{"line":10,"column":31},"end":{"line":10,"column":43}}},"2":{"name":"(anonymous_2)","line":11,"loc":{"start":{"line":11,"column":12},"end":{"line":11,"column":26}}},"3":{"name":"(anonymous_3)","line":18,"loc":{"start":{"line":18,"column":31},"end":{"line":18,"column":43}}},"4":{"name":"(anonymous_4)","line":19,"loc":{"start":{"line":19,"column":12},"end":{"line":19,"column":26}}}},"statementMap":{"1":{"start":{"line":2,"column":0},"end":{"line":2,"column":62}},"2":{"start":{"line":3,"column":0},"end":{"line":3,"column":63}},"3":{"start":{"line":4,"column":0},"end":{"line":4,"column":67}},"4":{"start":{"line":5,"column":0},"end":{"line":5,"column":51}},"5":{"start":{"line":6,"column":0},"end":{"line":6,"column":66}},"6":{"start":{"line":7,"column":0},"end":{"line":7,"column":61}},"7":{"start":{"line":8,"column":0},"end":{"line":23,"column":1}},"8":{"start":{"line":9,"column":4},"end":{"line":14,"column":7}},"9":{"start":{"line":10,"column":45},"end":{"line":10,"column":112}},"10":{"start":{"line":12,"column":8},"end":{"line":12,"column":44}},"11":{"start":{"line":13,"column":8},"end":{"line":13,"column":144}},"12":{"start":{"line":17,"column":4},"end":{"line":22,"column":7}},"13":{"start":{"line":18,"column":45},"end":{"line":18,"column":102}},"14":{"start":{"line":20,"column":8},"end":{"line":20,"column":164}},"15":{"start":{"line":21,"column":8},"end":{"line":21,"column":128}}},"branchMap":{"1":{"line":8,"type":"if","locations":[{"start":{"line":8,"column":0},"end":{"line":8,"column":0}},{"start":{"line":8,"column":0},"end":{"line":8,"column":0}}]},"2":{"line":8,"type":"binary-expr","locations":[{"start":{"line":8,"column":4},"end":{"line":8,"column":70}},{"start":{"line":8,"column":74},"end":{"line":8,"column":152}}]}},"l":{"2":0,"3":0,"4":0,"5":0,"6":0,"7":0,"8":0,"9":0,"10":0,"12":0,"13":0,"17":0,"18":0,"20":0,"21":0}},
"/home/jonathanstage/Dev/workspace-js/workspace-projet-hornet/projet-hornet/src/injector-context-services-page.js":{"path":"/home/jonathanstage/Dev/workspace-js/workspace-projet-hornet/projet-hornet/src/injector-context-services-page.js","s":{"1":0,"2":0,"3":0},"b":{"1":[0,0],"2":[0,0]},"f":{},"fnMap":{},"statementMap":{"1":{"start":{"line":2,"column":0},"end":{"line":2,"column":62}},"2":{"start":{"line":3,"column":0},"end":{"line":3,"column":51}},"3":{"start":{"line":4,"column":0},"end":{"line":8,"column":1}}},"branchMap":{"1":{"line":4,"type":"if","locations":[{"start":{"line":4,"column":0},"end":{"line":4,"column":0}},{"start":{"line":4,"column":0},"end":{"line":4,"column":0}}]},"2":{"line":4,"type":"binary-expr","locations":[{"start":{"line":4,"column":4},"end":{"line":4,"column":70}},{"start":{"line":4,"column":74},"end":{"line":4,"column":152}}]}},"l":{"2":0,"3":0,"4":0}},
"/home/jonathanstage/Dev/workspace-js/workspace-projet-hornet/projet-hornet/src/server.js":{"path":"/home/jonathanstage/Dev/workspace-js/workspace-projet-hornet/projet-hornet/src/server.js","s":{"1":0,"2":0,"3":0,"4":0,"5":0,"6":0,"7":0,"8":0,"9":0,"10":0,"11":0,"12":0,"13":0,"14":0,"15":0,"16":0,"17":0,"18":0,"19":0,"20":0,"21":0,"22":1,"23":0,"24":0,"25":0,"26":0,"27":0,"28":0,"29":0,"30":0,"31":0,"32":0,"33":0,"34":0,"35":0,"36":0,"37":1,"38":0,"39":0,"40":0,"41":0,"42":0,"43":0,"44":0,"45":0,"46":0,"47":0,"48":0,"49":0,"50":0,"51":0,"52":0,"53":0,"54":0,"55":0,"56":0,"57":0,"58":0,"59":0,"60":0,"61":0,"62":0,"63":0,"64":0,"65":0,"66":0,"67":0,"68":0,"69":0,"70":0,"71":0,"72":0},"b":{"1":[0,0,0,0],"2":[0,0],"3":[0,0],"4":[0,0],"5":[0,0],"6":[0,0,0],"7":[0,0],"8":[0,0]},"f":{"1":0,"2":0,"3":0,"4":0,"5":0,"6":0,"7":0,"8":0,"9":0,"10":0,"11":0,"12":0,"13":0,"14":0},"fnMap":{"1":{"name":"initContext","line":28,"loc":{"start":{"line":28,"column":0},"end":{"line":28,"column":23}}},"2":{"name":"(anonymous_2)","line":29,"loc":{"start":{"line":29,"column":51},"end":{"line":29,"column":63}}},"3":{"name":"(anonymous_3)","line":30,"loc":{"start":{"line":30,"column":41},"end":{"line":30,"column":55}}},"4":{"name":"(anonymous_4)","line":32,"loc":{"start":{"line":32,"column":68},"end":{"line":32,"column":80}}},"5":{"name":"(anonymous_5)","line":35,"loc":{"start":{"line":35,"column":64},"end":{"line":35,"column":76}}},"6":{"name":"(anonymous_6)","line":38,"loc":{"start":{"line":38,"column":64},"end":{"line":38,"column":76}}},"7":{"name":"(anonymous_7)","line":52,"loc":{"start":{"line":52,"column":28},"end":{"line":52,"column":40}}},"8":{"name":"Server","line":53,"loc":{"start":{"line":53,"column":4},"end":{"line":53,"column":22}}},"9":{"name":"(anonymous_9)","line":55,"loc":{"start":{"line":55,"column":23},"end":{"line":55,"column":35}}},"10":{"name":"(anonymous_10)","line":87,"loc":{"start":{"line":87,"column":24},"end":{"line":87,"column":36}}},"11":{"name":"(anonymous_11)","line":112,"loc":{"start":{"line":112,"column":30},"end":{"line":112,"column":42}}},"12":{"name":"(anonymous_12)","line":113,"loc":{"start":{"line":113,"column":27},"end":{"line":113,"column":56}}},"13":{"name":"(anonymous_13)","line":128,"loc":{"start":{"line":128,"column":29},"end":{"line":128,"column":41}}},"14":{"name":"(anonymous_14)","line":137,"loc":{"start":{"line":137,"column":19},"end":{"line":137,"column":48}}}},"statementMap":{"1":{"start":{"line":2,"column":0},"end":{"line":2,"column":62}},"2":{"start":{"line":3,"column":0},"end":{"line":3,"column":31}},"3":{"start":{"line":5,"column":0},"end":{"line":5,"column":51}},"4":{"start":{"line":6,"column":0},"end":{"line":6,"column":23}},"5":{"start":{"line":7,"column":0},"end":{"line":7,"column":58}},"6":{"start":{"line":8,"column":0},"end":{"line":8,"column":56}},"7":{"start":{"line":9,"column":0},"end":{"line":9,"column":57}},"8":{"start":{"line":10,"column":0},"end":{"line":10,"column":63}},"9":{"start":{"line":11,"column":0},"end":{"line":11,"column":89}},"10":{"start":{"line":13,"column":0},"end":{"line":13,"column":42}},"11":{"start":{"line":14,"column":0},"end":{"line":14,"column":103}},"12":{"start":{"line":15,"column":0},"end":{"line":15,"column":77}},"13":{"start":{"line":16,"column":0},"end":{"line":16,"column":82}},"14":{"start":{"line":18,"column":0},"end":{"line":18,"column":90}},"15":{"start":{"line":19,"column":0},"end":{"line":19,"column":100}},"16":{"start":{"line":21,"column":0},"end":{"line":21,"column":94}},"17":{"start":{"line":22,"column":0},"end":{"line":22,"column":84}},"18":{"start":{"line":23,"column":0},"end":{"line":23,"column":70}},"19":{"start":{"line":24,"column":0},"end":{"line":24,"column":63}},"20":{"start":{"line":25,"column":0},"end":{"line":25,"column":52}},"21":{"start":{"line":27,"column":0},"end":{"line":27,"column":71}},"22":{"start":{"line":28,"column":0},"end":{"line":43,"column":1}},"23":{"start":{"line":29,"column":4},"end":{"line":42,"column":7}},"24":{"start":{"line":30,"column":8},"end":{"line":41,"column":11}},"25":{"start":{"line":31,"column":12},"end":{"line":40,"column":13}},"26":{"start":{"line":32,"column":24},"end":{"line":32,"column":138}},"27":{"start":{"line":32,"column":82},"end":{"line":32,"column":133}},"28":{"start":{"line":34,"column":20},"end":{"line":34,"column":30}},"29":{"start":{"line":35,"column":20},"end":{"line":35,"column":134}},"30":{"start":{"line":35,"column":78},"end":{"line":35,"column":129}},"31":{"start":{"line":37,"column":20},"end":{"line":37,"column":30}},"32":{"start":{"line":38,"column":20},"end":{"line":38,"column":133}},"33":{"start":{"line":38,"column":78},"end":{"line":38,"column":128}},"34":{"start":{"line":39,"column":24},"end":{"line":39,"column":57}},"35":{"start":{"line":44,"column":0},"end":{"line":44,"column":32}},"36":{"start":{"line":52,"column":0},"end":{"line":143,"column":5}},"37":{"start":{"line":53,"column":4},"end":{"line":54,"column":5}},"38":{"start":{"line":55,"column":4},"end":{"line":86,"column":6}},"39":{"start":{"line":56,"column":8},"end":{"line":75,"column":10}},"40":{"start":{"line":76,"column":8},"end":{"line":76,"column":89}},"41":{"start":{"line":77,"column":8},"end":{"line":77,"column":91}},"42":{"start":{"line":78,"column":8},"end":{"line":84,"column":9}},"43":{"start":{"line":79,"column":12},"end":{"line":83,"column":14}},"44":{"start":{"line":85,"column":8},"end":{"line":85,"column":28}},"45":{"start":{"line":87,"column":4},"end":{"line":111,"column":6}},"46":{"start":{"line":88,"column":8},"end":{"line":91,"column":116}},"47":{"start":{"line":92,"column":8},"end":{"line":109,"column":9}},"48":{"start":{"line":93,"column":12},"end":{"line":93,"column":220}},"49":{"start":{"line":94,"column":12},"end":{"line":94,"column":91}},"50":{"start":{"line":95,"column":12},"end":{"line":103,"column":153}},"51":{"start":{"line":104,"column":12},"end":{"line":104,"column":82}},"52":{"start":{"line":105,"column":12},"end":{"line":105,"column":113}},"53":{"start":{"line":108,"column":12},"end":{"line":108,"column":117}},"54":{"start":{"line":110,"column":8},"end":{"line":110,"column":36}},"55":{"start":{"line":112,"column":4},"end":{"line":136,"column":6}},"56":{"start":{"line":113,"column":8},"end":{"line":135,"column":11}},"57":{"start":{"line":114,"column":12},"end":{"line":134,"column":13}},"58":{"start":{"line":117,"column":16},"end":{"line":117,"column":35}},"59":{"start":{"line":118,"column":16},"end":{"line":118,"column":95}},"60":{"start":{"line":119,"column":16},"end":{"line":124,"column":17}},"61":{"start":{"line":120,"column":20},"end":{"line":120,"column":101}},"62":{"start":{"line":122,"column":21},"end":{"line":124,"column":17}},"63":{"start":{"line":123,"column":20},"end":{"line":123,"column":105}},"64":{"start":{"line":125,"column":16},"end":{"line":130,"column":19}},"65":{"start":{"line":129,"column":20},"end":{"line":129,"column":52}},"66":{"start":{"line":133,"column":16},"end":{"line":133,"column":48}},"67":{"start":{"line":137,"column":4},"end":{"line":141,"column":6}},"68":{"start":{"line":138,"column":8},"end":{"line":138,"column":84}},"69":{"start":{"line":139,"column":8},"end":{"line":139,"column":86}},"70":{"start":{"line":140,"column":8},"end":{"line":140,"column":23}},"71":{"start":{"line":142,"column":4},"end":{"line":142,"column":18}},"72":{"start":{"line":144,"column":0},"end":{"line":144,"column":24}}},"branchMap":{"1":{"line":31,"type":"switch","locations":[{"start":{"line":32,"column":16},"end":{"line":32,"column":138}},{"start":{"line":33,"column":16},"end":{"line":35,"column":134}},{"start":{"line":36,"column":16},"end":{"line":38,"column":133}},{"start":{"line":39,"column":16},"end":{"line":39,"column":57}}]},"2":{"line":78,"type":"if","locations":[{"start":{"line":78,"column":8},"end":{"line":78,"column":8}},{"start":{"line":78,"column":8},"end":{"line":78,"column":8}}]},"3":{"line":78,"type":"binary-expr","locations":[{"start":{"line":78,"column":12},"end":{"line":78,"column":15}},{"start":{"line":78,"column":19},"end":{"line":78,"column":23}}]},"4":{"line":92,"type":"if","locations":[{"start":{"line":92,"column":8},"end":{"line":92,"column":8}},{"start":{"line":92,"column":8},"end":{"line":92,"column":8}}]},"5":{"line":114,"type":"if","locations":[{"start":{"line":114,"column":12},"end":{"line":114,"column":12}},{"start":{"line":114,"column":12},"end":{"line":114,"column":12}}]},"6":{"line":114,"type":"binary-expr","locations":[{"start":{"line":114,"column":16},"end":{"line":114,"column":53}},{"start":{"line":115,"column":16},"end":{"line":115,"column":83}},{"start":{"line":116,"column":16},"end":{"line":116,"column":95}}]},"7":{"line":119,"type":"if","locations":[{"start":{"line":119,"column":16},"end":{"line":119,"column":16}},{"start":{"line":119,"column":16},"end":{"line":119,"column":16}}]},"8":{"line":122,"type":"if","locations":[{"start":{"line":122,"column":21},"end":{"line":122,"column":21}},{"start":{"line":122,"column":21},"end":{"line":122,"column":21}}]}},"l":{"2":0,"3":0,"5":0,"6":0,"7":0,"8":0,"9":0,"10":0,"11":0,"13":0,"14":0,"15":0,"16":0,"18":0,"19":0,"21":0,"22":0,"23":0,"24":0,"25":0,"27":0,"28":1,"29":0,"30":0,"31":0,"32":0,"34":0,"35":0,"37":0,"38":0,"39":0,"44":0,"52":0,"53":1,"55":0,"56":0,"76":0,"77":0,"78":0,"79":0,"85":0,"87":0,"88":0,"92":0,"93":0,"94":0,"95":0,"104":0,"105":0,"108":0,"110":0,"112":0,"113":0,"114":0,"117":0,"118":0,"119":0,"120":0,"122":0,"123":0,"125":0,"129":0,"133":0,"137":0,"138":0,"139":0,"140":0,"142":0,"144":0}},
"/home/jonathanstage/Dev/workspace-js/workspace-projet-hornet/projet-hornet/src/dao/entity-dao.js":{"path":"/home/jonathanstage/Dev/workspace-js/workspace-projet-hornet/projet-hornet/src/dao/entity-dao.js","s":{"1":0,"2":0,"3":0,"4":0,"5":0,"6":0,"7":0,"8":0,"9":1,"10":0,"11":0,"12":0,"13":0},"b":{"1":[0,0]},"f":{"1":0,"2":0},"fnMap":{"1":{"name":"(anonymous_1)","line":18,"loc":{"start":{"line":18,"column":31},"end":{"line":18,"column":49}}},"2":{"name":"EntityDAO","line":24,"loc":{"start":{"line":24,"column":4},"end":{"line":24,"column":33}}}},"statementMap":{"1":{"start":{"line":2,"column":0},"end":{"line":2,"column":62}},"2":{"start":{"line":3,"column":0},"end":{"line":3,"column":31}},"3":{"start":{"line":5,"column":0},"end":{"line":5,"column":59}},"4":{"start":{"line":6,"column":0},"end":{"line":6,"column":67}},"5":{"start":{"line":8,"column":0},"end":{"line":8,"column":100}},"6":{"start":{"line":10,"column":0},"end":{"line":10,"column":41}},"7":{"start":{"line":18,"column":0},"end":{"line":33,"column":52}},"8":{"start":{"line":19,"column":4},"end":{"line":19,"column":41}},"9":{"start":{"line":24,"column":4},"end":{"line":26,"column":5}},"10":{"start":{"line":25,"column":8},"end":{"line":25,"column":51}},"11":{"start":{"line":27,"column":4},"end":{"line":31,"column":18}},"12":{"start":{"line":32,"column":4},"end":{"line":32,"column":21}},"13":{"start":{"line":34,"column":0},"end":{"line":34,"column":30}}},"branchMap":{"1":{"line":25,"type":"binary-expr","locations":[{"start":{"line":25,"column":15},"end":{"line":25,"column":42}},{"start":{"line":25,"column":46},"end":{"line":25,"column":50}}]}},"l":{"2":0,"3":0,"5":0,"6":0,"8":0,"10":0,"18":0,"19":0,"24":1,"25":0,"27":0,"32":0,"34":0}},
"/home/jonathanstage/Dev/workspace-js/workspace-projet-hornet/projet-hornet/src/dao/model-dao.js":{"path":"/home/jonathanstage/Dev/workspace-js/workspace-projet-hornet/projet-hornet/src/dao/model-dao.js","s":{"1":0,"2":0,"3":0,"4":0,"5":0,"6":0,"7":0,"8":0,"9":0,"10":0,"11":0,"12":0,"13":0,"14":0,"15":0,"16":0,"17":0,"18":0,"19":0,"20":0,"21":0,"22":0,"23":0,"24":0,"25":0,"26":0,"27":0,"28":0,"29":0,"30":0,"31":0,"32":0,"33":0,"34":0,"35":0,"36":0,"37":0,"38":1,"39":0,"40":0,"41":0,"42":0,"43":0,"44":0,"45":0,"46":0,"47":0,"48":0,"49":0,"50":0,"51":0,"52":0,"53":0,"54":0,"55":0,"56":0,"57":0,"58":0,"59":0,"60":0,"61":0,"62":0,"63":0,"64":0,"65":0,"66":0,"67":0,"68":0,"69":0,"70":0,"71":0,"72":0,"73":0,"74":0,"75":0,"76":0,"77":0,"78":0,"79":0},"b":{"1":[0,0]},"f":{"1":0,"2":0,"3":0,"4":0},"fnMap":{"1":{"name":"(anonymous_1)","line":46,"loc":{"start":{"line":46,"column":30},"end":{"line":46,"column":48}}},"2":{"name":"ModelDAO","line":52,"loc":{"start":{"line":52,"column":4},"end":{"line":52,"column":28}}},"3":{"name":"(anonymous_3)","line":63,"loc":{"start":{"line":63,"column":47},"end":{"line":63,"column":59}}},"4":{"name":"(anonymous_4)","line":69,"loc":{"start":{"line":69,"column":40},"end":{"line":69,"column":52}}}},"statementMap":{"1":{"start":{"line":2,"column":0},"end":{"line":2,"column":62}},"2":{"start":{"line":3,"column":0},"end":{"line":3,"column":31}},"3":{"start":{"line":5,"column":0},"end":{"line":5,"column":65}},"4":{"start":{"line":6,"column":0},"end":{"line":6,"column":57}},"5":{"start":{"line":7,"column":0},"end":{"line":7,"column":61}},"6":{"start":{"line":8,"column":0},"end":{"line":8,"column":65}},"7":{"start":{"line":9,"column":0},"end":{"line":9,"column":63}},"8":{"start":{"line":10,"column":0},"end":{"line":10,"column":95}},"9":{"start":{"line":11,"column":0},"end":{"line":11,"column":61}},"10":{"start":{"line":12,"column":0},"end":{"line":12,"column":85}},"11":{"start":{"line":13,"column":0},"end":{"line":13,"column":71}},"12":{"start":{"line":14,"column":0},"end":{"line":14,"column":71}},"13":{"start":{"line":15,"column":0},"end":{"line":15,"column":91}},"14":{"start":{"line":16,"column":0},"end":{"line":16,"column":71}},"15":{"start":{"line":17,"column":0},"end":{"line":17,"column":95}},"16":{"start":{"line":18,"column":0},"end":{"line":18,"column":61}},"17":{"start":{"line":19,"column":0},"end":{"line":19,"column":65}},"18":{"start":{"line":20,"column":0},"end":{"line":20,"column":63}},"19":{"start":{"line":21,"column":0},"end":{"line":21,"column":85}},"20":{"start":{"line":22,"column":0},"end":{"line":22,"column":71}},"21":{"start":{"line":23,"column":0},"end":{"line":23,"column":71}},"22":{"start":{"line":24,"column":0},"end":{"line":24,"column":91}},"23":{"start":{"line":25,"column":0},"end":{"line":25,"column":67}},"24":{"start":{"line":26,"column":0},"end":{"line":26,"column":71}},"25":{"start":{"line":27,"column":0},"end":{"line":27,"column":93}},"26":{"start":{"line":28,"column":0},"end":{"line":28,"column":81}},"27":{"start":{"line":29,"column":0},"end":{"line":29,"column":91}},"28":{"start":{"line":30,"column":0},"end":{"line":30,"column":58}},"29":{"start":{"line":31,"column":0},"end":{"line":31,"column":62}},"30":{"start":{"line":32,"column":0},"end":{"line":32,"column":82}},"31":{"start":{"line":34,"column":0},"end":{"line":34,"column":83}},"32":{"start":{"line":36,"column":0},"end":{"line":36,"column":67}},"33":{"start":{"line":37,"column":0},"end":{"line":37,"column":59}},"34":{"start":{"line":39,"column":0},"end":{"line":39,"column":98}},"35":{"start":{"line":41,"column":0},"end":{"line":41,"column":84}},"36":{"start":{"line":46,"column":0},"end":{"line":191,"column":50}},"37":{"start":{"line":47,"column":4},"end":{"line":47,"column":40}},"38":{"start":{"line":52,"column":4},"end":{"line":58,"column":5}},"39":{"start":{"line":53,"column":8},"end":{"line":53,"column":52}},"40":{"start":{"line":55,"column":8},"end":{"line":55,"column":38}},"41":{"start":{"line":56,"column":8},"end":{"line":56,"column":31}},"42":{"start":{"line":57,"column":8},"end":{"line":57,"column":21}},"43":{"start":{"line":59,"column":4},"end":{"line":59,"column":26}},"44":{"start":{"line":63,"column":4},"end":{"line":65,"column":6}},"45":{"start":{"line":64,"column":8},"end":{"line":64,"column":218}},"46":{"start":{"line":69,"column":4},"end":{"line":71,"column":6}},"47":{"start":{"line":70,"column":8},"end":{"line":70,"column":211}},"48":{"start":{"line":72,"column":4},"end":{"line":75,"column":55}},"49":{"start":{"line":76,"column":4},"end":{"line":79,"column":51}},"50":{"start":{"line":80,"column":4},"end":{"line":83,"column":54}},"51":{"start":{"line":84,"column":4},"end":{"line":87,"column":54}},"52":{"start":{"line":88,"column":4},"end":{"line":91,"column":56}},"53":{"start":{"line":92,"column":4},"end":{"line":95,"column":56}},"54":{"start":{"line":96,"column":4},"end":{"line":99,"column":55}},"55":{"start":{"line":100,"column":4},"end":{"line":103,"column":55}},"56":{"start":{"line":104,"column":4},"end":{"line":107,"column":72}},"57":{"start":{"line":108,"column":4},"end":{"line":111,"column":54}},"58":{"start":{"line":112,"column":4},"end":{"line":115,"column":65}},"59":{"start":{"line":116,"column":4},"end":{"line":119,"column":59}},"60":{"start":{"line":120,"column":4},"end":{"line":123,"column":65}},"61":{"start":{"line":124,"column":4},"end":{"line":127,"column":59}},"62":{"start":{"line":128,"column":4},"end":{"line":131,"column":59}},"63":{"start":{"line":132,"column":4},"end":{"line":135,"column":68}},"64":{"start":{"line":136,"column":4},"end":{"line":139,"column":57}},"65":{"start":{"line":140,"column":4},"end":{"line":143,"column":59}},"66":{"start":{"line":144,"column":4},"end":{"line":147,"column":69}},"67":{"start":{"line":148,"column":4},"end":{"line":151,"column":59}},"68":{"start":{"line":152,"column":4},"end":{"line":155,"column":71}},"69":{"start":{"line":156,"column":4},"end":{"line":159,"column":59}},"70":{"start":{"line":160,"column":4},"end":{"line":163,"column":64}},"71":{"start":{"line":164,"column":4},"end":{"line":167,"column":69}},"72":{"start":{"line":168,"column":4},"end":{"line":171,"column":70}},"73":{"start":{"line":172,"column":4},"end":{"line":175,"column":56}},"74":{"start":{"line":176,"column":4},"end":{"line":179,"column":49}},"75":{"start":{"line":180,"column":4},"end":{"line":183,"column":60}},"76":{"start":{"line":184,"column":4},"end":{"line":188,"column":17}},"77":{"start":{"line":189,"column":4},"end":{"line":189,"column":20}},"78":{"start":{"line":190,"column":4},"end":{"line":190,"column":19}},"79":{"start":{"line":192,"column":0},"end":{"line":192,"column":28}}},"branchMap":{"1":{"line":53,"type":"binary-expr","locations":[{"start":{"line":53,"column":20},"end":{"line":53,"column":43}},{"start":{"line":53,"column":47},"end":{"line":53,"column":51}}]}},"l":{"2":0,"3":0,"5":0,"6":0,"7":0,"8":0,"9":0,"10":0,"11":0,"12":0,"13":0,"14":0,"15":0,"16":0,"17":0,"18":0,"19":0,"20":0,"21":0,"22":0,"23":0,"24":0,"25":0,"26":0,"27":0,"28":0,"29":0,"30":0,"31":0,"32":0,"34":0,"36":0,"37":0,"39":0,"41":0,"46":0,"47":0,"52":1,"53":0,"55":0,"56":0,"57":0,"59":0,"63":0,"64":0,"69":0,"70":0,"72":0,"76":0,"80":0,"84":0,"88":0,"92":0,"96":0,"100":0,"104":0,"108":0,"112":0,"116":0,"120":0,"124":0,"128":0,"132":0,"136":0,"140":0,"144":0,"148":0,"152":0,"156":0,"160":0,"164":0,"168":0,"172":0,"176":0,"180":0,"184":0,"189":0,"190":0,"192":0}},
"/home/jonathanstage/Dev/workspace-js/workspace-projet-hornet/projet-hornet/src/dao/prefecture-dao.js":{"path":"/home/jonathanstage/Dev/workspace-js/workspace-projet-hornet/projet-hornet/src/dao/prefecture-dao.js","s":{"1":0,"2":0,"3":0,"4":0,"5":0,"6":0,"7":0,"8":1,"9":0,"10":0,"11":0,"12":0,"13":0,"14":0,"15":0,"16":0,"17":0},"b":{"1":[0,0]},"f":{"1":0,"2":0,"3":0,"4":0},"fnMap":{"1":{"name":"(anonymous_1)","line":12,"loc":{"start":{"line":12,"column":35},"end":{"line":12,"column":53}}},"2":{"name":"PrefectureDAO","line":17,"loc":{"start":{"line":17,"column":4},"end":{"line":17,"column":29}}},"3":{"name":"(anonymous_3)","line":24,"loc":{"start":{"line":24,"column":49},"end":{"line":24,"column":61}}},"4":{"name":"(anonymous_4)","line":35,"loc":{"start":{"line":35,"column":44},"end":{"line":35,"column":68}}}},"statementMap":{"1":{"start":{"line":2,"column":0},"end":{"line":2,"column":62}},"2":{"start":{"line":3,"column":0},"end":{"line":3,"column":31}},"3":{"start":{"line":4,"column":0},"end":{"line":4,"column":51}},"4":{"start":{"line":6,"column":0},"end":{"line":6,"column":43}},"5":{"start":{"line":7,"column":0},"end":{"line":7,"column":87}},"6":{"start":{"line":12,"column":0},"end":{"line":44,"column":27}},"7":{"start":{"line":13,"column":4},"end":{"line":13,"column":45}},"8":{"start":{"line":17,"column":4},"end":{"line":19,"column":5}},"9":{"start":{"line":18,"column":8},"end":{"line":18,"column":41}},"10":{"start":{"line":24,"column":4},"end":{"line":29,"column":6}},"11":{"start":{"line":25,"column":8},"end":{"line":25,"column":54}},"12":{"start":{"line":26,"column":8},"end":{"line":28,"column":11}},"13":{"start":{"line":35,"column":4},"end":{"line":42,"column":6}},"14":{"start":{"line":36,"column":8},"end":{"line":36,"column":49}},"15":{"start":{"line":37,"column":8},"end":{"line":41,"column":11}},"16":{"start":{"line":43,"column":4},"end":{"line":43,"column":25}},"17":{"start":{"line":45,"column":0},"end":{"line":45,"column":38}}},"branchMap":{"1":{"line":18,"type":"binary-expr","locations":[{"start":{"line":18,"column":15},"end":{"line":18,"column":32}},{"start":{"line":18,"column":36},"end":{"line":18,"column":40}}]}},"l":{"2":0,"3":0,"4":0,"6":0,"7":0,"12":0,"13":0,"17":1,"18":0,"24":0,"25":0,"26":0,"35":0,"36":0,"37":0,"43":0,"45":0}},
"/home/jonathanstage/Dev/workspace-js/workspace-projet-hornet/projet-hornet/src/dao/valise-dao.js":{"path":"/home/jonathanstage/Dev/workspace-js/workspace-projet-hornet/projet-hornet/src/dao/valise-dao.js","s":{"1":0,"2":0,"3":0,"4":0,"5":0,"6":0,"7":0,"8":1,"9":0,"10":0,"11":0,"12":0,"13":0,"14":0,"15":0,"16":0,"17":0,"18":0,"19":0,"20":0,"21":0,"22":0,"23":0,"24":0},"b":{"1":[0,0]},"f":{"1":0,"2":0,"3":0,"4":0,"5":0,"6":0,"7":0},"fnMap":{"1":{"name":"(anonymous_1)","line":12,"loc":{"start":{"line":12,"column":31},"end":{"line":12,"column":49}}},"2":{"name":"ValiseDAO","line":17,"loc":{"start":{"line":17,"column":4},"end":{"line":17,"column":25}}},"3":{"name":"(anonymous_3)","line":26,"loc":{"start":{"line":26,"column":40},"end":{"line":26,"column":73}}},"4":{"name":"(anonymous_4)","line":31,"loc":{"start":{"line":31,"column":16},"end":{"line":31,"column":28}}},"5":{"name":"(anonymous_5)","line":39,"loc":{"start":{"line":39,"column":41},"end":{"line":39,"column":53}}},"6":{"name":"(anonymous_6)","line":47,"loc":{"start":{"line":47,"column":47},"end":{"line":47,"column":59}}},"7":{"name":"(anonymous_7)","line":63,"loc":{"start":{"line":63,"column":36},"end":{"line":63,"column":57}}}},"statementMap":{"1":{"start":{"line":2,"column":0},"end":{"line":2,"column":62}},"2":{"start":{"line":3,"column":0},"end":{"line":3,"column":31}},"3":{"start":{"line":4,"column":0},"end":{"line":4,"column":51}},"4":{"start":{"line":6,"column":0},"end":{"line":6,"column":43}},"5":{"start":{"line":7,"column":0},"end":{"line":7,"column":83}},"6":{"start":{"line":12,"column":0},"end":{"line":72,"column":27}},"7":{"start":{"line":13,"column":4},"end":{"line":13,"column":41}},"8":{"start":{"line":17,"column":4},"end":{"line":19,"column":5}},"9":{"start":{"line":18,"column":8},"end":{"line":18,"column":41}},"10":{"start":{"line":26,"column":4},"end":{"line":34,"column":6}},"11":{"start":{"line":27,"column":8},"end":{"line":27,"column":49}},"12":{"start":{"line":28,"column":8},"end":{"line":33,"column":11}},"13":{"start":{"line":32,"column":12},"end":{"line":32,"column":29}},"14":{"start":{"line":39,"column":4},"end":{"line":42,"column":6}},"15":{"start":{"line":40,"column":8},"end":{"line":40,"column":50}},"16":{"start":{"line":41,"column":8},"end":{"line":41,"column":52}},"17":{"start":{"line":47,"column":4},"end":{"line":57,"column":6}},"18":{"start":{"line":48,"column":8},"end":{"line":48,"column":56}},"19":{"start":{"line":49,"column":8},"end":{"line":56,"column":11}},"20":{"start":{"line":63,"column":4},"end":{"line":70,"column":6}},"21":{"start":{"line":64,"column":8},"end":{"line":64,"column":45}},"22":{"start":{"line":65,"column":8},"end":{"line":69,"column":11}},"23":{"start":{"line":71,"column":4},"end":{"line":71,"column":21}},"24":{"start":{"line":73,"column":0},"end":{"line":73,"column":30}}},"branchMap":{"1":{"line":18,"type":"binary-expr","locations":[{"start":{"line":18,"column":15},"end":{"line":18,"column":32}},{"start":{"line":18,"column":36},"end":{"line":18,"column":40}}]}},"l":{"2":0,"3":0,"4":0,"6":0,"7":0,"12":0,"13":0,"17":1,"18":0,"26":0,"27":0,"28":0,"32":0,"39":0,"40":0,"41":0,"47":0,"48":0,"49":0,"63":0,"64":0,"65":0,"71":0,"73":0}},
"/home/jonathanstage/Dev/workspace-js/workspace-projet-hornet/projet-hornet/src/i18n/app-i18n-loader.js":{"path":"/home/jonathanstage/Dev/workspace-js/workspace-projet-hornet/projet-hornet/src/i18n/app-i18n-loader.js","s":{"1":0,"2":0,"3":0,"4":0,"5":0,"6":0,"7":1,"8":0,"9":0,"10":0},"b":{"1":[0,0]},"f":{"1":0,"2":0},"fnMap":{"1":{"name":"(anonymous_1)","line":6,"loc":{"start":{"line":6,"column":37},"end":{"line":6,"column":55}}},"2":{"name":"AppliI18nLoader","line":8,"loc":{"start":{"line":8,"column":4},"end":{"line":8,"column":31}}}},"statementMap":{"1":{"start":{"line":2,"column":0},"end":{"line":2,"column":62}},"2":{"start":{"line":3,"column":0},"end":{"line":3,"column":31}},"3":{"start":{"line":4,"column":0},"end":{"line":4,"column":67}},"4":{"start":{"line":5,"column":0},"end":{"line":5,"column":27}},"5":{"start":{"line":6,"column":0},"end":{"line":12,"column":29}},"6":{"start":{"line":7,"column":4},"end":{"line":7,"column":47}},"7":{"start":{"line":8,"column":4},"end":{"line":10,"column":5}},"8":{"start":{"line":9,"column":8},"end":{"line":9,"column":82}},"9":{"start":{"line":11,"column":4},"end":{"line":11,"column":27}},"10":{"start":{"line":13,"column":0},"end":{"line":13,"column":42}}},"branchMap":{"1":{"line":9,"type":"binary-expr","locations":[{"start":{"line":9,"column":15},"end":{"line":9,"column":73}},{"start":{"line":9,"column":77},"end":{"line":9,"column":81}}]}},"l":{"2":0,"3":0,"4":0,"5":0,"6":0,"7":0,"8":1,"9":0,"11":0,"13":0}},
"/home/jonathanstage/Dev/workspace-js/workspace-projet-hornet/projet-hornet/src/middleware/authentication-api.js":{"path":"/home/jonathanstage/Dev/workspace-js/workspace-projet-hornet/projet-hornet/src/middleware/authentication-api.js","s":{"1":0,"2":0,"3":0,"4":0,"5":0,"6":0,"7":0,"8":1,"9":0,"10":0,"11":0,"12":0,"13":0},"b":{"1":[0,0]},"f":{"1":0,"2":0},"fnMap":{"1":{"name":"(anonymous_1)","line":7,"loc":{"start":{"line":7,"column":49},"end":{"line":7,"column":67}}},"2":{"name":"AuthenticationAPIMiddleware","line":9,"loc":{"start":{"line":9,"column":4},"end":{"line":9,"column":43}}}},"statementMap":{"1":{"start":{"line":2,"column":0},"end":{"line":2,"column":62}},"2":{"start":{"line":3,"column":0},"end":{"line":3,"column":31}},"3":{"start":{"line":4,"column":0},"end":{"line":4,"column":51}},"4":{"start":{"line":5,"column":0},"end":{"line":5,"column":69}},"5":{"start":{"line":6,"column":0},"end":{"line":6,"column":63}},"6":{"start":{"line":7,"column":0},"end":{"line":15,"column":46}},"7":{"start":{"line":8,"column":4},"end":{"line":8,"column":59}},"8":{"start":{"line":9,"column":4},"end":{"line":13,"column":5}},"9":{"start":{"line":10,"column":8},"end":{"line":10,"column":46}},"10":{"start":{"line":11,"column":8},"end":{"line":11,"column":82}},"11":{"start":{"line":12,"column":8},"end":{"line":12,"column":21}},"12":{"start":{"line":14,"column":4},"end":{"line":14,"column":39}},"13":{"start":{"line":16,"column":0},"end":{"line":16,"column":66}}},"branchMap":{"1":{"line":10,"type":"binary-expr","locations":[{"start":{"line":10,"column":20},"end":{"line":10,"column":37}},{"start":{"line":10,"column":41},"end":{"line":10,"column":45}}]}},"l":{"2":0,"3":0,"4":0,"5":0,"6":0,"7":0,"8":0,"9":1,"10":0,"11":0,"12":0,"14":0,"16":0}},
"/home/jonathanstage/Dev/workspace-js/workspace-projet-hornet/projet-hornet/src/middleware/authentication.js":{"path":"/home/jonathanstage/Dev/workspace-js/workspace-projet-hornet/projet-hornet/src/middleware/authentication.js","s":{"1":0,"2":0,"3":0,"4":0,"5":0,"6":0,"7":0,"8":0,"9":0,"10":0,"11":0,"12":0,"13":0,"14":1,"15":0,"16":0,"17":0,"18":0,"19":0,"20":0,"21":0,"22":0,"23":0,"24":0,"25":0,"26":0,"27":0,"28":0,"29":0,"30":0,"31":0,"32":0,"33":0,"34":0,"35":1,"36":0,"37":0,"38":0,"39":0,"40":0,"41":0,"42":0,"43":0,"44":0,"45":0,"46":0,"47":0,"48":0,"49":0,"50":0,"51":0,"52":0,"53":0,"54":0,"55":0,"56":0,"57":0,"58":0,"59":0,"60":0,"61":0,"62":0,"63":0,"64":0,"65":0,"66":0,"67":0,"68":0,"69":0},"b":{"1":[0,0,0],"2":[0,0],"3":[0,0],"4":[0,0],"5":[0,0,0],"6":[0,0],"7":[0,0],"8":[0,0],"9":[0,0],"10":[0,0]},"f":{"1":0,"2":0,"3":0,"4":0,"5":0,"6":0,"7":0,"8":0,"9":0,"10":0,"11":0,"12":0,"13":0,"14":0},"fnMap":{"1":{"name":"(anonymous_1)","line":13,"loc":{"start":{"line":13,"column":46},"end":{"line":13,"column":64}}},"2":{"name":"AuthenticationMiddleware","line":15,"loc":{"start":{"line":15,"column":4},"end":{"line":15,"column":40}}},"3":{"name":"(anonymous_3)","line":18,"loc":{"start":{"line":18,"column":58},"end":{"line":18,"column":73}}},"4":{"name":"(anonymous_4)","line":23,"loc":{"start":{"line":23,"column":51},"end":{"line":23,"column":67}}},"5":{"name":"(anonymous_5)","line":24,"loc":{"start":{"line":24,"column":19},"end":{"line":24,"column":55}}},"6":{"name":"(anonymous_6)","line":30,"loc":{"start":{"line":30,"column":24},"end":{"line":30,"column":45}}},"7":{"name":"(anonymous_7)","line":33,"loc":{"start":{"line":33,"column":25},"end":{"line":33,"column":40}}},"8":{"name":"(anonymous_8)","line":44,"loc":{"start":{"line":44,"column":31},"end":{"line":44,"column":53}}},"9":{"name":"(anonymous_9)","line":48,"loc":{"start":{"line":48,"column":33},"end":{"line":48,"column":55}}},"10":{"name":"ensureAuthenticated","line":55,"loc":{"start":{"line":55,"column":8},"end":{"line":55,"column":53}}},"11":{"name":"(anonymous_11)","line":65,"loc":{"start":{"line":65,"column":152},"end":{"line":65,"column":178}}},"12":{"name":"(anonymous_12)","line":70,"loc":{"start":{"line":70,"column":26},"end":{"line":70,"column":46}}},"13":{"name":"(anonymous_13)","line":94,"loc":{"start":{"line":94,"column":27},"end":{"line":94,"column":53}}},"14":{"name":"(anonymous_14)","line":98,"loc":{"start":{"line":98,"column":40},"end":{"line":98,"column":52}}}},"statementMap":{"1":{"start":{"line":2,"column":0},"end":{"line":2,"column":62}},"2":{"start":{"line":3,"column":0},"end":{"line":3,"column":31}},"3":{"start":{"line":4,"column":0},"end":{"line":4,"column":51}},"4":{"start":{"line":5,"column":0},"end":{"line":5,"column":27}},"5":{"start":{"line":6,"column":0},"end":{"line":6,"column":37}},"6":{"start":{"line":7,"column":0},"end":{"line":7,"column":49}},"7":{"start":{"line":8,"column":0},"end":{"line":8,"column":35}},"8":{"start":{"line":9,"column":0},"end":{"line":9,"column":49}},"9":{"start":{"line":10,"column":0},"end":{"line":10,"column":26}},"10":{"start":{"line":11,"column":0},"end":{"line":11,"column":60}},"11":{"start":{"line":12,"column":0},"end":{"line":12,"column":73}},"12":{"start":{"line":13,"column":0},"end":{"line":106,"column":43}},"13":{"start":{"line":14,"column":4},"end":{"line":14,"column":56}},"14":{"start":{"line":15,"column":4},"end":{"line":17,"column":5}},"15":{"start":{"line":16,"column":8},"end":{"line":16,"column":72}},"16":{"start":{"line":18,"column":4},"end":{"line":103,"column":6}},"17":{"start":{"line":23,"column":8},"end":{"line":43,"column":22}},"18":{"start":{"line":24,"column":12},"end":{"line":42,"column":14}},"19":{"start":{"line":25,"column":16},"end":{"line":25,"column":114}},"20":{"start":{"line":26,"column":16},"end":{"line":26,"column":53}},"21":{"start":{"line":27,"column":16},"end":{"line":41,"column":19}},"22":{"start":{"line":31,"column":20},"end":{"line":31,"column":98}},"23":{"start":{"line":32,"column":20},"end":{"line":32,"column":42}},"24":{"start":{"line":34,"column":20},"end":{"line":34,"column":83}},"25":{"start":{"line":35,"column":20},"end":{"line":40,"column":21}},"26":{"start":{"line":36,"column":24},"end":{"line":36,"column":112}},"27":{"start":{"line":39,"column":24},"end":{"line":39,"column":112}},"28":{"start":{"line":44,"column":8},"end":{"line":47,"column":11}},"29":{"start":{"line":46,"column":12},"end":{"line":46,"column":29}},"30":{"start":{"line":48,"column":8},"end":{"line":50,"column":11}},"31":{"start":{"line":49,"column":12},"end":{"line":49,"column":29}},"32":{"start":{"line":52,"column":8},"end":{"line":52,"column":78}},"33":{"start":{"line":53,"column":8},"end":{"line":53,"column":80}},"34":{"start":{"line":54,"column":8},"end":{"line":54,"column":90}},"35":{"start":{"line":55,"column":8},"end":{"line":61,"column":9}},"36":{"start":{"line":56,"column":12},"end":{"line":58,"column":13}},"37":{"start":{"line":57,"column":16},"end":{"line":57,"column":30}},"38":{"start":{"line":59,"column":12},"end":{"line":59,"column":116}},"39":{"start":{"line":60,"column":12},"end":{"line":60,"column":77}},"40":{"start":{"line":62,"column":8},"end":{"line":62,"column":25}},"41":{"start":{"line":63,"column":8},"end":{"line":63,"column":39}},"42":{"start":{"line":64,"column":8},"end":{"line":64,"column":36}},"43":{"start":{"line":65,"column":8},"end":{"line":69,"column":11}},"44":{"start":{"line":66,"column":12},"end":{"line":66,"column":109}},"45":{"start":{"line":67,"column":12},"end":{"line":67,"column":159}},"46":{"start":{"line":68,"column":12},"end":{"line":68,"column":38}},"47":{"start":{"line":70,"column":8},"end":{"line":93,"column":11}},"48":{"start":{"line":71,"column":12},"end":{"line":71,"column":47}},"49":{"start":{"line":72,"column":12},"end":{"line":74,"column":13}},"50":{"start":{"line":73,"column":16},"end":{"line":73,"column":83}},"51":{"start":{"line":75,"column":12},"end":{"line":78,"column":14}},"52":{"start":{"line":80,"column":12},"end":{"line":82,"column":13}},"53":{"start":{"line":81,"column":16},"end":{"line":81,"column":58}},"54":{"start":{"line":84,"column":12},"end":{"line":87,"column":13}},"55":{"start":{"line":85,"column":16},"end":{"line":85,"column":81}},"56":{"start":{"line":86,"column":16},"end":{"line":86,"column":64}},"57":{"start":{"line":88,"column":12},"end":{"line":88,"column":49}},"58":{"start":{"line":89,"column":12},"end":{"line":89,"column":112}},"59":{"start":{"line":90,"column":12},"end":{"line":90,"column":48}},"60":{"start":{"line":91,"column":12},"end":{"line":91,"column":53}},"61":{"start":{"line":92,"column":12},"end":{"line":92,"column":44}},"62":{"start":{"line":94,"column":8},"end":{"line":101,"column":11}},"63":{"start":{"line":96,"column":12},"end":{"line":96,"column":25}},"64":{"start":{"line":98,"column":12},"end":{"line":100,"column":15}},"65":{"start":{"line":99,"column":16},"end":{"line":99,"column":87}},"66":{"start":{"line":102,"column":8},"end":{"line":102,"column":37}},"67":{"start":{"line":104,"column":4},"end":{"line":104,"column":115}},"68":{"start":{"line":105,"column":4},"end":{"line":105,"column":36}},"69":{"start":{"line":107,"column":0},"end":{"line":107,"column":60}}},"branchMap":{"1":{"line":16,"type":"binary-expr","locations":[{"start":{"line":16,"column":15},"end":{"line":16,"column":30}},{"start":{"line":16,"column":34},"end":{"line":16,"column":63}},{"start":{"line":16,"column":67},"end":{"line":16,"column":71}}]},"2":{"line":35,"type":"if","locations":[{"start":{"line":35,"column":20},"end":{"line":35,"column":20}},{"start":{"line":35,"column":20},"end":{"line":35,"column":20}}]},"3":{"line":56,"type":"if","locations":[{"start":{"line":56,"column":12},"end":{"line":56,"column":12}},{"start":{"line":56,"column":12},"end":{"line":56,"column":12}}]},"4":{"line":56,"type":"binary-expr","locations":[{"start":{"line":56,"column":16},"end":{"line":56,"column":37}},{"start":{"line":56,"column":41},"end":{"line":56,"column":80}}]},"5":{"line":67,"type":"binary-expr","locations":[{"start":{"line":67,"column":30},"end":{"line":67,"column":50}},{"start":{"line":67,"column":54},"end":{"line":67,"column":98}},{"start":{"line":67,"column":102},"end":{"line":67,"column":158}}]},"6":{"line":72,"type":"if","locations":[{"start":{"line":72,"column":12},"end":{"line":72,"column":12}},{"start":{"line":72,"column":12},"end":{"line":72,"column":12}}]},"7":{"line":72,"type":"binary-expr","locations":[{"start":{"line":72,"column":16},"end":{"line":72,"column":33}},{"start":{"line":72,"column":37},"end":{"line":72,"column":72}}]},"8":{"line":80,"type":"if","locations":[{"start":{"line":80,"column":12},"end":{"line":80,"column":12}},{"start":{"line":80,"column":12},"end":{"line":80,"column":12}}]},"9":{"line":84,"type":"if","locations":[{"start":{"line":84,"column":12},"end":{"line":84,"column":12}},{"start":{"line":84,"column":12},"end":{"line":84,"column":12}}]},"10":{"line":84,"type":"binary-expr","locations":[{"start":{"line":84,"column":16},"end":{"line":84,"column":60}},{"start":{"line":84,"column":64},"end":{"line":84,"column":85}}]}},"l":{"2":0,"3":0,"4":0,"5":0,"6":0,"7":0,"8":0,"9":0,"10":0,"11":0,"12":0,"13":0,"14":0,"15":1,"16":0,"18":0,"23":0,"24":0,"25":0,"26":0,"27":0,"31":0,"32":0,"34":0,"35":0,"36":0,"39":0,"44":0,"46":0,"48":0,"49":0,"52":0,"53":0,"54":0,"55":1,"56":0,"57":0,"59":0,"60":0,"62":0,"63":0,"64":0,"65":0,"66":0,"67":0,"68":0,"70":0,"71":0,"72":0,"73":0,"75":0,"80":0,"81":0,"84":0,"85":0,"86":0,"88":0,"89":0,"90":0,"91":0,"92":0,"94":0,"96":0,"98":0,"99":0,"102":0,"104":0,"105":0,"107":0}},
"/home/jonathanstage/Dev/workspace-js/workspace-projet-hornet/projet-hornet/src/mock/routes.js":{"path":"/home/jonathanstage/Dev/workspace-js/workspace-projet-hornet/projet-hornet/src/mock/routes.js","s":{"1":0,"2":0,"3":0,"4":0,"5":1,"6":0,"7":0,"8":0,"9":0,"10":0,"11":0,"12":1,"13":0,"14":0,"15":0,"16":0,"17":0,"18":0,"19":0,"20":0},"b":{"1":[0,0]},"f":{"1":0,"2":0,"3":0,"4":0,"5":0,"6":0},"fnMap":{"1":{"name":"findByUsername","line":19,"loc":{"start":{"line":19,"column":0},"end":{"line":19,"column":34}}},"2":{"name":"(anonymous_2)","line":28,"loc":{"start":{"line":28,"column":35},"end":{"line":28,"column":47}}},"3":{"name":"BouchonRoutes","line":29,"loc":{"start":{"line":29,"column":4},"end":{"line":29,"column":29}}},"4":{"name":"(anonymous_4)","line":31,"loc":{"start":{"line":31,"column":26},"end":{"line":31,"column":44}}},"5":{"name":"(anonymous_5)","line":32,"loc":{"start":{"line":32,"column":42},"end":{"line":32,"column":54}}},"6":{"name":"(anonymous_6)","line":43,"loc":{"start":{"line":43,"column":40},"end":{"line":43,"column":52}}}},"statementMap":{"1":{"start":{"line":2,"column":0},"end":{"line":2,"column":62}},"2":{"start":{"line":3,"column":0},"end":{"line":3,"column":51}},"3":{"start":{"line":4,"column":0},"end":{"line":4,"column":76}},"4":{"start":{"line":9,"column":0},"end":{"line":18,"column":2}},"5":{"start":{"line":19,"column":0},"end":{"line":27,"column":1}},"6":{"start":{"line":20,"column":4},"end":{"line":25,"column":5}},"7":{"start":{"line":21,"column":8},"end":{"line":21,"column":28}},"8":{"start":{"line":22,"column":8},"end":{"line":24,"column":9}},"9":{"start":{"line":23,"column":12},"end":{"line":23,"column":24}},"10":{"start":{"line":26,"column":4},"end":{"line":26,"column":16}},"11":{"start":{"line":28,"column":0},"end":{"line":57,"column":5}},"12":{"start":{"line":29,"column":4},"end":{"line":30,"column":5}},"13":{"start":{"line":31,"column":4},"end":{"line":55,"column":6}},"14":{"start":{"line":32,"column":8},"end":{"line":42,"column":11}},"15":{"start":{"line":33,"column":12},"end":{"line":33,"column":59}},"16":{"start":{"line":34,"column":12},"end":{"line":41,"column":15}},"17":{"start":{"line":43,"column":8},"end":{"line":54,"column":11}},"18":{"start":{"line":44,"column":12},"end":{"line":53,"column":15}},"19":{"start":{"line":56,"column":4},"end":{"line":56,"column":25}},"20":{"start":{"line":58,"column":0},"end":{"line":58,"column":38}}},"branchMap":{"1":{"line":22,"type":"if","locations":[{"start":{"line":22,"column":8},"end":{"line":22,"column":8}},{"start":{"line":22,"column":8},"end":{"line":22,"column":8}}]}},"l":{"2":0,"3":0,"4":0,"9":0,"19":1,"20":0,"21":0,"22":0,"23":0,"26":0,"28":0,"29":1,"31":0,"32":0,"33":0,"34":0,"43":0,"44":0,"56":0,"58":0}},
"/home/jonathanstage/Dev/workspace-js/workspace-projet-hornet/projet-hornet/src/models/common-mod.js":{"path":"/home/jonathanstage/Dev/workspace-js/workspace-projet-hornet/projet-hornet/src/models/common-mod.js","s":{"1":0,"2":0,"3":0,"4":0,"5":0,"6":0,"7":1,"8":0,"9":0,"10":0,"11":0,"12":0,"13":0,"14":0,"15":0,"16":0,"17":0,"18":0,"19":1,"20":0,"21":0,"22":0,"23":0,"24":0},"b":{},"f":{"1":0,"2":0,"3":0,"4":0},"fnMap":{"1":{"name":"(anonymous_1)","line":16,"loc":{"start":{"line":16,"column":38},"end":{"line":16,"column":50}}},"2":{"name":"PrefectureMetier","line":17,"loc":{"start":{"line":17,"column":4},"end":{"line":17,"column":32}}},"3":{"name":"(anonymous_3)","line":63,"loc":{"start":{"line":63,"column":34},"end":{"line":63,"column":46}}},"4":{"name":"ValiseMetier","line":64,"loc":{"start":{"line":64,"column":4},"end":{"line":64,"column":28}}}},"statementMap":{"1":{"start":{"line":2,"column":0},"end":{"line":2,"column":62}},"2":{"start":{"line":3,"column":0},"end":{"line":3,"column":31}},"3":{"start":{"line":4,"column":0},"end":{"line":4,"column":59}},"4":{"start":{"line":5,"column":0},"end":{"line":5,"column":57}},"5":{"start":{"line":6,"column":0},"end":{"line":6,"column":61}},"6":{"start":{"line":16,"column":0},"end":{"line":58,"column":5}},"7":{"start":{"line":17,"column":4},"end":{"line":18,"column":5}},"8":{"start":{"line":19,"column":4},"end":{"line":23,"column":60}},"9":{"start":{"line":24,"column":4},"end":{"line":28,"column":53}},"10":{"start":{"line":29,"column":4},"end":{"line":33,"column":58}},"11":{"start":{"line":34,"column":4},"end":{"line":38,"column":57}},"12":{"start":{"line":39,"column":4},"end":{"line":43,"column":54}},"13":{"start":{"line":44,"column":4},"end":{"line":48,"column":58}},"14":{"start":{"line":49,"column":4},"end":{"line":53,"column":52}},"15":{"start":{"line":54,"column":4},"end":{"line":56,"column":25}},"16":{"start":{"line":57,"column":4},"end":{"line":57,"column":28}},"17":{"start":{"line":59,"column":0},"end":{"line":59,"column":44}},"18":{"start":{"line":63,"column":0},"end":{"line":80,"column":5}},"19":{"start":{"line":64,"column":4},"end":{"line":65,"column":5}},"20":{"start":{"line":66,"column":4},"end":{"line":70,"column":53}},"21":{"start":{"line":71,"column":4},"end":{"line":75,"column":54}},"22":{"start":{"line":76,"column":4},"end":{"line":78,"column":21}},"23":{"start":{"line":79,"column":4},"end":{"line":79,"column":24}},"24":{"start":{"line":81,"column":0},"end":{"line":81,"column":36}}},"branchMap":{},"l":{"2":0,"3":0,"4":0,"5":0,"6":0,"16":0,"17":1,"19":0,"24":0,"29":0,"34":0,"39":0,"44":0,"49":0,"54":0,"57":0,"59":0,"63":0,"64":1,"66":0,"71":0,"76":0,"79":0,"81":0}},
"/home/jonathanstage/Dev/workspace-js/workspace-projet-hornet/projet-hornet/src/models/model-prefecture.js":{"path":"/home/jonathanstage/Dev/workspace-js/workspace-projet-hornet/projet-hornet/src/models/model-prefecture.js","s":{"1":0,"2":0,"3":0},"b":{},"f":{},"fnMap":{},"statementMap":{"1":{"start":{"line":2,"column":0},"end":{"line":2,"column":62}},"2":{"start":{"line":3,"column":0},"end":{"line":3,"column":37}},"3":{"start":{"line":8,"column":0},"end":{"line":46,"column":2}}},"branchMap":{},"l":{"2":0,"3":0,"8":0}},
"/home/jonathanstage/Dev/workspace-js/workspace-projet-hornet/projet-hornet/src/models/model-valise.js":{"path":"/home/jonathanstage/Dev/workspace-js/workspace-projet-hornet/projet-hornet/src/models/model-valise.js","s":{"1":0,"2":0,"3":0},"b":{},"f":{},"fnMap":{},"statementMap":{"1":{"start":{"line":2,"column":0},"end":{"line":2,"column":62}},"2":{"start":{"line":3,"column":0},"end":{"line":3,"column":37}},"3":{"start":{"line":8,"column":0},"end":{"line":21,"column":2}}},"branchMap":{},"l":{"2":0,"3":0,"8":0}},
"/home/jonathanstage/Dev/workspace-js/workspace-projet-hornet/projet-hornet/src/routes/routes.js":{"path":"/home/jonathanstage/Dev/workspace-js/workspace-projet-hornet/projet-hornet/src/routes/routes.js","s":{"1":0,"2":0,"3":0,"4":0,"5":0,"6":0,"7":0,"8":1,"9":0,"10":0,"11":0,"12":0,"13":0,"14":0,"15":0,"16":0,"17":0,"18":0,"19":0,"20":0,"21":0,"22":0,"23":0,"24":0,"25":0,"26":0},"b":{"1":[0,0],"2":[0,0]},"f":{"1":0,"2":0,"3":0,"4":0,"5":0},"fnMap":{"1":{"name":"(anonymous_1)","line":12,"loc":{"start":{"line":12,"column":28},"end":{"line":12,"column":46}}},"2":{"name":"Routes","line":17,"loc":{"start":{"line":17,"column":4},"end":{"line":17,"column":22}}},"3":{"name":"(anonymous_3)","line":31,"loc":{"start":{"line":31,"column":39},"end":{"line":31,"column":51}}},"4":{"name":"(anonymous_4)","line":33,"loc":{"start":{"line":33,"column":38},"end":{"line":33,"column":50}}},"5":{"name":"(anonymous_5)","line":45,"loc":{"start":{"line":45,"column":39},"end":{"line":45,"column":51}}}},"statementMap":{"1":{"start":{"line":2,"column":0},"end":{"line":2,"column":62}},"2":{"start":{"line":3,"column":0},"end":{"line":3,"column":31}},"3":{"start":{"line":4,"column":0},"end":{"line":4,"column":51}},"4":{"start":{"line":5,"column":0},"end":{"line":5,"column":77}},"5":{"start":{"line":7,"column":0},"end":{"line":7,"column":60}},"6":{"start":{"line":12,"column":0},"end":{"line":55,"column":37}},"7":{"start":{"line":13,"column":4},"end":{"line":13,"column":38}},"8":{"start":{"line":17,"column":4},"end":{"line":27,"column":5}},"9":{"start":{"line":18,"column":8},"end":{"line":18,"column":46}},"10":{"start":{"line":19,"column":8},"end":{"line":25,"column":9}},"11":{"start":{"line":20,"column":12},"end":{"line":20,"column":36}},"12":{"start":{"line":21,"column":12},"end":{"line":21,"column":36}},"13":{"start":{"line":24,"column":12},"end":{"line":24,"column":36}},"14":{"start":{"line":26,"column":8},"end":{"line":26,"column":21}},"15":{"start":{"line":31,"column":4},"end":{"line":41,"column":6}},"16":{"start":{"line":33,"column":8},"end":{"line":33,"column":157}},"17":{"start":{"line":33,"column":52},"end":{"line":33,"column":121}},"18":{"start":{"line":36,"column":8},"end":{"line":36,"column":73}},"19":{"start":{"line":38,"column":8},"end":{"line":38,"column":73}},"20":{"start":{"line":40,"column":8},"end":{"line":40,"column":75}},"21":{"start":{"line":45,"column":4},"end":{"line":53,"column":6}},"22":{"start":{"line":48,"column":8},"end":{"line":48,"column":79}},"23":{"start":{"line":50,"column":8},"end":{"line":50,"column":79}},"24":{"start":{"line":52,"column":8},"end":{"line":52,"column":81}},"25":{"start":{"line":54,"column":4},"end":{"line":54,"column":18}},"26":{"start":{"line":56,"column":0},"end":{"line":56,"column":24}}},"branchMap":{"1":{"line":18,"type":"binary-expr","locations":[{"start":{"line":18,"column":20},"end":{"line":18,"column":37}},{"start":{"line":18,"column":41},"end":{"line":18,"column":45}}]},"2":{"line":19,"type":"if","locations":[{"start":{"line":19,"column":8},"end":{"line":19,"column":8}},{"start":{"line":19,"column":8},"end":{"line":19,"column":8}}]}},"l":{"2":0,"3":0,"4":0,"5":0,"7":0,"12":0,"13":0,"17":1,"18":0,"19":0,"20":0,"21":0,"24":0,"26":0,"31":0,"33":0,"36":0,"38":0,"40":0,"45":0,"48":0,"50":0,"52":0,"54":0,"56":0}},
"/home/jonathanstage/Dev/workspace-js/workspace-projet-hornet/projet-hornet/src/utils/roles.js":{"path":"/home/jonathanstage/Dev/workspace-js/workspace-projet-hornet/projet-hornet/src/utils/roles.js","s":{"1":0,"2":0,"3":1,"4":0,"5":0,"6":0,"7":0,"8":0,"9":0,"10":0},"b":{},"f":{"1":0,"2":0},"fnMap":{"1":{"name":"(anonymous_1)","line":6,"loc":{"start":{"line":6,"column":27},"end":{"line":6,"column":39}}},"2":{"name":"Roles","line":7,"loc":{"start":{"line":7,"column":4},"end":{"line":7,"column":21}}}},"statementMap":{"1":{"start":{"line":2,"column":0},"end":{"line":2,"column":62}},"2":{"start":{"line":6,"column":0},"end":{"line":15,"column":5}},"3":{"start":{"line":7,"column":4},"end":{"line":8,"column":5}},"4":{"start":{"line":9,"column":4},"end":{"line":9,"column":28}},"5":{"start":{"line":10,"column":4},"end":{"line":10,"column":30}},"6":{"start":{"line":11,"column":4},"end":{"line":11,"column":34}},"7":{"start":{"line":12,"column":4},"end":{"line":12,"column":36}},"8":{"start":{"line":13,"column":4},"end":{"line":13,"column":55}},"9":{"start":{"line":14,"column":4},"end":{"line":14,"column":17}},"10":{"start":{"line":16,"column":0},"end":{"line":16,"column":22}}},"branchMap":{},"l":{"2":0,"6":0,"7":1,"9":0,"10":0,"11":0,"12":0,"13":0,"14":0,"16":0}},
"/home/jonathanstage/Dev/workspace-js/workspace-projet-hornet/projet-hornet/src/utils/urls.js":{"path":"/home/jonathanstage/Dev/workspace-js/workspace-projet-hornet/projet-hornet/src/utils/urls.js","s":{"1":0,"2":0,"3":0,"4":0,"5":0},"b":{},"f":{},"fnMap":{},"statementMap":{"1":{"start":{"line":2,"column":0},"end":{"line":2,"column":62}},"2":{"start":{"line":6,"column":0},"end":{"line":6,"column":43}},"3":{"start":{"line":7,"column":0},"end":{"line":7,"column":40}},"4":{"start":{"line":11,"column":0},"end":{"line":11,"column":33}},"5":{"start":{"line":12,"column":0},"end":{"line":12,"column":39}}},"branchMap":{},"l":{"2":0,"6":0,"7":0,"11":0,"12":0}},
"/home/jonathanstage/Dev/workspace-js/workspace-projet-hornet/projet-hornet/src/dao/auth/utilisateurs-dao.js":{"path":"/home/jonathanstage/Dev/workspace-js/workspace-projet-hornet/projet-hornet/src/dao/auth/utilisateurs-dao.js","s":{"1":0,"2":0,"3":0,"4":0,"5":0,"6":0,"7":0,"8":0,"9":0,"10":1,"11":0,"12":0,"13":0,"14":0,"15":0,"16":0,"17":0,"18":0,"19":0,"20":0,"21":0,"22":0,"23":0,"24":0,"25":0,"26":0,"27":0,"28":0},"b":{"1":[0,0]},"f":{"1":0,"2":0,"3":0,"4":0,"5":0,"6":0,"7":0,"8":0},"fnMap":{"1":{"name":"(anonymous_1)","line":9,"loc":{"start":{"line":9,"column":37},"end":{"line":9,"column":55}}},"2":{"name":"UtilisateursDAO","line":11,"loc":{"start":{"line":11,"column":4},"end":{"line":11,"column":31}}},"3":{"name":"(anonymous_3)","line":14,"loc":{"start":{"line":14,"column":40},"end":{"line":14,"column":56}}},"4":{"name":"(anonymous_4)","line":17,"loc":{"start":{"line":17,"column":51},"end":{"line":17,"column":63}}},"5":{"name":"(anonymous_5)","line":20,"loc":{"start":{"line":20,"column":43},"end":{"line":20,"column":63}}},"6":{"name":"(anonymous_6)","line":23,"loc":{"start":{"line":23,"column":39},"end":{"line":23,"column":55}}},"7":{"name":"(anonymous_7)","line":26,"loc":{"start":{"line":26,"column":43},"end":{"line":26,"column":57}}},"8":{"name":"(anonymous_8)","line":29,"loc":{"start":{"line":29,"column":40},"end":{"line":29,"column":56}}}},"statementMap":{"1":{"start":{"line":2,"column":0},"end":{"line":2,"column":62}},"2":{"start":{"line":3,"column":0},"end":{"line":3,"column":31}},"3":{"start":{"line":4,"column":0},"end":{"line":4,"column":51}},"4":{"start":{"line":5,"column":0},"end":{"line":5,"column":46}},"5":{"start":{"line":6,"column":0},"end":{"line":6,"column":57}},"6":{"start":{"line":7,"column":0},"end":{"line":7,"column":57}},"7":{"start":{"line":8,"column":0},"end":{"line":8,"column":89}},"8":{"start":{"line":9,"column":0},"end":{"line":60,"column":27}},"9":{"start":{"line":10,"column":4},"end":{"line":10,"column":47}},"10":{"start":{"line":11,"column":4},"end":{"line":13,"column":5}},"11":{"start":{"line":12,"column":8},"end":{"line":12,"column":41}},"12":{"start":{"line":14,"column":4},"end":{"line":16,"column":6}},"13":{"start":{"line":15,"column":8},"end":{"line":15,"column":61}},"14":{"start":{"line":17,"column":4},"end":{"line":19,"column":6}},"15":{"start":{"line":18,"column":8},"end":{"line":18,"column":57}},"16":{"start":{"line":20,"column":4},"end":{"line":22,"column":6}},"17":{"start":{"line":21,"column":8},"end":{"line":21,"column":83}},"18":{"start":{"line":23,"column":4},"end":{"line":25,"column":6}},"19":{"start":{"line":24,"column":8},"end":{"line":24,"column":60}},"20":{"start":{"line":26,"column":4},"end":{"line":28,"column":6}},"21":{"start":{"line":27,"column":8},"end":{"line":27,"column":78}},"22":{"start":{"line":29,"column":4},"end":{"line":40,"column":6}},"23":{"start":{"line":30,"column":8},"end":{"line":39,"column":11}},"24":{"start":{"line":41,"column":4},"end":{"line":46,"column":51}},"25":{"start":{"line":47,"column":4},"end":{"line":52,"column":62}},"26":{"start":{"line":53,"column":4},"end":{"line":58,"column":51}},"27":{"start":{"line":59,"column":4},"end":{"line":59,"column":27}},"28":{"start":{"line":61,"column":0},"end":{"line":61,"column":42}}},"branchMap":{"1":{"line":12,"type":"binary-expr","locations":[{"start":{"line":12,"column":15},"end":{"line":12,"column":32}},{"start":{"line":12,"column":36},"end":{"line":12,"column":40}}]}},"l":{"2":0,"3":0,"4":0,"5":0,"6":0,"7":0,"8":0,"9":0,"10":0,"11":1,"12":0,"14":0,"15":0,"17":0,"18":0,"20":0,"21":0,"23":0,"24":0,"26":0,"27":0,"29":0,"30":0,"41":0,"47":0,"53":0,"59":0,"61":0}},
"/home/jonathanstage/Dev/workspace-js/workspace-projet-hornet/projet-hornet/src/models/auth/model-role.js":{"path":"/home/jonathanstage/Dev/workspace-js/workspace-projet-hornet/projet-hornet/src/models/auth/model-role.js","s":{"1":0,"2":0,"3":0},"b":{},"f":{},"fnMap":{},"statementMap":{"1":{"start":{"line":2,"column":0},"end":{"line":2,"column":62}},"2":{"start":{"line":3,"column":0},"end":{"line":3,"column":37}},"3":{"start":{"line":4,"column":0},"end":{"line":17,"column":2}}},"branchMap":{},"l":{"2":0,"3":0,"4":0}},
"/home/jonathanstage/Dev/workspace-js/workspace-projet-hornet/projet-hornet/src/models/auth/model-role_utilisateur.js":{"path":"/home/jonathanstage/Dev/workspace-js/workspace-projet-hornet/projet-hornet/src/models/auth/model-role_utilisateur.js","s":{"1":0,"2":0,"3":0},"b":{},"f":{},"fnMap":{},"statementMap":{"1":{"start":{"line":2,"column":0},"end":{"line":2,"column":62}},"2":{"start":{"line":3,"column":0},"end":{"line":3,"column":37}},"3":{"start":{"line":4,"column":0},"end":{"line":27,"column":2}}},"branchMap":{},"l":{"2":0,"3":0,"4":0}},
"/home/jonathanstage/Dev/workspace-js/workspace-projet-hornet/projet-hornet/src/models/auth/model-utilisateur.js":{"path":"/home/jonathanstage/Dev/workspace-js/workspace-projet-hornet/projet-hornet/src/models/auth/model-utilisateur.js","s":{"1":0,"2":0,"3":0},"b":{},"f":{},"fnMap":{},"statementMap":{"1":{"start":{"line":2,"column":0},"end":{"line":2,"column":62}},"2":{"start":{"line":3,"column":0},"end":{"line":3,"column":37}},"3":{"start":{"line":4,"column":0},"end":{"line":27,"column":2}}},"branchMap":{},"l":{"2":0,"3":0,"4":0}},
"/home/jonathanstage/Dev/workspace-js/workspace-projet-hornet/projet-hornet/src/models/auth/seq-user-mod.js":{"path":"/home/jonathanstage/Dev/workspace-js/workspace-projet-hornet/projet-hornet/src/models/auth/seq-user-mod.js","s":{"1":0,"2":0,"3":0},"b":{},"f":{},"fnMap":{},"statementMap":{"1":{"start":{"line":2,"column":0},"end":{"line":2,"column":62}},"2":{"start":{"line":3,"column":0},"end":{"line":3,"column":37}},"3":{"start":{"line":4,"column":0},"end":{"line":24,"column":2}}},"branchMap":{},"l":{"2":0,"3":0,"4":0}},
"/home/jonathanstage/Dev/workspace-js/workspace-projet-hornet/projet-hornet/src/models/auth/user-mod.js":{"path":"/home/jonathanstage/Dev/workspace-js/workspace-projet-hornet/projet-hornet/src/models/auth/user-mod.js","s":{"1":0,"2":0,"3":0,"4":0,"5":0,"6":0,"7":1,"8":0,"9":0,"10":0,"11":0,"12":0,"13":0,"14":1,"15":0,"16":0,"17":0,"18":0,"19":0,"20":0,"21":0,"22":0},"b":{},"f":{"1":0,"2":0,"3":0,"4":0},"fnMap":{"1":{"name":"(anonymous_1)","line":7,"loc":{"start":{"line":7,"column":32},"end":{"line":7,"column":44}}},"2":{"name":"RoleMetier","line":8,"loc":{"start":{"line":8,"column":4},"end":{"line":8,"column":26}}},"3":{"name":"(anonymous_3)","line":26,"loc":{"start":{"line":26,"column":39},"end":{"line":26,"column":51}}},"4":{"name":"UtilisateurMetier","line":27,"loc":{"start":{"line":27,"column":4},"end":{"line":27,"column":33}}}},"statementMap":{"1":{"start":{"line":2,"column":0},"end":{"line":2,"column":62}},"2":{"start":{"line":3,"column":0},"end":{"line":3,"column":31}},"3":{"start":{"line":4,"column":0},"end":{"line":4,"column":59}},"4":{"start":{"line":5,"column":0},"end":{"line":5,"column":57}},"5":{"start":{"line":6,"column":0},"end":{"line":6,"column":61}},"6":{"start":{"line":7,"column":0},"end":{"line":24,"column":5}},"7":{"start":{"line":8,"column":4},"end":{"line":9,"column":5}},"8":{"start":{"line":10,"column":4},"end":{"line":14,"column":43}},"9":{"start":{"line":15,"column":4},"end":{"line":19,"column":45}},"10":{"start":{"line":20,"column":4},"end":{"line":22,"column":19}},"11":{"start":{"line":23,"column":4},"end":{"line":23,"column":22}},"12":{"start":{"line":25,"column":0},"end":{"line":25,"column":32}},"13":{"start":{"line":26,"column":0},"end":{"line":54,"column":5}},"14":{"start":{"line":27,"column":4},"end":{"line":28,"column":5}},"15":{"start":{"line":29,"column":4},"end":{"line":32,"column":50}},"16":{"start":{"line":33,"column":4},"end":{"line":36,"column":53}},"17":{"start":{"line":37,"column":4},"end":{"line":40,"column":56}},"18":{"start":{"line":41,"column":4},"end":{"line":44,"column":55}},"19":{"start":{"line":45,"column":4},"end":{"line":49,"column":53}},"20":{"start":{"line":50,"column":4},"end":{"line":52,"column":26}},"21":{"start":{"line":53,"column":4},"end":{"line":53,"column":29}},"22":{"start":{"line":55,"column":0},"end":{"line":55,"column":46}}},"branchMap":{},"l":{"2":0,"3":0,"4":0,"5":0,"6":0,"7":0,"8":1,"10":0,"15":0,"20":0,"23":0,"25":0,"26":0,"27":1,"29":0,"33":0,"37":0,"41":0,"45":0,"50":0,"53":0,"55":0}},
"/home/jonathanstage/Dev/workspace-js/workspace-projet-hornet/projet-hornet/src/models/fvm/fvm-mod.js":{"path":"/home/jonathanstage/Dev/workspace-js/workspace-projet-hornet/projet-hornet/src/models/fvm/fvm-mod.js","s":{"1":0,"2":0,"3":0,"4":0,"5":0,"6":0,"7":1,"8":0,"9":0,"10":0,"11":0,"12":0,"13":0,"14":0,"15":0,"16":0,"17":0,"18":0,"19":1,"20":0,"21":0,"22":0,"23":0,"24":0,"25":0,"26":0,"27":0,"28":0,"29":0,"30":0,"31":0,"32":1,"33":0,"34":0,"35":0,"36":0,"37":0,"38":0,"39":0,"40":0,"41":1,"42":0,"43":0,"44":0,"45":0,"46":0,"47":0,"48":0,"49":0,"50":0,"51":0,"52":1,"53":0,"54":0,"55":0,"56":0,"57":0,"58":0,"59":0,"60":0,"61":0,"62":1,"63":0,"64":0,"65":0,"66":0,"67":0,"68":0,"69":0,"70":1,"71":0,"72":0,"73":0,"74":0,"75":0,"76":0,"77":0,"78":1,"79":0,"80":0,"81":0,"82":0,"83":0,"84":0,"85":0,"86":0,"87":0,"88":0,"89":0,"90":1,"91":0,"92":0,"93":0,"94":0,"95":0,"96":0,"97":0,"98":0,"99":0,"100":0,"101":0,"102":1,"103":0,"104":0,"105":0,"106":0,"107":0,"108":0,"109":0,"110":0,"111":0,"112":0,"113":0,"114":1,"115":0,"116":0,"117":0,"118":0,"119":0,"120":0,"121":0,"122":0,"123":0,"124":0},"b":{},"f":{"1":0,"2":0,"3":0,"4":0,"5":0,"6":0,"7":0,"8":0,"9":0,"10":0,"11":0,"12":0,"13":0,"14":0,"15":0,"16":0,"17":0,"18":0,"19":0,"20":0,"21":0,"22":0},"fnMap":{"1":{"name":"(anonymous_1)","line":16,"loc":{"start":{"line":16,"column":37},"end":{"line":16,"column":49}}},"2":{"name":"PermisFVMMetier","line":17,"loc":{"start":{"line":17,"column":4},"end":{"line":17,"column":31}}},"3":{"name":"(anonymous_3)","line":63,"loc":{"start":{"line":63,"column":39},"end":{"line":63,"column":51}}},"4":{"name":"PersonneFVMMetier","line":64,"loc":{"start":{"line":64,"column":4},"end":{"line":64,"column":33}}},"5":{"name":"(anonymous_5)","line":115,"loc":{"start":{"line":115,"column":38},"end":{"line":115,"column":50}}},"6":{"name":"DossierFVMMetier","line":116,"loc":{"start":{"line":116,"column":4},"end":{"line":116,"column":32}}},"7":{"name":"(anonymous_7)","line":147,"loc":{"start":{"line":147,"column":54},"end":{"line":147,"column":66}}},"8":{"name":"DemandeAuthentificationFVMMetier","line":148,"loc":{"start":{"line":148,"column":4},"end":{"line":148,"column":48}}},"9":{"name":"(anonymous_9)","line":189,"loc":{"start":{"line":189,"column":37},"end":{"line":189,"column":49}}},"10":{"name":"ReleveFVMMetier","line":190,"loc":{"start":{"line":190,"column":4},"end":{"line":190,"column":31}}},"11":{"name":"(anonymous_11)","line":226,"loc":{"start":{"line":226,"column":48},"end":{"line":226,"column":60}}},"12":{"name":"NoteVerbaleReleveFVMMetier","line":227,"loc":{"start":{"line":227,"column":4},"end":{"line":227,"column":42}}},"13":{"name":"(anonymous_13)","line":253,"loc":{"start":{"line":253,"column":42},"end":{"line":253,"column":54}}},"14":{"name":"NoteVerbaleFVMMetier","line":254,"loc":{"start":{"line":254,"column":4},"end":{"line":254,"column":36}}},"15":{"name":"(anonymous_15)","line":280,"loc":{"start":{"line":280,"column":42},"end":{"line":280,"column":54}}},"16":{"name":"CopiePermisFVMMetier","line":281,"loc":{"start":{"line":281,"column":4},"end":{"line":281,"column":36}}},"17":{"name":"(anonymous_17)","line":327,"loc":{"start":{"line":327,"column":52},"end":{"line":327,"column":64}}},"18":{"name":"CopieNoteVerbaleMAECIFVMMetier","line":328,"loc":{"start":{"line":328,"column":4},"end":{"line":328,"column":46}}},"19":{"name":"(anonymous_19)","line":374,"loc":{"start":{"line":374,"column":42},"end":{"line":374,"column":54}}},"20":{"name":"CopieReleveFVMMetier","line":375,"loc":{"start":{"line":375,"column":4},"end":{"line":375,"column":36}}},"21":{"name":"(anonymous_21)","line":421,"loc":{"start":{"line":421,"column":54},"end":{"line":421,"column":66}}},"22":{"name":"CopieCourrierPrefectureFVMMetier","line":422,"loc":{"start":{"line":422,"column":4},"end":{"line":422,"column":48}}}},"statementMap":{"1":{"start":{"line":2,"column":0},"end":{"line":2,"column":62}},"2":{"start":{"line":3,"column":0},"end":{"line":3,"column":31}},"3":{"start":{"line":4,"column":0},"end":{"line":4,"column":59}},"4":{"start":{"line":5,"column":0},"end":{"line":5,"column":57}},"5":{"start":{"line":6,"column":0},"end":{"line":6,"column":61}},"6":{"start":{"line":16,"column":0},"end":{"line":58,"column":5}},"7":{"start":{"line":17,"column":4},"end":{"line":18,"column":5}},"8":{"start":{"line":19,"column":4},"end":{"line":23,"column":59}},"9":{"start":{"line":24,"column":4},"end":{"line":28,"column":56}},"10":{"start":{"line":29,"column":4},"end":{"line":33,"column":65}},"11":{"start":{"line":34,"column":4},"end":{"line":38,"column":64}},"12":{"start":{"line":39,"column":4},"end":{"line":43,"column":61}},"13":{"start":{"line":44,"column":4},"end":{"line":48,"column":60}},"14":{"start":{"line":49,"column":4},"end":{"line":53,"column":70}},"15":{"start":{"line":54,"column":4},"end":{"line":56,"column":24}},"16":{"start":{"line":57,"column":4},"end":{"line":57,"column":27}},"17":{"start":{"line":59,"column":0},"end":{"line":59,"column":42}},"18":{"start":{"line":63,"column":0},"end":{"line":110,"column":5}},"19":{"start":{"line":64,"column":4},"end":{"line":65,"column":5}},"20":{"start":{"line":66,"column":4},"end":{"line":70,"column":63}},"21":{"start":{"line":71,"column":4},"end":{"line":75,"column":51}},"22":{"start":{"line":76,"column":4},"end":{"line":80,"column":54}},"23":{"start":{"line":81,"column":4},"end":{"line":85,"column":53}},"24":{"start":{"line":86,"column":4},"end":{"line":90,"column":65}},"25":{"start":{"line":91,"column":4},"end":{"line":95,"column":66}},"26":{"start":{"line":96,"column":4},"end":{"line":100,"column":65}},"27":{"start":{"line":101,"column":4},"end":{"line":105,"column":61}},"28":{"start":{"line":106,"column":4},"end":{"line":108,"column":26}},"29":{"start":{"line":109,"column":4},"end":{"line":109,"column":29}},"30":{"start":{"line":111,"column":0},"end":{"line":111,"column":46}},"31":{"start":{"line":115,"column":0},"end":{"line":142,"column":5}},"32":{"start":{"line":116,"column":4},"end":{"line":117,"column":5}},"33":{"start":{"line":118,"column":4},"end":{"line":122,"column":61}},"34":{"start":{"line":123,"column":4},"end":{"line":127,"column":78}},"35":{"start":{"line":128,"column":4},"end":{"line":132,"column":69}},"36":{"start":{"line":133,"column":4},"end":{"line":137,"column":60}},"37":{"start":{"line":138,"column":4},"end":{"line":140,"column":25}},"38":{"start":{"line":141,"column":4},"end":{"line":141,"column":28}},"39":{"start":{"line":143,"column":0},"end":{"line":143,"column":44}},"40":{"start":{"line":147,"column":0},"end":{"line":184,"column":5}},"41":{"start":{"line":148,"column":4},"end":{"line":149,"column":5}},"42":{"start":{"line":150,"column":4},"end":{"line":154,"column":94}},"43":{"start":{"line":155,"column":4},"end":{"line":159,"column":91}},"44":{"start":{"line":160,"column":4},"end":{"line":164,"column":79}},"45":{"start":{"line":165,"column":4},"end":{"line":169,"column":81}},"46":{"start":{"line":170,"column":4},"end":{"line":174,"column":76}},"47":{"start":{"line":175,"column":4},"end":{"line":179,"column":73}},"48":{"start":{"line":180,"column":4},"end":{"line":182,"column":41}},"49":{"start":{"line":183,"column":4},"end":{"line":183,"column":44}},"50":{"start":{"line":185,"column":0},"end":{"line":185,"column":76}},"51":{"start":{"line":189,"column":0},"end":{"line":221,"column":5}},"52":{"start":{"line":190,"column":4},"end":{"line":191,"column":5}},"53":{"start":{"line":192,"column":4},"end":{"line":196,"column":59}},"54":{"start":{"line":197,"column":4},"end":{"line":201,"column":65}},"55":{"start":{"line":202,"column":4},"end":{"line":206,"column":78}},"56":{"start":{"line":207,"column":4},"end":{"line":211,"column":67}},"57":{"start":{"line":212,"column":4},"end":{"line":216,"column":59}},"58":{"start":{"line":217,"column":4},"end":{"line":219,"column":24}},"59":{"start":{"line":220,"column":4},"end":{"line":220,"column":27}},"60":{"start":{"line":222,"column":0},"end":{"line":222,"column":42}},"61":{"start":{"line":226,"column":0},"end":{"line":248,"column":5}},"62":{"start":{"line":227,"column":4},"end":{"line":228,"column":5}},"63":{"start":{"line":229,"column":4},"end":{"line":233,"column":83}},"64":{"start":{"line":234,"column":4},"end":{"line":238,"column":70}},"65":{"start":{"line":239,"column":4},"end":{"line":243,"column":76}},"66":{"start":{"line":244,"column":4},"end":{"line":246,"column":35}},"67":{"start":{"line":247,"column":4},"end":{"line":247,"column":38}},"68":{"start":{"line":249,"column":0},"end":{"line":249,"column":64}},"69":{"start":{"line":253,"column":0},"end":{"line":275,"column":5}},"70":{"start":{"line":254,"column":4},"end":{"line":255,"column":5}},"71":{"start":{"line":256,"column":4},"end":{"line":260,"column":70}},"72":{"start":{"line":261,"column":4},"end":{"line":265,"column":67}},"73":{"start":{"line":266,"column":4},"end":{"line":270,"column":84}},"74":{"start":{"line":271,"column":4},"end":{"line":273,"column":29}},"75":{"start":{"line":274,"column":4},"end":{"line":274,"column":32}},"76":{"start":{"line":276,"column":0},"end":{"line":276,"column":52}},"77":{"start":{"line":280,"column":0},"end":{"line":322,"column":5}},"78":{"start":{"line":281,"column":4},"end":{"line":282,"column":5}},"79":{"start":{"line":283,"column":4},"end":{"line":287,"column":70}},"80":{"start":{"line":288,"column":4},"end":{"line":292,"column":54}},"81":{"start":{"line":293,"column":4},"end":{"line":297,"column":59}},"82":{"start":{"line":298,"column":4},"end":{"line":302,"column":59}},"83":{"start":{"line":303,"column":4},"end":{"line":307,"column":55}},"84":{"start":{"line":308,"column":4},"end":{"line":312,"column":55}},"85":{"start":{"line":313,"column":4},"end":{"line":317,"column":64}},"86":{"start":{"line":318,"column":4},"end":{"line":320,"column":29}},"87":{"start":{"line":321,"column":4},"end":{"line":321,"column":32}},"88":{"start":{"line":323,"column":0},"end":{"line":323,"column":52}},"89":{"start":{"line":327,"column":0},"end":{"line":369,"column":5}},"90":{"start":{"line":328,"column":4},"end":{"line":329,"column":5}},"91":{"start":{"line":330,"column":4},"end":{"line":334,"column":92}},"92":{"start":{"line":335,"column":4},"end":{"line":339,"column":64}},"93":{"start":{"line":340,"column":4},"end":{"line":344,"column":69}},"94":{"start":{"line":345,"column":4},"end":{"line":349,"column":69}},"95":{"start":{"line":350,"column":4},"end":{"line":354,"column":65}},"96":{"start":{"line":355,"column":4},"end":{"line":359,"column":65}},"97":{"start":{"line":360,"column":4},"end":{"line":364,"column":75}},"98":{"start":{"line":365,"column":4},"end":{"line":367,"column":39}},"99":{"start":{"line":368,"column":4},"end":{"line":368,"column":42}},"100":{"start":{"line":370,"column":0},"end":{"line":370,"column":72}},"101":{"start":{"line":374,"column":0},"end":{"line":416,"column":5}},"102":{"start":{"line":375,"column":4},"end":{"line":376,"column":5}},"103":{"start":{"line":377,"column":4},"end":{"line":381,"column":70}},"104":{"start":{"line":382,"column":4},"end":{"line":386,"column":54}},"105":{"start":{"line":387,"column":4},"end":{"line":391,"column":59}},"106":{"start":{"line":392,"column":4},"end":{"line":396,"column":59}},"107":{"start":{"line":397,"column":4},"end":{"line":401,"column":55}},"108":{"start":{"line":402,"column":4},"end":{"line":406,"column":55}},"109":{"start":{"line":407,"column":4},"end":{"line":411,"column":64}},"110":{"start":{"line":412,"column":4},"end":{"line":414,"column":29}},"111":{"start":{"line":415,"column":4},"end":{"line":415,"column":32}},"112":{"start":{"line":417,"column":0},"end":{"line":417,"column":52}},"113":{"start":{"line":421,"column":0},"end":{"line":463,"column":5}},"114":{"start":{"line":422,"column":4},"end":{"line":423,"column":5}},"115":{"start":{"line":424,"column":4},"end":{"line":428,"column":95}},"116":{"start":{"line":429,"column":4},"end":{"line":433,"column":66}},"117":{"start":{"line":434,"column":4},"end":{"line":438,"column":71}},"118":{"start":{"line":439,"column":4},"end":{"line":443,"column":71}},"119":{"start":{"line":444,"column":4},"end":{"line":448,"column":67}},"120":{"start":{"line":449,"column":4},"end":{"line":453,"column":67}},"121":{"start":{"line":454,"column":4},"end":{"line":458,"column":76}},"122":{"start":{"line":459,"column":4},"end":{"line":461,"column":41}},"123":{"start":{"line":462,"column":4},"end":{"line":462,"column":44}},"124":{"start":{"line":464,"column":0},"end":{"line":464,"column":76}}},"branchMap":{},"l":{"2":0,"3":0,"4":0,"5":0,"6":0,"16":0,"17":1,"19":0,"24":0,"29":0,"34":0,"39":0,"44":0,"49":0,"54":0,"57":0,"59":0,"63":0,"64":1,"66":0,"71":0,"76":0,"81":0,"86":0,"91":0,"96":0,"101":0,"106":0,"109":0,"111":0,"115":0,"116":1,"118":0,"123":0,"128":0,"133":0,"138":0,"141":0,"143":0,"147":0,"148":1,"150":0,"155":0,"160":0,"165":0,"170":0,"175":0,"180":0,"183":0,"185":0,"189":0,"190":1,"192":0,"197":0,"202":0,"207":0,"212":0,"217":0,"220":0,"222":0,"226":0,"227":1,"229":0,"234":0,"239":0,"244":0,"247":0,"249":0,"253":0,"254":1,"256":0,"261":0,"266":0,"271":0,"274":0,"276":0,"280":0,"281":1,"283":0,"288":0,"293":0,"298":0,"303":0,"308":0,"313":0,"318":0,"321":0,"323":0,"327":0,"328":1,"330":0,"335":0,"340":0,"345":0,"350":0,"355":0,"360":0,"365":0,"368":0,"370":0,"374":0,"375":1,"377":0,"382":0,"387":0,"392":0,"397":0,"402":0,"407":0,"412":0,"415":0,"417":0,"421":0,"422":1,"424":0,"429":0,"434":0,"439":0,"444":0,"449":0,"454":0,"459":0,"462":0,"464":0}},
"/home/jonathanstage/Dev/workspace-js/workspace-projet-hornet/projet-hornet/src/models/fvm/model-copiecourrierprefecture.js":{"path":"/home/jonathanstage/Dev/workspace-js/workspace-projet-hornet/projet-hornet/src/models/fvm/model-copiecourrierprefecture.js","s":{"1":0,"2":0,"3":0},"b":{},"f":{},"fnMap":{},"statementMap":{"1":{"start":{"line":2,"column":0},"end":{"line":2,"column":62}},"2":{"start":{"line":3,"column":0},"end":{"line":3,"column":37}},"3":{"start":{"line":8,"column":0},"end":{"line":51,"column":2}}},"branchMap":{},"l":{"2":0,"3":0,"8":0}},
"/home/jonathanstage/Dev/workspace-js/workspace-projet-hornet/projet-hornet/src/models/fvm/model-copienoteverbaleMAECI.js":{"path":"/home/jonathanstage/Dev/workspace-js/workspace-projet-hornet/projet-hornet/src/models/fvm/model-copienoteverbaleMAECI.js","s":{"1":0,"2":0,"3":0},"b":{},"f":{},"fnMap":{},"statementMap":{"1":{"start":{"line":2,"column":0},"end":{"line":2,"column":62}},"2":{"start":{"line":3,"column":0},"end":{"line":3,"column":37}},"3":{"start":{"line":8,"column":0},"end":{"line":51,"column":2}}},"branchMap":{},"l":{"2":0,"3":0,"8":0}},
"/home/jonathanstage/Dev/workspace-js/workspace-projet-hornet/projet-hornet/src/models/fvm/model-copiepermis.js":{"path":"/home/jonathanstage/Dev/workspace-js/workspace-projet-hornet/projet-hornet/src/models/fvm/model-copiepermis.js","s":{"1":0,"2":0,"3":0},"b":{},"f":{},"fnMap":{},"statementMap":{"1":{"start":{"line":2,"column":0},"end":{"line":2,"column":62}},"2":{"start":{"line":3,"column":0},"end":{"line":3,"column":37}},"3":{"start":{"line":8,"column":0},"end":{"line":51,"column":2}}},"branchMap":{},"l":{"2":0,"3":0,"8":0}},
"/home/jonathanstage/Dev/workspace-js/workspace-projet-hornet/projet-hornet/src/models/fvm/model-copiereleve.js":{"path":"/home/jonathanstage/Dev/workspace-js/workspace-projet-hornet/projet-hornet/src/models/fvm/model-copiereleve.js","s":{"1":0,"2":0,"3":0},"b":{},"f":{},"fnMap":{},"statementMap":{"1":{"start":{"line":2,"column":0},"end":{"line":2,"column":62}},"2":{"start":{"line":3,"column":0},"end":{"line":3,"column":37}},"3":{"start":{"line":8,"column":0},"end":{"line":51,"column":2}}},"branchMap":{},"l":{"2":0,"3":0,"8":0}},
"/home/jonathanstage/Dev/workspace-js/workspace-projet-hornet/projet-hornet/src/models/fvm/model-demandeauthentification.js":{"path":"/home/jonathanstage/Dev/workspace-js/workspace-projet-hornet/projet-hornet/src/models/fvm/model-demandeauthentification.js","s":{"1":0,"2":0,"3":0},"b":{},"f":{},"fnMap":{},"statementMap":{"1":{"start":{"line":2,"column":0},"end":{"line":2,"column":62}},"2":{"start":{"line":3,"column":0},"end":{"line":3,"column":37}},"3":{"start":{"line":8,"column":0},"end":{"line":51,"column":2}}},"branchMap":{},"l":{"2":0,"3":0,"8":0}},
"/home/jonathanstage/Dev/workspace-js/workspace-projet-hornet/projet-hornet/src/models/fvm/model-dossier.js":{"path":"/home/jonathanstage/Dev/workspace-js/workspace-projet-hornet/projet-hornet/src/models/fvm/model-dossier.js","s":{"1":0,"2":0,"3":0},"b":{},"f":{},"fnMap":{},"statementMap":{"1":{"start":{"line":2,"column":0},"end":{"line":2,"column":62}},"2":{"start":{"line":3,"column":0},"end":{"line":3,"column":37}},"3":{"start":{"line":8,"column":0},"end":{"line":36,"column":2}}},"branchMap":{},"l":{"2":0,"3":0,"8":0}},
[...]
ine":87,"column":6}},"29":{"start":{"line":76,"column":8},"end":{"line":76,"column":25}},"30":{"start":{"line":77,"column":8},"end":{"line":77,"column":88}},"31":{"start":{"line":79,"column":8},"end":{"line":79,"column":71}},"32":{"start":{"line":80,"column":8},"end":{"line":86,"column":11}},"33":{"start":{"line":83,"column":12},"end":{"line":83,"column":38}},"34":{"start":{"line":84,"column":12},"end":{"line":84,"column":50}},"35":{"start":{"line":85,"column":12},"end":{"line":85,"column":31}},"36":{"start":{"line":93,"column":4},"end":{"line":129,"column":6}},"37":{"start":{"line":94,"column":8},"end":{"line":94,"column":25}},"38":{"start":{"line":95,"column":8},"end":{"line":95,"column":88}},"39":{"start":{"line":97,"column":8},"end":{"line":97,"column":37}},"40":{"start":{"line":99,"column":8},"end":{"line":99,"column":73}},"41":{"start":{"line":100,"column":8},"end":{"line":100,"column":76}},"42":{"start":{"line":102,"column":8},"end":{"line":102,"column":117}},"43":{"start":{"line":103,"column":8},"end":{"line":128,"column":11}},"44":{"start":{"line":104,"column":12},"end":{"line":104,"column":44}},"45":{"start":{"line":105,"column":12},"end":{"line":105,"column":45}},"46":{"start":{"line":106,"column":12},"end":{"line":106,"column":58}},"47":{"start":{"line":108,"column":12},"end":{"line":108,"column":133}},"48":{"start":{"line":109,"column":12},"end":{"line":109,"column":80}},"49":{"start":{"line":110,"column":12},"end":{"line":110,"column":84}},"50":{"start":{"line":111,"column":12},"end":{"line":111,"column":95}},"51":{"start":{"line":112,"column":12},"end":{"line":112,"column":70}},"52":{"start":{"line":114,"column":12},"end":{"line":121,"column":13}},"53":{"start":{"line":116,"column":16},"end":{"line":116,"column":172}},"54":{"start":{"line":117,"column":16},"end":{"line":117,"column":161}},"55":{"start":{"line":120,"column":16},"end":{"line":120,"column":130}},"56":{"start":{"line":125,"column":12},"end":{"line":125,"column":38}},"57":{"start":{"line":126,"column":12},"end":{"line":126,"column":50}},"58":{"start":{"line":127,"column":12},"end":{"line":127,"column":31}},"59":{"start":{"line":134,"column":4},"end":{"line":178,"column":6}},"60":{"start":{"line":135,"column":8},"end":{"line":135,"column":25}},"61":{"start":{"line":136,"column":8},"end":{"line":136,"column":70}},"62":{"start":{"line":138,"column":8},"end":{"line":177,"column":11}},"63":{"start":{"line":139,"column":12},"end":{"line":139,"column":37}},"64":{"start":{"line":140,"column":12},"end":{"line":140,"column":36}},"65":{"start":{"line":145,"column":12},"end":{"line":148,"column":15}},"66":{"start":{"line":146,"column":16},"end":{"line":146,"column":56}},"67":{"start":{"line":147,"column":16},"end":{"line":147,"column":54}},"68":{"start":{"line":150,"column":12},"end":{"line":150,"column":79}},"69":{"start":{"line":151,"column":12},"end":{"line":151,"column":75}},"70":{"start":{"line":152,"column":12},"end":{"line":176,"column":15}},"71":{"start":{"line":153,"column":16},"end":{"line":153,"column":45}},"72":{"start":{"line":154,"column":16},"end":{"line":154,"column":44}},"73":{"start":{"line":155,"column":16},"end":{"line":155,"column":32}},"74":{"start":{"line":157,"column":16},"end":{"line":173,"column":19}},"75":{"start":{"line":158,"column":20},"end":{"line":158,"column":165}},"76":{"start":{"line":159,"column":20},"end":{"line":159,"column":53}},"77":{"start":{"line":160,"column":20},"end":{"line":166,"column":23}},"78":{"start":{"line":161,"column":24},"end":{"line":165,"column":25}},"79":{"start":{"line":162,"column":28},"end":{"line":162,"column":51}},"80":{"start":{"line":163,"column":28},"end":{"line":163,"column":57}},"81":{"start":{"line":164,"column":28},"end":{"line":164,"column":98}},"82":{"start":{"line":167,"column":20},"end":{"line":171,"column":23}},"83":{"start":{"line":168,"column":24},"end":{"line":170,"column":25}},"84":{"start":{"line":169,"column":28},"end":{"line":169,"column":107}},"85":{"start":{"line":172,"column":20},"end":{"line":172,"column":37}},"86":{"start":{"line":175,"column":16},"end":{"line":175,"column":30}},"87":{"start":{"line":184,"column":4},"end":{"line":232,"column":6}},"88":{"start":{"line":185,"column":8},"end":{"line":185,"column":25}},"89":{"start":{"line":186,"column":8},"end":{"line":186,"column":66}},"90":{"start":{"line":188,"column":8},"end":{"line":188,"column":37}},"91":{"start":{"line":190,"column":8},"end":{"line":231,"column":11}},"92":{"start":{"line":191,"column":12},"end":{"line":191,"column":28}},"93":{"start":{"line":192,"column":12},"end":{"line":192,"column":51}},"94":{"start":{"line":193,"column":12},"end":{"line":193,"column":88}},"95":{"start":{"line":200,"column":12},"end":{"line":200,"column":89}},"96":{"start":{"line":201,"column":12},"end":{"line":201,"column":76}},"97":{"start":{"line":202,"column":12},"end":{"line":202,"column":72}},"98":{"start":{"line":203,"column":12},"end":{"line":203,"column":105}},"99":{"start":{"line":204,"column":12},"end":{"line":230,"column":15}},"100":{"start":{"line":205,"column":16},"end":{"line":205,"column":51}},"101":{"start":{"line":206,"column":16},"end":{"line":206,"column":47}},"102":{"start":{"line":207,"column":16},"end":{"line":207,"column":46}},"103":{"start":{"line":208,"column":16},"end":{"line":208,"column":49}},"104":{"start":{"line":210,"column":16},"end":{"line":210,"column":60}},"105":{"start":{"line":211,"column":16},"end":{"line":211,"column":51}},"106":{"start":{"line":212,"column":16},"end":{"line":212,"column":57}},"107":{"start":{"line":213,"column":16},"end":{"line":213,"column":98}},"108":{"start":{"line":214,"column":16},"end":{"line":214,"column":54}},"109":{"start":{"line":215,"column":16},"end":{"line":215,"column":77}},"110":{"start":{"line":216,"column":16},"end":{"line":216,"column":75}},"111":{"start":{"line":217,"column":16},"end":{"line":217,"column":59}},"112":{"start":{"line":218,"column":16},"end":{"line":218,"column":69}},"113":{"start":{"line":219,"column":16},"end":{"line":219,"column":67}},"114":{"start":{"line":220,"column":16},"end":{"line":220,"column":61}},"115":{"start":{"line":221,"column":16},"end":{"line":221,"column":67}},"116":{"start":{"line":222,"column":16},"end":{"line":222,"column":57}},"117":{"start":{"line":223,"column":16},"end":{"line":223,"column":107}},"118":{"start":{"line":225,"column":16},"end":{"line":229,"column":19}},"119":{"start":{"line":227,"column":20},"end":{"line":227,"column":64}},"120":{"start":{"line":228,"column":20},"end":{"line":228,"column":36}},"121":{"start":{"line":238,"column":4},"end":{"line":243,"column":6}},"122":{"start":{"line":239,"column":8},"end":{"line":239,"column":82}},"123":{"start":{"line":241,"column":8},"end":{"line":241,"column":37}},"124":{"start":{"line":242,"column":8},"end":{"line":242,"column":94}},"125":{"start":{"line":260,"column":4},"end":{"line":263,"column":6}},"126":{"start":{"line":261,"column":8},"end":{"line":261,"column":70}},"127":{"start":{"line":262,"column":8},"end":{"line":262,"column":65}},"128":{"start":{"line":269,"column":4},"end":{"line":272,"column":6}},"129":{"start":{"line":270,"column":8},"end":{"line":270,"column":80}},"130":{"start":{"line":271,"column":8},"end":{"line":271,"column":95}},"131":{"start":{"line":278,"column":4},"end":{"line":292,"column":6}},"132":{"start":{"line":279,"column":8},"end":{"line":279,"column":25}},"133":{"start":{"line":280,"column":8},"end":{"line":280,"column":66}},"134":{"start":{"line":282,"column":8},"end":{"line":282,"column":70}},"135":{"start":{"line":284,"column":8},"end":{"line":291,"column":11}},"136":{"start":{"line":285,"column":12},"end":{"line":285,"column":43}},"137":{"start":{"line":287,"column":12},"end":{"line":290,"column":15}},"138":{"start":{"line":288,"column":16},"end":{"line":288,"column":76}},"139":{"start":{"line":289,"column":16},"end":{"line":289,"column":30}},"140":{"start":{"line":293,"column":4},"end":{"line":298,"column":77}},"141":{"start":{"line":299,"column":4},"end":{"line":304,"column":61}},"142":{"start":{"line":305,"column":4},"end":{"line":305,"column":31}},"143":{"start":{"line":307,"column":0},"end":{"line":307,"column":50}}},"branchMap":{"1":{"line":27,"type":"binary-expr","locations":[{"start":{"line":27,"column":20},"end":{"line":27,"column":35}},{"start":{"line":27,"column":39},"end":{"line":27,"column":68}},{"start":{"line":27,"column":72},"end":{"line":27,"column":76}}]},"2":{"line":114,"type":"if","locations":[{"start":{"line":114,"column":12},"end":{"line":114,"column":12}},{"start":{"line":114,"column":12},"end":{"line":114,"column":12}}]},"3":{"line":161,"type":"if","locations":[{"start":{"line":161,"column":24},"end":{"line":161,"column":24}},{"start":{"line":161,"column":24},"end":{"line":161,"column":24}}]},"4":{"line":168,"type":"if","locations":[{"start":{"line":168,"column":24},"end":{"line":168,"column":24}},{"start":{"line":168,"column":24},"end":{"line":168,"column":24}}]}},"l":{"2":0,"3":0,"4":0,"6":0,"8":0,"9":0,"11":0,"12":0,"13":0,"14":0,"15":0,"16":0,"17":0,"18":0,"24":0,"25":0,"26":1,"27":0,"32":0,"37":0,"42":0,"47":0,"52":0,"57":0,"62":0,"67":0,"68":0,"75":0,"76":0,"77":0,"79":0,"80":0,"83":0,"84":0,"85":0,"93":0,"94":0,"95":0,"97":0,"99":0,"100":0,"102":0,"103":0,"104":0,"105":0,"106":0,"108":0,"109":0,"110":0,"111":0,"112":0,"114":0,"116":0,"117":0,"120":0,"125":0,"126":0,"127":0,"134":0,"135":0,"136":0,"138":0,"139":0,"140":0,"145":0,"146":0,"147":0,"150":0,"151":0,"152":0,"153":0,"154":0,"155":0,"157":0,"158":0,"159":0,"160":0,"161":0,"162":0,"163":0,"164":0,"167":0,"168":0,"169":0,"172":0,"175":0,"184":0,"185":0,"186":0,"188":0,"190":0,"191":0,"192":0,"193":0,"200":0,"201":0,"202":0,"203":0,"204":0,"205":0,"206":0,"207":0,"208":0,"210":0,"211":0,"212":0,"213":0,"214":0,"215":0,"216":0,"217":0,"218":0,"219":0,"220":0,"221":0,"222":0,"223":0,"225":0,"227":0,"228":0,"238":0,"239":0,"241":0,"242":0,"260":0,"261":0,"262":0,"269":0,"270":0,"271":0,"278":0,"279":0,"280":0,"282":0,"284":0,"285":0,"287":0,"288":0,"289":0,"293":0,"299":0,"305":0,"307":0}},
"/home/jonathanstage/Dev/workspace-js/workspace-projet-hornet/projet-hornet/src/services/page/admin/fvm/form-service-impl.js":{"path":"/home/jonathanstage/Dev/workspace-js/workspace-projet-hornet/projet-hornet/src/services/page/admin/fvm/form-service-impl.js","s":{"1":0,"2":0,"3":0,"4":0,"5":0,"6":0,"7":0,"8":1,"9":0,"10":0,"11":0,"12":0,"13":0,"14":0,"15":0,"16":0,"17":0,"18":0,"19":0,"20":0,"21":0,"22":0,"23":0,"24":0,"25":0,"26":0,"27":0,"28":0,"29":0,"30":0,"31":0,"32":0,"33":0,"34":0},"b":{"1":[0,0,0]},"f":{"1":0,"2":0,"3":0,"4":0,"5":0,"6":0,"7":0},"fnMap":{"1":{"name":"(anonymous_1)","line":13,"loc":{"start":{"line":13,"column":37},"end":{"line":13,"column":55}}},"2":{"name":"FormServiceImpl","line":15,"loc":{"start":{"line":15,"column":4},"end":{"line":15,"column":31}}},"3":{"name":"(anonymous_3)","line":23,"loc":{"start":{"line":23,"column":47},"end":{"line":23,"column":63}}},"4":{"name":"(anonymous_4)","line":41,"loc":{"start":{"line":41,"column":63},"end":{"line":41,"column":79}}},"5":{"name":"(anonymous_5)","line":55,"loc":{"start":{"line":55,"column":46},"end":{"line":55,"column":62}}},"6":{"name":"(anonymous_6)","line":68,"loc":{"start":{"line":68,"column":51},"end":{"line":68,"column":63}}},"7":{"name":"(anonymous_7)","line":80,"loc":{"start":{"line":80,"column":47},"end":{"line":80,"column":59}}}},"statementMap":{"1":{"start":{"line":2,"column":0},"end":{"line":2,"column":62}},"2":{"start":{"line":3,"column":0},"end":{"line":3,"column":31}},"3":{"start":{"line":4,"column":0},"end":{"line":4,"column":51}},"4":{"start":{"line":6,"column":0},"end":{"line":6,"column":73}},"5":{"start":{"line":7,"column":0},"end":{"line":7,"column":106}},"6":{"start":{"line":13,"column":0},"end":{"line":89,"column":31}},"7":{"start":{"line":14,"column":4},"end":{"line":14,"column":47}},"8":{"start":{"line":15,"column":4},"end":{"line":17,"column":5}},"9":{"start":{"line":16,"column":8},"end":{"line":16,"column":72}},"10":{"start":{"line":23,"column":4},"end":{"line":35,"column":6}},"11":{"start":{"line":24,"column":8},"end":{"line":24,"column":70}},"12":{"start":{"line":25,"column":8},"end":{"line":29,"column":10}},"13":{"start":{"line":31,"column":8},"end":{"line":31,"column":28}},"14":{"start":{"line":32,"column":8},"end":{"line":32,"column":114}},"15":{"start":{"line":33,"column":8},"end":{"line":33,"column":150}},"16":{"start":{"line":34,"column":8},"end":{"line":34,"column":35}},"17":{"start":{"line":41,"column":4},"end":{"line":49,"column":6}},"18":{"start":{"line":42,"column":8},"end":{"line":42,"column":86}},"19":{"start":{"line":43,"column":8},"end":{"line":47,"column":10}},"20":{"start":{"line":48,"column":8},"end":{"line":48,"column":35}},"21":{"start":{"line":55,"column":4},"end":{"line":63,"column":6}},"22":{"start":{"line":56,"column":8},"end":{"line":56,"column":69}},"23":{"start":{"line":57,"column":8},"end":{"line":61,"column":10}},"24":{"start":{"line":62,"column":8},"end":{"line":62,"column":35}},"25":{"start":{"line":68,"column":4},"end":{"line":75,"column":6}},"26":{"start":{"line":69,"column":8},"end":{"line":69,"column":73}},"27":{"start":{"line":70,"column":8},"end":{"line":73,"column":10}},"28":{"start":{"line":74,"column":8},"end":{"line":74,"column":35}},"29":{"start":{"line":80,"column":4},"end":{"line":87,"column":6}},"30":{"start":{"line":81,"column":8},"end":{"line":81,"column":69}},"31":{"start":{"line":82,"column":8},"end":{"line":85,"column":10}},"32":{"start":{"line":86,"column":8},"end":{"line":86,"column":35}},"33":{"start":{"line":88,"column":4},"end":{"line":88,"column":27}},"34":{"start":{"line":90,"column":0},"end":{"line":90,"column":42}}},"branchMap":{"1":{"line":16,"type":"binary-expr","locations":[{"start":{"line":16,"column":15},"end":{"line":16,"column":30}},{"start":{"line":16,"column":34},"end":{"line":16,"column":63}},{"start":{"line":16,"column":67},"end":{"line":16,"column":71}}]}},"l":{"2":0,"3":0,"4":0,"6":0,"7":0,"13":0,"14":0,"15":1,"16":0,"23":0,"24":0,"25":0,"31":0,"32":0,"33":0,"34":0,"41":0,"42":0,"43":0,"48":0,"55":0,"56":0,"57":0,"62":0,"68":0,"69":0,"70":0,"74":0,"80":0,"81":0,"82":0,"86":0,"88":0,"90":0}},
"/home/jonathanstage/Dev/workspace-js/workspace-projet-hornet/projet-hornet/src/services/page/admin/fvm/form-service.js":{"path":"/home/jonathanstage/Dev/workspace-js/workspace-projet-hornet/projet-hornet/src/services/page/admin/fvm/form-service.js","s":{"1":0},"b":{},"f":{},"fnMap":{},"statementMap":{"1":{"start":{"line":2,"column":0},"end":{"line":2,"column":62}}},"branchMap":{},"l":{"2":0}},
"/home/jonathanstage/Dev/workspace-js/workspace-projet-hornet/projet-hornet/src/services/page/admin/fvm/page-service-impl.js":{"path":"/home/jonathanstage/Dev/workspace-js/workspace-projet-hornet/projet-hornet/src/services/page/admin/fvm/page-service-impl.js","s":{"1":0,"2":0,"3":0,"4":0,"5":0,"6":0,"7":0,"8":1,"9":0,"10":0,"11":0,"12":0,"13":0,"14":0,"15":0,"16":0,"17":0,"18":0,"19":0,"20":0,"21":0,"22":0,"23":0,"24":0,"25":0,"26":0,"27":0,"28":0,"29":0,"30":0,"31":0,"32":0,"33":0,"34":0,"35":0,"36":0,"37":0,"38":0,"39":0,"40":0},"b":{"1":[0,0,0]},"f":{"1":0,"2":0,"3":0,"4":0,"5":0,"6":0,"7":0,"8":0,"9":0,"10":0},"fnMap":{"1":{"name":"(anonymous_1)","line":13,"loc":{"start":{"line":13,"column":37},"end":{"line":13,"column":55}}},"2":{"name":"PageServiceImpl","line":15,"loc":{"start":{"line":15,"column":4},"end":{"line":15,"column":31}}},"3":{"name":"(anonymous_3)","line":23,"loc":{"start":{"line":23,"column":62},"end":{"line":23,"column":78}}},"4":{"name":"(anonymous_4)","line":37,"loc":{"start":{"line":37,"column":46},"end":{"line":37,"column":62}}},"5":{"name":"(anonymous_5)","line":50,"loc":{"start":{"line":50,"column":48},"end":{"line":50,"column":60}}},"6":{"name":"(anonymous_6)","line":63,"loc":{"start":{"line":63,"column":43},"end":{"line":63,"column":59}}},"7":{"name":"(anonymous_7)","line":77,"loc":{"start":{"line":77,"column":59},"end":{"line":77,"column":75}}},"8":{"name":"(anonymous_8)","line":91,"loc":{"start":{"line":91,"column":47},"end":{"line":91,"column":72}}},"9":{"name":"(anonymous_9)","line":101,"loc":{"start":{"line":101,"column":57},"end":{"line":101,"column":92}}},"10":{"name":"(anonymous_10)","line":111,"loc":{"start":{"line":111,"column":62},"end":{"line":111,"column":82}}}},"statementMap":{"1":{"start":{"line":2,"column":0},"end":{"line":2,"column":62}},"2":{"start":{"line":3,"column":0},"end":{"line":3,"column":31}},"3":{"start":{"line":4,"column":0},"end":{"line":4,"column":51}},"4":{"start":{"line":6,"column":0},"end":{"line":6,"column":73}},"5":{"start":{"line":7,"column":0},"end":{"line":7,"column":106}},"6":{"start":{"line":13,"column":0},"end":{"line":117,"column":31}},"7":{"start":{"line":14,"column":4},"end":{"line":14,"column":47}},"8":{"start":{"line":15,"column":4},"end":{"line":17,"column":5}},"9":{"start":{"line":16,"column":8},"end":{"line":16,"column":72}},"10":{"start":{"line":23,"column":4},"end":{"line":31,"column":6}},"11":{"start":{"line":24,"column":8},"end":{"line":24,"column":88}},"12":{"start":{"line":25,"column":8},"end":{"line":29,"column":10}},"13":{"start":{"line":30,"column":8},"end":{"line":30,"column":35}},"14":{"start":{"line":37,"column":4},"end":{"line":45,"column":6}},"15":{"start":{"line":38,"column":8},"end":{"line":38,"column":72}},"16":{"start":{"line":39,"column":8},"end":{"line":43,"column":10}},"17":{"start":{"line":44,"column":8},"end":{"line":44,"column":35}},"18":{"start":{"line":50,"column":4},"end":{"line":57,"column":6}},"19":{"start":{"line":51,"column":8},"end":{"line":51,"column":71}},"20":{"start":{"line":52,"column":8},"end":{"line":55,"column":10}},"21":{"start":{"line":56,"column":8},"end":{"line":56,"column":35}},"22":{"start":{"line":63,"column":4},"end":{"line":71,"column":6}},"23":{"start":{"line":64,"column":8},"end":{"line":64,"column":66}},"24":{"start":{"line":65,"column":8},"end":{"line":69,"column":10}},"25":{"start":{"line":70,"column":8},"end":{"line":70,"column":35}},"26":{"start":{"line":77,"column":4},"end":{"line":85,"column":6}},"27":{"start":{"line":78,"column":8},"end":{"line":78,"column":82}},"28":{"start":{"line":79,"column":8},"end":{"line":83,"column":10}},"29":{"start":{"line":84,"column":8},"end":{"line":84,"column":35}},"30":{"start":{"line":91,"column":4},"end":{"line":94,"column":6}},"31":{"start":{"line":92,"column":8},"end":{"line":92,"column":70}},"32":{"start":{"line":93,"column":8},"end":{"line":93,"column":76}},"33":{"start":{"line":101,"column":4},"end":{"line":104,"column":6}},"34":{"start":{"line":102,"column":8},"end":{"line":102,"column":80}},"35":{"start":{"line":103,"column":8},"end":{"line":103,"column":76}},"36":{"start":{"line":111,"column":4},"end":{"line":114,"column":6}},"37":{"start":{"line":112,"column":8},"end":{"line":112,"column":85}},"38":{"start":{"line":113,"column":8},"end":{"line":113,"column":76}},"39":{"start":{"line":116,"column":4},"end":{"line":116,"column":27}},"40":{"start":{"line":118,"column":0},"end":{"line":118,"column":42}}},"branchMap":{"1":{"line":16,"type":"binary-expr","locations":[{"start":{"line":16,"column":15},"end":{"line":16,"column":30}},{"start":{"line":16,"column":34},"end":{"line":16,"column":63}},{"start":{"line":16,"column":67},"end":{"line":16,"column":71}}]}},"l":{"2":0,"3":0,"4":0,"6":0,"7":0,"13":0,"14":0,"15":1,"16":0,"23":0,"24":0,"25":0,"30":0,"37":0,"38":0,"39":0,"44":0,"50":0,"51":0,"52":0,"56":0,"63":0,"64":0,"65":0,"70":0,"77":0,"78":0,"79":0,"84":0,"91":0,"92":0,"93":0,"101":0,"102":0,"103":0,"111":0,"112":0,"113":0,"116":0,"118":0}},
"/home/jonathanstage/Dev/workspace-js/workspace-projet-hornet/projet-hornet/src/services/page/admin/fvm/page-service.js":{"path":"/home/jonathanstage/Dev/workspace-js/workspace-projet-hornet/projet-hornet/src/services/page/admin/fvm/page-service.js","s":{"1":0},"b":{},"f":{},"fnMap":{},"statementMap":{"1":{"start":{"line":2,"column":0},"end":{"line":2,"column":62}}},"branchMap":{},"l":{"2":0}}}
