TN:
SF:/home/jonathanstage/Dev/workspace-js/workspace-projet-hornet/projet-hornet/istanbul/src/client.js
FN:10,startClient
FN:12,routeLoader
FN:29,(anonymous_3)
FN:36,(anonymous_4)
FNF:4
FNH:0
FNDA:0,startClient
FNDA:0,routeLoader
FNDA:0,(anonymous_3)
FNDA:0,(anonymous_4)
DA:2,0
DA:3,0
DA:4,0
DA:5,0
DA:6,0
DA:7,0
DA:8,0
DA:9,0
DA:10,0
DA:11,0
DA:12,1
DA:13,0
DA:15,0
DA:17,0
DA:18,0
DA:19,0
DA:30,0
DA:36,0
DA:37,0
DA:38,0
DA:39,0
DA:42,0
DA:43,0
DA:46,0
LF:24
LH:1
BRDA:38,1,0,0
BRDA:38,1,1,0
BRF:2
BRH:0
end_of_record
TN:
SF:/home/jonathanstage/Dev/workspace-js/workspace-projet-hornet/projet-hornet/istanbul/src/injector-context-services-data.js
FN:10,(anonymous_1)
FN:11,(anonymous_2)
FN:18,(anonymous_3)
FN:19,(anonymous_4)
FNF:4
FNH:0
FNDA:0,(anonymous_1)
FNDA:0,(anonymous_2)
FNDA:0,(anonymous_3)
FNDA:0,(anonymous_4)
DA:2,0
DA:3,0
DA:4,0
DA:5,0
DA:6,0
DA:7,0
DA:8,0
DA:9,0
DA:10,0
DA:12,0
DA:13,0
DA:17,0
DA:18,0
DA:20,0
DA:21,0
LF:15
LH:0
BRDA:8,1,0,0
BRDA:8,1,1,0
BRDA:8,2,0,0
BRDA:8,2,1,0
BRF:4
BRH:0
end_of_record
TN:
SF:/home/jonathanstage/Dev/workspace-js/workspace-projet-hornet/projet-hornet/istanbul/src/injector-context-services-page.js
FNF:0
FNH:0
DA:2,0
DA:3,0
DA:4,0
LF:3
LH:0
BRDA:4,1,0,0
BRDA:4,1,1,0
BRDA:4,2,0,0
BRDA:4,2,1,0
BRF:4
BRH:0
end_of_record
TN:
SF:/home/jonathanstage/Dev/workspace-js/workspace-projet-hornet/projet-hornet/istanbul/src/server.js
FN:28,initContext
FN:29,(anonymous_2)
FN:30,(anonymous_3)
FN:32,(anonymous_4)
FN:35,(anonymous_5)
FN:38,(anonymous_6)
FN:52,(anonymous_7)
FN:53,Server
FN:55,(anonymous_9)
FN:87,(anonymous_10)
FN:112,(anonymous_11)
FN:113,(anonymous_12)
FN:128,(anonymous_13)
FN:137,(anonymous_14)
FNF:14
FNH:0
FNDA:0,initContext
FNDA:0,(anonymous_2)
FNDA:0,(anonymous_3)
FNDA:0,(anonymous_4)
FNDA:0,(anonymous_5)
FNDA:0,(anonymous_6)
FNDA:0,(anonymous_7)
FNDA:0,Server
FNDA:0,(anonymous_9)
FNDA:0,(anonymous_10)
FNDA:0,(anonymous_11)
FNDA:0,(anonymous_12)
FNDA:0,(anonymous_13)
FNDA:0,(anonymous_14)
DA:2,0
DA:3,0
DA:5,0
DA:6,0
DA:7,0
DA:8,0
DA:9,0
DA:10,0
DA:11,0
DA:13,0
DA:14,0
DA:15,0
DA:16,0
DA:18,0
DA:19,0
DA:21,0
DA:22,0
DA:23,0
DA:24,0
DA:25,0
DA:27,0
DA:28,1
DA:29,0
DA:30,0
DA:31,0
DA:32,0
DA:34,0
DA:35,0
DA:37,0
DA:38,0
DA:39,0
DA:44,0
DA:52,0
DA:53,1
DA:55,0
DA:56,0
DA:76,0
DA:77,0
DA:78,0
DA:79,0
DA:85,0
DA:87,0
DA:88,0
DA:92,0
DA:93,0
DA:94,0
DA:95,0
DA:104,0
DA:105,0
DA:108,0
DA:110,0
DA:112,0
DA:113,0
DA:114,0
DA:117,0
DA:118,0
DA:119,0
DA:120,0
DA:122,0
DA:123,0
DA:125,0
DA:129,0
DA:133,0
DA:137,0
DA:138,0
DA:139,0
DA:140,0
DA:142,0
DA:144,0
LF:69
LH:2
BRDA:31,1,0,0
BRDA:31,1,1,0
BRDA:31,1,2,0
BRDA:31,1,3,0
BRDA:78,2,0,0
BRDA:78,2,1,0
BRDA:78,3,0,0
BRDA:78,3,1,0
BRDA:92,4,0,0
BRDA:92,4,1,0
BRDA:114,5,0,0
BRDA:114,5,1,0
BRDA:114,6,0,0
BRDA:114,6,1,0
BRDA:114,6,2,0
BRDA:119,7,0,0
BRDA:119,7,1,0
BRDA:122,8,0,0
BRDA:122,8,1,0
BRF:19
BRH:0
end_of_record
TN:
SF:/home/jonathanstage/Dev/workspace-js/workspace-projet-hornet/projet-hornet/istanbul/src/dao/entity-dao.js
FN:18,(anonymous_1)
FN:24,EntityDAO
FNF:2
FNH:0
FNDA:0,(anonymous_1)
FNDA:0,EntityDAO
DA:2,0
DA:3,0
DA:5,0
DA:6,0
DA:8,0
DA:10,0
DA:18,0
DA:19,0
DA:24,1
DA:25,0
DA:27,0
DA:32,0
DA:34,0
LF:13
LH:1
BRDA:25,1,0,0
BRDA:25,1,1,0
BRF:2
BRH:0
end_of_record
TN:
SF:/home/jonathanstage/Dev/workspace-js/workspace-projet-hornet/projet-hornet/istanbul/src/dao/model-dao.js
FN:46,(anonymous_1)
FN:52,ModelDAO
FN:63,(anonymous_3)
FN:69,(anonymous_4)
FNF:4
FNH:0
FNDA:0,(anonymous_1)
FNDA:0,ModelDAO
FNDA:0,(anonymous_3)
FNDA:0,(anonymous_4)
DA:2,0
DA:3,0
DA:5,0
DA:6,0
DA:7,0
DA:8,0
DA:9,0
DA:10,0
DA:11,0
DA:12,0
DA:13,0
DA:14,0
DA:15,0
DA:16,0
DA:17,0
DA:18,0
DA:19,0
DA:20,0
DA:21,0
DA:22,0
DA:23,0
DA:24,0
DA:25,0
DA:26,0
DA:27,0
DA:28,0
DA:29,0
DA:30,0
DA:31,0
DA:32,0
DA:34,0
DA:36,0
DA:37,0
DA:39,0
DA:41,0
DA:46,0
DA:47,0
DA:52,1
DA:53,0
DA:55,0
DA:56,0
DA:57,0
DA:59,0
DA:63,0
DA:64,0
DA:69,0
DA:70,0
DA:72,0
DA:76,0
DA:80,0
DA:84,0
DA:88,0
DA:92,0
DA:96,0
DA:100,0
DA:104,0
DA:108,0
DA:112,0
DA:116,0
DA:120,0
DA:124,0
DA:128,0
DA:132,0
DA:136,0
DA:140,0
DA:144,0
DA:148,0
DA:152,0
DA:156,0
DA:160,0
DA:164,0
DA:168,0
DA:172,0
DA:176,0
DA:180,0
DA:184,0
DA:189,0
DA:190,0
DA:192,0
LF:79
LH:1
BRDA:53,1,0,0
BRDA:53,1,1,0
BRF:2
BRH:0
end_of_record
TN:
SF:/home/jonathanstage/Dev/workspace-js/workspace-projet-hornet/projet-hornet/istanbul/src/dao/prefecture-dao.js
FN:12,(anonymous_1)
FN:17,PrefectureDAO
FN:24,(anonymous_3)
FN:35,(anonymous_4)
FNF:4
FNH:0
FNDA:0,(anonymous_1)
FNDA:0,PrefectureDAO
FNDA:0,(anonymous_3)
FNDA:0,(anonymous_4)
DA:2,0
DA:3,0
DA:4,0
DA:6,0
DA:7,0
DA:12,0
DA:13,0
DA:17,1
DA:18,0
DA:24,0
DA:25,0
DA:26,0
DA:35,0
DA:36,0
DA:37,0
DA:43,0
DA:45,0
LF:17
LH:1
BRDA:18,1,0,0
BRDA:18,1,1,0
BRF:2
BRH:0
end_of_record
TN:
SF:/home/jonathanstage/Dev/workspace-js/workspace-projet-hornet/projet-hornet/istanbul/src/dao/valise-dao.js
FN:12,(anonymous_1)
FN:17,ValiseDAO
FN:26,(anonymous_3)
FN:31,(anonymous_4)
FN:39,(anonymous_5)
FN:47,(anonymous_6)
FN:63,(anonymous_7)
FNF:7
FNH:0
FNDA:0,(anonymous_1)
FNDA:0,ValiseDAO
FNDA:0,(anonymous_3)
FNDA:0,(anonymous_4)
FNDA:0,(anonymous_5)
FNDA:0,(anonymous_6)
FNDA:0,(anonymous_7)
DA:2,0
DA:3,0
DA:4,0
DA:6,0
DA:7,0
DA:12,0
DA:13,0
DA:17,1
DA:18,0
DA:26,0
DA:27,0
DA:28,0
DA:32,0
DA:39,0
DA:40,0
DA:41,0
DA:47,0
DA:48,0
DA:49,0
DA:63,0
DA:64,0
DA:65,0
DA:71,0
DA:73,0
LF:24
LH:1
BRDA:18,1,0,0
BRDA:18,1,1,0
BRF:2
BRH:0
end_of_record
TN:
SF:/home/jonathanstage/Dev/workspace-js/workspace-projet-hornet/projet-hornet/istanbul/src/i18n/app-i18n-loader.js
FN:6,(anonymous_1)
FN:8,AppliI18nLoader
FNF:2
FNH:0
FNDA:0,(anonymous_1)
FNDA:0,AppliI18nLoader
DA:2,0
DA:3,0
DA:4,0
DA:5,0
DA:6,0
DA:7,0
DA:8,1
DA:9,0
DA:11,0
DA:13,0
LF:10
LH:1
BRDA:9,1,0,0
BRDA:9,1,1,0
BRF:2
BRH:0
end_of_record
TN:
SF:/home/jonathanstage/Dev/workspace-js/workspace-projet-hornet/projet-hornet/istanbul/src/middleware/authentication-api.js
FN:7,(anonymous_1)
FN:9,AuthenticationAPIMiddleware
FNF:2
FNH:0
FNDA:0,(anonymous_1)
FNDA:0,AuthenticationAPIMiddleware
DA:2,0
DA:3,0
DA:4,0
DA:5,0
DA:6,0
DA:7,0
DA:8,0
DA:9,1
DA:10,0
DA:11,0
DA:12,0
DA:14,0
DA:16,0
LF:13
LH:1
BRDA:10,1,0,0
BRDA:10,1,1,0
BRF:2
BRH:0
end_of_record
TN:
SF:/home/jonathanstage/Dev/workspace-js/workspace-projet-hornet/projet-hornet/istanbul/src/middleware/authentication.js
FN:13,(anonymous_1)
FN:15,AuthenticationMiddleware
FN:18,(anonymous_3)
FN:23,(anonymous_4)
FN:24,(anonymous_5)
FN:30,(anonymous_6)
FN:33,(anonymous_7)
FN:44,(anonymous_8)
FN:48,(anonymous_9)
FN:55,ensureAuthenticated
FN:65,(anonymous_11)
FN:70,(anonymous_12)
FN:94,(anonymous_13)
FN:98,(anonymous_14)
FNF:14
FNH:0
FNDA:0,(anonymous_1)
FNDA:0,AuthenticationMiddleware
FNDA:0,(anonymous_3)
FNDA:0,(anonymous_4)
FNDA:0,(anonymous_5)
FNDA:0,(anonymous_6)
FNDA:0,(anonymous_7)
FNDA:0,(anonymous_8)
FNDA:0,(anonymous_9)
FNDA:0,ensureAuthenticated
FNDA:0,(anonymous_11)
FNDA:0,(anonymous_12)
FNDA:0,(anonymous_13)
FNDA:0,(anonymous_14)
DA:2,0
DA:3,0
DA:4,0
DA:5,0
DA:6,0
DA:7,0
DA:8,0
DA:9,0
DA:10,0
DA:11,0
DA:12,0
DA:13,0
DA:14,0
DA:15,1
DA:16,0
DA:18,0
DA:23,0
DA:24,0
DA:25,0
DA:26,0
DA:27,0
DA:31,0
DA:32,0
DA:34,0
DA:35,0
DA:36,0
DA:39,0
DA:44,0
DA:46,0
DA:48,0
DA:49,0
DA:52,0
DA:53,0
DA:54,0
DA:55,1
DA:56,0
DA:57,0
DA:59,0
DA:60,0
DA:62,0
DA:63,0
DA:64,0
DA:65,0
DA:66,0
DA:67,0
DA:68,0
DA:70,0
DA:71,0
DA:72,0
DA:73,0
DA:75,0
DA:80,0
DA:81,0
DA:84,0
DA:85,0
DA:86,0
DA:88,0
DA:89,0
DA:90,0
DA:91,0
DA:92,0
DA:94,0
DA:96,0
DA:98,0
DA:99,0
DA:102,0
DA:104,0
DA:105,0
DA:107,0
LF:69
LH:2
BRDA:16,1,0,0
BRDA:16,1,1,0
BRDA:16,1,2,0
BRDA:35,2,0,0
BRDA:35,2,1,0
BRDA:56,3,0,0
BRDA:56,3,1,0
BRDA:56,4,0,0
BRDA:56,4,1,0
BRDA:67,5,0,0
BRDA:67,5,1,0
BRDA:67,5,2,0
BRDA:72,6,0,0
BRDA:72,6,1,0
BRDA:72,7,0,0
BRDA:72,7,1,0
BRDA:80,8,0,0
BRDA:80,8,1,0
BRDA:84,9,0,0
BRDA:84,9,1,0
BRDA:84,10,0,0
BRDA:84,10,1,0
BRF:22
BRH:0
end_of_record
TN:
SF:/home/jonathanstage/Dev/workspace-js/workspace-projet-hornet/projet-hornet/istanbul/src/mock/routes.js
FN:19,findByUsername
FN:28,(anonymous_2)
FN:29,BouchonRoutes
FN:31,(anonymous_4)
FN:32,(anonymous_5)
FN:43,(anonymous_6)
FNF:6
FNH:0
FNDA:0,findByUsername
FNDA:0,(anonymous_2)
FNDA:0,BouchonRoutes
FNDA:0,(anonymous_4)
FNDA:0,(anonymous_5)
FNDA:0,(anonymous_6)
DA:2,0
DA:3,0
DA:4,0
DA:9,0
DA:19,1
DA:20,0
DA:21,0
DA:22,0
DA:23,0
DA:26,0
DA:28,0
DA:29,1
DA:31,0
DA:32,0
DA:33,0
DA:34,0
DA:43,0
DA:44,0
DA:56,0
DA:58,0
LF:20
LH:2
BRDA:22,1,0,0
BRDA:22,1,1,0
BRF:2
BRH:0
end_of_record
TN:
SF:/home/jonathanstage/Dev/workspace-js/workspace-projet-hornet/projet-hornet/istanbul/src/models/common-mod.js
FN:16,(anonymous_1)
FN:17,PrefectureMetier
FN:63,(anonymous_3)
FN:64,ValiseMetier
FNF:4
FNH:0
FNDA:0,(anonymous_1)
FNDA:0,PrefectureMetier
FNDA:0,(anonymous_3)
FNDA:0,ValiseMetier
DA:2,0
DA:3,0
DA:4,0
DA:5,0
DA:6,0
DA:16,0
DA:17,1
DA:19,0
DA:24,0
DA:29,0
DA:34,0
DA:39,0
DA:44,0
DA:49,0
DA:54,0
DA:57,0
DA:59,0
DA:63,0
DA:64,1
DA:66,0
DA:71,0
DA:76,0
DA:79,0
DA:81,0
LF:24
LH:2
BRF:0
BRH:0
end_of_record
TN:
SF:/home/jonathanstage/Dev/workspace-js/workspace-projet-hornet/projet-hornet/istanbul/src/models/model-prefecture.js
FNF:0
FNH:0
DA:2,0
DA:3,0
DA:8,0
LF:3
LH:0
BRF:0
BRH:0
end_of_record
TN:
SF:/home/jonathanstage/Dev/workspace-js/workspace-projet-hornet/projet-hornet/istanbul/src/models/model-valise.js
FNF:0
FNH:0
DA:2,0
DA:3,0
DA:8,0
LF:3
LH:0
BRF:0
BRH:0
end_of_record
TN:
SF:/home/jonathanstage/Dev/workspace-js/workspace-projet-hornet/projet-hornet/istanbul/src/routes/routes.js
FN:12,(anonymous_1)
FN:17,Routes
FN:31,(anonymous_3)
FN:33,(anonymous_4)
FN:45,(anonymous_5)
FNF:5
FNH:0
FNDA:0,(anonymous_1)
FNDA:0,Routes
FNDA:0,(anonymous_3)
FNDA:0,(anonymous_4)
FNDA:0,(anonymous_5)
DA:2,0
DA:3,0
DA:4,0
DA:5,0
DA:7,0
DA:12,0
DA:13,0
DA:17,1
DA:18,0
DA:19,0
DA:20,0
DA:21,0
DA:24,0
DA:26,0
DA:31,0
DA:33,0
DA:36,0
DA:38,0
DA:40,0
DA:45,0
DA:48,0
DA:50,0
DA:52,0
DA:54,0
DA:56,0
LF:25
LH:1
BRDA:18,1,0,0
BRDA:18,1,1,0
BRDA:19,2,0,0
BRDA:19,2,1,0
BRF:4
BRH:0
end_of_record
TN:
SF:/home/jonathanstage/Dev/workspace-js/workspace-projet-hornet/projet-hornet/istanbul/src/utils/roles.js
FN:6,(anonymous_1)
FN:7,Roles
FNF:2
FNH:0
FNDA:0,(anonymous_1)
FNDA:0,Roles
DA:2,0
DA:6,0
DA:7,1
DA:9,0
DA:10,0
DA:11,0
DA:12,0
DA:13,0
DA:14,0
DA:16,0
LF:10
LH:1
BRF:0
BRH:0
end_of_record
TN:
SF:/home/jonathanstage/Dev/workspace-js/workspace-projet-hornet/projet-hornet/istanbul/src/utils/urls.js
FNF:0
FNH:0
DA:2,0
DA:6,0
DA:7,0
DA:11,0
DA:12,0
LF:5
LH:0
BRF:0
BRH:0
end_of_record
TN:
SF:/home/jonathanstage/Dev/workspace-js/workspace-projet-hornet/projet-hornet/istanbul/src/dao/auth/utilisateurs-dao.js
FN:9,(anonymous_1)
FN:11,UtilisateursDAO
FN:14,(anonymous_3)
FN:17,(anonymous_4)
FN:20,(anonymous_5)
FN:23,(anonymous_6)
FN:26,(anonymous_7)
FN:29,(anonymous_8)
FNF:8
FNH:0
FNDA:0,(anonymous_1)
FNDA:0,UtilisateursDAO
FNDA:0,(anonymous_3)
FNDA:0,(anonymous_4)
FNDA:0,(anonymous_5)
FNDA:0,(anonymous_6)
FNDA:0,(anonymous_7)
FNDA:0,(anonymous_8)
DA:2,0
DA:3,0
DA:4,0
DA:5,0
DA:6,0
DA:7,0
DA:8,0
DA:9,0
DA:10,0
DA:11,1
DA:12,0
DA:14,0
DA:15,0
DA:17,0
DA:18,0
DA:20,0
DA:21,0
DA:23,0
DA:24,0
DA:26,0
DA:27,0
DA:29,0
DA:30,0
DA:41,0
DA:47,0
DA:53,0
DA:59,0
DA:61,0
LF:28
LH:1
BRDA:12,1,0,0
BRDA:12,1,1,0
BRF:2
BRH:0
end_of_record
TN:
SF:/home/jonathanstage/Dev/workspace-js/workspace-projet-hornet/projet-hornet/istanbul/src/models/auth/model-role.js
FNF:0
FNH:0
DA:2,0
DA:3,0
DA:4,0
LF:3
LH:0
BRF:0
BRH:0
end_of_record
TN:
SF:/home/jonathanstage/Dev/workspace-js/workspace-projet-hornet/projet-hornet/istanbul/src/models/auth/model-role_utilisateur.js
FNF:0
FNH:0
DA:2,0
DA:3,0
DA:4,0
LF:3
LH:0
BRF:0
BRH:0
end_of_record
TN:
SF:/home/jonathanstage/Dev/workspace-js/workspace-projet-hornet/projet-hornet/istanbul/src/models/auth/model-utilisateur.js
FNF:0
FNH:0
DA:2,0
DA:3,0
DA:4,0
LF:3
LH:0
BRF:0
BRH:0
end_of_record
TN:
SF:/home/jonathanstage/Dev/workspace-js/workspace-projet-hornet/projet-hornet/istanbul/src/models/auth/seq-user-mod.js
FNF:0
FNH:0
DA:2,0
DA:3,0
DA:4,0
LF:3
LH:0
BRF:0
BRH:0
end_of_record
TN:
SF:/home/jonathanstage/Dev/workspace-js/workspace-projet-hornet/projet-hornet/istanbul/src/models/auth/user-mod.js
FN:7,(anonymous_1)
FN:8,RoleMetier
FN:26,(anonymous_3)
FN:27,UtilisateurMetier
FNF:4
FNH:0
FNDA:0,(anonymous_1)
FNDA:0,RoleMetier
FNDA:0,(anonymous_3)
FNDA:0,UtilisateurMetier
DA:2,0
DA:3,0
DA:4,0
DA:5,0
DA:6,0
DA:7,0
DA:8,1
DA:10,0
DA:15,0
DA:20,0
DA:23,0
DA:25,0
DA:26,0
DA:27,1
DA:29,0
DA:33,0
DA:37,0
DA:41,0
DA:45,0
DA:50,0
DA:53,0
DA:55,0
LF:22
LH:2
BRF:0
BRH:0
end_of_record
TN:
SF:/home/jonathanstage/Dev/workspace-js/workspace-projet-hornet/projet-hornet/istanbul/src/models/fvm/fvm-mod.js
FN:16,(anonymous_1)
FN:17,PermisFVMMetier
FN:63,(anonymous_3)
FN:64,PersonneFVMMetier
FN:115,(anonymous_5)
FN:116,DossierFVMMetier
FN:147,(anonymous_7)
FN:148,DemandeAuthentificationFVMMetier
FN:189,(anonymous_9)
FN:190,ReleveFVMMetier
FN:226,(anonymous_11)
FN:227,NoteVerbaleReleveFVMMetier
FN:253,(anonymous_13)
FN:254,NoteVerbaleFVMMetier
FN:280,(anonymous_15)
FN:281,CopiePermisFVMMetier
FN:327,(anonymous_17)
FN:328,CopieNoteVerbaleMAECIFVMMetier
FN:374,(anonymous_19)
FN:375,CopieReleveFVMMetier
FN:421,(anonymous_21)
FN:422,CopieCourrierPrefectureFVMMetier
FNF:22
FNH:0
FNDA:0,(anonymous_1)
FNDA:0,PermisFVMMetier
FNDA:0,(anonymous_3)
FNDA:0,PersonneFVMMetier
FNDA:0,(anonymous_5)
FNDA:0,DossierFVMMetier
FNDA:0,(anonymous_7)
FNDA:0,DemandeAuthentificationFVMMetier
FNDA:0,(anonymous_9)
FNDA:0,ReleveFVMMetier
FNDA:0,(anonymous_11)
FNDA:0,NoteVerbaleReleveFVMMetier
FNDA:0,(anonymous_13)
FNDA:0,NoteVerbaleFVMMetier
FNDA:0,(anonymous_15)
FNDA:0,CopiePermisFVMMetier
FNDA:0,(anonymous_17)
FNDA:0,CopieNoteVerbaleMAECIFVMMetier
FNDA:0,(anonymous_19)
FNDA:0,CopieReleveFVMMetier
FNDA:0,(anonymous_21)
FNDA:0,CopieCourrierPrefectureFVMMetier
DA:2,0
DA:3,0
DA:4,0
DA:5,0
DA:6,0
DA:16,0
DA:17,1
DA:19,0
DA:24,0
DA:29,0
DA:34,0
DA:39,0
DA:44,0
DA:49,0
DA:54,0
DA:57,0
DA:59,0
DA:63,0
DA:64,1
DA:66,0
DA:71,0
DA:76,0
DA:81,0
DA:86,0
DA:91,0
DA:96,0
DA:101,0
DA:106,0
DA:109,0
DA:111,0
DA:115,0
DA:116,1
DA:118,0
DA:123,0
DA:128,0
DA:133,0
DA:138,0
DA:141,0
DA:143,0
DA:147,0
DA:148,1
DA:150,0
DA:155,0
DA:160,0
DA:165,0
DA:170,0
DA:175,0
DA:180,0
DA:183,0
DA:185,0
DA:189,0
DA:190,1
DA:192,0
DA:197,0
DA:202,0
DA:207,0
DA:212,0
DA:217,0
DA:220,0
DA:222,0
DA:226,0
DA:227,1
DA:229,0
DA:234,0
DA:239,0
DA:244,0
DA:247,0
DA:249,0
DA:253,0
DA:254,1
DA:256,0
DA:261,0
DA:266,0
DA:271,0
DA:274,0
DA:276,0
DA:280,0
DA:281,1
DA:283,0
DA:288,0
DA:293,0
DA:298,0
DA:303,0
DA:308,0
DA:313,0
DA:318,0
DA:321,0
DA:323,0
DA:327,0
DA:328,1
DA:330,0
DA:335,0
DA:340,0
DA:345,0
DA:350,0
DA:355,0
DA:360,0
DA:365,0
DA:368,0
DA:370,0
DA:374,0
DA:375,1
DA:377,0
DA:382,0
DA:387,0
DA:392,0
DA:397,0
DA:402,0
DA:407,0
DA:412,0
DA:415,0
DA:417,0
DA:421,0
DA:422,1
DA:424,0
DA:429,0
DA:434,0
DA:439,0
DA:444,0
DA:449,0
DA:454,0
DA:459,0
DA:462,0
DA:464,0
LF:124
LH:11
BRF:0
BRH:0
end_of_record
TN:
SF:/home/jonathanstage/Dev/workspace-js/workspace-projet-hornet/projet-hornet/istanbul/src/models/fvm/model-copiecourrierprefecture.js
FNF:0
FNH:0
DA:2,0
DA:3,0
DA:8,0
LF:3
LH:0
BRF:0
BRH:0
end_of_record
TN:
SF:/home/jonathanstage/Dev/workspace-js/workspace-projet-hornet/projet-hornet/istanbul/src/models/fvm/model-copienoteverbaleMAECI.js
FNF:0
FNH:0
DA:2,0
DA:3,0
DA:8,0
LF:3
LH:0
BRF:0
BRH:0
end_of_record
TN:
SF:/home/jonathanstage/Dev/workspace-js/workspace-projet-hornet/projet-hornet/istanbul/src/models/fvm/model-copiepermis.js
FNF:0
FNH:0
DA:2,0
DA:3,0
DA:8,0
LF:3
LH:0
BRF:0
BRH:0
end_of_record
TN:
SF:/home/jonathanstage/Dev/workspace-js/workspace-projet-hornet/projet-hornet/istanbul/src/models/fvm/model-copiereleve.js
FNF:0
FNH:0
DA:2,0
DA:3,0
DA:8,0
LF:3
LH:0
BRF:0
BRH:0
end_of_record
TN:
SF:/home/jonathanstage/Dev/workspace-js/workspace-projet-hornet/projet-hornet/istanbul/src/models/fvm/model-demandeauthentification.js
FNF:0
FNH:0
DA:2,0
DA:3,0
DA:8,0
LF:3
LH:0
BRF:0
BRH:0
end_of_record
TN:
SF:/home/jonathanstage/Dev/workspace-js/workspace-projet-hornet/projet-hornet/istanbul/src/models/fvm/model-dossier.js
FNF:0
FNH:0
DA:2,0
DA:3,0
DA:8,0
LF:3
LH:0
BRF:0
BRH:0
end_of_record
TN:
SF:/home/jonathanstage/Dev/workspace-js/workspace-projet-hornet/projet-hornet/istanbul/src/models/fvm/model-noteverbale-releve.js
FNF:0
FNH:0
DA:2,0
DA:3,0
DA:8,0
LF:3
LH:0
BRF:0
BRH:0
end_of_record
TN:
SF:/home/jonathanstage/Dev/workspace-js/workspace-projet-hornet/projet-hornet/istanbul/src/models/fvm/model-noteverbale.js
FNF:0
FNH:0
DA:2,0
DA:3,0
DA:8,0
LF:3
LH:0
BRF:0
BRH:0
end_of_record
TN:
SF:/home/jonathanstage/Dev/workspace-js/workspace-projet-hornet/projet-hornet/istanbul/src/models/fvm/model-permis.js
FNF:0
FNH:0
DA:2,0
DA:3,0
DA:8,0
LF:3
LH:0
BRF:0
BRH:0
end_of_record
TN:
SF:/home/jonathanstage/Dev/workspace-js/workspace-projet-hornet/projet-hornet/istanbul/src/models/fvm/model-personne.js
FNF:0
FNH:0
DA:2,0
DA:3,0
DA:8,0
LF:3
LH:0
BRF:0
BRH:0
end_of_record
TN:
SF:/home/jonathanstage/Dev/workspace-js/workspace-projet-hornet/projet-hornet/istanbul/src/models/fvm/model-releve.js
FNF:0
FNH:0
DA:2,0
DA:3,0
DA:8,0
LF:3
LH:0
BRF:0
BRH:0
end_of_record
TN:
SF:/home/jonathanstage/Dev/workspace-js/workspace-projet-hornet/projet-hornet/istanbul/src/models/mvf/model-attestation.js
FNF:0
FNH:0
DA:2,0
DA:3,0
DA:4,0
LF:3
LH:0
BRF:0
BRH:0
end_of_record
TN:
SF:/home/jonathanstage/Dev/workspace-js/workspace-projet-hornet/projet-hornet/istanbul/src/models/mvf/model-bordereau-attestation.js
FNF:0
FNH:0
DA:2,0
DA:3,0
DA:4,0
LF:3
LH:0
BRF:0
BRH:0
end_of_record
TN:
SF:/home/jonathanstage/Dev/workspace-js/workspace-projet-hornet/projet-hornet/istanbul/src/models/mvf/model-bordereau.js
FNF:0
FNH:0
DA:2,0
DA:3,0
DA:4,0
LF:3
LH:0
BRF:0
BRH:0
end_of_record
TN:
SF:/home/jonathanstage/Dev/workspace-js/workspace-projet-hornet/projet-hornet/istanbul/src/models/mvf/model-copieattestation.js
FNF:0
FNH:0
DA:2,0
DA:3,0
DA:4,0
LF:3
LH:0
BRF:0
BRH:0
end_of_record
TN:
SF:/home/jonathanstage/Dev/workspace-js/workspace-projet-hornet/projet-hornet/istanbul/src/models/mvf/model-copiedemandeprefecture.js
FNF:0
FNH:0
DA:2,0
DA:3,0
DA:4,0
LF:3
LH:0
BRF:0
BRH:0
end_of_record
TN:
SF:/home/jonathanstage/Dev/workspace-js/workspace-projet-hornet/projet-hornet/istanbul/src/models/mvf/model-copienoteverbaleMAECI.js
FNF:0
FNH:0
DA:2,0
DA:3,0
DA:4,0
LF:3
LH:0
BRF:0
BRH:0
end_of_record
TN:
SF:/home/jonathanstage/Dev/workspace-js/workspace-projet-hornet/projet-hornet/istanbul/src/models/mvf/model-copiepermis.js
FNF:0
FNH:0
DA:2,0
DA:3,0
DA:4,0
LF:3
LH:0
BRF:0
BRH:0
end_of_record
TN:
SF:/home/jonathanstage/Dev/workspace-js/workspace-projet-hornet/projet-hornet/istanbul/src/models/mvf/model-dossier.js
FNF:0
FNH:0
DA:2,0
DA:3,0
DA:4,0
LF:3
LH:0
BRF:0
BRH:0
end_of_record
TN:
SF:/home/jonathanstage/Dev/workspace-js/workspace-projet-hornet/projet-hornet/istanbul/src/models/mvf/model-noteverbale-permis.js
FNF:0
FNH:0
DA:2,0
DA:3,0
DA:4,0
LF:3
LH:0
BRF:0
BRH:0
end_of_record
TN:
SF:/home/jonathanstage/Dev/workspace-js/workspace-projet-hornet/projet-hornet/istanbul/src/models/mvf/model-noteverbale.js
FNF:0
FNH:0
DA:2,0
DA:3,0
DA:4,0
LF:3
LH:0
BRF:0
BRH:0
end_of_record
TN:
SF:/home/jonathanstage/Dev/workspace-js/workspace-projet-hornet/projet-hornet/istanbul/src/models/mvf/model-permis.js
FNF:0
FNH:0
DA:2,0
DA:3,0
DA:4,0
LF:3
LH:0
BRF:0
BRH:0
end_of_record
TN:
SF:/home/jonathanstage/Dev/workspace-js/workspace-projet-hornet/projet-hornet/istanbul/src/models/mvf/model-personne.js
FNF:0
FNH:0
DA:2,0
DA:3,0
DA:4,0
LF:3
LH:0
BRF:0
BRH:0
end_of_record
TN:
SF:/home/jonathanstage/Dev/workspace-js/workspace-projet-hornet/projet-hornet/istanbul/src/models/mvf/mvf-mod.js
FN:7,(anonymous_1)
FN:8,PermisMVFMetier
FN:41,(anonymous_3)
FN:42,PersonneMVFMetier
FN:80,(anonymous_5)
FN:81,DossierMVFMetier
FN:114,(anonymous_7)
FN:115,NoteVerbalePermisMVFMetier
FN:138,(anonymous_9)
FN:139,NoteVerbaleMVFMetier
FN:162,(anonymous_11)
FN:163,AttestationMVFMetier
FN:196,(anonymous_13)
FN:197,BordereauAttestationMVFMetier
FN:220,(anonymous_15)
FN:221,BordereauMVFMetier
FN:249,(anonymous_17)
FN:250,CopiePermisMVFMetier
FN:293,(anonymous_19)
FN:294,CopieDemandePrefectureMVFMetier
FN:337,(anonymous_21)
FN:338,CopieAttestationMVFMetier
FN:381,(anonymous_23)
FN:382,CopieNoteVerbaleMAECIMVFMetier
FNF:24
FNH:0
FNDA:0,(anonymous_1)
FNDA:0,PermisMVFMetier
FNDA:0,(anonymous_3)
FNDA:0,PersonneMVFMetier
FNDA:0,(anonymous_5)
FNDA:0,DossierMVFMetier
FNDA:0,(anonymous_7)
FNDA:0,NoteVerbalePermisMVFMetier
FNDA:0,(anonymous_9)
FNDA:0,NoteVerbaleMVFMetier
FNDA:0,(anonymous_11)
FNDA:0,AttestationMVFMetier
FNDA:0,(anonymous_13)
FNDA:0,BordereauAttestationMVFMetier
FNDA:0,(anonymous_15)
FNDA:0,BordereauMVFMetier
FNDA:0,(anonymous_17)
FNDA:0,CopiePermisMVFMetier
FNDA:0,(anonymous_19)
FNDA:0,CopieDemandePrefectureMVFMetier
FNDA:0,(anonymous_21)
FNDA:0,CopieAttestationMVFMetier
FNDA:0,(anonymous_23)
FNDA:0,CopieNoteVerbaleMAECIMVFMetier
DA:2,0
DA:3,0
DA:4,0
DA:5,0
DA:6,0
DA:7,0
DA:8,1
DA:10,0
DA:15,0
DA:20,0
DA:25,0
DA:30,0
DA:35,0
DA:38,0
DA:40,0
DA:41,0
DA:42,1
DA:44,0
DA:49,0
DA:54,0
DA:59,0
DA:64,0
DA:69,0
DA:74,0
DA:77,0
DA:79,0
DA:80,0
DA:81,1
DA:83,0
DA:88,0
DA:93,0
DA:98,0
DA:103,0
DA:108,0
DA:111,0
DA:113,0
DA:114,0
DA:115,1
DA:117,0
DA:122,0
DA:127,0
DA:132,0
DA:135,0
DA:137,0
DA:138,0
DA:139,1
DA:141,0
DA:146,0
DA:151,0
DA:156,0
DA:159,0
DA:161,0
DA:162,0
DA:163,1
DA:165,0
DA:170,0
DA:175,0
DA:180,0
DA:185,0
DA:190,0
DA:193,0
DA:195,0
DA:196,0
DA:197,1
DA:199,0
DA:204,0
DA:209,0
DA:214,0
DA:217,0
DA:219,0
DA:220,0
DA:221,1
DA:223,0
DA:228,0
DA:233,0
DA:238,0
DA:243,0
DA:246,0
DA:248,0
DA:249,0
DA:250,1
DA:252,0
DA:257,0
DA:262,0
DA:267,0
DA:272,0
DA:277,0
DA:282,0
DA:287,0
DA:290,0
DA:292,0
DA:293,0
DA:294,1
DA:296,0
DA:301,0
DA:306,0
DA:311,0
DA:316,0
DA:321,0
DA:326,0
DA:331,0
DA:334,0
DA:336,0
DA:337,0
DA:338,1
DA:340,0
DA:345,0
DA:350,0
DA:355,0
DA:360,0
DA:365,0
DA:370,0
DA:375,0
DA:378,0
DA:380,0
DA:381,0
DA:382,1
DA:384,0
DA:389,0
DA:394,0
DA:399,0
DA:404,0
DA:409,0
DA:414,0
DA:419,0
DA:422,0
DA:424,0
LF:127
LH:12
BRF:0
BRH:0
end_of_record
TN:
SF:/home/jonathanstage/Dev/workspace-js/workspace-projet-hornet/projet-hornet/istanbul/src/views/gen/gen-acs-cmp.js
FN:8,(anonymous_1)
FN:10,AccessibleComponent
FN:16,(anonymous_3)
FNF:3
FNH:0
FNDA:0,(anonymous_1)
FNDA:0,AccessibleComponent
FNDA:0,(anonymous_3)
DA:2,0
DA:3,0
DA:4,0
DA:5,0
DA:6,0
DA:7,0
DA:8,0
DA:9,0
DA:10,1
DA:11,0
DA:16,0
DA:17,0
DA:18,0
DA:19,0
DA:20,0
DA:24,0
DA:28,0
DA:33,0
DA:54,0
DA:56,0
LF:20
LH:1
BRDA:11,1,0,0
BRDA:11,1,1,0
BRDA:11,1,2,0
BRDA:20,2,0,0
BRDA:20,2,1,0
BRDA:24,3,0,0
BRDA:24,3,1,0
BRDA:28,4,0,0
BRDA:28,4,1,0
BRF:9
BRH:0
end_of_record
TN:
SF:/home/jonathanstage/Dev/workspace-js/workspace-projet-hornet/projet-hornet/istanbul/src/views/gen/gen-cnx-page.js
FN:12,(anonymous_1)
FN:14,ConnexionPage
FN:17,(anonymous_3)
FN:23,(anonymous_4)
FN:60,(anonymous_5)
FNF:5
FNH:0
FNDA:0,(anonymous_1)
FNDA:0,ConnexionPage
FNDA:0,(anonymous_3)
FNDA:0,(anonymous_4)
FNDA:0,(anonymous_5)
DA:2,0
DA:3,0
DA:4,0
DA:5,0
DA:6,0
DA:7,0
DA:8,0
DA:12,0
DA:13,0
DA:14,1
DA:15,0
DA:17,0
DA:18,0
DA:23,0
DA:24,0
DA:25,0
DA:26,0
DA:60,0
DA:61,0
DA:62,0
DA:65,0
DA:68,0
DA:70,0
LF:23
LH:1
BRDA:15,1,0,0
BRDA:15,1,1,0
BRDA:15,1,2,0
BRDA:25,2,0,0
BRDA:25,2,1,0
BRDA:61,3,0,0
BRDA:61,3,1,0
BRDA:61,4,0,0
BRDA:61,4,1,0
BRF:9
BRH:0
end_of_record
TN:
SF:/home/jonathanstage/Dev/workspace-js/workspace-projet-hornet/projet-hornet/istanbul/src/views/gen/gen-hom-page.js
FN:12,(anonymous_1)
FN:14,HomePage
FN:17,(anonymous_3)
FN:22,(anonymous_4)
FN:28,(anonymous_5)
FN:29,(anonymous_6)
FNF:6
FNH:0
FNDA:0,(anonymous_1)
FNDA:0,HomePage
FNDA:0,(anonymous_3)
FNDA:0,(anonymous_4)
FNDA:0,(anonymous_5)
FNDA:0,(anonymous_6)
DA:2,0
DA:3,0
DA:4,0
DA:5,0
DA:6,0
DA:7,0
DA:8,0
DA:12,0
DA:13,0
DA:14,1
DA:15,0
DA:17,0
DA:22,0
DA:23,0
DA:24,0
DA:28,0
DA:29,0
DA:31,0
DA:33,0
LF:19
LH:1
BRDA:15,1,0,0
BRDA:15,1,1,0
BRDA:15,1,2,0
BRF:3
BRH:0
end_of_record
TN:
SF:/home/jonathanstage/Dev/workspace-js/workspace-projet-hornet/projet-hornet/istanbul/src/views/gen/gen-nfe-page.js
FN:8,(anonymous_1)
FN:10,NotFoundPage
FN:13,(anonymous_3)
FN:18,(anonymous_4)
FNF:4
FNH:0
FNDA:0,(anonymous_1)
FNDA:0,NotFoundPage
FNDA:0,(anonymous_3)
FNDA:0,(anonymous_4)
DA:2,0
DA:3,0
DA:4,0
DA:5,0
DA:6,0
DA:7,0
DA:8,0
DA:9,0
DA:10,1
DA:11,0
DA:13,0
DA:18,0
DA:19,0
DA:20,0
DA:21,0
DA:22,0
DA:23,0
DA:24,0
DA:29,0
DA:31,0
LF:20
LH:1
BRDA:11,1,0,0
BRDA:11,1,1,0
BRF:2
BRH:0
end_of_record
TN:
SF:/home/jonathanstage/Dev/workspace-js/workspace-projet-hornet/projet-hornet/istanbul/src/views/layouts/hornet-app.js
FN:23,(anonymous_1)
FN:25,HornetApp
FN:31,(anonymous_3)
FN:41,(anonymous_4)
FN:46,(anonymous_5)
FN:51,(anonymous_6)
FN:85,(anonymous_7)
FN:105,(anonymous_8)
FN:114,(anonymous_9)
FN:115,(anonymous_10)
FN:125,(anonymous_11)
FN:126,(anonymous_12)
FN:136,(anonymous_13)
FN:138,(anonymous_14)
FNF:14
FNH:0
FNDA:0,(anonymous_1)
FNDA:0,HornetApp
FNDA:0,(anonymous_3)
FNDA:0,(anonymous_4)
FNDA:0,(anonymous_5)
FNDA:0,(anonymous_6)
FNDA:0,(anonymous_7)
FNDA:0,(anonymous_8)
FNDA:0,(anonymous_9)
FNDA:0,(anonymous_10)
FNDA:0,(anonymous_11)
FNDA:0,(anonymous_12)
FNDA:0,(anonymous_13)
FNDA:0,(anonymous_14)
DA:2,0
DA:3,0
DA:4,0
DA:5,0
DA:6,0
DA:7,0
DA:8,0
DA:9,0
DA:10,0
DA:11,0
DA:12,0
DA:13,0
DA:14,0
DA:15,0
DA:16,0
DA:17,0
DA:18,0
DA:19,0
DA:20,0
DA:21,0
DA:22,0
DA:23,0
DA:24,0
DA:25,1
DA:26,0
DA:27,0
DA:28,0
DA:29,0
DA:31,0
DA:32,0
DA:33,0
DA:34,0
DA:35,0
DA:37,0
DA:38,0
DA:41,0
DA:42,0
DA:43,0
DA:46,0
DA:51,0
DA:52,0
DA:53,0
DA:54,0
DA:55,0
DA:58,0
DA:59,0
DA:60,0
DA:61,0
DA:63,0
DA:64,0
DA:67,0
DA:71,0
DA:86,0
DA:105,0
DA:106,0
DA:114,0
DA:115,0
DA:116,0
DA:117,0
DA:118,0
DA:125,0
DA:126,0
DA:127,0
DA:128,0
DA:129,0
DA:136,0
DA:137,0
DA:138,0
DA:139,0
DA:140,0
DA:141,0
DA:144,0
DA:150,0
DA:152,0
LF:74
LH:1
BRDA:26,1,0,0
BRDA:26,1,1,0
BRDA:34,2,0,0
BRDA:34,2,1,0
BRDA:34,3,0,0
BRDA:34,3,1,0
BRDA:37,4,0,0
BRDA:37,4,1,0
BRDA:42,5,0,0
BRDA:42,5,1,0
BRDA:42,6,0,0
BRDA:42,6,1,0
BRDA:61,7,0,0
BRDA:61,7,1,0
BRDA:61,8,0,0
BRDA:61,8,1,0
BRDA:64,9,0,0
BRDA:64,9,1,0
BRDA:64,10,0,0
BRDA:64,10,1,0
BRDA:141,11,0,0
BRDA:141,11,1,0
BRF:22
BRH:0
end_of_record
TN:
SF:/home/jonathanstage/Dev/workspace-js/workspace-projet-hornet/projet-hornet/istanbul/src/views/layouts/hornet-layout.js
FN:15,(anonymous_1)
FN:17,HornetLayout
FN:23,(anonymous_3)
FN:25,(anonymous_4)
FN:31,(anonymous_5)
FN:80,(anonymous_6)
FN:87,(anonymous_7)
FN:95,(anonymous_8)
FNF:8
FNH:0
FNDA:0,(anonymous_1)
FNDA:0,HornetLayout
FNDA:0,(anonymous_3)
FNDA:0,(anonymous_4)
FNDA:0,(anonymous_5)
FNDA:0,(anonymous_6)
FNDA:0,(anonymous_7)
FNDA:0,(anonymous_8)
DA:2,0
DA:3,0
DA:4,0
DA:5,0
DA:6,0
DA:7,0
DA:8,0
DA:9,0
DA:10,0
DA:11,0
DA:15,0
DA:16,0
DA:17,1
DA:18,0
DA:19,0
DA:20,0
DA:21,0
DA:23,0
DA:25,0
DA:26,0
DA:31,0
DA:32,0
DA:33,0
DA:42,0
DA:52,0
DA:53,0
DA:54,0
DA:76,0
DA:77,0
DA:80,0
DA:81,0
DA:82,0
DA:83,0
DA:85,0
DA:87,0
DA:88,0
DA:89,0
DA:90,0
DA:91,0
DA:92,0
DA:93,0
DA:94,0
DA:95,0
DA:96,0
DA:97,0
DA:102,0
DA:104,0
DA:113,0
DA:115,0
LF:49
LH:1
BRDA:18,1,0,0
BRDA:18,1,1,0
BRDA:26,2,0,0
BRDA:26,2,1,0
BRDA:64,3,0,0
BRDA:64,3,1,0
BRDA:71,4,0,0
BRDA:71,4,1,0
BRDA:72,5,0,0
BRDA:72,5,1,0
BRDA:82,6,0,0
BRDA:82,6,1,0
BRDA:91,7,0,0
BRDA:91,7,1,0
BRDA:93,8,0,0
BRDA:93,8,1,0
BRDA:96,9,0,0
BRDA:96,9,1,0
BRDA:96,10,0,0
BRDA:96,10,1,0
BRDA:107,11,0,0
BRDA:107,11,1,0
BRF:22
BRH:0
end_of_record
TN:
SF:/home/jonathanstage/Dev/workspace-js/workspace-projet-hornet/projet-hornet/istanbul/src/views/nav/nav-pap-page.js
FN:12,(anonymous_1)
FN:14,PlanAppliPage
FN:17,(anonymous_3)
FN:22,(anonymous_4)
FNF:4
FNH:0
FNDA:0,(anonymous_1)
FNDA:0,PlanAppliPage
FNDA:0,(anonymous_3)
FNDA:0,(anonymous_4)
DA:2,0
DA:3,0
DA:4,0
DA:5,0
DA:6,0
DA:7,0
DA:8,0
DA:12,0
DA:13,0
DA:14,1
DA:15,0
DA:17,0
DA:22,0
DA:23,0
DA:24,0
DA:28,0
DA:30,0
LF:17
LH:1
BRDA:15,1,0,0
BRDA:15,1,1,0
BRDA:15,1,2,0
BRF:3
BRH:0
end_of_record
TN:
SF:/home/jonathanstage/Dev/workspace-js/workspace-projet-hornet/projet-hornet/istanbul/src/actions/admin/fvm/fvm-action.js
FN:20,(anonymous_1)
FN:22,InserDossier
FN:35,(anonymous_3)
FN:83,(anonymous_4)
FN:85,InserDemandeAuthentification
FN:92,(anonymous_6)
FN:108,(anonymous_7)
FN:110,InserValise
FN:117,(anonymous_9)
FN:133,(anonymous_10)
FN:135,DeleteDossier
FN:142,(anonymous_12)
FN:158,(anonymous_13)
FN:160,DeleteDemandeAuthentification
FN:167,(anonymous_15)
FN:183,(anonymous_16)
FN:185,ListPrefecture
FN:192,(anonymous_18)
FN:203,(anonymous_19)
FN:205,ListValise
FN:212,(anonymous_21)
FN:223,(anonymous_22)
FN:225,ListDossier
FN:232,(anonymous_24)
FN:243,(anonymous_25)
FN:245,GetDossier
FN:252,(anonymous_27)
FN:268,(anonymous_28)
FN:270,GetDemandeAuthentification
FN:277,(anonymous_30)
FN:314,(anonymous_31)
FN:316,GetCopiePermis
FN:323,(anonymous_33)
FN:325,(anonymous_34)
FN:345,(anonymous_35)
FN:347,GetCopieNoteVerbaleMAECI
FN:354,(anonymous_37)
FN:356,(anonymous_38)
FN:376,(anonymous_39)
FN:378,GetPDFDemandeAuthentification
FN:385,(anonymous_41)
FN:393,(anonymous_42)
FN:489,(anonymous_43)
FNF:43
FNH:0
FNDA:0,(anonymous_1)
FNDA:0,InserDossier
FNDA:0,(anonymous_3)
FNDA:0,(anonymous_4)
FNDA:0,InserDemandeAuthentification
FNDA:0,(anonymous_6)
FNDA:0,(anonymous_7)
FNDA:0,InserValise
FNDA:0,(anonymous_9)
FNDA:0,(anonymous_10)
FNDA:0,DeleteDossier
FNDA:0,(anonymous_12)
FNDA:0,(anonymous_13)
FNDA:0,DeleteDemandeAuthentification
FNDA:0,(anonymous_15)
FNDA:0,(anonymous_16)
FNDA:0,ListPrefecture
FNDA:0,(anonymous_18)
FNDA:0,(anonymous_19)
FNDA:0,ListValise
FNDA:0,(anonymous_21)
FNDA:0,(anonymous_22)
FNDA:0,ListDossier
FNDA:0,(anonymous_24)
FNDA:0,(anonymous_25)
FNDA:0,GetDossier
FNDA:0,(anonymous_27)
FNDA:0,(anonymous_28)
FNDA:0,GetDemandeAuthentification
FNDA:0,(anonymous_30)
FNDA:0,(anonymous_31)
FNDA:0,GetCopiePermis
FNDA:0,(anonymous_33)
FNDA:0,(anonymous_34)
FNDA:0,(anonymous_35)
FNDA:0,GetCopieNoteVerbaleMAECI
FNDA:0,(anonymous_37)
FNDA:0,(anonymous_38)
FNDA:0,(anonymous_39)
FNDA:0,GetPDFDemandeAuthentification
FNDA:0,(anonymous_41)
FNDA:0,(anonymous_42)
FNDA:0,(anonymous_43)
DA:2,0
DA:3,0
DA:4,0
DA:6,0
DA:8,0
DA:9,0
DA:10,0
DA:11,0
DA:12,0
DA:20,0
DA:21,0
DA:22,1
DA:23,0
DA:28,0
DA:29,0
DA:35,0
DA:36,0
DA:42,0
DA:44,0
DA:46,0
DA:48,0
DA:49,0
DA:50,0
DA:51,0
DA:52,0
DA:53,0
DA:54,0
DA:55,0
DA:56,0
DA:57,0
DA:58,0
DA:59,0
DA:63,0
DA:64,0
DA:65,0
DA:67,0
DA:71,0
DA:72,0
DA:73,0
DA:76,0
DA:78,0
DA:83,0
DA:84,0
DA:85,1
DA:86,0
DA:92,0
DA:93,0
DA:98,0
DA:99,0
DA:101,0
DA:103,0
DA:108,0
DA:109,0
DA:110,1
DA:111,0
DA:117,0
DA:118,0
DA:123,0
DA:124,0
DA:126,0
DA:128,0
DA:133,0
DA:134,0
DA:135,1
DA:136,0
DA:142,0
DA:143,0
DA:148,0
DA:149,0
DA:151,0
DA:153,0
DA:158,0
DA:159,0
DA:160,1
DA:161,0
DA:167,0
DA:168,0
DA:173,0
DA:174,0
DA:176,0
DA:178,0
DA:183,0
DA:184,0
DA:185,1
DA:186,0
DA:192,0
DA:193,0
DA:194,0
DA:196,0
DA:198,0
DA:203,0
DA:204,0
DA:205,1
DA:206,0
DA:212,0
DA:213,0
DA:214,0
DA:216,0
DA:218,0
DA:223,0
DA:224,0
DA:225,1
DA:226,0
DA:232,0
DA:233,0
DA:234,0
DA:236,0
DA:238,0
DA:243,0
DA:244,0
DA:245,1
DA:246,0
DA:252,0
DA:253,0
DA:258,0
DA:259,0
DA:261,0
DA:263,0
DA:268,0
DA:269,0
DA:270,1
DA:271,0
DA:277,0
DA:278,0
DA:283,0
DA:284,0
DA:286,0
DA:288,0
DA:314,0
DA:315,0
DA:316,1
DA:317,0
DA:323,0
DA:324,0
DA:325,0
DA:327,0
DA:338,0
DA:340,0
DA:345,0
DA:346,0
DA:347,1
DA:348,0
DA:354,0
DA:355,0
DA:356,0
DA:358,0
DA:369,0
DA:371,0
DA:376,0
DA:377,0
DA:378,1
DA:379,0
DA:385,0
DA:386,0
DA:387,0
DA:389,0
DA:390,0
DA:391,0
DA:393,0
DA:395,0
DA:396,0
DA:398,0
DA:489,0
DA:490,0
DA:492,0
DA:494,0
LF:166
LH:13
BRDA:23,1,0,0
BRDA:23,1,1,0
BRDA:23,1,2,0
BRDA:44,2,0,0
BRDA:44,2,1,0
BRDA:44,3,0,0
BRDA:44,3,1,0
BRDA:46,4,0,0
BRDA:46,4,1,0
BRDA:46,5,0,0
BRDA:46,5,1,0
BRDA:86,6,0,0
BRDA:86,6,1,0
BRDA:86,6,2,0
BRDA:111,7,0,0
BRDA:111,7,1,0
BRDA:111,7,2,0
BRDA:136,8,0,0
BRDA:136,8,1,0
BRDA:136,8,2,0
BRDA:161,9,0,0
BRDA:161,9,1,0
BRDA:161,9,2,0
BRDA:186,10,0,0
BRDA:186,10,1,0
BRDA:186,10,2,0
BRDA:206,11,0,0
BRDA:206,11,1,0
BRDA:206,11,2,0
BRDA:226,12,0,0
BRDA:226,12,1,0
BRDA:226,12,2,0
BRDA:246,13,0,0
BRDA:246,13,1,0
BRDA:246,13,2,0
BRDA:271,14,0,0
BRDA:271,14,1,0
BRDA:271,14,2,0
BRDA:317,15,0,0
BRDA:317,15,1,0
BRDA:317,15,2,0
BRDA:348,16,0,0
BRDA:348,16,1,0
BRDA:348,16,2,0
BRDA:379,17,0,0
BRDA:379,17,1,0
BRDA:379,17,2,0
BRDA:390,18,0,0
BRDA:390,18,1,0
BRF:49
BRH:0
end_of_record
TN:
SF:/home/jonathanstage/Dev/workspace-js/workspace-projet-hornet/projet-hornet/istanbul/src/dao/admin/fvm/copie_note_verbale_MAECI-dao.js
FN:12,(anonymous_1)
FN:17,CopieNoteVerbaleMAECIFVMDao
FN:30,(anonymous_3)
FN:40,(anonymous_4)
FN:49,(anonymous_5)
FN:58,(anonymous_6)
FN:62,(anonymous_7)
FN:71,(anonymous_8)
FN:81,(anonymous_9)
FN:94,(anonymous_10)
FNF:10
FNH:0
FNDA:0,(anonymous_1)
FNDA:0,CopieNoteVerbaleMAECIFVMDao
FNDA:0,(anonymous_3)
FNDA:0,(anonymous_4)
FNDA:0,(anonymous_5)
FNDA:0,(anonymous_6)
FNDA:0,(anonymous_7)
FNDA:0,(anonymous_8)
FNDA:0,(anonymous_9)
FNDA:0,(anonymous_10)
DA:2,0
DA:3,0
DA:4,0
DA:6,0
DA:7,0
DA:12,0
DA:13,0
DA:17,1
DA:18,0
DA:30,0
DA:31,0
DA:32,0
DA:41,0
DA:49,0
DA:50,0
DA:52,0
DA:58,0
DA:59,0
DA:60,0
DA:62,0
DA:64,0
DA:66,0
DA:69,0
DA:73,0
DA:81,0
DA:82,0
DA:83,0
DA:94,0
DA:95,0
DA:96,0
DA:102,0
DA:104,0
LF:32
LH:1
BRDA:18,1,0,0
BRDA:18,1,1,0
BRDA:64,2,0,0
BRDA:64,2,1,0
BRF:4
BRH:0
end_of_record
TN:
SF:/home/jonathanstage/Dev/workspace-js/workspace-projet-hornet/projet-hornet/istanbul/src/dao/admin/fvm/copie_permis-dao.js
FN:12,(anonymous_1)
FN:17,CopiePermisFVMDao
FN:30,(anonymous_3)
FN:40,(anonymous_4)
FN:49,(anonymous_5)
FN:58,(anonymous_6)
FN:62,(anonymous_7)
FN:71,(anonymous_8)
FN:81,(anonymous_9)
FN:94,(anonymous_10)
FNF:10
FNH:0
FNDA:0,(anonymous_1)
FNDA:0,CopiePermisFVMDao
FNDA:0,(anonymous_3)
FNDA:0,(anonymous_4)
FNDA:0,(anonymous_5)
FNDA:0,(anonymous_6)
FNDA:0,(anonymous_7)
FNDA:0,(anonymous_8)
FNDA:0,(anonymous_9)
FNDA:0,(anonymous_10)
DA:2,0
DA:3,0
DA:4,0
DA:6,0
DA:7,0
DA:12,0
DA:13,0
DA:17,1
DA:18,0
DA:30,0
DA:31,0
DA:32,0
DA:41,0
DA:49,0
DA:50,0
DA:52,0
DA:58,0
DA:59,0
DA:60,0
DA:62,0
DA:64,0
DA:66,0
DA:69,0
DA:73,0
DA:81,0
DA:82,0
DA:83,0
DA:94,0
DA:95,0
DA:96,0
DA:102,0
DA:104,0
LF:32
LH:1
BRDA:18,1,0,0
BRDA:18,1,1,0
BRDA:64,2,0,0
BRDA:64,2,1,0
BRF:4
BRH:0
end_of_record
TN:
SF:/home/jonathanstage/Dev/workspace-js/workspace-projet-hornet/projet-hornet/istanbul/src/dao/admin/fvm/demande_authentification-dao.js
FN:12,(anonymous_1)
FN:17,DemandeAuthentificationFVMDAO
FN:29,(anonymous_3)
FN:38,(anonymous_4)
FN:47,(anonymous_5)
FN:58,(anonymous_6)
FN:62,(anonymous_7)
FN:71,(anonymous_8)
FN:81,(anonymous_9)
FN:94,(anonymous_10)
FNF:10
FNH:0
FNDA:0,(anonymous_1)
FNDA:0,DemandeAuthentificationFVMDAO
FNDA:0,(anonymous_3)
FNDA:0,(anonymous_4)
FNDA:0,(anonymous_5)
FNDA:0,(anonymous_6)
FNDA:0,(anonymous_7)
FNDA:0,(anonymous_8)
FNDA:0,(anonymous_9)
FNDA:0,(anonymous_10)
DA:2,0
DA:3,0
DA:4,0
DA:6,0
DA:7,0
DA:12,0
DA:13,0
DA:17,1
DA:18,0
DA:29,0
DA:30,0
DA:31,0
DA:39,0
DA:47,0
DA:48,0
DA:49,0
DA:51,0
DA:52,0
DA:58,0
DA:59,0
DA:60,0
DA:62,0
DA:64,0
DA:66,0
DA:69,0
DA:73,0
DA:81,0
DA:82,0
DA:83,0
DA:94,0
DA:95,0
DA:96,0
DA:102,0
DA:104,0
LF:34
LH:1
BRDA:18,1,0,0
BRDA:18,1,1,0
BRDA:64,2,0,0
BRDA:64,2,1,0
BRF:4
BRH:0
end_of_record
TN:
SF:/home/jonathanstage/Dev/workspace-js/workspace-projet-hornet/projet-hornet/istanbul/src/dao/admin/fvm/dossier-dao.js
FN:12,(anonymous_1)
FN:17,DossierFVMDAO
FN:27,(anonymous_3)
FN:34,(anonymous_4)
FN:42,(anonymous_5)
FN:46,(anonymous_6)
FN:55,(anonymous_7)
FN:65,(anonymous_8)
FN:78,(anonymous_9)
FN:93,(anonymous_10)
FN:109,(anonymous_11)
FNF:11
FNH:0
FNDA:0,(anonymous_1)
FNDA:0,DossierFVMDAO
FNDA:0,(anonymous_3)
FNDA:0,(anonymous_4)
FNDA:0,(anonymous_5)
FNDA:0,(anonymous_6)
FNDA:0,(anonymous_7)
FNDA:0,(anonymous_8)
FNDA:0,(anonymous_9)
FNDA:0,(anonymous_10)
FNDA:0,(anonymous_11)
DA:2,0
DA:3,0
DA:4,0
DA:6,0
DA:7,0
DA:12,0
DA:13,0
DA:17,1
DA:18,0
DA:27,0
DA:28,0
DA:29,0
DA:35,0
DA:42,0
DA:43,0
DA:44,0
DA:46,0
DA:48,0
DA:50,0
DA:53,0
DA:57,0
DA:65,0
DA:66,0
DA:67,0
DA:78,0
DA:79,0
DA:80,0
DA:93,0
DA:94,0
DA:95,0
DA:109,0
DA:110,0
DA:111,0
DA:117,0
DA:119,0
LF:35
LH:1
BRDA:18,1,0,0
BRDA:18,1,1,0
BRDA:48,2,0,0
BRDA:48,2,1,0
BRF:4
BRH:0
end_of_record
TN:
SF:/home/jonathanstage/Dev/workspace-js/workspace-projet-hornet/projet-hornet/istanbul/src/dao/admin/fvm/permis-dao.js
FN:12,(anonymous_1)
FN:17,PermisFVMDAO
FN:31,(anonymous_3)
FN:41,(anonymous_4)
FN:49,(anonymous_5)
FN:53,(anonymous_6)
FN:62,(anonymous_7)
FN:71,(anonymous_8)
FN:80,(anonymous_9)
FN:93,(anonymous_10)
FNF:10
FNH:0
FNDA:0,(anonymous_1)
FNDA:0,PermisFVMDAO
FNDA:0,(anonymous_3)
FNDA:0,(anonymous_4)
FNDA:0,(anonymous_5)
FNDA:0,(anonymous_6)
FNDA:0,(anonymous_7)
FNDA:0,(anonymous_8)
FNDA:0,(anonymous_9)
FNDA:0,(anonymous_10)
DA:2,0
DA:3,0
DA:4,0
DA:6,0
DA:7,0
DA:12,0
DA:13,0
DA:17,1
DA:18,0
DA:31,0
DA:32,0
DA:33,0
DA:42,0
DA:49,0
DA:50,0
DA:51,0
DA:53,0
DA:55,0
DA:57,0
DA:60,0
DA:64,0
DA:71,0
DA:72,0
DA:73,0
DA:80,0
DA:81,0
DA:82,0
DA:93,0
DA:94,0
DA:95,0
DA:101,0
DA:103,0
LF:32
LH:1
BRDA:18,1,0,0
BRDA:18,1,1,0
BRDA:55,2,0,0
BRDA:55,2,1,0
BRF:4
BRH:0
end_of_record
TN:
SF:/home/jonathanstage/Dev/workspace-js/workspace-projet-hornet/projet-hornet/istanbul/src/dao/admin/fvm/personne-dao.js
FN:12,(anonymous_1)
FN:17,PersonneFVMDAO
FN:32,(anonymous_3)
FN:43,(anonymous_4)
FN:52,(anonymous_5)
FN:66,(anonymous_6)
FN:70,(anonymous_7)
FN:79,(anonymous_8)
FN:89,(anonymous_9)
FN:102,(anonymous_10)
FN:117,(anonymous_11)
FN:133,(anonymous_12)
FNF:12
FNH:0
FNDA:0,(anonymous_1)
FNDA:0,PersonneFVMDAO
FNDA:0,(anonymous_3)
FNDA:0,(anonymous_4)
FNDA:0,(anonymous_5)
FNDA:0,(anonymous_6)
FNDA:0,(anonymous_7)
FNDA:0,(anonymous_8)
FNDA:0,(anonymous_9)
FNDA:0,(anonymous_10)
FNDA:0,(anonymous_11)
FNDA:0,(anonymous_12)
DA:2,0
DA:3,0
DA:4,0
DA:6,0
DA:7,0
DA:12,0
DA:13,0
DA:17,1
DA:18,0
DA:32,0
DA:33,0
DA:34,0
DA:44,0
DA:52,0
DA:53,0
DA:55,0
DA:56,0
DA:59,0
DA:66,0
DA:67,0
DA:68,0
DA:70,0
DA:72,0
DA:74,0
DA:77,0
DA:81,0
DA:89,0
DA:90,0
DA:91,0
DA:102,0
DA:103,0
DA:104,0
DA:117,0
DA:118,0
DA:119,0
DA:133,0
DA:134,0
DA:135,0
DA:141,0
DA:143,0
LF:40
LH:1
BRDA:18,1,0,0
BRDA:18,1,1,0
BRDA:55,2,0,0
BRDA:55,2,1,0
BRDA:72,3,0,0
BRDA:72,3,1,0
BRF:6
BRH:0
end_of_record
TN:
SF:/home/jonathanstage/Dev/workspace-js/workspace-projet-hornet/projet-hornet/istanbul/src/routes/admin/fvm/form1-client-routes.js
FN:15,(anonymous_1)
FN:20,FormulaireDossierRoutesClient
FN:24,(anonymous_3)
FNF:3
FNH:0
FNDA:0,(anonymous_1)
FNDA:0,FormulaireDossierRoutesClient
FNDA:0,(anonymous_3)
DA:2,0
DA:3,0
DA:4,0
DA:6,0
DA:8,0
DA:10,0
DA:15,0
DA:16,0
DA:20,1
DA:21,0
DA:24,0
DA:25,0
DA:27,0
DA:29,0
LF:14
LH:1
BRDA:21,1,0,0
BRDA:21,1,1,0
BRF:2
BRH:0
end_of_record
TN:
SF:/home/jonathanstage/Dev/workspace-js/workspace-projet-hornet/projet-hornet/istanbul/src/routes/admin/fvm/form1-server-routes.js
FN:17,(anonymous_1)
FN:22,FormulaireDossierRoutesServer
FN:26,(anonymous_3)
FN:29,(anonymous_4)
FNF:4
FNH:0
FNDA:0,(anonymous_1)
FNDA:0,FormulaireDossierRoutesServer
FNDA:0,(anonymous_3)
FNDA:0,(anonymous_4)
DA:2,0
DA:3,0
DA:4,0
DA:6,0
DA:8,0
DA:10,0
DA:12,0
DA:17,0
DA:18,0
DA:22,1
DA:23,0
DA:26,0
DA:29,0
DA:30,0
DA:32,0
DA:34,0
LF:16
LH:1
BRDA:23,1,0,0
BRDA:23,1,1,0
BRF:2
BRH:0
end_of_record
TN:
SF:/home/jonathanstage/Dev/workspace-js/workspace-projet-hornet/projet-hornet/istanbul/src/routes/admin/fvm/form2-client-routes.js
FN:15,(anonymous_1)
FN:20,FormulaireDemandeAuthentificationRoutesClient
FN:25,(anonymous_3)
FNF:3
FNH:0
FNDA:0,(anonymous_1)
FNDA:0,FormulaireDemandeAuthentificationRoutesClient
FNDA:0,(anonymous_3)
DA:2,0
DA:3,0
DA:4,0
DA:6,0
DA:8,0
DA:10,0
DA:15,0
DA:16,0
DA:20,1
DA:21,0
DA:25,0
DA:26,0
DA:28,0
DA:30,0
LF:14
LH:1
BRDA:21,1,0,0
BRDA:21,1,1,0
BRF:2
BRH:0
end_of_record
TN:
SF:/home/jonathanstage/Dev/workspace-js/workspace-projet-hornet/projet-hornet/istanbul/src/routes/admin/fvm/form2-server-routes.js
FN:17,(anonymous_1)
FN:22,FormulaireDemandeAuthentificationRoutesServer
FN:26,(anonymous_3)
FN:29,(anonymous_4)
FN:32,(anonymous_5)
FNF:5
FNH:0
FNDA:0,(anonymous_1)
FNDA:0,FormulaireDemandeAuthentificationRoutesServer
FNDA:0,(anonymous_3)
FNDA:0,(anonymous_4)
FNDA:0,(anonymous_5)
DA:2,0
DA:3,0
DA:4,0
DA:6,0
DA:8,0
DA:10,0
DA:12,0
DA:17,0
DA:18,0
DA:22,1
DA:23,0
DA:26,0
DA:29,0
DA:32,0
DA:33,0
DA:35,0
DA:37,0
LF:17
LH:1
BRDA:23,1,0,0
BRDA:23,1,1,0
BRF:2
BRH:0
end_of_record
TN:
SF:/home/jonathanstage/Dev/workspace-js/workspace-projet-hornet/projet-hornet/istanbul/src/routes/admin/fvm/record-client-routes.js
FN:15,(anonymous_1)
FN:20,RecordRoutesClient
FN:24,(anonymous_3)
FN:28,(anonymous_4)
FNF:4
FNH:0
FNDA:0,(anonymous_1)
FNDA:0,RecordRoutesClient
FNDA:0,(anonymous_3)
FNDA:0,(anonymous_4)
DA:2,0
DA:3,0
DA:4,0
DA:6,0
DA:8,0
DA:10,0
DA:15,0
DA:16,0
DA:20,1
DA:21,0
DA:24,0
DA:28,0
DA:29,0
DA:31,0
DA:33,0
LF:15
LH:1
BRDA:21,1,0,0
BRDA:21,1,1,0
BRF:2
BRH:0
end_of_record
TN:
SF:/home/jonathanstage/Dev/workspace-js/workspace-projet-hornet/projet-hornet/istanbul/src/routes/admin/fvm/record-server-routes.js
FN:17,(anonymous_1)
FN:22,RecordListRoutesServer
FN:26,(anonymous_3)
FN:29,(anonymous_4)
FN:32,(anonymous_5)
FN:35,(anonymous_6)
FN:38,(anonymous_7)
FN:55,(anonymous_8)
FN:59,(anonymous_9)
FN:64,(anonymous_10)
FNF:10
FNH:0
FNDA:0,(anonymous_1)
FNDA:0,RecordListRoutesServer
FNDA:0,(anonymous_3)
FNDA:0,(anonymous_4)
FNDA:0,(anonymous_5)
FNDA:0,(anonymous_6)
FNDA:0,(anonymous_7)
FNDA:0,(anonymous_8)
FNDA:0,(anonymous_9)
FNDA:0,(anonymous_10)
DA:2,0
DA:3,0
DA:4,0
DA:6,0
DA:8,0
DA:10,0
DA:12,0
DA:17,0
DA:18,0
DA:22,1
DA:23,0
DA:26,0
DA:29,0
DA:32,0
DA:35,0
DA:38,0
DA:55,0
DA:59,0
DA:64,0
DA:65,0
DA:67,0
DA:69,0
LF:22
LH:1
BRDA:23,1,0,0
BRDA:23,1,1,0
BRF:2
BRH:0
end_of_record
TN:
SF:/home/jonathanstage/Dev/workspace-js/workspace-projet-hornet/projet-hornet/istanbul/src/services/data/auth/auth-service-impl.js
FN:8,(anonymous_1)
FN:10,AuthServiceImpl
FN:15,(anonymous_3)
FN:16,(anonymous_4)
FN:23,(anonymous_5)
FN:26,(anonymous_6)
FN:29,(anonymous_7)
FN:32,(anonymous_8)
FNF:8
FNH:0
FNDA:0,(anonymous_1)
FNDA:0,AuthServiceImpl
FNDA:0,(anonymous_3)
FNDA:0,(anonymous_4)
FNDA:0,(anonymous_5)
FNDA:0,(anonymous_6)
FNDA:0,(anonymous_7)
FNDA:0,(anonymous_8)
DA:2,0
DA:3,0
DA:4,0
DA:5,0
DA:6,0
DA:7,0
DA:8,0
DA:9,0
DA:10,1
DA:11,0
DA:12,0
DA:13,0
DA:15,0
DA:16,0
DA:17,0
DA:23,0
DA:24,0
DA:26,0
DA:29,0
DA:30,0
DA:32,0
DA:35,0
DA:37,0
LF:23
LH:1
BRDA:11,1,0,0
BRDA:11,1,1,0
BRDA:11,1,2,0
BRF:3
BRH:0
end_of_record
TN:
SF:/home/jonathanstage/Dev/workspace-js/workspace-projet-hornet/projet-hornet/istanbul/src/services/data/auth/auth-service.js
FN:9,(anonymous_1)
FN:11,AuthService
FNF:2
FNH:0
FNDA:0,(anonymous_1)
FNDA:0,AuthService
DA:2,0
DA:3,0
DA:4,0
DA:9,0
DA:10,0
DA:11,1
DA:12,0
DA:14,0
DA:16,0
LF:9
LH:1
BRDA:12,1,0,0
BRDA:12,1,1,0
BRDA:12,1,2,0
BRF:3
BRH:0
end_of_record
TN:
SF:/home/jonathanstage/Dev/workspace-js/workspace-projet-hornet/projet-hornet/istanbul/src/views/admin/fvm/fvm-formDemande-page.js
FN:39,(anonymous_1)
FN:46,FormulaireDemandeAuthentificationPage
FN:68,(anonymous_3)
FN:75,(anonymous_4)
FN:78,(anonymous_5)
FN:91,(anonymous_6)
FN:100,(anonymous_7)
FN:109,(anonymous_8)
FN:111,(anonymous_9)
FN:131,(anonymous_10)
FN:140,(anonymous_11)
FN:147,(anonymous_12)
FN:154,(anonymous_13)
FN:156,(anonymous_14)
FN:166,(anonymous_15)
FN:174,(anonymous_16)
FN:175,(anonymous_17)
FNF:17
FNH:0
FNDA:0,(anonymous_1)
FNDA:0,FormulaireDemandeAuthentificationPage
FNDA:0,(anonymous_3)
FNDA:0,(anonymous_4)
FNDA:0,(anonymous_5)
FNDA:0,(anonymous_6)
FNDA:0,(anonymous_7)
FNDA:0,(anonymous_8)
FNDA:0,(anonymous_9)
FNDA:0,(anonymous_10)
FNDA:0,(anonymous_11)
FNDA:0,(anonymous_12)
FNDA:0,(anonymous_13)
FNDA:0,(anonymous_14)
FNDA:0,(anonymous_15)
FNDA:0,(anonymous_16)
FNDA:0,(anonymous_17)
DA:2,0
DA:3,0
DA:4,0
DA:5,0
DA:6,0
DA:7,0
DA:8,0
DA:9,0
DA:10,0
DA:11,0
DA:12,0
DA:13,0
DA:14,0
DA:15,0
DA:16,0
DA:17,0
DA:18,0
DA:19,0
DA:20,0
DA:21,0
DA:22,0
DA:23,0
DA:24,0
DA:25,0
DA:26,0
DA:27,0
DA:28,0
DA:29,0
DA:30,0
DA:31,0
DA:39,0
DA:40,0
DA:46,1
DA:47,0
DA:52,0
DA:53,0
DA:54,0
DA:55,0
DA:56,0
DA:57,0
DA:58,0
DA:59,0
DA:60,0
DA:61,0
DA:62,0
DA:63,0
DA:68,0
DA:69,0
DA:75,0
DA:76,0
DA:77,0
DA:78,0
DA:80,0
DA:81,0
DA:82,0
DA:84,0
DA:85,0
DA:89,0
DA:92,0
DA:93,0
DA:100,0
DA:101,0
DA:103,0
DA:104,0
DA:110,0
DA:111,0
DA:131,0
DA:140,0
DA:141,0
DA:147,0
DA:148,0
DA:154,0
DA:155,0
DA:156,0
DA:157,0
DA:158,0
DA:159,0
DA:160,0
DA:161,0
DA:164,0
DA:167,0
DA:168,0
DA:174,0
DA:175,0
DA:177,0
DA:179,0
LF:86
LH:1
BRDA:47,1,0,0
BRDA:47,1,1,0
BRDA:80,2,0,0
BRDA:80,2,1,0
BRDA:157,3,0,0
BRDA:157,3,1,0
BRF:6
BRH:0
end_of_record
TN:
SF:/home/jonathanstage/Dev/workspace-js/workspace-projet-hornet/projet-hornet/istanbul/src/views/admin/fvm/fvm-formDossier-page.js
FN:31,(anonymous_1)
FN:38,FormulaireDossierPage
FN:55,(anonymous_3)
FN:62,(anonymous_4)
FN:64,(anonymous_5)
FN:77,(anonymous_6)
FN:86,(anonymous_7)
FN:127,(anonymous_8)
FN:128,(anonymous_9)
FNF:9
FNH:0
FNDA:0,(anonymous_1)
FNDA:0,FormulaireDossierPage
FNDA:0,(anonymous_3)
FNDA:0,(anonymous_4)
FNDA:0,(anonymous_5)
FNDA:0,(anonymous_6)
FNDA:0,(anonymous_7)
FNDA:0,(anonymous_8)
FNDA:0,(anonymous_9)
DA:2,0
DA:3,0
DA:4,0
DA:5,0
DA:6,0
DA:7,0
DA:8,0
DA:9,0
DA:10,0
DA:11,0
DA:12,0
DA:13,0
DA:14,0
DA:15,0
DA:16,0
DA:17,0
DA:18,0
DA:19,0
DA:20,0
DA:21,0
DA:22,0
DA:23,0
DA:31,0
DA:32,0
DA:38,1
DA:39,0
DA:40,0
DA:41,0
DA:42,0
DA:43,0
DA:44,0
DA:45,0
DA:46,0
DA:47,0
DA:48,0
DA:49,0
DA:50,0
DA:55,0
DA:56,0
DA:62,0
DA:63,0
DA:64,0
DA:66,0
DA:67,0
DA:68,0
DA:70,0
DA:71,0
DA:75,0
DA:78,0
DA:79,0
DA:86,0
DA:88,0
DA:89,0
DA:93,0
DA:127,0
DA:128,0
DA:130,0
DA:132,0
LF:58
LH:1
BRDA:39,1,0,0
BRDA:39,1,1,0
BRDA:66,2,0,0
BRDA:66,2,1,0
BRF:4
BRH:0
end_of_record
TN:
SF:/home/jonathanstage/Dev/workspace-js/workspace-projet-hornet/projet-hornet/istanbul/src/views/admin/fvm/fvm-recordDetails-page.js
FN:41,(anonymous_1)
FN:48,RecordDetailsPage
FN:101,(anonymous_3)
FN:104,(anonymous_4)
FN:115,(anonymous_5)
FN:127,(anonymous_6)
FN:131,(anonymous_7)
FN:140,(anonymous_8)
FN:186,(anonymous_9)
FN:200,(anonymous_10)
FN:214,(anonymous_11)
FN:237,(anonymous_12)
FN:246,(anonymous_13)
FN:247,(anonymous_14)
FN:249,(anonymous_15)
FN:251,(anonymous_16)
FN:252,(anonymous_17)
FN:269,(anonymous_18)
FN:275,(anonymous_19)
FN:281,(anonymous_20)
FN:283,(anonymous_21)
FN:298,(anonymous_22)
FN:306,(anonymous_23)
FN:315,(anonymous_24)
FN:316,(anonymous_25)
FN:321,(anonymous_26)
FN:322,(anonymous_27)
FNF:27
FNH:0
FNDA:0,(anonymous_1)
FNDA:0,RecordDetailsPage
FNDA:0,(anonymous_3)
FNDA:0,(anonymous_4)
FNDA:0,(anonymous_5)
FNDA:0,(anonymous_6)
FNDA:0,(anonymous_7)
FNDA:0,(anonymous_8)
FNDA:0,(anonymous_9)
FNDA:0,(anonymous_10)
FNDA:0,(anonymous_11)
FNDA:0,(anonymous_12)
FNDA:0,(anonymous_13)
FNDA:0,(anonymous_14)
FNDA:0,(anonymous_15)
FNDA:0,(anonymous_16)
FNDA:0,(anonymous_17)
FNDA:0,(anonymous_18)
FNDA:0,(anonymous_19)
FNDA:0,(anonymous_20)
FNDA:0,(anonymous_21)
FNDA:0,(anonymous_22)
FNDA:0,(anonymous_23)
FNDA:0,(anonymous_24)
FNDA:0,(anonymous_25)
FNDA:0,(anonymous_26)
FNDA:0,(anonymous_27)
DA:2,0
DA:3,0
DA:4,0
DA:5,0
DA:6,0
DA:7,0
DA:8,0
DA:9,0
DA:10,0
DA:11,0
DA:12,0
DA:13,0
DA:14,0
DA:15,0
DA:16,0
DA:17,0
DA:18,0
DA:19,0
DA:20,0
DA:21,0
DA:22,0
DA:23,0
DA:24,0
DA:25,0
DA:26,0
DA:27,0
DA:28,0
DA:29,0
DA:30,0
DA:31,0
DA:32,0
DA:33,0
DA:41,0
DA:42,0
DA:48,1
DA:49,0
DA:54,0
DA:59,0
DA:64,0
DA:69,0
DA:74,0
DA:79,0
DA:84,0
DA:85,0
DA:86,0
DA:87,0
DA:88,0
DA:89,0
DA:90,0
DA:91,0
DA:92,0
DA:93,0
DA:94,0
DA:95,0
DA:96,0
DA:101,0
DA:102,0
DA:103,0
DA:104,0
DA:106,0
DA:108,0
DA:110,0
DA:111,0
DA:113,0
DA:115,0
DA:117,0
DA:119,0
DA:120,0
DA:127,0
DA:128,0
DA:129,0
DA:132,0
DA:140,0
DA:141,0
DA:142,0
DA:186,0
DA:187,0
DA:188,0
DA:189,0
DA:190,0
DA:194,0
DA:200,0
DA:201,0
DA:202,0
DA:203,0
DA:204,0
DA:208,0
DA:214,0
DA:215,0
DA:217,0
DA:219,0
DA:220,0
DA:222,0
DA:223,0
DA:224,0
DA:225,0
DA:226,0
DA:227,0
DA:228,0
DA:230,0
DA:231,0
DA:232,0
DA:233,0
DA:237,0
DA:246,0
DA:247,0
DA:249,0
DA:251,0
DA:252,0
DA:256,0
DA:259,0
DA:269,0
DA:270,0
DA:275,0
DA:276,0
DA:281,0
DA:282,0
DA:283,0
DA:285,0
DA:286,0
DA:287,0
DA:289,0
DA:290,0
DA:294,0
DA:296,0
DA:299,0
DA:300,0
DA:306,0
DA:307,0
DA:308,0
DA:309,0
DA:310,0
DA:315,0
DA:316,0
DA:321,0
DA:322,0
DA:324,0
DA:326,0
LF:138
LH:1
BRDA:49,1,0,0
BRDA:49,1,1,0
BRDA:219,2,0,0
BRDA:219,2,1,0
BRDA:285,3,0,0
BRDA:285,3,1,0
BRF:6
BRH:0
end_of_record
TN:
SF:/home/jonathanstage/Dev/workspace-js/workspace-projet-hornet/projet-hornet/istanbul/src/views/admin/fvm/fvm-recordList-page.js
FN:38,(anonymous_1)
FN:45,RecordListPage
FN:62,(anonymous_3)
FN:64,(anonymous_4)
FN:72,(anonymous_5)
FN:91,(anonymous_6)
FN:127,(anonymous_7)
FN:129,(anonymous_8)
FN:144,(anonymous_9)
FN:153,(anonymous_10)
FN:154,(anonymous_11)
FN:159,(anonymous_12)
FN:160,(anonymous_13)
FN:165,(anonymous_14)
FN:166,(anonymous_15)
FN:169,(anonymous_16)
FN:172,(anonymous_17)
FNF:17
FNH:0
FNDA:0,(anonymous_1)
FNDA:0,RecordListPage
FNDA:0,(anonymous_3)
FNDA:0,(anonymous_4)
FNDA:0,(anonymous_5)
FNDA:0,(anonymous_6)
FNDA:0,(anonymous_7)
FNDA:0,(anonymous_8)
FNDA:0,(anonymous_9)
FNDA:0,(anonymous_10)
FNDA:0,(anonymous_11)
FNDA:0,(anonymous_12)
FNDA:0,(anonymous_13)
FNDA:0,(anonymous_14)
FNDA:0,(anonymous_15)
FNDA:0,(anonymous_16)
FNDA:0,(anonymous_17)
DA:2,0
DA:3,0
DA:4,0
DA:5,0
DA:6,0
DA:7,0
DA:8,0
DA:9,0
DA:10,0
DA:11,0
DA:12,0
DA:13,0
DA:14,0
DA:15,0
DA:16,0
DA:17,0
DA:18,0
DA:19,0
DA:20,0
DA:21,0
DA:22,0
DA:23,0
DA:24,0
DA:25,0
DA:26,0
DA:27,0
DA:28,0
DA:29,0
DA:30,0
DA:38,0
DA:39,0
DA:45,1
DA:46,0
DA:47,0
DA:48,0
DA:49,0
DA:50,0
DA:51,0
DA:52,0
DA:53,0
DA:54,0
DA:55,0
DA:56,0
DA:57,0
DA:62,0
DA:63,0
DA:64,0
DA:65,0
DA:72,0
DA:73,0
DA:74,0
DA:75,0
DA:77,0
DA:78,0
DA:80,0
DA:81,0
DA:83,0
DA:84,0
DA:85,0
DA:91,0
DA:92,0
DA:93,0
DA:127,0
DA:128,0
DA:129,0
DA:131,0
DA:132,0
DA:133,0
DA:135,0
DA:136,0
DA:140,0
DA:142,0
DA:145,0
DA:146,0
DA:153,0
DA:154,0
DA:159,0
DA:160,0
DA:165,0
DA:166,0
DA:169,0
DA:170,0
DA:171,0
DA:172,0
DA:173,0
DA:176,0
DA:178,0
LF:87
LH:1
BRDA:46,1,0,0
BRDA:46,1,1,0
BRDA:74,2,0,0
BRDA:74,2,1,0
BRDA:77,3,0,0
BRDA:77,3,1,0
BRDA:80,4,0,0
BRDA:80,4,1,0
BRDA:131,5,0,0
BRDA:131,5,1,0
BRF:10
BRH:0
end_of_record
TN:
SF:/home/jonathanstage/Dev/workspace-js/workspace-projet-hornet/projet-hornet/istanbul/src/mock/services/data/auth/auth-service-impl-mock.js
FN:22,findByUsername
FN:37,(anonymous_2)
FN:39,AuthServiceDataMockImpl
FN:46,(anonymous_4)
FNF:4
FNH:0
FNDA:0,findByUsername
FNDA:0,(anonymous_2)
FNDA:0,AuthServiceDataMockImpl
FNDA:0,(anonymous_4)
DA:2,0
DA:3,0
DA:4,0
DA:5,0
DA:6,0
DA:7,0
DA:12,0
DA:22,1
DA:23,0
DA:24,0
DA:25,0
DA:26,0
DA:29,0
DA:37,0
DA:38,0
DA:39,1
DA:40,0
DA:46,0
DA:47,0
DA:48,0
DA:49,0
DA:51,0
DA:53,0
LF:23
LH:2
BRDA:25,1,0,0
BRDA:25,1,1,0
BRDA:40,2,0,0
BRDA:40,2,1,0
BRDA:40,2,2,0
BRF:5
BRH:0
end_of_record
TN:
SF:/home/jonathanstage/Dev/workspace-js/workspace-projet-hornet/projet-hornet/istanbul/src/services/data/admin/fvm/form-service-impl-data.js
FN:25,(anonymous_1)
FN:27,FormServiceImplData
FN:81,(anonymous_3)
FN:94,(anonymous_4)
FN:101,(anonymous_5)
FN:107,(anonymous_6)
FN:110,(anonymous_7)
FN:121,(anonymous_8)
FN:134,(anonymous_9)
FN:138,(anonymous_10)
FN:141,(anonymous_11)
FN:145,(anonymous_12)
FN:158,(anonymous_13)
FN:162,(anonymous_14)
FN:174,(anonymous_15)
FN:182,(anonymous_16)
FN:184,(anonymous_17)
FN:186,(anonymous_18)
FNF:18
FNH:0
FNDA:0,(anonymous_1)
FNDA:0,FormServiceImplData
FNDA:0,(anonymous_3)
FNDA:0,(anonymous_4)
FNDA:0,(anonymous_5)
FNDA:0,(anonymous_6)
FNDA:0,(anonymous_7)
FNDA:0,(anonymous_8)
FNDA:0,(anonymous_9)
FNDA:0,(anonymous_10)
FNDA:0,(anonymous_11)
FNDA:0,(anonymous_12)
FNDA:0,(anonymous_13)
FNDA:0,(anonymous_14)
FNDA:0,(anonymous_15)
FNDA:0,(anonymous_16)
FNDA:0,(anonymous_17)
FNDA:0,(anonymous_18)
DA:2,0
DA:3,0
DA:4,0
DA:6,0
DA:8,0
DA:9,0
DA:11,0
DA:12,0
DA:13,0
DA:14,0
DA:15,0
DA:16,0
DA:17,0
DA:18,0
DA:19,0
DA:25,0
DA:26,0
DA:27,1
DA:28,0
DA:33,0
DA:38,0
DA:43,0
DA:48,0
DA:53,0
DA:58,0
DA:63,0
DA:68,0
DA:73,0
DA:74,0
DA:81,0
DA:82,0
DA:83,0
DA:85,0
DA:86,0
DA:87,0
DA:89,0
DA:90,0
DA:91,0
DA:92,0
DA:93,0
DA:94,0
DA:95,0
DA:96,0
DA:97,0
DA:98,0
DA:99,0
DA:101,0
DA:104,0
DA:105,0
DA:106,0
DA:107,0
DA:110,0
DA:113,0
DA:114,0
DA:115,0
DA:116,0
DA:117,0
DA:124,0
DA:125,0
DA:126,0
DA:134,0
DA:135,0
DA:136,0
DA:138,0
DA:139,0
DA:141,0
DA:143,0
DA:148,0
DA:149,0
DA:150,0
DA:158,0
DA:159,0
DA:160,0
DA:162,0
DA:165,0
DA:166,0
DA:167,0
DA:174,0
DA:175,0
DA:176,0
DA:182,0
DA:183,0
DA:184,0
DA:185,0
DA:186,0
DA:187,0
DA:189,0
DA:192,0
DA:198,0
DA:200,0
LF:90
LH:1
BRDA:28,1,0,0
BRDA:28,1,1,0
BRDA:28,1,2,0
BRF:3
BRH:0
end_of_record
TN:
SF:/home/jonathanstage/Dev/workspace-js/workspace-projet-hornet/projet-hornet/istanbul/src/services/data/admin/fvm/page-service-impl-data.js
FN:24,(anonymous_1)
FN:26,PageServiceImplData
FN:75,(anonymous_3)
FN:80,(anonymous_4)
FN:93,(anonymous_5)
FN:103,(anonymous_6)
FN:122,(anonymous_7)
FN:134,(anonymous_8)
FN:138,(anonymous_9)
FN:145,(anonymous_10)
FN:152,(anonymous_11)
FN:157,(anonymous_12)
FN:160,(anonymous_13)
FN:167,(anonymous_14)
FN:184,(anonymous_15)
FN:190,(anonymous_16)
FN:204,(anonymous_17)
FN:225,(anonymous_18)
FN:238,(anonymous_19)
FN:260,(anonymous_20)
FN:269,(anonymous_21)
FN:278,(anonymous_22)
FN:284,(anonymous_23)
FN:287,(anonymous_24)
FNF:24
FNH:0
FNDA:0,(anonymous_1)
FNDA:0,PageServiceImplData
FNDA:0,(anonymous_3)
FNDA:0,(anonymous_4)
FNDA:0,(anonymous_5)
FNDA:0,(anonymous_6)
FNDA:0,(anonymous_7)
FNDA:0,(anonymous_8)
FNDA:0,(anonymous_9)
FNDA:0,(anonymous_10)
FNDA:0,(anonymous_11)
FNDA:0,(anonymous_12)
FNDA:0,(anonymous_13)
FNDA:0,(anonymous_14)
FNDA:0,(anonymous_15)
FNDA:0,(anonymous_16)
FNDA:0,(anonymous_17)
FNDA:0,(anonymous_18)
FNDA:0,(anonymous_19)
FNDA:0,(anonymous_20)
FNDA:0,(anonymous_21)
FNDA:0,(anonymous_22)
FNDA:0,(anonymous_23)
FNDA:0,(anonymous_24)
DA:2,0
DA:3,0
DA:4,0
DA:6,0
DA:8,0
DA:9,0
DA:11,0
DA:12,0
DA:13,0
DA:14,0
DA:15,0
DA:16,0
DA:17,0
DA:18,0
DA:24,0
DA:25,0
DA:26,1
DA:27,0
DA:32,0
DA:37,0
DA:42,0
DA:47,0
DA:52,0
DA:57,0
DA:62,0
DA:67,0
DA:68,0
DA:75,0
DA:76,0
DA:77,0
DA:79,0
DA:80,0
DA:83,0
DA:84,0
DA:85,0
DA:93,0
DA:94,0
DA:95,0
DA:97,0
DA:99,0
DA:100,0
DA:102,0
DA:103,0
DA:104,0
DA:105,0
DA:106,0
DA:108,0
DA:109,0
DA:110,0
DA:111,0
DA:112,0
DA:114,0
DA:116,0
DA:117,0
DA:120,0
DA:125,0
DA:126,0
DA:127,0
DA:134,0
DA:135,0
DA:136,0
DA:138,0
DA:139,0
DA:140,0
DA:145,0
DA:146,0
DA:147,0
DA:150,0
DA:151,0
DA:152,0
DA:153,0
DA:154,0
DA:155,0
DA:157,0
DA:158,0
DA:159,0
DA:160,0
DA:161,0
DA:162,0
DA:163,0
DA:164,0
DA:167,0
DA:168,0
DA:169,0
DA:172,0
DA:175,0
DA:184,0
DA:185,0
DA:186,0
DA:188,0
DA:190,0
DA:191,0
DA:192,0
DA:193,0
DA:200,0
DA:201,0
DA:202,0
DA:203,0
DA:204,0
DA:205,0
DA:206,0
DA:207,0
DA:208,0
DA:210,0
DA:211,0
DA:212,0
DA:213,0
DA:214,0
DA:215,0
DA:216,0
DA:217,0
DA:218,0
DA:219,0
DA:220,0
DA:221,0
DA:222,0
DA:223,0
DA:225,0
DA:227,0
DA:228,0
DA:238,0
DA:239,0
DA:241,0
DA:242,0
DA:260,0
DA:261,0
DA:262,0
DA:269,0
DA:270,0
DA:271,0
DA:278,0
DA:279,0
DA:280,0
DA:282,0
DA:284,0
DA:285,0
DA:287,0
DA:288,0
DA:289,0
DA:293,0
DA:299,0
DA:305,0
DA:307,0
LF:143
LH:1
BRDA:27,1,0,0
BRDA:27,1,1,0
BRDA:27,1,2,0
BRDA:114,2,0,0
BRDA:114,2,1,0
BRDA:161,3,0,0
BRDA:161,3,1,0
BRDA:168,4,0,0
BRDA:168,4,1,0
BRF:9
BRH:0
end_of_record
TN:
SF:/home/jonathanstage/Dev/workspace-js/workspace-projet-hornet/projet-hornet/istanbul/src/services/page/admin/fvm/form-service-impl.js
FN:13,(anonymous_1)
FN:15,FormServiceImpl
FN:23,(anonymous_3)
FN:41,(anonymous_4)
FN:55,(anonymous_5)
FN:68,(anonymous_6)
FN:80,(anonymous_7)
FNF:7
FNH:0
FNDA:0,(anonymous_1)
FNDA:0,FormServiceImpl
FNDA:0,(anonymous_3)
FNDA:0,(anonymous_4)
FNDA:0,(anonymous_5)
FNDA:0,(anonymous_6)
FNDA:0,(anonymous_7)
DA:2,0
DA:3,0
DA:4,0
DA:6,0
DA:7,0
DA:13,0
DA:14,0
DA:15,1
DA:16,0
DA:23,0
DA:24,0
DA:25,0
DA:31,0
DA:32,0
DA:33,0
DA:34,0
DA:41,0
DA:42,0
DA:43,0
DA:48,0
DA:55,0
DA:56,0
DA:57,0
DA:62,0
DA:68,0
DA:69,0
DA:70,0
DA:74,0
DA:80,0
DA:81,0
DA:82,0
DA:86,0
DA:88,0
DA:90,0
LF:34
LH:1
BRDA:16,1,0,0
BRDA:16,1,1,0
BRDA:16,1,2,0
BRF:3
BRH:0
end_of_record
TN:
SF:/home/jonathanstage/Dev/workspace-js/workspace-projet-hornet/projet-hornet/istanbul/src/services/page/admin/fvm/form-service.js
FNF:0
FNH:0
DA:2,0
LF:1
LH:0
BRF:0
BRH:0
end_of_record
TN:
SF:/home/jonathanstage/Dev/workspace-js/workspace-projet-hornet/projet-hornet/istanbul/src/services/page/admin/fvm/page-service-impl.js
FN:13,(anonymous_1)
FN:15,PageServiceImpl
FN:23,(anonymous_3)
FN:37,(anonymous_4)
FN:50,(anonymous_5)
FN:63,(anonymous_6)
FN:77,(anonymous_7)
FN:91,(anonymous_8)
FN:101,(anonymous_9)
FN:111,(anonymous_10)
FNF:10
FNH:0
FNDA:0,(anonymous_1)
FNDA:0,PageServiceImpl
FNDA:0,(anonymous_3)
FNDA:0,(anonymous_4)
FNDA:0,(anonymous_5)
FNDA:0,(anonymous_6)
FNDA:0,(anonymous_7)
FNDA:0,(anonymous_8)
FNDA:0,(anonymous_9)
FNDA:0,(anonymous_10)
DA:2,0
DA:3,0
DA:4,0
DA:6,0
DA:7,0
DA:13,0
DA:14,0
DA:15,1
DA:16,0
DA:23,0
DA:24,0
DA:25,0
DA:30,0
DA:37,0
DA:38,0
DA:39,0
DA:44,0
DA:50,0
DA:51,0
DA:52,0
DA:56,0
DA:63,0
DA:64,0
DA:65,0
DA:70,0
DA:77,0
DA:78,0
DA:79,0
DA:84,0
DA:91,0
DA:92,0
DA:93,0
DA:101,0
DA:102,0
DA:103,0
DA:111,0
DA:112,0
DA:113,0
DA:116,0
DA:118,0
LF:40
LH:1
BRDA:16,1,0,0
BRDA:16,1,1,0
BRDA:16,1,2,0
BRF:3
BRH:0
end_of_record
TN:
SF:/home/jonathanstage/Dev/workspace-js/workspace-projet-hornet/projet-hornet/istanbul/src/services/page/admin/fvm/page-service.js
FNF:0
FNH:0
DA:2,0
LF:1
LH:0
BRF:0
BRH:0
end_of_record
