TN:
SF:src/client.ts
FN:10,startClient
FN:13,routeLoader
FN:33,(anonymous_3)
FN:41,(anonymous_4)
FNF:4
FNH:0
FNDA:0,startClient
FNDA:0,routeLoader
FNDA:0,(anonymous_3)
FNDA:0,(anonymous_4)
DA:1,0
DA:3,0
DA:4,0
DA:5,0
DA:6,0
DA:7,0
DA:8,0
DA:10,0
DA:11,0
DA:13,1
DA:14,0
DA:17,0
DA:20,0
DA:21,0
DA:23,0
DA:34,0
DA:41,0
DA:42,0
DA:43,0
DA:44,0
DA:48,0
DA:50,0
DA:52,0
LF:23
LH:1
BRDA:43,1,0,0
BRDA:43,1,1,0
BRF:2
BRH:0
end_of_record
TN:
SF:src/injector-context-services-data.ts
FN:11,(anonymous_2)
FN:17,(anonymous_4)
FNF:2
FNH:0
FNDA:0,(anonymous_2)
FNDA:0,(anonymous_4)
DA:1,0
DA:2,0
DA:3,0
DA:4,0
DA:6,0
DA:8,0
DA:9,0
DA:12,0
DA:15,0
DA:18,0
LF:10
LH:0
BRDA:8,1,0,0
BRDA:8,1,1,0
BRDA:8,2,0,0
BRDA:8,2,1,0
BRF:4
BRH:0
end_of_record
TN:
SF:src/injector-context-services-page.ts
FNF:0
FNH:0
DA:4,0
DA:6,0
LF:2
LH:0
BRDA:6,1,0,0
BRDA:6,1,1,0
BRDA:6,2,0,0
BRDA:6,2,1,0
BRF:4
BRH:0
end_of_record
TN:
SF:src/server.ts
FN:39,initContext
FN:40,(anonymous_4)
FN:41,(anonymous_5)
FN:42,(anonymous_6)
FN:55,(anonymous_7)
FN:57,(anonymous_9)
FN:91,(anonymous_10)
FN:127,(anonymous_11)
FN:129,(anonymous_12)
FN:145,(anonymous_13)
FN:154,(anonymous_14)
FNF:11
FNH:0
FNDA:0,initContext
FNDA:0,(anonymous_4)
FNDA:0,(anonymous_5)
FNDA:0,(anonymous_6)
FNDA:0,(anonymous_7)
FNDA:0,(anonymous_9)
FNDA:0,(anonymous_10)
FNDA:0,(anonymous_11)
FNDA:0,(anonymous_12)
FNDA:0,(anonymous_13)
FNDA:0,(anonymous_14)
DA:2,0
DA:4,0
DA:5,0
DA:7,0
DA:8,0
DA:9,0
DA:10,0
DA:16,0
DA:17,0
DA:21,0
DA:23,0
DA:26,0
DA:27,0
DA:29,0
DA:30,0
DA:32,0
DA:33,0
DA:35,0
DA:37,0
DA:39,1
DA:40,0
DA:41,0
DA:42,0
DA:45,0
DA:55,1
DA:57,0
DA:58,0
DA:79,0
DA:80,0
DA:81,0
DA:82,0
DA:88,0
DA:91,0
DA:92,0
DA:97,0
DA:99,0
DA:104,0
DA:105,0
DA:118,0
DA:120,0
DA:122,0
DA:124,0
DA:127,0
DA:129,0
DA:131,0
DA:134,0
DA:135,0
DA:136,0
DA:137,0
DA:138,0
DA:139,0
DA:142,0
DA:146,0
DA:149,0
DA:154,0
DA:157,0
DA:158,0
DA:159,0
DA:163,0
LF:59
LH:2
BRDA:81,1,0,0
BRDA:81,1,1,0
BRDA:81,2,0,0
BRDA:81,2,1,0
BRDA:97,3,0,0
BRDA:97,3,1,0
BRDA:131,4,0,0
BRDA:131,4,1,0
BRDA:131,5,0,0
BRDA:131,5,1,0
BRDA:131,5,2,0
BRDA:136,6,0,0
BRDA:136,6,1,0
BRDA:138,7,0,0
BRDA:138,7,1,0
BRF:15
BRH:0
end_of_record
TN:
SF:src/dao/entity-dao.ts
FN:18,(anonymous_1)
FN:24,EntityDAO
FNF:2
FNH:0
FNDA:0,(anonymous_1)
FNDA:0,EntityDAO
DA:2,0
DA:3,0
DA:5,0
DA:7,0
DA:18,0
DA:24,1
DA:27,0
LF:7
LH:1
BRDA:25,1,0,0
BRDA:25,1,1,0
BRF:2
BRH:0
end_of_record
TN:
SF:src/dao/model-dao.ts
FN:53,(anonymous_1)
FN:148,ModelDAO
FN:159,(anonymous_3)
FN:166,(anonymous_4)
FNF:4
FNH:0
FNDA:0,(anonymous_1)
FNDA:0,ModelDAO
FNDA:0,(anonymous_3)
FNDA:0,(anonymous_4)
DA:2,0
DA:3,0
DA:5,0
DA:6,0
DA:7,0
DA:8,0
DA:9,0
DA:10,0
DA:11,0
DA:13,0
DA:14,0
DA:15,0
DA:16,0
DA:18,0
DA:19,0
DA:20,0
DA:21,0
DA:22,0
DA:23,0
DA:24,0
DA:25,0
DA:27,0
DA:28,0
DA:29,0
DA:30,0
DA:32,0
DA:33,0
DA:34,0
DA:37,0
DA:39,0
DA:40,0
DA:42,0
DA:46,0
DA:53,0
DA:61,0
DA:64,0
DA:67,0
DA:70,0
DA:73,0
DA:76,0
DA:79,0
DA:82,0
DA:85,0
DA:88,0
DA:91,0
DA:94,0
DA:97,0
DA:100,0
DA:103,0
DA:106,0
DA:109,0
DA:112,0
DA:115,0
DA:118,0
DA:121,0
DA:124,0
DA:127,0
DA:130,0
DA:133,0
DA:136,0
DA:139,0
DA:142,0
DA:148,1
DA:152,0
DA:153,0
DA:159,0
DA:160,0
DA:166,0
DA:167,0
DA:169,0
LF:70
LH:1
BRDA:149,1,0,0
BRDA:149,1,1,0
BRF:2
BRH:0
end_of_record
TN:
SF:src/dao/prefecture-dao.ts
FN:15,(anonymous_1)
FN:20,PrefectureDAO
FN:28,(anonymous_3)
FN:41,(anonymous_4)
FNF:4
FNH:0
FNDA:0,(anonymous_1)
FNDA:0,PrefectureDAO
FNDA:0,(anonymous_3)
FNDA:0,(anonymous_4)
DA:1,0
DA:5,0
DA:9,0
DA:15,0
DA:20,1
DA:28,0
DA:29,0
DA:31,0
DA:41,0
DA:42,0
DA:44,0
DA:50,0
LF:12
LH:1
BRDA:21,1,0,0
BRDA:21,1,1,0
BRF:2
BRH:0
end_of_record
TN:
SF:src/dao/valise-dao.ts
FN:15,(anonymous_1)
FN:20,ValiseDAO
FN:30,(anonymous_3)
FN:36,(anonymous_4)
FN:45,(anonymous_5)
FN:55,(anonymous_6)
FN:73,(anonymous_7)
FNF:7
FNH:0
FNDA:0,(anonymous_1)
FNDA:0,ValiseDAO
FNDA:0,(anonymous_3)
FNDA:0,(anonymous_4)
FNDA:0,(anonymous_5)
FNDA:0,(anonymous_6)
FNDA:0,(anonymous_7)
DA:1,0
DA:5,0
DA:9,0
DA:15,0
DA:20,1
DA:30,0
DA:31,0
DA:33,0
DA:37,0
DA:45,0
DA:46,0
DA:48,0
DA:55,0
DA:56,0
DA:58,0
DA:73,0
DA:74,0
DA:76,0
DA:82,0
LF:19
LH:1
BRDA:21,1,0,0
BRDA:21,1,1,0
BRF:2
BRH:0
end_of_record
TN:
SF:src/i18n/app-i18n-loader.ts
FN:4,(anonymous_1)
FN:6,AppliI18nLoader
FNF:2
FNH:0
FNDA:0,(anonymous_1)
FNDA:0,AppliI18nLoader
DA:1,0
DA:2,0
DA:4,0
DA:6,1
DA:9,0
LF:5
LH:1
BRDA:7,1,0,0
BRDA:7,1,1,0
BRF:2
BRH:0
end_of_record
TN:
SF:src/middleware/authentication-api.ts
FN:6,(anonymous_1)
FN:10,AuthenticationAPIMiddleware
FNF:2
FNH:0
FNDA:0,(anonymous_1)
FNDA:0,AuthenticationAPIMiddleware
DA:1,0
DA:2,0
DA:4,0
DA:6,0
DA:10,1
DA:12,0
DA:14,0
LF:7
LH:1
BRDA:11,1,0,0
BRDA:11,1,1,0
BRF:2
BRH:0
end_of_record
TN:
SF:src/middleware/authentication.ts
FN:16,(anonymous_1)
FN:22,(anonymous_3)
FN:28,(anonymous_4)
FN:29,(anonymous_5)
FN:37,(anonymous_6)
FN:40,(anonymous_7)
FN:52,(anonymous_8)
FN:57,(anonymous_9)
FN:66,ensureAuthenticated
FN:80,(anonymous_11)
FN:86,(anonymous_12)
FN:115,(anonymous_13)
FN:119,(anonymous_14)
FNF:13
FNH:0
FNDA:0,(anonymous_1)
FNDA:0,(anonymous_3)
FNDA:0,(anonymous_4)
FNDA:0,(anonymous_5)
FNDA:0,(anonymous_6)
FNDA:0,(anonymous_7)
FNDA:0,(anonymous_8)
FNDA:0,(anonymous_9)
FNDA:0,ensureAuthenticated
FNDA:0,(anonymous_11)
FNDA:0,(anonymous_12)
FNDA:0,(anonymous_13)
FNDA:0,(anonymous_14)
DA:1,0
DA:4,0
DA:5,0
DA:8,0
DA:9,0
DA:10,0
DA:11,0
DA:12,0
DA:13,0
DA:16,1
DA:18,0
DA:22,0
DA:27,0
DA:29,0
DA:30,0
DA:32,0
DA:33,0
DA:38,0
DA:39,0
DA:41,0
DA:42,0
DA:43,0
DA:45,0
DA:52,0
DA:54,0
DA:57,0
DA:58,0
DA:62,0
DA:63,0
DA:64,0
DA:66,1
DA:67,0
DA:68,0
DA:70,0
DA:71,0
DA:74,0
DA:75,0
DA:76,0
DA:78,0
DA:81,0
DA:82,0
DA:83,0
DA:86,0
DA:87,0
DA:88,0
DA:89,0
DA:92,0
DA:98,0
DA:99,0
DA:103,0
DA:104,0
DA:105,0
DA:108,0
DA:110,0
DA:111,0
DA:112,0
DA:113,0
DA:115,0
DA:117,0
DA:119,0
DA:120,0
DA:124,0
DA:126,0
LF:63
LH:2
BRDA:42,1,0,0
BRDA:42,1,1,0
BRDA:67,2,0,0
BRDA:67,2,1,0
BRDA:67,3,0,0
BRDA:67,3,1,0
BRDA:82,4,0,0
BRDA:82,4,1,0
BRDA:82,4,2,0
BRDA:88,5,0,0
BRDA:88,5,1,0
BRDA:88,6,0,0
BRDA:88,6,1,0
BRDA:98,7,0,0
BRDA:98,7,1,0
BRDA:103,8,0,0
BRDA:103,8,1,0
BRDA:103,9,0,0
BRDA:103,9,1,0
BRF:19
BRH:0
end_of_record
TN:
SF:src/mock/routes.ts
FN:25,findByUsername
FN:35,(anonymous_2)
FN:37,(anonymous_4)
FN:39,(anonymous_5)
FN:50,(anonymous_6)
FNF:5
FNH:0
FNDA:0,findByUsername
FNDA:0,(anonymous_2)
FNDA:0,(anonymous_4)
FNDA:0,(anonymous_5)
FNDA:0,(anonymous_6)
DA:1,0
DA:7,0
DA:14,0
DA:25,1
DA:26,0
DA:27,0
DA:28,0
DA:29,0
DA:32,0
DA:35,1
DA:37,0
DA:39,0
DA:40,0
DA:41,0
DA:50,0
DA:51,0
DA:63,0
LF:17
LH:2
BRDA:28,1,0,0
BRDA:28,1,1,0
BRF:2
BRH:0
end_of_record
TN:
SF:src/models/common-mod.ts
FN:16,(anonymous_1)
FN:50,(anonymous_3)
FNF:2
FNH:0
FNDA:0,(anonymous_1)
FNDA:0,(anonymous_3)
DA:1,0
DA:2,0
DA:3,0
DA:16,1
DA:19,0
DA:23,0
DA:27,0
DA:31,0
DA:35,0
DA:39,0
DA:43,0
DA:44,0
DA:50,1
DA:53,0
DA:57,0
DA:58,0
LF:16
LH:2
BRF:0
BRH:0
end_of_record
TN:
SF:src/models/model-prefecture.ts
FNF:0
FNH:0
DA:1,0
DA:22,0
LF:2
LH:0
BRF:0
BRH:0
end_of_record
TN:
SF:src/models/model-valise.ts
FNF:0
FNH:0
DA:1,0
DA:17,0
LF:2
LH:0
BRF:0
BRH:0
end_of_record
TN:
SF:src/routes/routes.ts
FN:10,(anonymous_1)
FN:15,Routes
FN:29,(anonymous_3)
FN:32,(anonymous_4)
FN:48,(anonymous_5)
FNF:5
FNH:0
FNDA:0,(anonymous_1)
FNDA:0,Routes
FNDA:0,(anonymous_3)
FNDA:0,(anonymous_4)
FNDA:0,(anonymous_5)
DA:1,0
DA:2,0
DA:4,0
DA:10,0
DA:15,1
DA:18,0
DA:19,0
DA:20,0
DA:22,0
DA:29,0
DA:31,0
DA:32,0
DA:38,0
DA:40,0
DA:42,0
DA:48,0
DA:51,0
DA:53,0
DA:55,0
DA:57,0
LF:20
LH:1
BRDA:16,1,0,0
BRDA:16,1,1,0
BRDA:18,2,0,0
BRDA:18,2,1,0
BRF:4
BRH:0
end_of_record
TN:
SF:src/utils/roles.ts
FN:4,(anonymous_1)
FNF:1
FNH:0
FNDA:0,(anonymous_1)
DA:4,1
DA:5,0
DA:6,0
DA:8,0
DA:9,0
DA:11,0
DA:12,0
LF:7
LH:1
BRF:0
BRH:0
end_of_record
TN:
SF:src/utils/urls.ts
FNF:0
FNH:0
DA:4,0
DA:5,0
DA:10,0
DA:11,0
LF:4
LH:0
BRF:0
BRH:0
end_of_record
TN:
SF:src/dao/auth/utilisateurs-dao.ts
FN:9,(anonymous_1)
FN:11,UtilisateursDAO
FN:16,(anonymous_3)
FN:21,(anonymous_4)
FN:25,(anonymous_5)
FN:29,(anonymous_6)
FN:33,(anonymous_7)
FN:38,(anonymous_8)
FNF:8
FNH:0
FNDA:0,(anonymous_1)
FNDA:0,UtilisateursDAO
FNDA:0,(anonymous_3)
FNDA:0,(anonymous_4)
FNDA:0,(anonymous_5)
FNDA:0,(anonymous_6)
FNDA:0,(anonymous_7)
FNDA:0,(anonymous_8)
DA:1,0
DA:3,0
DA:4,0
DA:5,0
DA:7,0
DA:9,0
DA:11,1
DA:16,0
DA:17,0
DA:21,0
DA:22,0
DA:25,0
DA:26,0
DA:29,0
DA:30,0
DA:33,0
DA:34,0
DA:38,0
DA:39,0
DA:52,0
LF:20
LH:1
BRDA:12,1,0,0
BRDA:12,1,1,0
BRF:2
BRH:0
end_of_record
TN:
SF:src/models/auth/model-role.ts
FNF:0
FNH:0
DA:1,0
DA:9,0
LF:2
LH:0
BRF:0
BRH:0
end_of_record
TN:
SF:src/models/auth/model-role_utilisateur.ts
FNF:0
FNH:0
DA:1,0
DA:9,0
LF:2
LH:0
BRF:0
BRH:0
end_of_record
TN:
SF:src/models/auth/model-utilisateur.ts
FNF:0
FNH:0
DA:1,0
DA:3,0
LF:2
LH:0
BRF:0
BRH:0
end_of_record
TN:
SF:src/models/auth/seq-user-mod.ts
FNF:0
FNH:0
DA:1,0
DA:18,0
LF:2
LH:0
BRF:0
BRH:0
end_of_record
TN:
SF:src/models/auth/user-mod.ts
FN:6,(anonymous_1)
FN:16,(anonymous_3)
FNF:2
FNH:0
FNDA:0,(anonymous_1)
FNDA:0,(anonymous_3)
DA:1,0
DA:2,0
DA:3,0
DA:6,1
DA:9,0
DA:12,0
DA:13,0
DA:16,1
DA:18,0
DA:21,0
DA:24,0
DA:27,0
DA:31,0
DA:32,0
LF:14
LH:2
BRF:0
BRH:0
end_of_record
TN:
SF:src/models/fvm/fvm-mod.ts
FN:16,(anonymous_1)
FN:50,(anonymous_3)
FN:88,(anonymous_5)
FN:110,(anonymous_7)
FN:140,(anonymous_9)
FN:166,(anonymous_11)
FN:184,(anonymous_13)
FN:202,(anonymous_15)
FN:236,(anonymous_17)
FN:270,(anonymous_19)
FN:304,(anonymous_21)
FNF:11
FNH:0
FNDA:0,(anonymous_1)
FNDA:0,(anonymous_3)
FNDA:0,(anonymous_5)
FNDA:0,(anonymous_7)
FNDA:0,(anonymous_9)
FNDA:0,(anonymous_11)
FNDA:0,(anonymous_13)
FNDA:0,(anonymous_15)
FNDA:0,(anonymous_17)
FNDA:0,(anonymous_19)
FNDA:0,(anonymous_21)
DA:1,0
DA:2,0
DA:3,0
DA:16,1
DA:19,0
DA:23,0
DA:27,0
DA:31,0
DA:35,0
DA:39,0
DA:43,0
DA:44,0
DA:50,1
DA:53,0
DA:57,0
DA:61,0
DA:65,0
DA:69,0
DA:73,0
DA:77,0
DA:81,0
DA:82,0
DA:88,1
DA:91,0
DA:95,0
DA:99,0
DA:103,0
DA:104,0
DA:110,1
DA:113,0
DA:117,0
DA:121,0
DA:125,0
DA:129,0
DA:133,0
DA:134,0
DA:140,1
DA:143,0
DA:147,0
DA:151,0
DA:155,0
DA:159,0
DA:160,0
DA:166,1
DA:169,0
DA:173,0
DA:177,0
DA:178,0
DA:184,1
DA:187,0
DA:191,0
DA:195,0
DA:196,0
DA:202,1
DA:205,0
DA:209,0
DA:213,0
DA:217,0
DA:221,0
DA:225,0
DA:229,0
DA:230,0
DA:236,1
DA:239,0
DA:243,0
DA:247,0
DA:251,0
DA:255,0
DA:259,0
DA:263,0
DA:264,0
DA:270,1
DA:273,0
DA:277,0
DA:281,0
DA:285,0
DA:289,0
DA:293,0
DA:297,0
DA:298,0
DA:304,1
DA:307,0
DA:311,0
DA:315,0
DA:319,0
DA:323,0
DA:327,0
DA:331,0
DA:332,0
LF:89
LH:11
BRF:0
BRH:0
end_of_record
TN:
SF:src/models/fvm/model-copiecourrierprefecture.ts
FNF:0
FNH:0
DA:1,0
DA:22,0
LF:2
LH:0
BRF:0
BRH:0
end_of_record
TN:
SF:src/models/fvm/model-copienoteverbaleMAECI.ts
FNF:0
FNH:0
DA:1,0
DA:22,0
LF:2
LH:0
BRF:0
BRH:0
end_of_record
TN:
SF:src/models/fvm/model-copiepermis.ts
FNF:0
FNH:0
DA:1,0
DA:22,0
LF:2
LH:0
BRF:0
BRH:0
end_of_record
TN:
SF:src/models/fvm/model-copiereleve.ts
FNF:0
FNH:0
DA:1,0
DA:22,0
LF:2
LH:0
BRF:0
BRH:0
end_of_record
TN:
SF:src/models/fvm/model-demandeauthentification.ts
FNF:0
FNH:0
DA:1,0
DA:21,0
LF:2
LH:0
BRF:0
BRH:0
end_of_record
TN:
SF:src/models/fvm/model-dossier.ts
FNF:0
FNH:0
DA:1,0
DA:19,0
LF:2
LH:0
BRF:0
BRH:0
end_of_record
TN:
SF:src/models/fvm/model-noteverbale-releve.ts
FNF:0
FNH:0
DA:1,0
DA:18,0
LF:2
LH:0
BRF:0
BRH:0
end_of_record
TN:
SF:src/models/fvm/model-noteverbale.ts
FNF:0
FNH:0
DA:1,0
DA:18,0
LF:2
LH:0
BRF:0
BRH:0
end_of_record
TN:
SF:src/models/fvm/model-permis.ts
FNF:0
FNH:0
DA:1,0
DA:22,0
LF:2
LH:0
BRF:0
BRH:0
end_of_record
TN:
SF:src/models/fvm/model-personne.ts
FNF:0
FNH:0
DA:1,0
DA:23,0
LF:2
LH:0
BRF:0
BRH:0
end_of_record
TN:
SF:src/models/fvm/model-releve.ts
FNF:0
FNH:0
DA:1,0
DA:20,0
LF:2
LH:0
BRF:0
BRH:0
end_of_record
TN:
SF:src/models/mvf/model-attestation.ts
FNF:0
FNH:0
DA:1,0
DA:12,0
LF:2
LH:0
BRF:0
BRH:0
end_of_record
TN:
SF:src/models/mvf/model-bordereau-attestation.ts
FNF:0
FNH:0
DA:1,0
DA:10,0
LF:2
LH:0
BRF:0
BRH:0
end_of_record
TN:
SF:src/models/mvf/model-bordereau.ts
FNF:0
FNH:0
DA:1,0
DA:11,0
LF:2
LH:0
BRF:0
BRH:0
end_of_record
TN:
SF:src/models/mvf/model-copieattestation.ts
FNF:0
FNH:0
DA:1,0
DA:14,0
LF:2
LH:0
BRF:0
BRH:0
end_of_record
TN:
SF:src/models/mvf/model-copiedemandeprefecture.ts
FNF:0
FNH:0
DA:1,0
DA:14,0
LF:2
LH:0
BRF:0
BRH:0
end_of_record
TN:
SF:src/models/mvf/model-copienoteverbaleMAECI.ts
FNF:0
FNH:0
DA:1,0
DA:14,0
LF:2
LH:0
BRF:0
BRH:0
end_of_record
TN:
SF:src/models/mvf/model-copiepermis.ts
FNF:0
FNH:0
DA:1,0
DA:14,0
LF:2
LH:0
BRF:0
BRH:0
end_of_record
TN:
SF:src/models/mvf/model-dossier.ts
FNF:0
FNH:0
DA:1,0
DA:12,0
LF:2
LH:0
BRF:0
BRH:0
end_of_record
TN:
SF:src/models/mvf/model-noteverbale-permis.ts
FNF:0
FNH:0
DA:1,0
DA:10,0
LF:2
LH:0
BRF:0
BRH:0
end_of_record
TN:
SF:src/models/mvf/model-noteverbale.ts
FNF:0
FNH:0
DA:1,0
DA:10,0
LF:2
LH:0
BRF:0
BRH:0
end_of_record
TN:
SF:src/models/mvf/model-permis.ts
FNF:0
FNH:0
DA:1,0
DA:12,0
LF:2
LH:0
BRF:0
BRH:0
end_of_record
TN:
SF:src/models/mvf/model-personne.ts
FNF:0
FNH:0
DA:1,0
DA:13,0
LF:2
LH:0
BRF:0
BRH:0
end_of_record
TN:
SF:src/models/mvf/mvf-mod.ts
FN:6,(anonymous_1)
FN:29,(anonymous_3)
FN:56,(anonymous_5)
FN:79,(anonymous_7)
FN:94,(anonymous_9)
FN:109,(anonymous_11)
FN:132,(anonymous_13)
FN:147,(anonymous_15)
FN:166,(anonymous_17)
FN:197,(anonymous_19)
FN:228,(anonymous_21)
FN:259,(anonymous_23)
FNF:12
FNH:0
FNDA:0,(anonymous_1)
FNDA:0,(anonymous_3)
FNDA:0,(anonymous_5)
FNDA:0,(anonymous_7)
FNDA:0,(anonymous_9)
FNDA:0,(anonymous_11)
FNDA:0,(anonymous_13)
FNDA:0,(anonymous_15)
FNDA:0,(anonymous_17)
FNDA:0,(anonymous_19)
FNDA:0,(anonymous_21)
FNDA:0,(anonymous_23)
DA:1,0
DA:2,0
DA:3,0
DA:6,1
DA:9,0
DA:13,0
DA:17,0
DA:21,0
DA:25,0
DA:26,0
DA:29,1
DA:32,0
DA:36,0
DA:40,0
DA:44,0
DA:48,0
DA:52,0
DA:53,0
DA:56,1
DA:59,0
DA:63,0
DA:67,0
DA:71,0
DA:75,0
DA:76,0
DA:79,1
DA:82,0
DA:86,0
DA:90,0
DA:91,0
DA:94,1
DA:97,0
DA:101,0
DA:105,0
DA:106,0
DA:109,1
DA:112,0
DA:116,0
DA:120,0
DA:124,0
DA:128,0
DA:129,0
DA:132,1
DA:135,0
DA:139,0
DA:143,0
DA:144,0
DA:147,1
DA:150,0
DA:154,0
DA:158,0
DA:162,0
DA:163,0
DA:166,1
DA:169,0
DA:173,0
DA:177,0
DA:181,0
DA:185,0
DA:189,0
DA:193,0
DA:194,0
DA:197,1
DA:200,0
DA:204,0
DA:208,0
DA:212,0
DA:216,0
DA:220,0
DA:224,0
DA:225,0
DA:228,1
DA:231,0
DA:235,0
DA:239,0
DA:243,0
DA:247,0
DA:251,0
DA:255,0
DA:256,0
DA:259,1
DA:262,0
DA:266,0
DA:270,0
DA:274,0
DA:278,0
DA:282,0
DA:286,0
DA:287,0
LF:89
LH:12
BRF:0
BRH:0
end_of_record
TN:
SF:src/views/gen/gen-acs-cmp.tsx
FN:18,(anonymous_1)
FN:22,(anonymous_3)
FNF:2
FNH:0
FNDA:0,(anonymous_1)
FNDA:0,(anonymous_3)
DA:1,0
DA:2,0
DA:5,0
DA:7,0
DA:18,1
DA:22,0
DA:23,0
DA:24,0
DA:25,0
DA:27,0
DA:30,0
DA:34,0
DA:46,0
DA:86,0
LF:14
LH:1
BRDA:28,1,0,0
BRDA:28,1,1,0
BRDA:31,2,0,0
BRDA:31,2,1,0
BRDA:35,3,0,0
BRDA:35,3,1,0
BRF:6
BRH:0
end_of_record
TN:
SF:src/views/gen/gen-cnx-page.tsx
FN:19,(anonymous_1)
FN:21,(anonymous_3)
FN:28,(anonymous_4)
FN:86,(anonymous_5)
FNF:4
FNH:0
FNDA:0,(anonymous_1)
FNDA:0,(anonymous_3)
FNDA:0,(anonymous_4)
FNDA:0,(anonymous_5)
DA:1,0
DA:2,0
DA:5,0
DA:6,0
DA:8,0
DA:19,1
DA:21,0
DA:22,0
DA:28,0
DA:29,0
DA:31,0
DA:33,0
DA:86,0
DA:88,0
DA:89,0
DA:95,0
DA:98,0
LF:17
LH:1
BRDA:31,1,0,0
BRDA:31,1,1,0
BRDA:88,2,0,0
BRDA:88,2,1,0
BRDA:88,3,0,0
BRDA:88,3,1,0
BRF:6
BRH:0
end_of_record
TN:
SF:src/views/gen/gen-hom-page.tsx
FN:13,(anonymous_1)
FN:15,(anonymous_3)
FN:21,(anonymous_4)
FN:33,(anonymous_5)
FN:34,(anonymous_6)
FNF:5
FNH:0
FNDA:0,(anonymous_1)
FNDA:0,(anonymous_3)
FNDA:0,(anonymous_4)
FNDA:0,(anonymous_5)
FNDA:0,(anonymous_6)
DA:1,0
DA:2,0
DA:4,0
DA:6,0
DA:8,0
DA:13,1
DA:15,0
DA:21,0
DA:22,0
DA:23,0
DA:33,0
DA:34,0
DA:36,0
LF:13
LH:1
BRF:0
BRH:0
end_of_record
TN:
SF:src/views/gen/gen-nfe-page.tsx
FN:9,(anonymous_1)
FN:11,NotFoundPage
FN:15,(anonymous_3)
FN:22,(anonymous_4)
FNF:4
FNH:0
FNDA:0,(anonymous_1)
FNDA:0,NotFoundPage
FNDA:0,(anonymous_3)
FNDA:0,(anonymous_4)
DA:1,0
DA:2,0
DA:4,0
DA:7,0
DA:9,0
DA:11,1
DA:15,0
DA:22,0
DA:23,0
DA:24,0
DA:25,0
DA:26,0
DA:27,0
DA:28,0
DA:38,0
LF:15
LH:1
BRDA:12,1,0,0
BRDA:12,1,1,0
BRF:2
BRH:0
end_of_record
TN:
SF:src/views/layouts/hornet-app.tsx
FN:37,(anonymous_1)
FN:48,HornetApp
FN:55,(anonymous_3)
FN:65,(anonymous_4)
FN:71,(anonymous_5)
FN:78,(anonymous_6)
FN:150,(anonymous_7)
FN:187,(anonymous_8)
FN:197,(anonymous_9)
FN:199,(anonymous_10)
FN:210,(anonymous_11)
FN:212,(anonymous_12)
FN:223,(anonymous_13)
FN:224,(anonymous_14)
FNF:14
FNH:0
FNDA:0,(anonymous_1)
FNDA:0,HornetApp
FNDA:0,(anonymous_3)
FNDA:0,(anonymous_4)
FNDA:0,(anonymous_5)
FNDA:0,(anonymous_6)
FNDA:0,(anonymous_7)
FNDA:0,(anonymous_8)
FNDA:0,(anonymous_9)
FNDA:0,(anonymous_10)
FNDA:0,(anonymous_11)
FNDA:0,(anonymous_12)
FNDA:0,(anonymous_13)
FNDA:0,(anonymous_14)
DA:1,0
DA:3,0
DA:5,0
DA:7,0
DA:8,0
DA:9,0
DA:10,0
DA:11,0
DA:12,0
DA:13,0
DA:14,0
DA:15,0
DA:16,0
DA:17,0
DA:18,0
DA:19,0
DA:22,0
DA:23,0
DA:25,0
DA:37,0
DA:41,0
DA:48,1
DA:50,0
DA:51,0
DA:55,0
DA:56,0
DA:57,0
DA:58,0
DA:59,0
DA:60,0
DA:61,0
DA:65,0
DA:66,0
DA:67,0
DA:71,0
DA:78,0
DA:79,0
DA:81,0
DA:83,0
DA:87,0
DA:89,0
DA:91,0
DA:92,0
DA:103,0
DA:104,0
DA:117,0
DA:125,0
DA:151,0
DA:187,0
DA:188,0
DA:197,0
DA:199,0
DA:200,0
DA:201,0
DA:202,0
DA:210,0
DA:212,0
DA:213,0
DA:214,0
DA:215,0
DA:223,0
DA:224,0
DA:225,0
DA:226,0
DA:227,0
DA:231,0
LF:66
LH:1
BRDA:49,1,0,0
BRDA:49,1,1,0
BRDA:58,2,0,0
BRDA:58,2,1,0
BRDA:58,3,0,0
BRDA:58,3,1,0
BRDA:60,4,0,0
BRDA:60,4,1,0
BRDA:66,5,0,0
BRDA:66,5,1,0
BRDA:66,6,0,0
BRDA:66,6,1,0
BRDA:92,7,0,0
BRDA:92,7,1,0
BRDA:92,8,0,0
BRDA:92,8,1,0
BRDA:104,9,0,0
BRDA:104,9,1,0
BRDA:104,10,0,0
BRDA:104,10,1,0
BRDA:227,11,0,0
BRDA:227,11,1,0
BRF:22
BRH:0
end_of_record
TN:
SF:src/views/layouts/hornet-layout.tsx
FN:29,(anonymous_1)
FN:41,HornetLayout
FN:51,(anonymous_3)
FN:54,(anonymous_4)
FN:61,(anonymous_5)
FN:124,(anonymous_6)
FN:133,(anonymous_7)
FN:145,(anonymous_8)
FNF:8
FNH:0
FNDA:0,(anonymous_1)
FNDA:0,HornetLayout
FNDA:0,(anonymous_3)
FNDA:0,(anonymous_4)
FNDA:0,(anonymous_5)
FNDA:0,(anonymous_6)
FNDA:0,(anonymous_7)
FNDA:0,(anonymous_8)
DA:1,0
DA:2,0
DA:4,0
DA:6,0
DA:7,0
DA:8,0
DA:10,0
DA:12,0
DA:29,0
DA:31,0
DA:41,1
DA:44,0
DA:45,0
DA:51,0
DA:54,0
DA:55,0
DA:61,0
DA:62,0
DA:63,0
DA:74,0
DA:85,0
DA:87,0
DA:89,0
DA:119,0
DA:120,0
DA:124,0
DA:125,0
DA:126,0
DA:127,0
DA:129,0
DA:133,0
DA:135,0
DA:137,0
DA:138,0
DA:140,0
DA:142,0
DA:144,0
DA:145,0
DA:146,0
DA:147,0
DA:154,0
DA:158,0
LF:42
LH:1
BRDA:42,1,0,0
BRDA:42,1,1,0
BRDA:55,2,0,0
BRDA:55,2,1,0
BRDA:104,3,0,0
BRDA:104,3,1,0
BRDA:112,4,0,0
BRDA:112,4,1,0
BRDA:113,5,0,0
BRDA:113,5,1,0
BRDA:126,6,0,0
BRDA:126,6,1,0
BRDA:138,7,0,0
BRDA:138,7,1,0
BRDA:142,8,0,0
BRDA:142,8,1,0
BRDA:146,9,0,0
BRDA:146,9,1,0
BRDA:146,10,0,0
BRDA:146,10,1,0
BRDA:34,11,0,0
BRDA:34,11,1,0
BRF:22
BRH:0
end_of_record
TN:
SF:src/views/nav/nav-pap-page.tsx
FN:13,(anonymous_1)
FN:15,(anonymous_3)
FN:21,(anonymous_4)
FNF:3
FNH:0
FNDA:0,(anonymous_1)
FNDA:0,(anonymous_3)
FNDA:0,(anonymous_4)
DA:1,0
DA:2,0
DA:4,0
DA:6,0
DA:8,0
DA:13,1
DA:15,0
DA:21,0
DA:22,0
DA:23,0
DA:30,0
LF:11
LH:1
BRF:0
BRH:0
end_of_record
TN:
SF:src/actions/admin/fvm/fvm-action.ts
FN:31,(anonymous_1)
FN:43,(anonymous_3)
FN:94,(anonymous_4)
FN:100,(anonymous_6)
FN:118,(anonymous_7)
FN:124,(anonymous_9)
FN:142,(anonymous_10)
FN:148,(anonymous_12)
FN:166,(anonymous_13)
FN:172,(anonymous_15)
FN:190,(anonymous_16)
FN:196,(anonymous_18)
FN:207,(anonymous_19)
FN:213,(anonymous_21)
FN:224,(anonymous_22)
FN:230,(anonymous_24)
FN:241,(anonymous_25)
FN:247,(anonymous_27)
FN:265,(anonymous_28)
FN:271,(anonymous_30)
FN:311,(anonymous_31)
FN:317,(anonymous_33)
FN:320,(anonymous_34)
FN:342,(anonymous_35)
FN:348,(anonymous_37)
FN:351,(anonymous_38)
FN:373,(anonymous_39)
FN:379,(anonymous_41)
FN:388,(anonymous_42)
FN:496,(anonymous_43)
FNF:30
FNH:0
FNDA:0,(anonymous_1)
FNDA:0,(anonymous_3)
FNDA:0,(anonymous_4)
FNDA:0,(anonymous_6)
FNDA:0,(anonymous_7)
FNDA:0,(anonymous_9)
FNDA:0,(anonymous_10)
FNDA:0,(anonymous_12)
FNDA:0,(anonymous_13)
FNDA:0,(anonymous_15)
FNDA:0,(anonymous_16)
FNDA:0,(anonymous_18)
FNDA:0,(anonymous_19)
FNDA:0,(anonymous_21)
FNDA:0,(anonymous_22)
FNDA:0,(anonymous_24)
FNDA:0,(anonymous_25)
FNDA:0,(anonymous_27)
FNDA:0,(anonymous_28)
FNDA:0,(anonymous_30)
FNDA:0,(anonymous_31)
FNDA:0,(anonymous_33)
FNDA:0,(anonymous_34)
FNDA:0,(anonymous_35)
FNDA:0,(anonymous_37)
FNDA:0,(anonymous_38)
FNDA:0,(anonymous_39)
FNDA:0,(anonymous_41)
FNDA:0,(anonymous_42)
FNDA:0,(anonymous_43)
DA:1,0
DA:5,0
DA:11,0
DA:12,0
DA:13,0
DA:14,0
DA:21,0
DA:31,1
DA:37,0
DA:43,0
DA:44,0
DA:52,0
DA:55,0
DA:58,0
DA:60,0
DA:61,0
DA:62,0
DA:63,0
DA:64,0
DA:65,0
DA:67,0
DA:68,0
DA:69,0
DA:70,0
DA:71,0
DA:72,0
DA:75,0
DA:76,0
DA:77,0
DA:80,0
DA:83,0
DA:84,0
DA:85,0
DA:88,0
DA:94,1
DA:100,0
DA:101,0
DA:108,0
DA:110,0
DA:112,0
DA:118,1
DA:124,0
DA:125,0
DA:132,0
DA:134,0
DA:136,0
DA:142,1
DA:148,0
DA:149,0
DA:156,0
DA:158,0
DA:160,0
DA:166,1
DA:172,0
DA:173,0
DA:180,0
DA:182,0
DA:184,0
DA:190,1
DA:196,0
DA:197,0
DA:199,0
DA:201,0
DA:207,1
DA:213,0
DA:214,0
DA:216,0
DA:218,0
DA:224,1
DA:230,0
DA:231,0
DA:233,0
DA:235,0
DA:241,1
DA:247,0
DA:248,0
DA:255,0
DA:257,0
DA:259,0
DA:265,1
DA:271,0
DA:272,0
DA:279,0
DA:281,0
DA:283,0
DA:311,1
DA:317,0
DA:318,0
DA:320,0
DA:323,0
DA:336,0
DA:342,1
DA:348,0
DA:349,0
DA:351,0
DA:354,0
DA:367,0
DA:373,1
DA:379,0
DA:380,0
DA:383,0
DA:384,0
DA:385,0
DA:388,0
DA:390,0
DA:391,0
DA:394,0
DA:496,0
DA:498,0
DA:500,0
LF:110
LH:13
BRDA:31,1,0,0
BRDA:31,1,1,0
BRDA:31,1,2,0
BRDA:55,2,0,0
BRDA:55,2,1,0
BRDA:55,3,0,0
BRDA:55,3,1,0
BRDA:58,4,0,0
BRDA:58,4,1,0
BRDA:58,5,0,0
BRDA:58,5,1,0
BRDA:384,6,0,0
BRDA:384,6,1,0
BRF:13
BRH:0
end_of_record
TN:
SF:src/dao/admin/fvm/copie_note_verbale_MAECI-dao.ts
FN:15,(anonymous_1)
FN:20,CopieNoteVerbaleMAECIFVMDao
FN:34,(anonymous_3)
FN:45,(anonymous_4)
FN:55,(anonymous_5)
FN:66,(anonymous_6)
FN:70,(anonymous_7)
FN:78,(anonymous_8)
FN:89,(anonymous_9)
FN:104,(anonymous_10)
FNF:10
FNH:0
FNDA:0,(anonymous_1)
FNDA:0,CopieNoteVerbaleMAECIFVMDao
FNDA:0,(anonymous_3)
FNDA:0,(anonymous_4)
FNDA:0,(anonymous_5)
FNDA:0,(anonymous_6)
FNDA:0,(anonymous_7)
FNDA:0,(anonymous_8)
FNDA:0,(anonymous_9)
FNDA:0,(anonymous_10)
DA:1,0
DA:5,0
DA:9,0
DA:15,0
DA:20,1
DA:34,0
DA:35,0
DA:37,0
DA:46,0
DA:55,0
DA:56,0
DA:59,0
DA:66,0
DA:67,0
DA:70,0
DA:72,0
DA:74,0
DA:76,0
DA:80,0
DA:89,0
DA:90,0
DA:92,0
DA:104,0
DA:105,0
DA:107,0
DA:113,0
LF:26
LH:1
BRDA:21,1,0,0
BRDA:21,1,1,0
BRDA:72,2,0,0
BRDA:72,2,1,0
BRF:4
BRH:0
end_of_record
TN:
SF:src/dao/admin/fvm/copie_permis-dao.ts
FN:15,(anonymous_1)
FN:20,CopiePermisFVMDao
FN:34,(anonymous_3)
FN:45,(anonymous_4)
FN:55,(anonymous_5)
FN:66,(anonymous_6)
FN:70,(anonymous_7)
FN:78,(anonymous_8)
FN:89,(anonymous_9)
FN:104,(anonymous_10)
FNF:10
FNH:0
FNDA:0,(anonymous_1)
FNDA:0,CopiePermisFVMDao
FNDA:0,(anonymous_3)
FNDA:0,(anonymous_4)
FNDA:0,(anonymous_5)
FNDA:0,(anonymous_6)
FNDA:0,(anonymous_7)
FNDA:0,(anonymous_8)
FNDA:0,(anonymous_9)
FNDA:0,(anonymous_10)
DA:1,0
DA:5,0
DA:9,0
DA:15,0
DA:20,1
DA:34,0
DA:35,0
DA:37,0
DA:46,0
DA:55,0
DA:56,0
DA:59,0
DA:66,0
DA:67,0
DA:70,0
DA:72,0
DA:74,0
DA:76,0
DA:80,0
DA:89,0
DA:90,0
DA:92,0
DA:104,0
DA:105,0
DA:107,0
DA:113,0
LF:26
LH:1
BRDA:21,1,0,0
BRDA:21,1,1,0
BRDA:72,2,0,0
BRDA:72,2,1,0
BRF:4
BRH:0
end_of_record
TN:
SF:src/dao/admin/fvm/demande_authentification-dao.ts
FN:15,(anonymous_1)
FN:20,DemandeAuthentificationFVMDAO
FN:33,(anonymous_3)
FN:43,(anonymous_4)
FN:53,(anonymous_5)
FN:66,(anonymous_6)
FN:70,(anonymous_7)
FN:78,(anonymous_8)
FN:89,(anonymous_9)
FN:104,(anonymous_10)
FNF:10
FNH:0
FNDA:0,(anonymous_1)
FNDA:0,DemandeAuthentificationFVMDAO
FNDA:0,(anonymous_3)
FNDA:0,(anonymous_4)
FNDA:0,(anonymous_5)
FNDA:0,(anonymous_6)
FNDA:0,(anonymous_7)
FNDA:0,(anonymous_8)
FNDA:0,(anonymous_9)
FNDA:0,(anonymous_10)
DA:1,0
DA:5,0
DA:9,0
DA:15,0
DA:20,1
DA:33,0
DA:34,0
DA:36,0
DA:44,0
DA:53,0
DA:54,0
DA:56,0
DA:58,0
DA:59,0
DA:66,0
DA:67,0
DA:70,0
DA:72,0
DA:74,0
DA:76,0
DA:80,0
DA:89,0
DA:90,0
DA:92,0
DA:104,0
DA:105,0
DA:107,0
DA:113,0
LF:28
LH:1
BRDA:21,1,0,0
BRDA:21,1,1,0
BRDA:72,2,0,0
BRDA:72,2,1,0
BRF:4
BRH:0
end_of_record
TN:
SF:src/dao/admin/fvm/dossier-dao.ts
FN:15,(anonymous_1)
FN:20,DossierFVMDAO
FN:31,(anonymous_3)
FN:39,(anonymous_4)
FN:48,(anonymous_5)
FN:52,(anonymous_6)
FN:60,(anonymous_7)
FN:71,(anonymous_8)
FN:86,(anonymous_9)
FN:103,(anonymous_10)
FN:121,(anonymous_11)
FNF:11
FNH:0
FNDA:0,(anonymous_1)
FNDA:0,DossierFVMDAO
FNDA:0,(anonymous_3)
FNDA:0,(anonymous_4)
FNDA:0,(anonymous_5)
FNDA:0,(anonymous_6)
FNDA:0,(anonymous_7)
FNDA:0,(anonymous_8)
FNDA:0,(anonymous_9)
FNDA:0,(anonymous_10)
FNDA:0,(anonymous_11)
DA:1,0
DA:5,0
DA:9,0
DA:15,0
DA:20,1
DA:31,0
DA:32,0
DA:34,0
DA:40,0
DA:48,0
DA:49,0
DA:52,0
DA:54,0
DA:56,0
DA:58,0
DA:62,0
DA:71,0
DA:72,0
DA:74,0
DA:86,0
DA:87,0
DA:89,0
DA:103,0
DA:104,0
DA:106,0
DA:121,0
DA:122,0
DA:124,0
DA:130,0
LF:29
LH:1
BRDA:21,1,0,0
BRDA:21,1,1,0
BRDA:54,2,0,0
BRDA:54,2,1,0
BRF:4
BRH:0
end_of_record
TN:
SF:src/dao/admin/fvm/permis-dao.ts
FN:15,(anonymous_1)
FN:20,PermisFVMDAO
FN:35,(anonymous_3)
FN:46,(anonymous_4)
FN:55,(anonymous_5)
FN:59,(anonymous_6)
FN:67,(anonymous_7)
FN:77,(anonymous_8)
FN:88,(anonymous_9)
FN:103,(anonymous_10)
FNF:10
FNH:0
FNDA:0,(anonymous_1)
FNDA:0,PermisFVMDAO
FNDA:0,(anonymous_3)
FNDA:0,(anonymous_4)
FNDA:0,(anonymous_5)
FNDA:0,(anonymous_6)
FNDA:0,(anonymous_7)
FNDA:0,(anonymous_8)
FNDA:0,(anonymous_9)
FNDA:0,(anonymous_10)
DA:1,0
DA:5,0
DA:9,0
DA:15,0
DA:20,1
DA:35,0
DA:36,0
DA:38,0
DA:47,0
DA:55,0
DA:56,0
DA:59,0
DA:61,0
DA:63,0
DA:65,0
DA:69,0
DA:77,0
DA:78,0
DA:80,0
DA:88,0
DA:89,0
DA:91,0
DA:103,0
DA:104,0
DA:106,0
DA:112,0
LF:26
LH:1
BRDA:21,1,0,0
BRDA:21,1,1,0
BRDA:61,2,0,0
BRDA:61,2,1,0
BRF:4
BRH:0
end_of_record
TN:
SF:src/dao/admin/fvm/personne-dao.ts
FN:15,(anonymous_1)
FN:20,PersonneFVMDAO
FN:36,(anonymous_3)
FN:48,(anonymous_4)
FN:58,(anonymous_5)
FN:73,(anonymous_6)
FN:77,(anonymous_7)
FN:85,(anonymous_8)
FN:96,(anonymous_9)
FN:111,(anonymous_10)
FN:128,(anonymous_11)
FN:146,(anonymous_12)
FNF:12
FNH:0
FNDA:0,(anonymous_1)
FNDA:0,PersonneFVMDAO
FNDA:0,(anonymous_3)
FNDA:0,(anonymous_4)
FNDA:0,(anonymous_5)
FNDA:0,(anonymous_6)
FNDA:0,(anonymous_7)
FNDA:0,(anonymous_8)
FNDA:0,(anonymous_9)
FNDA:0,(anonymous_10)
FNDA:0,(anonymous_11)
FNDA:0,(anonymous_12)
DA:1,0
DA:5,0
DA:9,0
DA:15,0
DA:20,1
DA:36,0
DA:37,0
DA:39,0
DA:49,0
DA:58,0
DA:59,0
DA:62,0
DA:63,0
DA:65,0
DA:73,0
DA:74,0
DA:77,0
DA:79,0
DA:81,0
DA:83,0
DA:87,0
DA:96,0
DA:97,0
DA:99,0
DA:111,0
DA:112,0
DA:114,0
DA:128,0
DA:129,0
DA:131,0
DA:146,0
DA:147,0
DA:149,0
DA:155,0
LF:34
LH:1
BRDA:21,1,0,0
BRDA:21,1,1,0
BRDA:62,2,0,0
BRDA:62,2,1,0
BRDA:79,3,0,0
BRDA:79,3,1,0
BRF:6
BRH:0
end_of_record
TN:
SF:src/routes/admin/fvm/form1-client-routes.ts
FN:14,(anonymous_1)
FN:19,FormulaireDossierRoutesClient
FN:25,(anonymous_3)
FNF:3
FNH:0
FNDA:0,(anonymous_1)
FNDA:0,FormulaireDossierRoutesClient
FNDA:0,(anonymous_3)
DA:1,0
DA:3,0
DA:5,0
DA:7,0
DA:14,0
DA:19,1
DA:24,0
DA:25,0
DA:29,0
LF:9
LH:1
BRDA:20,1,0,0
BRDA:20,1,1,0
BRF:2
BRH:0
end_of_record
TN:
SF:src/routes/admin/fvm/form1-server-routes.ts
FN:16,(anonymous_1)
FN:21,FormulaireDossierRoutesServer
FN:27,(anonymous_3)
FN:35,(anonymous_4)
FNF:4
FNH:0
FNDA:0,(anonymous_1)
FNDA:0,FormulaireDossierRoutesServer
FNDA:0,(anonymous_3)
FNDA:0,(anonymous_4)
DA:1,0
DA:3,0
DA:5,0
DA:7,0
DA:9,0
DA:16,0
DA:21,1
DA:26,0
DA:27,0
DA:34,0
DA:35,0
DA:40,0
LF:12
LH:1
BRDA:22,1,0,0
BRDA:22,1,1,0
BRF:2
BRH:0
end_of_record
TN:
SF:src/routes/admin/fvm/form2-client-routes.ts
FN:14,(anonymous_1)
FN:19,FormulaireDemandeAuthentificationRoutesClient
FN:26,(anonymous_3)
FNF:3
FNH:0
FNDA:0,(anonymous_1)
FNDA:0,FormulaireDemandeAuthentificationRoutesClient
FNDA:0,(anonymous_3)
DA:1,0
DA:3,0
DA:5,0
DA:7,0
DA:14,0
DA:19,1
DA:25,0
DA:26,0
DA:30,0
LF:9
LH:1
BRDA:20,1,0,0
BRDA:20,1,1,0
BRF:2
BRH:0
end_of_record
TN:
SF:src/routes/admin/fvm/form2-server-routes.ts
FN:16,(anonymous_1)
FN:21,FormulaireDemandeAuthentificationRoutesServer
FN:27,(anonymous_3)
FN:35,(anonymous_4)
FN:43,(anonymous_5)
FNF:5
FNH:0
FNDA:0,(anonymous_1)
FNDA:0,FormulaireDemandeAuthentificationRoutesServer
FNDA:0,(anonymous_3)
FNDA:0,(anonymous_4)
FNDA:0,(anonymous_5)
DA:1,0
DA:3,0
DA:5,0
DA:7,0
DA:9,0
DA:16,0
DA:21,1
DA:26,0
DA:27,0
DA:34,0
DA:35,0
DA:42,0
DA:43,0
DA:48,0
LF:14
LH:1
BRDA:22,1,0,0
BRDA:22,1,1,0
BRF:2
BRH:0
end_of_record
TN:
SF:src/routes/admin/fvm/record-client-routes.ts
FN:13,(anonymous_1)
FN:18,RecordRoutesClient
FN:24,(anonymous_3)
FN:32,(anonymous_4)
FNF:4
FNH:0
FNDA:0,(anonymous_1)
FNDA:0,RecordRoutesClient
FNDA:0,(anonymous_3)
FNDA:0,(anonymous_4)
DA:1,0
DA:3,0
DA:5,0
DA:7,0
DA:13,0
DA:18,1
DA:23,0
DA:24,0
DA:31,0
DA:32,0
DA:36,0
LF:11
LH:1
BRDA:19,1,0,0
BRDA:19,1,1,0
BRF:2
BRH:0
end_of_record
TN:
SF:src/routes/admin/fvm/record-server-routes.ts
FN:25,(anonymous_1)
FN:30,RecordListRoutesServer
FN:36,(anonymous_3)
FN:44,(anonymous_4)
FN:52,(anonymous_5)
FN:60,(anonymous_6)
FN:68,(anonymous_7)
FN:91,(anonymous_8)
FN:100,(anonymous_9)
FN:110,(anonymous_10)
FNF:10
FNH:0
FNDA:0,(anonymous_1)
FNDA:0,RecordListRoutesServer
FNDA:0,(anonymous_3)
FNDA:0,(anonymous_4)
FNDA:0,(anonymous_5)
FNDA:0,(anonymous_6)
FNDA:0,(anonymous_7)
FNDA:0,(anonymous_8)
FNDA:0,(anonymous_9)
FNDA:0,(anonymous_10)
DA:1,0
DA:3,0
DA:14,0
DA:16,0
DA:18,0
DA:25,0
DA:30,1
DA:35,0
DA:36,0
DA:43,0
DA:44,0
DA:51,0
DA:52,0
DA:59,0
DA:60,0
DA:67,0
DA:68,0
DA:90,0
DA:91,0
DA:99,0
DA:100,0
DA:109,0
DA:110,0
DA:115,0
LF:24
LH:1
BRDA:31,1,0,0
BRDA:31,1,1,0
BRF:2
BRH:0
end_of_record
TN:
SF:src/services/data/auth/auth-service-impl.ts
FN:10,(anonymous_1)
FN:14,(anonymous_3)
FN:15,(anonymous_4)
FN:23,(anonymous_5)
FN:27,(anonymous_6)
FN:31,(anonymous_7)
FN:35,(anonymous_8)
FNF:7
FNH:0
FNDA:0,(anonymous_1)
FNDA:0,(anonymous_3)
FNDA:0,(anonymous_4)
FNDA:0,(anonymous_5)
FNDA:0,(anonymous_6)
FNDA:0,(anonymous_7)
FNDA:0,(anonymous_8)
DA:1,0
DA:3,0
DA:5,0
DA:8,0
DA:10,1
DA:12,0
DA:14,0
DA:15,0
DA:16,0
DA:23,0
DA:24,0
DA:27,0
DA:31,0
DA:32,0
DA:35,0
DA:39,0
LF:16
LH:1
BRDA:10,1,0,0
BRDA:10,1,1,0
BRDA:10,1,2,0
BRF:3
BRH:0
end_of_record
TN:
SF:src/services/data/auth/auth-service.ts
FN:7,(anonymous_1)
FNF:1
FNH:0
FNDA:0,(anonymous_1)
DA:1,0
DA:7,1
DA:9,0
LF:3
LH:1
BRF:0
BRH:0
end_of_record
TN:
SF:src/views/admin/fvm/fvm-formDemande-page.tsx
FN:46,(anonymous_1)
FN:92,FormulaireDemandeAuthentificationPage
FN:112,(anonymous_3)
FN:120,(anonymous_4)
FN:123,(anonymous_5)
FN:137,(anonymous_6)
FN:147,(anonymous_7)
FN:165,(anonymous_8)
FN:167,(anonymous_9)
FN:229,(anonymous_10)
FN:251,(anonymous_11)
FN:259,(anonymous_12)
FN:267,(anonymous_13)
FN:268,(anonymous_14)
FN:278,(anonymous_15)
FN:287,(anonymous_16)
FN:288,(anonymous_17)
FNF:17
FNH:0
FNDA:0,(anonymous_1)
FNDA:0,FormulaireDemandeAuthentificationPage
FNDA:0,(anonymous_3)
FNDA:0,(anonymous_4)
FNDA:0,(anonymous_5)
FNDA:0,(anonymous_6)
FNDA:0,(anonymous_7)
FNDA:0,(anonymous_8)
FNDA:0,(anonymous_9)
FNDA:0,(anonymous_10)
FNDA:0,(anonymous_11)
FNDA:0,(anonymous_12)
FNDA:0,(anonymous_13)
FNDA:0,(anonymous_14)
FNDA:0,(anonymous_15)
FNDA:0,(anonymous_16)
FNDA:0,(anonymous_17)
DA:1,0
DA:3,0
DA:4,0
DA:6,0
DA:7,0
DA:8,0
DA:9,0
DA:10,0
DA:12,0
DA:13,0
DA:14,0
DA:15,0
DA:16,0
DA:17,0
DA:22,0
DA:23,0
DA:24,0
DA:25,0
DA:26,0
DA:27,0
DA:28,0
DA:29,0
DA:30,0
DA:31,0
DA:32,0
DA:33,0
DA:34,0
DA:36,0
DA:46,0
DA:85,0
DA:92,1
DA:95,0
DA:97,0
DA:98,0
DA:99,0
DA:100,0
DA:102,0
DA:103,0
DA:104,0
DA:105,0
DA:106,0
DA:112,0
DA:113,0
DA:120,0
DA:121,0
DA:123,0
DA:126,0
DA:127,0
DA:128,0
DA:131,0
DA:132,0
DA:135,0
DA:138,0
DA:139,0
DA:147,0
DA:150,0
DA:152,0
DA:166,0
DA:167,0
DA:229,0
DA:251,0
DA:252,0
DA:259,0
DA:260,0
DA:267,0
DA:268,0
DA:269,0
DA:270,0
DA:271,0
DA:273,0
DA:274,0
DA:276,0
DA:279,0
DA:280,0
DA:287,0
DA:288,0
DA:290,0
LF:77
LH:1
BRDA:93,1,0,0
BRDA:93,1,1,0
BRDA:126,2,0,0
BRDA:126,2,1,0
BRDA:269,3,0,0
BRDA:269,3,1,0
BRF:6
BRH:0
end_of_record
TN:
SF:src/views/admin/fvm/fvm-formDossier-page.tsx
FN:39,(anonymous_1)
FN:74,FormulaireDossierPage
FN:94,(anonymous_3)
FN:102,(anonymous_4)
FN:103,(anonymous_5)
FN:117,(anonymous_6)
FN:127,(anonymous_7)
FN:232,(anonymous_8)
FN:233,(anonymous_9)
FNF:9
FNH:0
FNDA:0,(anonymous_1)
FNDA:0,FormulaireDossierPage
FNDA:0,(anonymous_3)
FNDA:0,(anonymous_4)
FNDA:0,(anonymous_5)
FNDA:0,(anonymous_6)
FNDA:0,(anonymous_7)
FNDA:0,(anonymous_8)
FNDA:0,(anonymous_9)
DA:1,0
DA:3,0
DA:4,0
DA:6,0
DA:7,0
DA:8,0
DA:9,0
DA:10,0
DA:12,0
DA:13,0
DA:14,0
DA:15,0
DA:17,0
DA:18,0
DA:19,0
DA:24,0
DA:25,0
DA:26,0
DA:27,0
DA:29,0
DA:39,0
DA:74,1
DA:77,0
DA:79,0
DA:80,0
DA:81,0
DA:82,0
DA:84,0
DA:85,0
DA:86,0
DA:87,0
DA:88,0
DA:94,0
DA:95,0
DA:102,0
DA:103,0
DA:106,0
DA:107,0
DA:108,0
DA:111,0
DA:112,0
DA:115,0
DA:118,0
DA:119,0
DA:127,0
DA:130,0
DA:132,0
DA:137,0
DA:232,0
DA:233,0
DA:235,0
LF:51
LH:1
BRDA:75,1,0,0
BRDA:75,1,1,0
BRDA:106,2,0,0
BRDA:106,2,1,0
BRF:4
BRH:0
end_of_record
TN:
SF:src/views/admin/fvm/fvm-recordDetails-page.tsx
FN:48,(anonymous_1)
FN:132,RecordDetailsPage
FN:153,(anonymous_3)
FN:155,(anonymous_4)
FN:168,(anonymous_5)
FN:182,(anonymous_6)
FN:190,(anonymous_7)
FN:205,(anonymous_8)
FN:312,(anonymous_9)
FN:333,(anonymous_10)
FN:355,(anonymous_11)
FN:388,(anonymous_12)
FN:414,(anonymous_13)
FN:417,(anonymous_14)
FN:422,(anonymous_15)
FN:429,(anonymous_16)
FN:432,(anonymous_17)
FN:469,(anonymous_18)
FN:476,(anonymous_19)
FN:483,(anonymous_20)
FN:484,(anonymous_21)
FN:500,(anonymous_22)
FN:509,(anonymous_23)
FN:519,(anonymous_24)
FN:520,(anonymous_25)
FN:526,(anonymous_26)
FN:527,(anonymous_27)
FNF:27
FNH:0
FNDA:0,(anonymous_1)
FNDA:0,RecordDetailsPage
FNDA:0,(anonymous_3)
FNDA:0,(anonymous_4)
FNDA:0,(anonymous_5)
FNDA:0,(anonymous_6)
FNDA:0,(anonymous_7)
FNDA:0,(anonymous_8)
FNDA:0,(anonymous_9)
FNDA:0,(anonymous_10)
FNDA:0,(anonymous_11)
FNDA:0,(anonymous_12)
FNDA:0,(anonymous_13)
FNDA:0,(anonymous_14)
FNDA:0,(anonymous_15)
FNDA:0,(anonymous_16)
FNDA:0,(anonymous_17)
FNDA:0,(anonymous_18)
FNDA:0,(anonymous_19)
FNDA:0,(anonymous_20)
FNDA:0,(anonymous_21)
FNDA:0,(anonymous_22)
FNDA:0,(anonymous_23)
FNDA:0,(anonymous_24)
FNDA:0,(anonymous_25)
FNDA:0,(anonymous_26)
FNDA:0,(anonymous_27)
DA:1,0
DA:3,0
DA:4,0
DA:6,0
DA:7,0
DA:8,0
DA:9,0
DA:10,0
DA:11,0
DA:12,0
DA:13,0
DA:18,0
DA:19,0
DA:20,0
DA:21,0
DA:22,0
DA:23,0
DA:24,0
DA:25,0
DA:26,0
DA:27,0
DA:28,0
DA:29,0
DA:30,0
DA:31,0
DA:32,0
DA:33,0
DA:34,0
DA:35,0
DA:38,0
DA:48,0
DA:95,0
DA:100,0
DA:105,0
DA:110,0
DA:115,0
DA:120,0
DA:125,0
DA:132,1
DA:135,0
DA:136,0
DA:138,0
DA:139,0
DA:140,0
DA:141,0
DA:143,0
DA:144,0
DA:145,0
DA:146,0
DA:147,0
DA:153,0
DA:154,0
DA:155,0
DA:157,0
DA:160,0
DA:162,0
DA:163,0
DA:166,0
DA:168,0
DA:171,0
DA:173,0
DA:174,0
DA:182,0
DA:184,0
DA:191,0
DA:205,0
DA:206,0
DA:208,0
DA:312,0
DA:313,0
DA:314,0
DA:316,0
DA:318,0
DA:326,0
DA:333,0
DA:334,0
DA:336,0
DA:338,0
DA:340,0
DA:348,0
DA:355,0
DA:358,0
DA:361,0
DA:363,0
DA:366,0
DA:367,0
DA:368,0
DA:369,0
DA:370,0
DA:371,0
DA:373,0
DA:376,0
DA:378,0
DA:380,0
DA:382,0
DA:388,0
DA:414,0
DA:417,0
DA:422,0
DA:429,0
DA:432,0
DA:446,0
DA:449,0
DA:469,0
DA:470,0
DA:476,0
DA:477,0
DA:483,0
DA:484,0
DA:487,0
DA:488,0
DA:489,0
DA:492,0
DA:493,0
DA:496,0
DA:498,0
DA:501,0
DA:502,0
DA:509,0
DA:510,0
DA:511,0
DA:512,0
DA:513,0
DA:519,0
DA:520,0
DA:526,0
DA:527,0
DA:529,0
LF:128
LH:1
BRDA:133,1,0,0
BRDA:133,1,1,0
BRDA:361,2,0,0
BRDA:361,2,1,0
BRDA:487,3,0,0
BRDA:487,3,1,0
BRF:6
BRH:0
end_of_record
TN:
SF:src/views/admin/fvm/fvm-recordList-page.tsx
FN:45,(anonymous_1)
FN:76,RecordListPage
FN:96,(anonymous_3)
FN:97,(anonymous_4)
FN:106,(anonymous_5)
FN:126,(anonymous_6)
FN:212,(anonymous_7)
FN:213,(anonymous_8)
FN:229,(anonymous_9)
FN:239,(anonymous_10)
FN:240,(anonymous_11)
FN:246,(anonymous_12)
FN:247,(anonymous_13)
FN:253,(anonymous_14)
FN:254,(anonymous_15)
FN:258,(anonymous_16)
FN:260,(anonymous_17)
FNF:17
FNH:0
FNDA:0,(anonymous_1)
FNDA:0,RecordListPage
FNDA:0,(anonymous_3)
FNDA:0,(anonymous_4)
FNDA:0,(anonymous_5)
FNDA:0,(anonymous_6)
FNDA:0,(anonymous_7)
FNDA:0,(anonymous_8)
FNDA:0,(anonymous_9)
FNDA:0,(anonymous_10)
FNDA:0,(anonymous_11)
FNDA:0,(anonymous_12)
FNDA:0,(anonymous_13)
FNDA:0,(anonymous_14)
FNDA:0,(anonymous_15)
FNDA:0,(anonymous_16)
FNDA:0,(anonymous_17)
DA:1,0
DA:3,0
DA:4,0
DA:6,0
DA:7,0
DA:8,0
DA:9,0
DA:10,0
DA:11,0
DA:12,0
DA:13,0
DA:14,0
DA:19,0
DA:20,0
DA:21,0
DA:22,0
DA:23,0
DA:24,0
DA:25,0
DA:26,0
DA:27,0
DA:28,0
DA:29,0
DA:30,0
DA:31,0
DA:32,0
DA:35,0
DA:45,0
DA:76,1
DA:79,0
DA:81,0
DA:82,0
DA:83,0
DA:84,0
DA:86,0
DA:87,0
DA:88,0
DA:89,0
DA:90,0
DA:96,0
DA:97,0
DA:98,0
DA:106,0
DA:107,0
DA:108,0
DA:109,0
DA:111,0
DA:112,0
DA:114,0
DA:115,0
DA:117,0
DA:118,0
DA:119,0
DA:126,0
DA:127,0
DA:129,0
DA:212,0
DA:213,0
DA:216,0
DA:217,0
DA:218,0
DA:221,0
DA:222,0
DA:225,0
DA:227,0
DA:230,0
DA:231,0
DA:239,0
DA:240,0
DA:246,0
DA:247,0
DA:253,0
DA:254,0
DA:258,0
DA:259,0
DA:260,0
DA:261,0
DA:264,0
LF:78
LH:1
BRDA:77,1,0,0
BRDA:77,1,1,0
BRDA:108,2,0,0
BRDA:108,2,1,0
BRDA:111,3,0,0
BRDA:111,3,1,0
BRDA:114,4,0,0
BRDA:114,4,1,0
BRDA:216,5,0,0
BRDA:216,5,1,0
BRF:10
BRH:0
end_of_record
TN:
SF:src/mock/services/data/auth/auth-service-impl-mock.ts
FN:25,findByUsername
FN:41,(anonymous_2)
FN:47,(anonymous_4)
FNF:3
FNH:0
FNDA:0,findByUsername
FNDA:0,(anonymous_2)
FNDA:0,(anonymous_4)
DA:1,0
DA:3,0
DA:6,0
DA:8,0
DA:14,0
DA:25,1
DA:26,0
DA:27,0
DA:28,0
DA:29,0
DA:32,0
DA:41,1
DA:47,0
DA:48,0
DA:49,0
DA:50,0
DA:53,0
LF:17
LH:2
BRDA:28,1,0,0
BRDA:28,1,1,0
BRF:2
BRH:0
end_of_record
TN:
SF:src/services/data/admin/fvm/form-service-impl-data.ts
FN:30,(anonymous_1)
FN:85,(anonymous_3)
FN:100,(anonymous_4)
FN:109,(anonymous_5)
FN:117,(anonymous_6)
FN:121,(anonymous_7)
FN:134,(anonymous_8)
FN:149,(anonymous_9)
FN:153,(anonymous_10)
FN:157,(anonymous_11)
FN:162,(anonymous_12)
FN:177,(anonymous_13)
FN:181,(anonymous_14)
FN:195,(anonymous_15)
FN:205,(anonymous_16)
FN:208,(anonymous_17)
FN:211,(anonymous_18)
FNF:17
FNH:0
FNDA:0,(anonymous_1)
FNDA:0,(anonymous_3)
FNDA:0,(anonymous_4)
FNDA:0,(anonymous_5)
FNDA:0,(anonymous_6)
FNDA:0,(anonymous_7)
FNDA:0,(anonymous_8)
FNDA:0,(anonymous_9)
FNDA:0,(anonymous_10)
FNDA:0,(anonymous_11)
FNDA:0,(anonymous_12)
FNDA:0,(anonymous_13)
FNDA:0,(anonymous_14)
FNDA:0,(anonymous_15)
FNDA:0,(anonymous_16)
FNDA:0,(anonymous_17)
FNDA:0,(anonymous_18)
DA:1,0
DA:5,0
DA:9,0
DA:10,0
DA:12,0
DA:13,0
DA:14,0
DA:15,0
DA:16,0
DA:17,0
DA:18,0
DA:19,0
DA:23,0
DA:30,1
DA:36,0
DA:42,0
DA:47,0
DA:52,0
DA:57,0
DA:62,0
DA:67,0
DA:72,0
DA:77,0
DA:84,0
DA:85,0
DA:86,0
DA:89,0
DA:90,0
DA:91,0
DA:94,0
DA:95,0
DA:96,0
DA:97,0
DA:98,0
DA:100,0
DA:102,0
DA:103,0
DA:104,0
DA:105,0
DA:106,0
DA:109,0
DA:113,0
DA:114,0
DA:115,0
DA:117,0
DA:121,0
DA:125,0
DA:126,0
DA:127,0
DA:128,0
DA:130,0
DA:138,0
DA:139,0
DA:140,0
DA:149,0
DA:150,0
DA:153,0
DA:154,0
DA:157,0
DA:160,0
DA:166,0
DA:167,0
DA:168,0
DA:177,0
DA:178,0
DA:181,0
DA:185,0
DA:186,0
DA:187,0
DA:195,0
DA:196,0
DA:198,0
DA:205,0
DA:206,0
DA:208,0
DA:209,0
DA:211,0
DA:212,0
DA:215,0
DA:218,0
LF:80
LH:1
BRDA:30,1,0,0
BRDA:30,1,1,0
BRDA:30,1,2,0
BRF:3
BRH:0
end_of_record
TN:
SF:src/services/data/admin/fvm/page-service-impl-data.ts
FN:31,(anonymous_1)
FN:81,(anonymous_3)
FN:87,(anonymous_4)
FN:103,(anonymous_5)
FN:115,(anonymous_6)
FN:142,(anonymous_7)
FN:156,(anonymous_8)
FN:160,(anonymous_9)
FN:169,(anonymous_10)
FN:178,(anonymous_11)
FN:185,(anonymous_12)
FN:189,(anonymous_13)
FN:197,(anonymous_14)
FN:217,(anonymous_15)
FN:224,(anonymous_16)
FN:242,(anonymous_17)
FN:269,(anonymous_18)
FN:284,(anonymous_19)
FN:310,(anonymous_20)
FN:321,(anonymous_21)
FN:332,(anonymous_22)
FN:339,(anonymous_23)
FN:343,(anonymous_24)
FNF:23
FNH:0
FNDA:0,(anonymous_1)
FNDA:0,(anonymous_3)
FNDA:0,(anonymous_4)
FNDA:0,(anonymous_5)
FNDA:0,(anonymous_6)
FNDA:0,(anonymous_7)
FNDA:0,(anonymous_8)
FNDA:0,(anonymous_9)
FNDA:0,(anonymous_10)
FNDA:0,(anonymous_11)
FNDA:0,(anonymous_12)
FNDA:0,(anonymous_13)
FNDA:0,(anonymous_14)
FNDA:0,(anonymous_15)
FNDA:0,(anonymous_16)
FNDA:0,(anonymous_17)
FNDA:0,(anonymous_18)
FNDA:0,(anonymous_19)
FNDA:0,(anonymous_20)
FNDA:0,(anonymous_21)
FNDA:0,(anonymous_22)
FNDA:0,(anonymous_23)
FNDA:0,(anonymous_24)
DA:1,0
DA:5,0
DA:9,0
DA:10,0
DA:12,0
DA:13,0
DA:14,0
DA:15,0
DA:16,0
DA:17,0
DA:18,0
DA:24,0
DA:31,1
DA:37,0
DA:43,0
DA:48,0
DA:53,0
DA:58,0
DA:63,0
DA:68,0
DA:73,0
DA:80,0
DA:81,0
DA:82,0
DA:85,0
DA:87,0
DA:91,0
DA:92,0
DA:93,0
DA:102,0
DA:103,0
DA:104,0
DA:107,0
DA:110,0
DA:111,0
DA:113,0
DA:115,0
DA:117,0
DA:118,0
DA:120,0
DA:123,0
DA:125,0
DA:127,0
DA:129,0
DA:131,0
DA:134,0
DA:136,0
DA:138,0
DA:140,0
DA:146,0
DA:147,0
DA:148,0
DA:156,0
DA:157,0
DA:160,0
DA:162,0
DA:163,0
DA:169,0
DA:170,0
DA:171,0
DA:175,0
DA:176,0
DA:178,0
DA:179,0
DA:180,0
DA:182,0
DA:185,0
DA:186,0
DA:187,0
DA:189,0
DA:190,0
DA:191,0
DA:192,0
DA:193,0
DA:197,0
DA:198,0
DA:199,0
DA:203,0
DA:207,0
DA:217,0
DA:218,0
DA:221,0
DA:224,0
DA:226,0
DA:228,0
DA:229,0
DA:237,0
DA:238,0
DA:239,0
DA:240,0
DA:242,0
DA:244,0
DA:245,0
DA:246,0
DA:247,0
DA:250,0
DA:252,0
DA:253,0
DA:254,0
DA:255,0
DA:256,0
DA:257,0
DA:259,0
DA:260,0
DA:261,0
DA:262,0
DA:263,0
DA:264,0
DA:266,0
DA:269,0
DA:271,0
DA:273,0
DA:284,0
DA:285,0
DA:288,0
DA:290,0
DA:310,0
DA:311,0
DA:313,0
DA:321,0
DA:322,0
DA:324,0
DA:332,0
DA:333,0
DA:336,0
DA:339,0
DA:340,0
DA:343,0
DA:344,0
DA:346,0
DA:350,0
LF:131
LH:1
BRDA:31,1,0,0
BRDA:31,1,1,0
BRDA:31,1,2,0
BRDA:134,2,0,0
BRDA:134,2,1,0
BRDA:190,3,0,0
BRDA:190,3,1,0
BRDA:198,4,0,0
BRDA:198,4,1,0
BRF:9
BRH:0
end_of_record
TN:
SF:src/services/page/admin/fvm/form-service-impl.ts
FN:19,(anonymous_1)
FN:26,(anonymous_3)
FN:48,(anonymous_4)
FN:65,(anonymous_5)
FN:81,(anonymous_6)
FN:96,(anonymous_7)
FNF:6
FNH:0
FNDA:0,(anonymous_1)
FNDA:0,(anonymous_3)
FNDA:0,(anonymous_4)
FNDA:0,(anonymous_5)
FNDA:0,(anonymous_6)
FNDA:0,(anonymous_7)
DA:1,0
DA:5,0
DA:12,0
DA:19,1
DA:26,0
DA:27,0
DA:29,0
DA:36,0
DA:37,0
DA:38,0
DA:40,0
DA:48,0
DA:49,0
DA:51,0
DA:57,0
DA:65,0
DA:66,0
DA:68,0
DA:74,0
DA:81,0
DA:82,0
DA:84,0
DA:89,0
DA:96,0
DA:97,0
DA:99,0
DA:104,0
DA:106,0
LF:28
LH:1
BRF:0
BRH:0
end_of_record
TN:
SF:src/services/page/admin/fvm/page-service-impl.ts
FN:20,(anonymous_1)
FN:27,(anonymous_3)
FN:44,(anonymous_4)
FN:60,(anonymous_5)
FN:76,(anonymous_6)
FN:93,(anonymous_7)
FN:110,(anonymous_8)
FN:121,(anonymous_9)
FN:132,(anonymous_10)
FNF:9
FNH:0
FNDA:0,(anonymous_1)
FNDA:0,(anonymous_3)
FNDA:0,(anonymous_4)
FNDA:0,(anonymous_5)
FNDA:0,(anonymous_6)
FNDA:0,(anonymous_7)
FNDA:0,(anonymous_8)
FNDA:0,(anonymous_9)
FNDA:0,(anonymous_10)
DA:1,0
DA:5,0
DA:13,0
DA:20,1
DA:27,0
DA:28,0
DA:30,0
DA:36,0
DA:44,0
DA:45,0
DA:47,0
DA:53,0
DA:60,0
DA:61,0
DA:63,0
DA:68,0
DA:76,0
DA:77,0
DA:79,0
DA:85,0
DA:93,0
DA:94,0
DA:96,0
DA:102,0
DA:110,0
DA:111,0
DA:113,0
DA:121,0
DA:122,0
DA:124,0
DA:132,0
DA:133,0
DA:135,0
DA:158,0
LF:34
LH:1
BRF:0
BRH:0
end_of_record
